[ 2020-12-29T10:50:51+08:00 ] 127.0.0.1 /Shop/Home/index.html
INFO: [ app_init ] --START--
INFO: Run Behavior\BuildLiteBehavior [ RunTime:0.000000s ]
INFO: [ app_init ] --END-- [ RunTime:0.000000s ]
INFO: [ app_begin ] --START--
INFO: Run Behavior\ReadHtmlCacheBehavior [ RunTime:0.001000s ]
INFO: Run Common\Behavior\CheckLangBehavior [ RunTime:0.002000s ]
INFO: [ app_begin ] --END-- [ RunTime:0.003000s ]
SQL: SHOW COLUMNS FROM `ysk_config` [ RunTime:0.0050s ]
SQL: SELECT `value`,`tip` FROM `ysk_config` WHERE `name` = 'TOGGLE_WEB_SITE' LIMIT 1   [ RunTime:0.0000s ]
SQL: SELECT `value`,`tip` FROM `ysk_config` WHERE `name` = 'TOGGLE_MALL_SITE' LIMIT 1   [ RunTime:0.0010s ]
SQL: SHOW COLUMNS FROM `ysk_product_cate` [ RunTime:0.0050s ]
SQL: SELECT * FROM `ysk_product_cate` WHERE `pid` = 0 ORDER BY sort desc LIMIT 10   [ RunTime:0.0000s ]
SQL: SHOW COLUMNS FROM `ysk_shop_banner` [ RunTime:0.0040s ]
SQL: SELECT * FROM `ysk_shop_banner`  [ RunTime:0.0000s ]
SQL: SHOW COLUMNS FROM `ysk_product_detail` [ RunTime:0.0060s ]
SQL: SELECT * FROM `ysk_product_detail` WHERE `status` = 1 ORDER BY ctime desc LIMIT 5   [ RunTime:0.0000s ]
SQL: SELECT * FROM `ysk_product_detail` WHERE `is_hot` = 1 AND `shangjia` = 0 ORDER BY ctime desc LIMIT 6   [ RunTime:0.0000s ]
SQL: SELECT * FROM `ysk_product_detail` WHERE `is_new` = 1 AND `shangjia` = 0 ORDER BY ctime desc LIMIT 7   [ RunTime:0.0010s ]
SQL: SELECT * FROM `ysk_product_detail` WHERE `status` = 1 ORDER BY ctime asc LIMIT 8   [ RunTime:0.0000s ]
SQL: SELECT * FROM `ysk_product_detail` WHERE `is_tuijian` = 1 AND `shangjia` = 0 ORDER BY ctime desc LIMIT 8   [ RunTime:0.0010s ]
SQL: SHOW COLUMNS FROM `ysk_notice` [ RunTime:0.0050s ]
SQL: SELECT * FROM `ysk_notice` ORDER BY notice_addtime asc  [ RunTime:0.0010s ]
SQL: SHOW COLUMNS FROM `ysk_gerenshangpu` [ RunTime:0.0060s ]
SQL: SELECT * FROM `ysk_gerenshangpu` WHERE `shop_zhuangtai` = 1 AND `id` <> 1 ORDER BY shop_stort asc LIMIT 9   [ RunTime:0.0000s ]
INFO: [ view_parse ] --START--
INFO: [ template_filter ] --START--
INFO: Run Behavior\ContentReplaceBehavior [ RunTime:0.000000s ]
INFO: [ template_filter ] --END-- [ RunTime:0.000000s ]
NOTIC: [8] Undefined variable: config F:\web\12xin\shop\Runtime\Cache\Shop\919d3b05d99b9010c89482cf5b988490.php 第 6 行.
SQL: SELECT * FROM `ysk_gerenshangpu` WHERE `userid` = 0 LIMIT 1   [ RunTime:0.0010s ]
INFO: Run Behavior\ParseTemplateBehavior [ RunTime:0.017001s ]
INFO: [ view_parse ] --END-- [ RunTime:0.017001s ]
INFO: [ view_filter ] --START--
INFO: Run Behavior\WriteHtmlCacheBehavior [ RunTime:0.000000s ]
INFO: [ view_filter ] --END-- [ RunTime:0.000000s ]
INFO: [ app_end ] --START--
INFO: Run Behavior\ShowPageTraceBehavior [ RunTime:0.001000s ]
INFO: [ app_end ] --END-- [ RunTime:0.001000s ]

[ 2020-12-29T10:50:53+08:00 ] 127.0.0.1 /Shop/Home/details/proid/183.html
INFO: [ app_init ] --START--
INFO: Run Behavior\BuildLiteBehavior [ RunTime:0.000000s ]
INFO: [ app_init ] --END-- [ RunTime:0.000000s ]
INFO: [ app_begin ] --START--
INFO: Run Behavior\ReadHtmlCacheBehavior [ RunTime:0.001000s ]
INFO: Run Common\Behavior\CheckLangBehavior [ RunTime:0.002000s ]
INFO: [ app_begin ] --END-- [ RunTime:0.003000s ]
SQL: SHOW COLUMNS FROM `ysk_config` [ RunTime:0.0050s ]
SQL: SELECT `value`,`tip` FROM `ysk_config` WHERE `name` = 'TOGGLE_WEB_SITE' LIMIT 1   [ RunTime:0.0000s ]
SQL: SELECT `value`,`tip` FROM `ysk_config` WHERE `name` = 'TOGGLE_MALL_SITE' LIMIT 1   [ RunTime:0.0000s ]
SQL: SHOW COLUMNS FROM `ysk_product_detail` [ RunTime:0.0050s ]
SQL: SELECT * FROM `ysk_product_detail` WHERE `id` = 183 LIMIT 1   [ RunTime:0.0000s ]
SQL: SHOW COLUMNS FROM `ysk_collect` [ RunTime:0.0090s ]
SQL: SELECT COUNT(*) AS tp_count FROM `ysk_collect` WHERE `uid` = 5 AND `proid` = 183 LIMIT 1   [ RunTime:0.0010s ]
INFO: [ view_parse ] --START--
INFO: [ template_filter ] --START--
INFO: Run Behavior\ContentReplaceBehavior [ RunTime:0.000000s ]
INFO: [ template_filter ] --END-- [ RunTime:0.001000s ]
SQL: SHOW COLUMNS FROM `ysk_gerenshangpu` [ RunTime:0.0050s ]
SQL: SELECT * FROM `ysk_gerenshangpu` WHERE `userid` = 0 LIMIT 1   [ RunTime:0.0000s ]
SQL: SELECT * FROM `ysk_gerenshangpu` WHERE `userid` = 0 LIMIT 1   [ RunTime:0.0000s ]
INFO: Run Behavior\ParseTemplateBehavior [ RunTime:0.024002s ]
INFO: [ view_parse ] --END-- [ RunTime:0.024002s ]
INFO: [ view_filter ] --START--
INFO: Run Behavior\WriteHtmlCacheBehavior [ RunTime:0.000000s ]
INFO: [ view_filter ] --END-- [ RunTime:0.000000s ]
INFO: [ app_end ] --START--
INFO: Run Behavior\ShowPageTraceBehavior [ RunTime:0.001000s ]
INFO: [ app_end ] --END-- [ RunTime:0.002000s ]

[ 2020-12-29T10:50:55+08:00 ] 127.0.0.1 /Shop/Car/buynow
INFO: [ app_init ] --START--
INFO: Run Behavior\BuildLiteBehavior [ RunTime:0.000000s ]
INFO: [ app_init ] --END-- [ RunTime:0.000000s ]
INFO: [ app_begin ] --START--
INFO: Run Behavior\ReadHtmlCacheBehavior [ RunTime:0.001000s ]
INFO: Run Common\Behavior\CheckLangBehavior [ RunTime:0.002000s ]
INFO: [ app_begin ] --END-- [ RunTime:0.004000s ]
SQL: SHOW COLUMNS FROM `ysk_config` [ RunTime:0.0040s ]
SQL: SELECT `value`,`tip` FROM `ysk_config` WHERE `name` = 'TOGGLE_WEB_SITE' LIMIT 1   [ RunTime:0.0000s ]
SQL: SELECT `value`,`tip` FROM `ysk_config` WHERE `name` = 'TOGGLE_MALL_SITE' LIMIT 1   [ RunTime:0.0000s ]
SQL: SHOW COLUMNS FROM `ysk_product_detail` [ RunTime:0.0050s ]
SQL: SELECT * FROM `ysk_product_detail` WHERE `id` = 183 LIMIT 1   [ RunTime:0.0000s ]
SQL: SHOW COLUMNS FROM `ysk_address` [ RunTime:0.0070s ]
SQL: SELECT * FROM `ysk_address` WHERE `member_id` = '8805' AND `zt_` = 1 LIMIT 1   [ RunTime:0.0010s ]
SQL: SELECT * FROM `ysk_address` WHERE `member_id` = '8805' ORDER BY address_id desc LIMIT 1   [ RunTime:0.0000s ]
INFO: [ app_end ] --START--
INFO: Run Behavior\ShowPageTraceBehavior [ RunTime:0.001000s ]
INFO: [ app_end ] --END-- [ RunTime:0.001000s ]

[ 2020-12-29T10:50:56+08:00 ] 127.0.0.1 /Shop/Home/order.html
INFO: [ app_init ] --START--
INFO: Run Behavior\BuildLiteBehavior [ RunTime:0.000000s ]
INFO: [ app_init ] --END-- [ RunTime:0.000000s ]
INFO: [ app_begin ] --START--
INFO: Run Behavior\ReadHtmlCacheBehavior [ RunTime:0.001000s ]
INFO: Run Common\Behavior\CheckLangBehavior [ RunTime:0.002000s ]
INFO: [ app_begin ] --END-- [ RunTime:0.003000s ]
SQL: SHOW COLUMNS FROM `ysk_config` [ RunTime:0.0060s ]
SQL: SELECT `value`,`tip` FROM `ysk_config` WHERE `name` = 'TOGGLE_WEB_SITE' LIMIT 1   [ RunTime:0.0000s ]
SQL: SELECT `value`,`tip` FROM `ysk_config` WHERE `name` = 'TOGGLE_MALL_SITE' LIMIT 1   [ RunTime:0.0000s ]
SQL: SHOW COLUMNS FROM `ysk_address` [ RunTime:0.0040s ]
SQL: SELECT * FROM `ysk_address` WHERE `member_id` = '8805' AND `zt_` = 1 LIMIT 1   [ RunTime:0.0000s ]
SQL: SELECT * FROM `ysk_address` WHERE `member_id` = '8805' ORDER BY address_id desc LIMIT 1   [ RunTime:0.0000s ]
NOTIC: [2] Invalid argument supplied for foreach() F:\web\12xin\shop\Shop\Controller\HomeController.class.php 第 527 行.
INFO: [ view_parse ] --START--
INFO: [ template_filter ] --START--
INFO: Run Behavior\ContentReplaceBehavior [ RunTime:0.000000s ]
INFO: [ template_filter ] --END-- [ RunTime:0.000000s ]
SQL: SHOW COLUMNS FROM `ysk_product_detail` [ RunTime:0.0050s ]
SQL: SELECT * FROM `ysk_product_detail` WHERE `id` = 183 LIMIT 1   [ RunTime:0.0010s ]
SQL: SHOW COLUMNS FROM `ysk_gerenshangpu` [ RunTime:0.0040s ]
SQL: SELECT * FROM `ysk_gerenshangpu` WHERE ( userid=0 ) LIMIT 1   [ RunTime:0.0000s ]
INFO: Run Behavior\ParseTemplateBehavior [ RunTime:0.024001s ]
INFO: [ view_parse ] --END-- [ RunTime:0.024001s ]
INFO: [ view_filter ] --START--
INFO: Run Behavior\WriteHtmlCacheBehavior [ RunTime:0.000000s ]
INFO: [ view_filter ] --END-- [ RunTime:0.000000s ]
INFO: [ app_end ] --START--
INFO: Run Behavior\ShowPageTraceBehavior [ RunTime:0.001000s ]
INFO: [ app_end ] --END-- [ RunTime:0.001000s ]

[ 2020-12-29T10:50:59+08:00 ] 127.0.0.1 /Shop/member/address/type/8.html
INFO: [ app_init ] --START--
INFO: Run Behavior\BuildLiteBehavior [ RunTime:0.000000s ]
INFO: [ app_init ] --END-- [ RunTime:0.000000s ]
INFO: [ app_begin ] --START--
INFO: Run Behavior\ReadHtmlCacheBehavior [ RunTime:0.001000s ]
INFO: Run Common\Behavior\CheckLangBehavior [ RunTime:0.002000s ]
INFO: [ app_begin ] --END-- [ RunTime:0.003000s ]
SQL: SHOW COLUMNS FROM `ysk_config` [ RunTime:0.0060s ]
SQL: SELECT `value`,`tip` FROM `ysk_config` WHERE `name` = 'TOGGLE_WEB_SITE' LIMIT 1   [ RunTime:0.0000s ]
SQL: SELECT `value`,`tip` FROM `ysk_config` WHERE `name` = 'TOGGLE_MALL_SITE' LIMIT 1   [ RunTime:0.0000s ]
INFO: [ view_parse ] --START--
INFO: [ template_filter ] --START--
INFO: Run Behavior\ContentReplaceBehavior [ RunTime:0.000000s ]
INFO: [ template_filter ] --END-- [ RunTime:0.000000s ]
NOTIC: [8] Undefined variable: config F:\web\12xin\shop\Runtime\Cache\Shop\7a355c0e8967316a2400d0bf130799f4.php 第 6 行.
NOTIC: [8] Undefined variable: info F:\web\12xin\shop\Runtime\Cache\Shop\7a355c0e8967316a2400d0bf130799f4.php 第 87 行.
NOTIC: [8] Undefined variable: info F:\web\12xin\shop\Runtime\Cache\Shop\7a355c0e8967316a2400d0bf130799f4.php 第 112 行.
NOTIC: [8] Undefined variable: info F:\web\12xin\shop\Runtime\Cache\Shop\7a355c0e8967316a2400d0bf130799f4.php 第 113 行.
NOTIC: [8] Undefined variable: info F:\web\12xin\shop\Runtime\Cache\Shop\7a355c0e8967316a2400d0bf130799f4.php 第 115 行.
NOTIC: [8] Undefined variable: info F:\web\12xin\shop\Runtime\Cache\Shop\7a355c0e8967316a2400d0bf130799f4.php 第 117 行.
NOTIC: [8] Undefined variable: info F:\web\12xin\shop\Runtime\Cache\Shop\7a355c0e8967316a2400d0bf130799f4.php 第 118 行.
NOTIC: [8] Undefined variable: info F:\web\12xin\shop\Runtime\Cache\Shop\7a355c0e8967316a2400d0bf130799f4.php 第 119 行.
NOTIC: [8] Undefined variable: info F:\web\12xin\shop\Runtime\Cache\Shop\7a355c0e8967316a2400d0bf130799f4.php 第 120 行.
INFO: Run Behavior\ParseTemplateBehavior [ RunTime:0.011001s ]
INFO: [ view_parse ] --END-- [ RunTime:0.011001s ]
INFO: [ view_filter ] --START--
INFO: Run Behavior\WriteHtmlCacheBehavior [ RunTime:0.001000s ]
INFO: [ view_filter ] --END-- [ RunTime:0.001000s ]
INFO: [ app_end ] --START--
INFO: Run Behavior\ShowPageTraceBehavior [ RunTime:0.001000s ]
INFO: [ app_end ] --END-- [ RunTime:0.001000s ]

[ 2020-12-29T10:51:15+08:00 ] 127.0.0.1 /Shop/Home/index.html
INFO: [ app_init ] --START--
INFO: Run Behavior\BuildLiteBehavior [ RunTime:0.000000s ]
INFO: [ app_init ] --END-- [ RunTime:0.000000s ]
INFO: [ app_begin ] --START--
INFO: Run Behavior\ReadHtmlCacheBehavior [ RunTime:0.000000s ]
INFO: Run Common\Behavior\CheckLangBehavior [ RunTime:0.001000s ]
INFO: [ app_begin ] --END-- [ RunTime:0.002000s ]
SQL: SHOW COLUMNS FROM `ysk_config` [ RunTime:0.0040s ]
SQL: SELECT `value`,`tip` FROM `ysk_config` WHERE `name` = 'TOGGLE_WEB_SITE' LIMIT 1   [ RunTime:0.0010s ]
SQL: SELECT `value`,`tip` FROM `ysk_config` WHERE `name` = 'TOGGLE_MALL_SITE' LIMIT 1   [ RunTime:0.0000s ]
SQL: SHOW COLUMNS FROM `ysk_product_cate` [ RunTime:0.0070s ]
SQL: SELECT * FROM `ysk_product_cate` WHERE `pid` = 0 ORDER BY sort desc LIMIT 10   [ RunTime:0.0000s ]
SQL: SHOW COLUMNS FROM `ysk_shop_banner` [ RunTime:0.0040s ]
SQL: SELECT * FROM `ysk_shop_banner`  [ RunTime:0.0000s ]
SQL: SHOW COLUMNS FROM `ysk_product_detail` [ RunTime:0.0060s ]
SQL: SELECT * FROM `ysk_product_detail` WHERE `status` = 1 ORDER BY ctime desc LIMIT 5   [ RunTime:0.0010s ]
SQL: SELECT * FROM `ysk_product_detail` WHERE `is_hot` = 1 AND `shangjia` = 0 ORDER BY ctime desc LIMIT 6   [ RunTime:0.0010s ]
SQL: SELECT * FROM `ysk_product_detail` WHERE `is_new` = 1 AND `shangjia` = 0 ORDER BY ctime desc LIMIT 7   [ RunTime:0.0000s ]
SQL: SELECT * FROM `ysk_product_detail` WHERE `status` = 1 ORDER BY ctime asc LIMIT 8   [ RunTime:0.0010s ]
SQL: SELECT * FROM `ysk_product_detail` WHERE `is_tuijian` = 1 AND `shangjia` = 0 ORDER BY ctime desc LIMIT 8   [ RunTime:0.0000s ]
SQL: SHOW COLUMNS FROM `ysk_notice` [ RunTime:0.0050s ]
SQL: SELECT * FROM `ysk_notice` ORDER BY notice_addtime asc  [ RunTime:0.0000s ]
SQL: SHOW COLUMNS FROM `ysk_gerenshangpu` [ RunTime:0.0050s ]
SQL: SELECT * FROM `ysk_gerenshangpu` WHERE `shop_zhuangtai` = 1 AND `id` <> 1 ORDER BY shop_stort asc LIMIT 9   [ RunTime:0.0000s ]
INFO: [ view_parse ] --START--
INFO: [ template_filter ] --START--
INFO: Run Behavior\ContentReplaceBehavior [ RunTime:0.000000s ]
INFO: [ template_filter ] --END-- [ RunTime:0.000000s ]
NOTIC: [8] Undefined variable: config F:\web\12xin\shop\Runtime\Cache\Shop\919d3b05d99b9010c89482cf5b988490.php 第 6 行.
SQL: SELECT * FROM `ysk_gerenshangpu` WHERE `userid` = 0 LIMIT 1   [ RunTime:0.0010s ]
INFO: Run Behavior\ParseTemplateBehavior [ RunTime:0.014000s ]
INFO: [ view_parse ] --END-- [ RunTime:0.014000s ]
INFO: [ view_filter ] --START--
INFO: Run Behavior\WriteHtmlCacheBehavior [ RunTime:0.000000s ]
INFO: [ view_filter ] --END-- [ RunTime:0.000000s ]
INFO: [ app_end ] --START--
INFO: Run Behavior\ShowPageTraceBehavior [ RunTime:0.000000s ]
INFO: [ app_end ] --END-- [ RunTime:0.001001s ]

[ 2020-12-29T10:51:54+08:00 ] 127.0.0.1 /Shop/Home/details/proid/183.html
INFO: [ app_init ] --START--
INFO: Run Behavior\BuildLiteBehavior [ RunTime:0.000000s ]
INFO: [ app_init ] --END-- [ RunTime:0.000000s ]
INFO: [ app_begin ] --START--
INFO: Run Behavior\ReadHtmlCacheBehavior [ RunTime:0.000000s ]
INFO: Run Common\Behavior\CheckLangBehavior [ RunTime:0.002000s ]
INFO: [ app_begin ] --END-- [ RunTime:0.003000s ]
SQL: SHOW COLUMNS FROM `ysk_config` [ RunTime:0.0060s ]
SQL: SELECT `value`,`tip` FROM `ysk_config` WHERE `name` = 'TOGGLE_WEB_SITE' LIMIT 1   [ RunTime:0.0010s ]
SQL: SELECT `value`,`tip` FROM `ysk_config` WHERE `name` = 'TOGGLE_MALL_SITE' LIMIT 1   [ RunTime:0.0010s ]
SQL: SHOW COLUMNS FROM `ysk_product_detail` [ RunTime:0.0060s ]
SQL: SELECT * FROM `ysk_product_detail` WHERE `id` = 183 LIMIT 1   [ RunTime:0.0010s ]
SQL: SHOW COLUMNS FROM `ysk_collect` [ RunTime:0.0050s ]
SQL: SELECT COUNT(*) AS tp_count FROM `ysk_collect` WHERE `uid` = 5 AND `proid` = 183 LIMIT 1   [ RunTime:0.0000s ]
INFO: [ view_parse ] --START--
INFO: [ template_filter ] --START--
INFO: Run Behavior\ContentReplaceBehavior [ RunTime:0.001000s ]
INFO: [ template_filter ] --END-- [ RunTime:0.001000s ]
SQL: SHOW COLUMNS FROM `ysk_gerenshangpu` [ RunTime:0.0060s ]
SQL: SELECT * FROM `ysk_gerenshangpu` WHERE `userid` = 0 LIMIT 1   [ RunTime:0.0010s ]
SQL: SELECT * FROM `ysk_gerenshangpu` WHERE `userid` = 0 LIMIT 1   [ RunTime:0.0000s ]
INFO: Run Behavior\ParseTemplateBehavior [ RunTime:0.024001s ]
INFO: [ view_parse ] --END-- [ RunTime:0.024001s ]
INFO: [ view_filter ] --START--
INFO: Run Behavior\WriteHtmlCacheBehavior [ RunTime:0.000000s ]
INFO: [ view_filter ] --END-- [ RunTime:0.000000s ]
INFO: [ app_end ] --START--
INFO: Run Behavior\ShowPageTraceBehavior [ RunTime:0.001000s ]
INFO: [ app_end ] --END-- [ RunTime:0.001000s ]

[ 2020-12-29T10:51:56+08:00 ] 127.0.0.1 /Shop/Car/buynow
INFO: [ app_init ] --START--
INFO: Run Behavior\BuildLiteBehavior [ RunTime:0.000000s ]
INFO: [ app_init ] --END-- [ RunTime:0.000000s ]
INFO: [ app_begin ] --START--
INFO: Run Behavior\ReadHtmlCacheBehavior [ RunTime:0.001000s ]
INFO: Run Common\Behavior\CheckLangBehavior [ RunTime:0.001000s ]
INFO: [ app_begin ] --END-- [ RunTime:0.002000s ]
SQL: SHOW COLUMNS FROM `ysk_config` [ RunTime:0.0050s ]
SQL: SELECT `value`,`tip` FROM `ysk_config` WHERE `name` = 'TOGGLE_WEB_SITE' LIMIT 1   [ RunTime:0.0000s ]
SQL: SELECT `value`,`tip` FROM `ysk_config` WHERE `name` = 'TOGGLE_MALL_SITE' LIMIT 1   [ RunTime:0.0010s ]
SQL: SHOW COLUMNS FROM `ysk_product_detail` [ RunTime:0.0040s ]
SQL: SELECT * FROM `ysk_product_detail` WHERE `id` = 183 LIMIT 1   [ RunTime:0.0000s ]
SQL: SHOW COLUMNS FROM `ysk_address` [ RunTime:0.0040s ]
SQL: SELECT * FROM `ysk_address` WHERE `member_id` = '8805' AND `zt_` = 1 LIMIT 1   [ RunTime:0.0000s ]
SQL: SELECT * FROM `ysk_address` WHERE `member_id` = '8805' ORDER BY address_id desc LIMIT 1   [ RunTime:0.0010s ]
INFO: [ app_end ] --START--
INFO: Run Behavior\ShowPageTraceBehavior [ RunTime:0.000000s ]
INFO: [ app_end ] --END-- [ RunTime:0.000000s ]

[ 2020-12-29T10:51:57+08:00 ] 127.0.0.1 /Shop/Home/order.html
INFO: [ app_init ] --START--
INFO: Run Behavior\BuildLiteBehavior [ RunTime:0.000000s ]
INFO: [ app_init ] --END-- [ RunTime:0.000000s ]
INFO: [ app_begin ] --START--
INFO: Run Behavior\ReadHtmlCacheBehavior [ RunTime:0.000000s ]
INFO: Run Common\Behavior\CheckLangBehavior [ RunTime:0.001000s ]
INFO: [ app_begin ] --END-- [ RunTime:0.001000s ]
SQL: SHOW COLUMNS FROM `ysk_config` [ RunTime:0.0060s ]
SQL: SELECT `value`,`tip` FROM `ysk_config` WHERE `name` = 'TOGGLE_WEB_SITE' LIMIT 1   [ RunTime:0.0010s ]
SQL: SELECT `value`,`tip` FROM `ysk_config` WHERE `name` = 'TOGGLE_MALL_SITE' LIMIT 1   [ RunTime:0.0000s ]
SQL: SHOW COLUMNS FROM `ysk_address` [ RunTime:0.0050s ]
SQL: SELECT * FROM `ysk_address` WHERE `member_id` = '8805' AND `zt_` = 1 LIMIT 1   [ RunTime:0.0010s ]
SQL: SELECT * FROM `ysk_address` WHERE `member_id` = '8805' ORDER BY address_id desc LIMIT 1   [ RunTime:0.0000s ]
NOTIC: [2] Invalid argument supplied for foreach() F:\web\12xin\shop\Shop\Controller\HomeController.class.php 第 527 行.
INFO: [ view_parse ] --START--
INFO: [ template_filter ] --START--
INFO: Run Behavior\ContentReplaceBehavior [ RunTime:0.000000s ]
INFO: [ template_filter ] --END-- [ RunTime:0.000000s ]
SQL: SHOW COLUMNS FROM `ysk_product_detail` [ RunTime:0.0040s ]
SQL: SELECT * FROM `ysk_product_detail` WHERE `id` = 183 LIMIT 1   [ RunTime:0.0000s ]
SQL: SHOW COLUMNS FROM `ysk_gerenshangpu` [ RunTime:0.0050s ]
SQL: SELECT * FROM `ysk_gerenshangpu` WHERE ( userid=0 ) LIMIT 1   [ RunTime:0.0010s ]
INFO: Run Behavior\ParseTemplateBehavior [ RunTime:0.022001s ]
INFO: [ view_parse ] --END-- [ RunTime:0.022001s ]
INFO: [ view_filter ] --START--
INFO: Run Behavior\WriteHtmlCacheBehavior [ RunTime:0.001000s ]
INFO: [ view_filter ] --END-- [ RunTime:0.001000s ]
INFO: [ app_end ] --START--
INFO: Run Behavior\ShowPageTraceBehavior [ RunTime:0.001000s ]
INFO: [ app_end ] --END-- [ RunTime:0.001000s ]

[ 2020-12-29T10:59:21+08:00 ] 127.0.0.1 /Shop/member/address/type/8.html
INFO: [ app_init ] --START--
INFO: Run Behavior\BuildLiteBehavior [ RunTime:0.000000s ]
INFO: [ app_init ] --END-- [ RunTime:0.000000s ]
INFO: [ app_begin ] --START--
INFO: Run Behavior\ReadHtmlCacheBehavior [ RunTime:0.001000s ]
INFO: Run Common\Behavior\CheckLangBehavior [ RunTime:0.003000s ]
INFO: [ app_begin ] --END-- [ RunTime:0.004000s ]
SQL: SHOW COLUMNS FROM `ysk_config` [ RunTime:0.0050s ]
SQL: SELECT `value`,`tip` FROM `ysk_config` WHERE `name` = 'TOGGLE_WEB_SITE' LIMIT 1   [ RunTime:0.0000s ]
SQL: SELECT `value`,`tip` FROM `ysk_config` WHERE `name` = 'TOGGLE_MALL_SITE' LIMIT 1   [ RunTime:0.0000s ]
INFO: [ view_parse ] --START--
INFO: [ template_filter ] --START--
INFO: Run Behavior\ContentReplaceBehavior [ RunTime:0.000000s ]
INFO: [ template_filter ] --END-- [ RunTime:0.001000s ]
NOTIC: [8] Undefined variable: config F:\web\12xin\shop\Runtime\Cache\Shop\7a355c0e8967316a2400d0bf130799f4.php 第 6 行.
NOTIC: [8] Undefined variable: info F:\web\12xin\shop\Runtime\Cache\Shop\7a355c0e8967316a2400d0bf130799f4.php 第 87 行.
NOTIC: [8] Undefined variable: info F:\web\12xin\shop\Runtime\Cache\Shop\7a355c0e8967316a2400d0bf130799f4.php 第 112 行.
NOTIC: [8] Undefined variable: info F:\web\12xin\shop\Runtime\Cache\Shop\7a355c0e8967316a2400d0bf130799f4.php 第 113 行.
NOTIC: [8] Undefined variable: info F:\web\12xin\shop\Runtime\Cache\Shop\7a355c0e8967316a2400d0bf130799f4.php 第 115 行.
NOTIC: [8] Undefined variable: info F:\web\12xin\shop\Runtime\Cache\Shop\7a355c0e8967316a2400d0bf130799f4.php 第 117 行.
NOTIC: [8] Undefined variable: info F:\web\12xin\shop\Runtime\Cache\Shop\7a355c0e8967316a2400d0bf130799f4.php 第 118 行.
NOTIC: [8] Undefined variable: info F:\web\12xin\shop\Runtime\Cache\Shop\7a355c0e8967316a2400d0bf130799f4.php 第 119 行.
NOTIC: [8] Undefined variable: info F:\web\12xin\shop\Runtime\Cache\Shop\7a355c0e8967316a2400d0bf130799f4.php 第 120 行.
INFO: Run Behavior\ParseTemplateBehavior [ RunTime:0.012001s ]
INFO: [ view_parse ] --END-- [ RunTime:0.012001s ]
INFO: [ view_filter ] --START--
INFO: Run Behavior\WriteHtmlCacheBehavior [ RunTime:0.002000s ]
INFO: [ view_filter ] --END-- [ RunTime:0.002000s ]
INFO: [ app_end ] --START--
INFO: Run Behavior\ShowPageTraceBehavior [ RunTime:0.001000s ]
INFO: [ app_end ] --END-- [ RunTime:0.001000s ]

[ 2020-12-29T10:59:44+08:00 ] 127.0.0.1 /Shop/Member/Addaddress.html
INFO: [ app_init ] --START--
INFO: Run Behavior\BuildLiteBehavior [ RunTime:0.000000s ]
INFO: [ app_init ] --END-- [ RunTime:0.000000s ]
INFO: [ app_begin ] --START--
INFO: Run Behavior\ReadHtmlCacheBehavior [ RunTime:0.001000s ]
INFO: Run Common\Behavior\CheckLangBehavior [ RunTime:0.001000s ]
INFO: [ app_begin ] --END-- [ RunTime:0.002000s ]
SQL: SHOW COLUMNS FROM `ysk_config` [ RunTime:0.0050s ]
SQL: SELECT `value`,`tip` FROM `ysk_config` WHERE `name` = 'TOGGLE_WEB_SITE' LIMIT 1   [ RunTime:0.0000s ]
SQL: SELECT `value`,`tip` FROM `ysk_config` WHERE `name` = 'TOGGLE_MALL_SITE' LIMIT 1   [ RunTime:0.0000s ]
SQL: SHOW COLUMNS FROM `ysk_address` [ RunTime:0.0050s ]
SQL: SELECT `address_id` FROM `ysk_address` WHERE `member_id` = '8805' AND `zt_` = 1 LIMIT 1   [ RunTime:0.0010s ]
SQL: UPDATE `ysk_address` SET `zt_`='0' WHERE `address_id` = null [ RunTime:0.0000s ]
SQL: INSERT INTO `ysk_address` (`zt_`,`member_id`,`name`,`telephone`,`province_id`,`city_id`,`country_id`,`address`) VALUES ('1','8805','测试2','13222222222','上海','县','崇明县','测试地址') [ RunTime:0.0010s ]

[ 2020-12-29T10:59:45+08:00 ] 127.0.0.1 /Shop/home/order.html
INFO: [ app_init ] --START--
INFO: Run Behavior\BuildLiteBehavior [ RunTime:0.000000s ]
INFO: [ app_init ] --END-- [ RunTime:0.000000s ]
INFO: [ app_begin ] --START--
INFO: Run Behavior\ReadHtmlCacheBehavior [ RunTime:0.001000s ]
INFO: Run Common\Behavior\CheckLangBehavior [ RunTime:0.003000s ]
INFO: [ app_begin ] --END-- [ RunTime:0.004000s ]
SQL: SHOW COLUMNS FROM `ysk_config` [ RunTime:0.0050s ]
SQL: SELECT `value`,`tip` FROM `ysk_config` WHERE `name` = 'TOGGLE_WEB_SITE' LIMIT 1   [ RunTime:0.0000s ]
SQL: SELECT `value`,`tip` FROM `ysk_config` WHERE `name` = 'TOGGLE_MALL_SITE' LIMIT 1   [ RunTime:0.0000s ]
SQL: SHOW COLUMNS FROM `ysk_address` [ RunTime:0.0040s ]
SQL: SELECT * FROM `ysk_address` WHERE `member_id` = '8805' AND `zt_` = 1 LIMIT 1   [ RunTime:0.0010s ]
NOTIC: [2] Invalid argument supplied for foreach() F:\web\12xin\shop\Shop\Controller\HomeController.class.php 第 527 行.
INFO: [ view_parse ] --START--
INFO: [ template_filter ] --START--
INFO: Run Behavior\ContentReplaceBehavior [ RunTime:0.000000s ]
INFO: [ template_filter ] --END-- [ RunTime:0.000000s ]
SQL: SHOW COLUMNS FROM `ysk_product_detail` [ RunTime:0.0060s ]
SQL: SELECT * FROM `ysk_product_detail` WHERE `id` = 183 LIMIT 1   [ RunTime:0.0010s ]
SQL: SHOW COLUMNS FROM `ysk_gerenshangpu` [ RunTime:0.0050s ]
SQL: SELECT * FROM `ysk_gerenshangpu` WHERE ( userid=0 ) LIMIT 1   [ RunTime:0.0000s ]
INFO: Run Behavior\ParseTemplateBehavior [ RunTime:0.026001s ]
INFO: [ view_parse ] --END-- [ RunTime:0.026001s ]
INFO: [ view_filter ] --START--
INFO: Run Behavior\WriteHtmlCacheBehavior [ RunTime:0.001000s ]
INFO: [ view_filter ] --END-- [ RunTime:0.001000s ]
INFO: [ app_end ] --START--
INFO: Run Behavior\ShowPageTraceBehavior [ RunTime:0.001000s ]
INFO: [ app_end ] --END-- [ RunTime:0.001000s ]

[ 2020-12-29T10:59:49+08:00 ] 127.0.0.1 /Shop/Car/addOrder/address_id/64.html
INFO: [ app_init ] --START--
INFO: Run Behavior\BuildLiteBehavior [ RunTime:0.000000s ]
INFO: [ app_init ] --END-- [ RunTime:0.000000s ]
INFO: [ app_begin ] --START--
INFO: Run Behavior\ReadHtmlCacheBehavior [ RunTime:0.002000s ]
INFO: Run Common\Behavior\CheckLangBehavior [ RunTime:0.002000s ]
INFO: [ app_begin ] --END-- [ RunTime:0.004000s ]
SQL: SHOW COLUMNS FROM `ysk_config` [ RunTime:0.0050s ]
SQL: SELECT `value`,`tip` FROM `ysk_config` WHERE `name` = 'TOGGLE_WEB_SITE' LIMIT 1   [ RunTime:0.0000s ]
SQL: SELECT `value`,`tip` FROM `ysk_config` WHERE `name` = 'TOGGLE_MALL_SITE' LIMIT 1   [ RunTime:0.0010s ]
SQL: SHOW COLUMNS FROM `ysk_address` [ RunTime:0.0060s ]
SQL: SELECT * FROM `ysk_address` WHERE `address_id` = 64 LIMIT 1   [ RunTime:0.0010s ]
SQL: SHOW COLUMNS FROM `ysk_product_detail` [ RunTime:0.0050s ]
SQL: SELECT `id`,`shangjia`,`price`,`name` FROM `ysk_product_detail` WHERE `id` = 183 LIMIT 1   [ RunTime:0.0000s ]
SQL: SELECT `stock` FROM `ysk_product_detail` WHERE `id` = 183 LIMIT 1   [ RunTime:0.0010s ]
NOTIC: [8] Undefined index: com_ids F:\web\12xin\shop\Shop\Controller\CarController.class.php 第 68 行.
NOTIC: [2] in_array() expects parameter 2 to be array, null given F:\web\12xin\shop\Shop\Controller\CarController.class.php 第 68 行.
NOTIC: [8] Undefined index: com_price F:\web\12xin\shop\Shop\Controller\CarController.class.php 第 71 行.
SQL: SHOW COLUMNS FROM `ysk_order` [ RunTime:0.0100s ]
SQL: INSERT INTO `ysk_order` (`order_no`,`uid`,`buy_name`,`buy_phone`,`buy_address`,`status`,`order_sellerid`,`time`) VALUES ('M20201229105949489053','8805','测试2','13222222222','上海县崇明县测试地址','0','0','1609210789') [ RunTime:0.0010s ]
NOTIC: [8] Undefined variable: relation_id F:\web\12xin\shop\Shop\Controller\CarController.class.php 第 107 行.
SQL: SELECT * FROM `ysk_product_detail` WHERE `id` = 183 LIMIT 1   [ RunTime:0.0000s ]
SQL: SHOW COLUMNS FROM `ysk_order_detail` [ RunTime:0.0050s ]
SQL: INSERT INTO `ysk_order_detail` (`order_id`,`com_id`,`com_name`,`com_price`,`com_num`,`com_img`,`shangjia`,`uid`,`com_shoptype`,`size`,`color`,`xiaofei_jifen`,`jifen_nums`,`jifen_types`,`sanji_money`) VALUES ('457','183','paower','100','1','/Uploads/image/product/5fe5a01e3f6b5.jpg','0','8805','25','','','0','0','','0') [ RunTime:0.0010s ]
SQL: UPDATE `ysk_product_detail` SET `stock`=stock-1 WHERE `id` = 183 [ RunTime:0.0010s ]
SQL: UPDATE `ysk_order` SET `buy_price`='100',`is_duobao`='1' WHERE `order_id` = 457 [ RunTime:0.0000s ]
SQL: UPDATE `ysk_order` SET `xiaofei_jifen`='0' WHERE `order_id` = 457 [ RunTime:0.0010s ]
SQL: UPDATE `ysk_order` SET `total_yf`='0' WHERE `order_id` = 457 [ RunTime:0.0000s ]
SQL: UPDATE `ysk_order` SET `jifen_ji`='0',`jifen_guoyuan`='0',`jifen_yu`='0' WHERE `order_id` = 457 [ RunTime:0.0010s ]
SQL: UPDATE `ysk_order` SET `sanji_money`='0' WHERE `order_id` = 457 [ RunTime:0.0000s ]

[ 2020-12-29T10:59:49+08:00 ] 127.0.0.1 /Shop/Pay/index/oid/457/formtype/99.html
INFO: [ app_init ] --START--
INFO: Run Behavior\BuildLiteBehavior [ RunTime:0.000000s ]
INFO: [ app_init ] --END-- [ RunTime:0.000000s ]
INFO: [ app_begin ] --START--
INFO: Run Behavior\ReadHtmlCacheBehavior [ RunTime:0.001000s ]
INFO: Run Common\Behavior\CheckLangBehavior [ RunTime:0.002000s ]
INFO: [ app_begin ] --END-- [ RunTime:0.003000s ]
SQL: SHOW COLUMNS FROM `ysk_order` [ RunTime:0.0060s ]
SQL: SELECT * FROM `ysk_order` WHERE `order_id` = 457  [ RunTime:0.0010s ]
NOTIC: [8] Undefined index: order_relation F:\web\12xin\shop\Shop\Controller\PayController.class.php 第 206 行.
SQL: SHOW COLUMNS FROM `ysk_user` [ RunTime:0.0060s ]
SQL: SELECT `total_lingshi` FROM `ysk_user` WHERE `userid` = 8805 LIMIT 1   [ RunTime:0.0010s ]
SQL: SELECT `geo` FROM `ysk_user` WHERE `userid` = 8805 LIMIT 1   [ RunTime:0.0000s ]
INFO: [ view_parse ] --START--
INFO: [ template_filter ] --START--
INFO: Run Behavior\ContentReplaceBehavior [ RunTime:0.000000s ]
INFO: [ template_filter ] --END-- [ RunTime:0.000000s ]
NOTIC: [8] Undefined index: order_no F:\web\12xin\shop\Runtime\Cache\Shop\62044247dcbf02228e8521a5f679837e.php 第 26 行.
SQL: SHOW COLUMNS FROM `ysk_gerenshangpu` [ RunTime:0.0050s ]
SQL: SELECT * FROM `ysk_gerenshangpu` WHERE ( userid ) LIMIT 1   [ RunTime:0.0000s ]
NOTIC: [8] Undefined index: order_no F:\web\12xin\shop\Runtime\Cache\Shop\62044247dcbf02228e8521a5f679837e.php 第 135 行.
INFO: Run Behavior\ParseTemplateBehavior [ RunTime:0.015001s ]
INFO: [ view_parse ] --END-- [ RunTime:0.015001s ]
INFO: [ view_filter ] --START--
INFO: Run Behavior\WriteHtmlCacheBehavior [ RunTime:0.001000s ]
INFO: [ view_filter ] --END-- [ RunTime:0.001000s ]
INFO: [ app_end ] --START--
INFO: Run Behavior\ShowPageTraceBehavior [ RunTime:0.001000s ]
INFO: [ app_end ] --END-- [ RunTime:0.001000s ]

[ 2020-12-29T11:00:46+08:00 ] 127.0.0.1 /Shop/Pay/index/oid/457/formtype/99.html
INFO: [ app_init ] --START--
INFO: Run Behavior\BuildLiteBehavior [ RunTime:0.000000s ]
INFO: [ app_init ] --END-- [ RunTime:0.000000s ]
INFO: [ app_begin ] --START--
INFO: Run Behavior\ReadHtmlCacheBehavior [ RunTime:0.001000s ]
INFO: Run Common\Behavior\CheckLangBehavior [ RunTime:0.002000s ]
INFO: [ app_begin ] --END-- [ RunTime:0.003000s ]
SQL: SHOW COLUMNS FROM `ysk_order` [ RunTime:0.0080s ]
SQL: SELECT * FROM `ysk_order` WHERE `order_id` = 457  [ RunTime:0.0010s ]
NOTIC: [8] Undefined index: order_relation F:\web\12xin\shop\Shop\Controller\PayController.class.php 第 206 行.
SQL: SHOW COLUMNS FROM `ysk_user` [ RunTime:0.0050s ]
SQL: SELECT `total_lingshi` FROM `ysk_user` WHERE `userid` = 8805 LIMIT 1   [ RunTime:0.0000s ]
SQL: SELECT `geo` FROM `ysk_user` WHERE `userid` = 8805 LIMIT 1   [ RunTime:0.0010s ]
INFO: [ view_parse ] --START--
INFO: [ template_filter ] --START--
INFO: Run Behavior\ContentReplaceBehavior [ RunTime:0.001001s ]
INFO: [ template_filter ] --END-- [ RunTime:0.001001s ]
NOTIC: [8] Undefined index: order_no F:\web\12xin\shop\Runtime\Cache\Shop\62044247dcbf02228e8521a5f679837e.php 第 26 行.
SQL: SHOW COLUMNS FROM `ysk_gerenshangpu` [ RunTime:0.0050s ]
SQL: SELECT * FROM `ysk_gerenshangpu` WHERE ( userid ) LIMIT 1   [ RunTime:0.0000s ]
NOTIC: [8] Undefined index: order_no F:\web\12xin\shop\Runtime\Cache\Shop\62044247dcbf02228e8521a5f679837e.php 第 135 行.
INFO: Run Behavior\ParseTemplateBehavior [ RunTime:0.015001s ]
INFO: [ view_parse ] --END-- [ RunTime:0.015001s ]
INFO: [ view_filter ] --START--
INFO: Run Behavior\WriteHtmlCacheBehavior [ RunTime:0.000000s ]
INFO: [ view_filter ] --END-- [ RunTime:0.000000s ]
INFO: [ app_end ] --START--
INFO: Run Behavior\ShowPageTraceBehavior [ RunTime:0.001000s ]
INFO: [ app_end ] --END-- [ RunTime:0.001000s ]

[ 2020-12-29T11:01:06+08:00 ] 127.0.0.1 /Shop/Home/index.html
INFO: [ app_init ] --START--
INFO: Run Behavior\BuildLiteBehavior [ RunTime:0.000000s ]
INFO: [ app_init ] --END-- [ RunTime:0.000000s ]
INFO: [ app_begin ] --START--
INFO: Run Behavior\ReadHtmlCacheBehavior [ RunTime:0.002001s ]
INFO: Run Common\Behavior\CheckLangBehavior [ RunTime:0.002000s ]
INFO: [ app_begin ] --END-- [ RunTime:0.004001s ]
SQL: SHOW COLUMNS FROM `ysk_config` [ RunTime:0.0050s ]
SQL: SELECT `value`,`tip` FROM `ysk_config` WHERE `name` = 'TOGGLE_WEB_SITE' LIMIT 1   [ RunTime:0.0000s ]
SQL: SELECT `value`,`tip` FROM `ysk_config` WHERE `name` = 'TOGGLE_MALL_SITE' LIMIT 1   [ RunTime:0.0010s ]
SQL: SHOW COLUMNS FROM `ysk_product_cate` [ RunTime:0.0040s ]
SQL: SELECT * FROM `ysk_product_cate` WHERE `pid` = 0 ORDER BY sort desc LIMIT 10   [ RunTime:0.0000s ]
SQL: SHOW COLUMNS FROM `ysk_shop_banner` [ RunTime:0.0050s ]
SQL: SELECT * FROM `ysk_shop_banner`  [ RunTime:0.0000s ]
SQL: SHOW COLUMNS FROM `ysk_product_detail` [ RunTime:0.0040s ]
SQL: SELECT * FROM `ysk_product_detail` WHERE `status` = 1 ORDER BY ctime desc LIMIT 5   [ RunTime:0.0000s ]
SQL: SELECT * FROM `ysk_product_detail` WHERE `is_hot` = 1 AND `shangjia` = 0 ORDER BY ctime desc LIMIT 6   [ RunTime:0.0000s ]
SQL: SELECT * FROM `ysk_product_detail` WHERE `is_new` = 1 AND `shangjia` = 0 ORDER BY ctime desc LIMIT 7   [ RunTime:0.0000s ]
SQL: SELECT * FROM `ysk_product_detail` WHERE `status` = 1 ORDER BY ctime asc LIMIT 8   [ RunTime:0.0000s ]
SQL: SELECT * FROM `ysk_product_detail` WHERE `is_tuijian` = 1 AND `shangjia` = 0 ORDER BY ctime desc LIMIT 8   [ RunTime:0.0000s ]
SQL: SHOW COLUMNS FROM `ysk_notice` [ RunTime:0.0050s ]
SQL: SELECT * FROM `ysk_notice` ORDER BY notice_addtime asc  [ RunTime:0.0000s ]
SQL: SHOW COLUMNS FROM `ysk_gerenshangpu` [ RunTime:0.0060s ]
SQL: SELECT * FROM `ysk_gerenshangpu` WHERE `shop_zhuangtai` = 1 AND `id` <> 1 ORDER BY shop_stort asc LIMIT 9   [ RunTime:0.0010s ]
INFO: [ view_parse ] --START--
INFO: [ template_filter ] --START--
INFO: Run Behavior\ContentReplaceBehavior [ RunTime:0.000000s ]
INFO: [ template_filter ] --END-- [ RunTime:0.000000s ]
NOTIC: [8] Undefined variable: config F:\web\12xin\shop\Runtime\Cache\Shop\919d3b05d99b9010c89482cf5b988490.php 第 6 行.
SQL: SELECT * FROM `ysk_gerenshangpu` WHERE `userid` = 0 LIMIT 1   [ RunTime:0.0010s ]
INFO: Run Behavior\ParseTemplateBehavior [ RunTime:0.015000s ]
INFO: [ view_parse ] --END-- [ RunTime:0.015000s ]
INFO: [ view_filter ] --START--
INFO: Run Behavior\WriteHtmlCacheBehavior [ RunTime:0.001000s ]
INFO: [ view_filter ] --END-- [ RunTime:0.001000s ]
INFO: [ app_end ] --START--
INFO: Run Behavior\ShowPageTraceBehavior [ RunTime:0.001000s ]
INFO: [ app_end ] --END-- [ RunTime:0.001000s ]

[ 2020-12-29T11:01:08+08:00 ] 127.0.0.1 /Shop/member/mine.html
INFO: [ app_init ] --START--
INFO: Run Behavior\BuildLiteBehavior [ RunTime:0.000000s ]
INFO: [ app_init ] --END-- [ RunTime:0.000000s ]
INFO: [ app_begin ] --START--
INFO: Run Behavior\ReadHtmlCacheBehavior [ RunTime:0.002001s ]
INFO: Run Common\Behavior\CheckLangBehavior [ RunTime:0.003000s ]
INFO: [ app_begin ] --END-- [ RunTime:0.005001s ]
SQL: SHOW COLUMNS FROM `ysk_config` [ RunTime:0.0050s ]
SQL: SELECT `value`,`tip` FROM `ysk_config` WHERE `name` = 'TOGGLE_WEB_SITE' LIMIT 1   [ RunTime:0.0010s ]
SQL: SELECT `value`,`tip` FROM `ysk_config` WHERE `name` = 'TOGGLE_MALL_SITE' LIMIT 1   [ RunTime:0.0000s ]
SQL: SHOW COLUMNS FROM `ysk_collect` [ RunTime:0.0060s ]
SQL: SELECT COUNT(*) AS tp_count FROM `ysk_collect` WHERE `uid` = 8805 LIMIT 1   [ RunTime:0.0010s ]
SQL: SHOW COLUMNS FROM `ysk_verify_list` [ RunTime:0.0120s ]
SQL: SELECT * FROM `ysk_verify_list` WHERE `uid` = 8805 LIMIT 1   [ RunTime:0.0010s ]
SQL: SHOW COLUMNS FROM `ysk_user` [ RunTime:0.0080s ]
SQL: SELECT * FROM `ysk_user` WHERE `userid` = 8805 LIMIT 1   [ RunTime:0.0010s ]
SQL: SHOW COLUMNS FROM `ysk_store` [ RunTime:0.0040s ]
SQL: SELECT * FROM `ysk_store` WHERE `uid` = 8805 LIMIT 1   [ RunTime:0.0000s ]
INFO: [ view_parse ] --START--
INFO: [ template_filter ] --START--
INFO: Run Behavior\ContentReplaceBehavior [ RunTime:0.000000s ]
INFO: [ template_filter ] --END-- [ RunTime:0.000000s ]
NOTIC: [8] Undefined variable: config F:\web\12xin\shop\Runtime\Cache\Shop\443a66622bd99fc10f62d5fb4afa7a18.php 第 7 行.
INFO: Run Behavior\ParseTemplateBehavior [ RunTime:0.014001s ]
INFO: [ view_parse ] --END-- [ RunTime:0.015001s ]
INFO: [ view_filter ] --START--
INFO: Run Behavior\WriteHtmlCacheBehavior [ RunTime:0.001000s ]
INFO: [ view_filter ] --END-- [ RunTime:0.001000s ]
INFO: [ app_end ] --START--
INFO: Run Behavior\ShowPageTraceBehavior [ RunTime:0.001000s ]
INFO: [ app_end ] --END-- [ RunTime:0.001000s ]

[ 2020-12-29T11:01:30+08:00 ] 127.0.0.1 /Shop/member/mine.html
INFO: [ app_init ] --START--
INFO: Run Behavior\BuildLiteBehavior [ RunTime:0.000000s ]
INFO: [ app_init ] --END-- [ RunTime:0.000000s ]
INFO: [ app_begin ] --START--
INFO: Run Behavior\ReadHtmlCacheBehavior [ RunTime:0.001000s ]
INFO: Run Common\Behavior\CheckLangBehavior [ RunTime:0.001000s ]
INFO: [ app_begin ] --END-- [ RunTime:0.002000s ]
SQL: SHOW COLUMNS FROM `ysk_config` [ RunTime:0.0050s ]
SQL: SELECT `value`,`tip` FROM `ysk_config` WHERE `name` = 'TOGGLE_WEB_SITE' LIMIT 1   [ RunTime:0.0010s ]
SQL: SELECT `value`,`tip` FROM `ysk_config` WHERE `name` = 'TOGGLE_MALL_SITE' LIMIT 1   [ RunTime:0.0000s ]
SQL: SHOW COLUMNS FROM `ysk_collect` [ RunTime:0.0050s ]
SQL: SELECT COUNT(*) AS tp_count FROM `ysk_collect` WHERE `uid` = 8805 LIMIT 1   [ RunTime:0.0000s ]
SQL: SHOW COLUMNS FROM `ysk_verify_list` [ RunTime:0.0070s ]
SQL: SELECT * FROM `ysk_verify_list` WHERE `uid` = 8805 LIMIT 1   [ RunTime:0.0000s ]
SQL: SHOW COLUMNS FROM `ysk_user` [ RunTime:0.0070s ]
SQL: SELECT * FROM `ysk_user` WHERE `userid` = 8805 LIMIT 1   [ RunTime:0.0010s ]
SQL: SHOW COLUMNS FROM `ysk_store` [ RunTime:0.0070s ]
SQL: SELECT * FROM `ysk_store` WHERE `uid` = 8805 LIMIT 1   [ RunTime:0.0000s ]
INFO: [ view_parse ] --START--
INFO: [ template_filter ] --START--
INFO: Run Behavior\ContentReplaceBehavior [ RunTime:0.000000s ]
INFO: [ template_filter ] --END-- [ RunTime:0.000000s ]
NOTIC: [8] Undefined variable: config F:\web\12xin\shop\Runtime\Cache\Shop\443a66622bd99fc10f62d5fb4afa7a18.php 第 7 行.
INFO: Run Behavior\ParseTemplateBehavior [ RunTime:0.011000s ]
INFO: [ view_parse ] --END-- [ RunTime:0.011000s ]
INFO: [ view_filter ] --START--
INFO: Run Behavior\WriteHtmlCacheBehavior [ RunTime:0.000000s ]
INFO: [ view_filter ] --END-- [ RunTime:0.000000s ]
INFO: [ app_end ] --START--
INFO: Run Behavior\ShowPageTraceBehavior [ RunTime:0.001000s ]
INFO: [ app_end ] --END-- [ RunTime:0.001000s ]

[ 2020-12-29T11:01:45+08:00 ] 127.0.0.1 /Shop/member/mine.html
INFO: [ app_init ] --START--
INFO: Run Behavior\BuildLiteBehavior [ RunTime:0.000000s ]
INFO: [ app_init ] --END-- [ RunTime:0.000000s ]
INFO: [ app_begin ] --START--
INFO: Run Behavior\ReadHtmlCacheBehavior [ RunTime:0.000000s ]
INFO: Run Common\Behavior\CheckLangBehavior [ RunTime:0.001000s ]
INFO: [ app_begin ] --END-- [ RunTime:0.002000s ]
SQL: SHOW COLUMNS FROM `ysk_config` [ RunTime:0.0050s ]
SQL: SELECT `value`,`tip` FROM `ysk_config` WHERE `name` = 'TOGGLE_WEB_SITE' LIMIT 1   [ RunTime:0.0000s ]
SQL: SELECT `value`,`tip` FROM `ysk_config` WHERE `name` = 'TOGGLE_MALL_SITE' LIMIT 1   [ RunTime:0.0000s ]
SQL: SHOW COLUMNS FROM `ysk_collect` [ RunTime:0.0040s ]
SQL: SELECT COUNT(*) AS tp_count FROM `ysk_collect` WHERE `uid` = 8805 LIMIT 1   [ RunTime:0.0010s ]
SQL: SHOW COLUMNS FROM `ysk_verify_list` [ RunTime:0.0050s ]
SQL: SELECT * FROM `ysk_verify_list` WHERE `uid` = 8805 LIMIT 1   [ RunTime:0.0000s ]
SQL: SHOW COLUMNS FROM `ysk_user` [ RunTime:0.0050s ]
SQL: SELECT * FROM `ysk_user` WHERE `userid` = 8805 LIMIT 1   [ RunTime:0.0010s ]
SQL: SHOW COLUMNS FROM `ysk_store` [ RunTime:0.0050s ]
SQL: SELECT * FROM `ysk_store` WHERE `uid` = 8805 LIMIT 1   [ RunTime:0.0000s ]
INFO: [ view_parse ] --START--
INFO: [ template_filter ] --START--
INFO: Run Behavior\ContentReplaceBehavior [ RunTime:0.000000s ]
INFO: [ template_filter ] --END-- [ RunTime:0.000000s ]
NOTIC: [8] Undefined variable: config F:\web\12xin\shop\Runtime\Cache\Shop\443a66622bd99fc10f62d5fb4afa7a18.php 第 7 行.
INFO: Run Behavior\ParseTemplateBehavior [ RunTime:0.012000s ]
INFO: [ view_parse ] --END-- [ RunTime:0.012000s ]
INFO: [ view_filter ] --START--
INFO: Run Behavior\WriteHtmlCacheBehavior [ RunTime:0.000000s ]
INFO: [ view_filter ] --END-- [ RunTime:0.000000s ]
INFO: [ app_end ] --START--
INFO: Run Behavior\ShowPageTraceBehavior [ RunTime:0.001000s ]
INFO: [ app_end ] --END-- [ RunTime:0.001000s ]

[ 2020-12-29T11:02:38+08:00 ] 127.0.0.1 /Shop/member/mine.html
INFO: [ app_init ] --START--
INFO: Run Behavior\BuildLiteBehavior [ RunTime:0.000000s ]
INFO: [ app_init ] --END-- [ RunTime:0.000000s ]
INFO: [ app_begin ] --START--
INFO: Run Behavior\ReadHtmlCacheBehavior [ RunTime:0.000000s ]
INFO: Run Common\Behavior\CheckLangBehavior [ RunTime:0.002000s ]
INFO: [ app_begin ] --END-- [ RunTime:0.002000s ]
SQL: SHOW COLUMNS FROM `ysk_config` [ RunTime:0.0040s ]
SQL: SELECT `value`,`tip` FROM `ysk_config` WHERE `name` = 'TOGGLE_WEB_SITE' LIMIT 1   [ RunTime:0.0000s ]
SQL: SELECT `value`,`tip` FROM `ysk_config` WHERE `name` = 'TOGGLE_MALL_SITE' LIMIT 1   [ RunTime:0.0000s ]
SQL: SHOW COLUMNS FROM `ysk_collect` [ RunTime:0.0040s ]
SQL: SELECT COUNT(*) AS tp_count FROM `ysk_collect` WHERE `uid` = 8805 LIMIT 1   [ RunTime:0.0010s ]
SQL: SHOW COLUMNS FROM `ysk_verify_list` [ RunTime:0.0040s ]
SQL: SELECT * FROM `ysk_verify_list` WHERE `uid` = 8805 LIMIT 1   [ RunTime:0.0000s ]
SQL: SHOW COLUMNS FROM `ysk_user` [ RunTime:0.0060s ]
SQL: SELECT * FROM `ysk_user` WHERE `userid` = 8805 LIMIT 1   [ RunTime:0.0010s ]
SQL: SHOW COLUMNS FROM `ysk_store` [ RunTime:0.0040s ]
SQL: SELECT * FROM `ysk_store` WHERE `uid` = 8805 LIMIT 1   [ RunTime:0.0000s ]
INFO: [ view_parse ] --START--
INFO: [ template_filter ] --START--
INFO: Run Behavior\ContentReplaceBehavior [ RunTime:0.000000s ]
INFO: [ template_filter ] --END-- [ RunTime:0.000000s ]
NOTIC: [8] Undefined variable: config F:\web\12xin\shop\Runtime\Cache\Shop\443a66622bd99fc10f62d5fb4afa7a18.php 第 7 行.
INFO: Run Behavior\ParseTemplateBehavior [ RunTime:0.010001s ]
INFO: [ view_parse ] --END-- [ RunTime:0.010001s ]
INFO: [ view_filter ] --START--
INFO: Run Behavior\WriteHtmlCacheBehavior [ RunTime:0.000000s ]
INFO: [ view_filter ] --END-- [ RunTime:0.000000s ]
INFO: [ app_end ] --START--
INFO: Run Behavior\ShowPageTraceBehavior [ RunTime:0.000000s ]
INFO: [ app_end ] --END-- [ RunTime:0.000000s ]

[ 2020-12-29T12:23:44+08:00 ] 127.0.0.1 /Shop/Home/index.html
INFO: [ app_init ] --START--
INFO: Run Behavior\BuildLiteBehavior [ RunTime:0.000000s ]
INFO: [ app_init ] --END-- [ RunTime:0.000000s ]
INFO: [ app_begin ] --START--
INFO: Run Behavior\ReadHtmlCacheBehavior [ RunTime:0.000000s ]
INFO: Run Common\Behavior\CheckLangBehavior [ RunTime:0.001000s ]
INFO: [ app_begin ] --END-- [ RunTime:0.001000s ]
SQL: SHOW COLUMNS FROM `ysk_config` [ RunTime:0.0050s ]
SQL: SELECT `value`,`tip` FROM `ysk_config` WHERE `name` = 'TOGGLE_WEB_SITE' LIMIT 1   [ RunTime:0.0010s ]
SQL: SELECT `value`,`tip` FROM `ysk_config` WHERE `name` = 'TOGGLE_MALL_SITE' LIMIT 1   [ RunTime:0.0010s ]
SQL: SHOW COLUMNS FROM `ysk_product_cate` [ RunTime:0.0050s ]
SQL: SELECT * FROM `ysk_product_cate` WHERE `pid` = 0 ORDER BY sort desc LIMIT 10   [ RunTime:0.0000s ]
SQL: SHOW COLUMNS FROM `ysk_shop_banner` [ RunTime:0.0040s ]
SQL: SELECT * FROM `ysk_shop_banner`  [ RunTime:0.0000s ]
SQL: SHOW COLUMNS FROM `ysk_product_detail` [ RunTime:0.0050s ]
SQL: SELECT * FROM `ysk_product_detail` WHERE `status` = 1 ORDER BY ctime desc LIMIT 5   [ RunTime:0.0010s ]
SQL: SELECT * FROM `ysk_product_detail` WHERE `is_hot` = 1 AND `shangjia` = 0 ORDER BY ctime desc LIMIT 6   [ RunTime:0.0010s ]
SQL: SELECT * FROM `ysk_product_detail` WHERE `is_new` = 1 AND `shangjia` = 0 ORDER BY ctime desc LIMIT 7   [ RunTime:0.0000s ]
SQL: SELECT * FROM `ysk_product_detail` WHERE `status` = 1 ORDER BY ctime asc LIMIT 8   [ RunTime:0.0010s ]
SQL: SELECT * FROM `ysk_product_detail` WHERE `is_tuijian` = 1 AND `shangjia` = 0 ORDER BY ctime desc LIMIT 8   [ RunTime:0.0000s ]
SQL: SHOW COLUMNS FROM `ysk_notice` [ RunTime:0.0040s ]
SQL: SELECT * FROM `ysk_notice` ORDER BY notice_addtime asc  [ RunTime:0.0000s ]
SQL: SHOW COLUMNS FROM `ysk_gerenshangpu` [ RunTime:0.0040s ]
SQL: SELECT * FROM `ysk_gerenshangpu` WHERE `shop_zhuangtai` = 1 AND `id` <> 1 ORDER BY shop_stort asc LIMIT 9   [ RunTime:0.0000s ]
INFO: [ view_parse ] --START--
INFO: [ template_filter ] --START--
INFO: Run Behavior\ContentReplaceBehavior [ RunTime:0.000000s ]
INFO: [ template_filter ] --END-- [ RunTime:0.000000s ]
NOTIC: [8] Undefined variable: config F:\web\12xin\shop\Runtime\Cache\Shop\919d3b05d99b9010c89482cf5b988490.php 第 6 行.
SQL: SELECT * FROM `ysk_gerenshangpu` WHERE `userid` = 0 LIMIT 1   [ RunTime:0.0010s ]
INFO: Run Behavior\ParseTemplateBehavior [ RunTime:0.014001s ]
INFO: [ view_parse ] --END-- [ RunTime:0.014001s ]
INFO: [ view_filter ] --START--
INFO: Run Behavior\WriteHtmlCacheBehavior [ RunTime:0.000000s ]
INFO: [ view_filter ] --END-- [ RunTime:0.000000s ]
INFO: [ app_end ] --START--
INFO: Run Behavior\ShowPageTraceBehavior [ RunTime:0.001000s ]
INFO: [ app_end ] --END-- [ RunTime:0.001000s ]

[ 2020-12-29T12:24:07+08:00 ] 127.0.0.1 /Shop/Pay/pays/oid/457/type/4/payway/2.html
INFO: [ app_init ] --START--
INFO: Run Behavior\BuildLiteBehavior [ RunTime:0.000000s ]
INFO: [ app_init ] --END-- [ RunTime:0.000000s ]
INFO: [ app_begin ] --START--
INFO: Run Behavior\ReadHtmlCacheBehavior [ RunTime:0.001000s ]
INFO: Run Common\Behavior\CheckLangBehavior [ RunTime:0.002000s ]
INFO: [ app_begin ] --END-- [ RunTime:0.003000s ]
SQL: SHOW COLUMNS FROM `ysk_order` [ RunTime:0.0050s ]
SQL: SELECT * FROM `ysk_order` WHERE `order_id` = 457 AND `uid` = 8805 AND `status` = 0 LIMIT 1   [ RunTime:0.0000s ]
SQL: SELECT * FROM `ysk_order` WHERE `order_id` = 457  [ RunTime:0.0000s ]
SQL: SELECT SUM(buy_price) AS tp_sum FROM `ysk_order` WHERE `order_id` = 457 LIMIT 1   [ RunTime:0.0000s ]
SQL: SHOW COLUMNS FROM `ysk_user` [ RunTime:0.0050s ]
SQL: SELECT `geo` FROM `ysk_user` WHERE `userid` = 8805 LIMIT 1   [ RunTime:0.0000s ]

[ 2020-12-29T12:24:27+08:00 ] 127.0.0.1 /Shop/Pay/index/oid/457/formtype/99.html
INFO: [ app_init ] --START--
INFO: Run Behavior\BuildLiteBehavior [ RunTime:0.000000s ]
INFO: [ app_init ] --END-- [ RunTime:0.000000s ]
INFO: [ app_begin ] --START--
INFO: Run Behavior\ReadHtmlCacheBehavior [ RunTime:0.001000s ]
INFO: Run Common\Behavior\CheckLangBehavior [ RunTime:0.001000s ]
INFO: [ app_begin ] --END-- [ RunTime:0.002000s ]
SQL: SHOW COLUMNS FROM `ysk_order` [ RunTime:0.0040s ]
SQL: SELECT * FROM `ysk_order` WHERE `order_id` = 457  [ RunTime:0.0010s ]
NOTIC: [8] Undefined index: order_relation F:\web\12xin\shop\Shop\Controller\PayController.class.php 第 206 行.
SQL: SHOW COLUMNS FROM `ysk_user` [ RunTime:0.0060s ]
SQL: SELECT `total_lingshi` FROM `ysk_user` WHERE `userid` = 8805 LIMIT 1   [ RunTime:0.0000s ]
SQL: SELECT `geo` FROM `ysk_user` WHERE `userid` = 8805 LIMIT 1   [ RunTime:0.0000s ]
INFO: [ view_parse ] --START--
INFO: [ template_filter ] --START--
INFO: Run Behavior\ContentReplaceBehavior [ RunTime:0.000000s ]
INFO: [ template_filter ] --END-- [ RunTime:0.001000s ]
NOTIC: [8] Undefined index: order_no F:\web\12xin\shop\Runtime\Cache\Shop\62044247dcbf02228e8521a5f679837e.php 第 26 行.
SQL: SHOW COLUMNS FROM `ysk_gerenshangpu` [ RunTime:0.0060s ]
SQL: SELECT * FROM `ysk_gerenshangpu` WHERE ( userid ) LIMIT 1   [ RunTime:0.0000s ]
NOTIC: [8] Undefined index: order_no F:\web\12xin\shop\Runtime\Cache\Shop\62044247dcbf02228e8521a5f679837e.php 第 135 行.
INFO: Run Behavior\ParseTemplateBehavior [ RunTime:0.015001s ]
INFO: [ view_parse ] --END-- [ RunTime:0.015001s ]
INFO: [ view_filter ] --START--
INFO: Run Behavior\WriteHtmlCacheBehavior [ RunTime:0.000000s ]
INFO: [ view_filter ] --END-- [ RunTime:0.000000s ]
INFO: [ app_end ] --START--
INFO: Run Behavior\ShowPageTraceBehavior [ RunTime:0.001000s ]
INFO: [ app_end ] --END-- [ RunTime:0.001000s ]

[ 2020-12-29T12:24:44+08:00 ] 127.0.0.1 /Shop/Pay/index/oid/457/formtype/99.html
INFO: [ app_init ] --START--
INFO: Run Behavior\BuildLiteBehavior [ RunTime:0.000000s ]
INFO: [ app_init ] --END-- [ RunTime:0.000000s ]
INFO: [ app_begin ] --START--
INFO: Run Behavior\ReadHtmlCacheBehavior [ RunTime:0.001000s ]
INFO: Run Common\Behavior\CheckLangBehavior [ RunTime:0.003000s ]
INFO: [ app_begin ] --END-- [ RunTime:0.004000s ]
SQL: SHOW COLUMNS FROM `ysk_order` [ RunTime:0.0050s ]
SQL: SELECT * FROM `ysk_order` WHERE `order_id` = 457  [ RunTime:0.0010s ]
NOTIC: [8] Undefined index: order_relation F:\web\12xin\shop\Shop\Controller\PayController.class.php 第 206 行.
SQL: SHOW COLUMNS FROM `ysk_user` [ RunTime:0.0060s ]
SQL: SELECT `total_lingshi` FROM `ysk_user` WHERE `userid` = 8805 LIMIT 1   [ RunTime:0.0010s ]
SQL: SELECT `geo` FROM `ysk_user` WHERE `userid` = 8805 LIMIT 1   [ RunTime:0.0010s ]
INFO: [ view_parse ] --START--
INFO: [ template_filter ] --START--
INFO: Run Behavior\ContentReplaceBehavior [ RunTime:0.000000s ]
INFO: [ template_filter ] --END-- [ RunTime:0.000000s ]
NOTIC: [8] Undefined index: order_no F:\web\12xin\shop\Runtime\Cache\Shop\62044247dcbf02228e8521a5f679837e.php 第 26 行.
SQL: SHOW COLUMNS FROM `ysk_gerenshangpu` [ RunTime:0.0050s ]
SQL: SELECT * FROM `ysk_gerenshangpu` WHERE ( userid ) LIMIT 1   [ RunTime:0.0000s ]
NOTIC: [8] Undefined index: order_no F:\web\12xin\shop\Runtime\Cache\Shop\62044247dcbf02228e8521a5f679837e.php 第 132 行.
INFO: Run Behavior\ParseTemplateBehavior [ RunTime:0.016001s ]
INFO: [ view_parse ] --END-- [ RunTime:0.016001s ]
INFO: [ view_filter ] --START--
INFO: Run Behavior\WriteHtmlCacheBehavior [ RunTime:0.001000s ]
INFO: [ view_filter ] --END-- [ RunTime:0.001000s ]
INFO: [ app_end ] --START--
INFO: Run Behavior\ShowPageTraceBehavior [ RunTime:0.001000s ]
INFO: [ app_end ] --END-- [ RunTime:0.001000s ]

[ 2020-12-29T12:25:36+08:00 ] 127.0.0.1 /Shop/Pay/index/oid/457/formtype/99.html
INFO: [ app_init ] --START--
INFO: Run Behavior\BuildLiteBehavior [ RunTime:0.000000s ]
INFO: [ app_init ] --END-- [ RunTime:0.000000s ]
INFO: [ app_begin ] --START--
INFO: Run Behavior\ReadHtmlCacheBehavior [ RunTime:0.001000s ]
INFO: Run Common\Behavior\CheckLangBehavior [ RunTime:0.001000s ]
INFO: [ app_begin ] --END-- [ RunTime:0.002000s ]
SQL: SHOW COLUMNS FROM `ysk_order` [ RunTime:0.0050s ]
SQL: SELECT * FROM `ysk_order` WHERE `order_id` = 457  [ RunTime:0.0000s ]
NOTIC: [8] Undefined index: order_relation F:\web\12xin\shop\Shop\Controller\PayController.class.php 第 206 行.
SQL: SHOW COLUMNS FROM `ysk_user` [ RunTime:0.0070s ]
SQL: SELECT `total_lingshi` FROM `ysk_user` WHERE `userid` = 8805 LIMIT 1   [ RunTime:0.0000s ]
SQL: SELECT `geo` FROM `ysk_user` WHERE `userid` = 8805 LIMIT 1   [ RunTime:0.0000s ]
INFO: [ view_parse ] --START--
INFO: [ template_filter ] --START--
INFO: Run Behavior\ContentReplaceBehavior [ RunTime:0.000000s ]
INFO: [ template_filter ] --END-- [ RunTime:0.000000s ]
NOTIC: [8] Undefined index: order_no F:\web\12xin\shop\Runtime\Cache\Shop\62044247dcbf02228e8521a5f679837e.php 第 26 行.
SQL: SHOW COLUMNS FROM `ysk_gerenshangpu` [ RunTime:0.0050s ]
SQL: SELECT * FROM `ysk_gerenshangpu` WHERE ( userid ) LIMIT 1   [ RunTime:0.0000s ]
NOTIC: [8] Undefined index: order_no F:\web\12xin\shop\Runtime\Cache\Shop\62044247dcbf02228e8521a5f679837e.php 第 132 行.
INFO: Run Behavior\ParseTemplateBehavior [ RunTime:0.014001s ]
INFO: [ view_parse ] --END-- [ RunTime:0.014001s ]
INFO: [ view_filter ] --START--
INFO: Run Behavior\WriteHtmlCacheBehavior [ RunTime:0.001000s ]
INFO: [ view_filter ] --END-- [ RunTime:0.001000s ]
INFO: [ app_end ] --START--
INFO: Run Behavior\ShowPageTraceBehavior [ RunTime:0.000000s ]
INFO: [ app_end ] --END-- [ RunTime:0.000000s ]

[ 2020-12-29T12:25:57+08:00 ] 127.0.0.1 /Shop/Pay/index/oid/457/formtype/99.html
INFO: [ app_init ] --START--
INFO: Run Behavior\BuildLiteBehavior [ RunTime:0.000000s ]
INFO: [ app_init ] --END-- [ RunTime:0.000000s ]
INFO: [ app_begin ] --START--
INFO: Run Behavior\ReadHtmlCacheBehavior [ RunTime:0.001000s ]
INFO: Run Common\Behavior\CheckLangBehavior [ RunTime:0.002000s ]
INFO: [ app_begin ] --END-- [ RunTime:0.003000s ]
SQL: SHOW COLUMNS FROM `ysk_order` [ RunTime:0.0080s ]
SQL: SELECT * FROM `ysk_order` WHERE `order_id` = 457  [ RunTime:0.0010s ]
NOTIC: [8] Undefined index: order_relation F:\web\12xin\shop\Shop\Controller\PayController.class.php 第 206 行.
SQL: SHOW COLUMNS FROM `ysk_user` [ RunTime:0.0050s ]
SQL: SELECT `total_lingshi` FROM `ysk_user` WHERE `userid` = 8805 LIMIT 1   [ RunTime:0.0000s ]
SQL: SELECT `geo` FROM `ysk_user` WHERE `userid` = 8805 LIMIT 1   [ RunTime:0.0010s ]
INFO: [ view_parse ] --START--
INFO: [ template_filter ] --START--
INFO: Run Behavior\ContentReplaceBehavior [ RunTime:0.000000s ]
INFO: [ template_filter ] --END-- [ RunTime:0.000000s ]
NOTIC: [8] Undefined index: order_no F:\web\12xin\shop\Runtime\Cache\Shop\62044247dcbf02228e8521a5f679837e.php 第 26 行.
SQL: SHOW COLUMNS FROM `ysk_gerenshangpu` [ RunTime:0.0050s ]
SQL: SELECT * FROM `ysk_gerenshangpu` WHERE ( userid ) LIMIT 1   [ RunTime:0.0000s ]
NOTIC: [8] Undefined index: order_no F:\web\12xin\shop\Runtime\Cache\Shop\62044247dcbf02228e8521a5f679837e.php 第 132 行.
INFO: Run Behavior\ParseTemplateBehavior [ RunTime:0.016001s ]
INFO: [ view_parse ] --END-- [ RunTime:0.016001s ]
INFO: [ view_filter ] --START--
INFO: Run Behavior\WriteHtmlCacheBehavior [ RunTime:0.000000s ]
INFO: [ view_filter ] --END-- [ RunTime:0.000000s ]
INFO: [ app_end ] --START--
INFO: Run Behavior\ShowPageTraceBehavior [ RunTime:0.001000s ]
INFO: [ app_end ] --END-- [ RunTime:0.001000s ]

[ 2020-12-29T12:26:27+08:00 ] 127.0.0.1 /Shop/Pay/index/oid/457/formtype/99.html
INFO: [ app_init ] --START--
INFO: Run Behavior\BuildLiteBehavior [ RunTime:0.000000s ]
INFO: [ app_init ] --END-- [ RunTime:0.000000s ]
INFO: [ app_begin ] --START--
INFO: Run Behavior\ReadHtmlCacheBehavior [ RunTime:0.001000s ]
INFO: Run Common\Behavior\CheckLangBehavior [ RunTime:0.001000s ]
INFO: [ app_begin ] --END-- [ RunTime:0.002000s ]
SQL: SHOW COLUMNS FROM `ysk_order` [ RunTime:0.0050s ]
SQL: SELECT * FROM `ysk_order` WHERE `order_id` = 457  [ RunTime:0.0000s ]
NOTIC: [8] Undefined index: order_relation F:\web\12xin\shop\Shop\Controller\PayController.class.php 第 206 行.
SQL: SHOW COLUMNS FROM `ysk_user` [ RunTime:0.0060s ]
SQL: SELECT `total_lingshi` FROM `ysk_user` WHERE `userid` = 8805 LIMIT 1   [ RunTime:0.0000s ]
SQL: SELECT `geo` FROM `ysk_user` WHERE `userid` = 8805 LIMIT 1   [ RunTime:0.0010s ]
INFO: [ view_parse ] --START--
INFO: [ template_filter ] --START--
INFO: Run Behavior\ContentReplaceBehavior [ RunTime:0.000000s ]
INFO: [ template_filter ] --END-- [ RunTime:0.000000s ]
NOTIC: [8] Undefined index: order_no F:\web\12xin\shop\Runtime\Cache\Shop\62044247dcbf02228e8521a5f679837e.php 第 26 行.
SQL: SHOW COLUMNS FROM `ysk_gerenshangpu` [ RunTime:0.0050s ]
SQL: SELECT * FROM `ysk_gerenshangpu` WHERE ( userid ) LIMIT 1   [ RunTime:0.0010s ]
NOTIC: [8] Undefined index: order_no F:\web\12xin\shop\Runtime\Cache\Shop\62044247dcbf02228e8521a5f679837e.php 第 132 行.
INFO: Run Behavior\ParseTemplateBehavior [ RunTime:0.014000s ]
INFO: [ view_parse ] --END-- [ RunTime:0.014000s ]
INFO: [ view_filter ] --START--
INFO: Run Behavior\WriteHtmlCacheBehavior [ RunTime:0.001000s ]
INFO: [ view_filter ] --END-- [ RunTime:0.001000s ]
INFO: [ app_end ] --START--
INFO: Run Behavior\ShowPageTraceBehavior [ RunTime:0.000000s ]
INFO: [ app_end ] --END-- [ RunTime:0.000000s ]

[ 2020-12-29T12:27:00+08:00 ] 127.0.0.1 /Shop/member/mine.html
INFO: [ app_init ] --START--
INFO: Run Behavior\BuildLiteBehavior [ RunTime:0.000000s ]
INFO: [ app_init ] --END-- [ RunTime:0.000000s ]
INFO: [ app_begin ] --START--
INFO: Run Behavior\ReadHtmlCacheBehavior [ RunTime:0.000000s ]
INFO: Run Common\Behavior\CheckLangBehavior [ RunTime:0.002000s ]
INFO: [ app_begin ] --END-- [ RunTime:0.003000s ]
SQL: SHOW COLUMNS FROM `ysk_config` [ RunTime:0.0050s ]
SQL: SELECT `value`,`tip` FROM `ysk_config` WHERE `name` = 'TOGGLE_WEB_SITE' LIMIT 1   [ RunTime:0.0000s ]
SQL: SELECT `value`,`tip` FROM `ysk_config` WHERE `name` = 'TOGGLE_MALL_SITE' LIMIT 1   [ RunTime:0.0010s ]
SQL: SHOW COLUMNS FROM `ysk_collect` [ RunTime:0.0040s ]
SQL: SELECT COUNT(*) AS tp_count FROM `ysk_collect` WHERE `uid` = 8805 LIMIT 1   [ RunTime:0.0000s ]
SQL: SHOW COLUMNS FROM `ysk_verify_list` [ RunTime:0.0060s ]
SQL: SELECT * FROM `ysk_verify_list` WHERE `uid` = 8805 LIMIT 1   [ RunTime:0.0010s ]
SQL: SHOW COLUMNS FROM `ysk_user` [ RunTime:0.0050s ]
SQL: SELECT * FROM `ysk_user` WHERE `userid` = 8805 LIMIT 1   [ RunTime:0.0010s ]
SQL: SHOW COLUMNS FROM `ysk_store` [ RunTime:0.0050s ]
SQL: SELECT * FROM `ysk_store` WHERE `uid` = 8805 LIMIT 1   [ RunTime:0.0000s ]
INFO: [ view_parse ] --START--
INFO: [ template_filter ] --START--
INFO: Run Behavior\ContentReplaceBehavior [ RunTime:0.001000s ]
INFO: [ template_filter ] --END-- [ RunTime:0.001000s ]
NOTIC: [8] Undefined variable: config F:\web\12xin\shop\Runtime\Cache\Shop\443a66622bd99fc10f62d5fb4afa7a18.php 第 7 行.
INFO: Run Behavior\ParseTemplateBehavior [ RunTime:0.011001s ]
INFO: [ view_parse ] --END-- [ RunTime:0.011001s ]
INFO: [ view_filter ] --START--
INFO: Run Behavior\WriteHtmlCacheBehavior [ RunTime:0.001000s ]
INFO: [ view_filter ] --END-- [ RunTime:0.001000s ]
INFO: [ app_end ] --START--
INFO: Run Behavior\ShowPageTraceBehavior [ RunTime:0.001000s ]
INFO: [ app_end ] --END-- [ RunTime:0.001000s ]

[ 2020-12-29T12:27:10+08:00 ] 127.0.0.1 /Shop/member/mine.html
INFO: [ app_init ] --START--
INFO: Run Behavior\BuildLiteBehavior [ RunTime:0.000000s ]
INFO: [ app_init ] --END-- [ RunTime:0.000000s ]
INFO: [ app_begin ] --START--
INFO: Run Behavior\ReadHtmlCacheBehavior [ RunTime:0.001000s ]
INFO: Run Common\Behavior\CheckLangBehavior [ RunTime:0.001000s ]
INFO: [ app_begin ] --END-- [ RunTime:0.002000s ]
SQL: SHOW COLUMNS FROM `ysk_config` [ RunTime:0.0050s ]
SQL: SELECT `value`,`tip` FROM `ysk_config` WHERE `name` = 'TOGGLE_WEB_SITE' LIMIT 1   [ RunTime:0.0000s ]
SQL: SELECT `value`,`tip` FROM `ysk_config` WHERE `name` = 'TOGGLE_MALL_SITE' LIMIT 1   [ RunTime:0.0000s ]
SQL: SHOW COLUMNS FROM `ysk_collect` [ RunTime:0.0050s ]
SQL: SELECT COUNT(*) AS tp_count FROM `ysk_collect` WHERE `uid` = 8805 LIMIT 1   [ RunTime:0.0000s ]
SQL: SHOW COLUMNS FROM `ysk_verify_list` [ RunTime:0.0050s ]
SQL: SELECT * FROM `ysk_verify_list` WHERE `uid` = 8805 LIMIT 1   [ RunTime:0.0000s ]
SQL: SHOW COLUMNS FROM `ysk_user` [ RunTime:0.0050s ]
SQL: SELECT * FROM `ysk_user` WHERE `userid` = 8805 LIMIT 1   [ RunTime:0.0000s ]
SQL: SHOW COLUMNS FROM `ysk_store` [ RunTime:0.0040s ]
SQL: SELECT * FROM `ysk_store` WHERE `uid` = 8805 LIMIT 1   [ RunTime:0.0000s ]
INFO: [ view_parse ] --START--
INFO: [ template_filter ] --START--
INFO: Run Behavior\ContentReplaceBehavior [ RunTime:0.000000s ]
INFO: [ template_filter ] --END-- [ RunTime:0.000000s ]
NOTIC: [8] Undefined variable: config F:\web\12xin\shop\Runtime\Cache\Shop\443a66622bd99fc10f62d5fb4afa7a18.php 第 7 行.
INFO: Run Behavior\ParseTemplateBehavior [ RunTime:0.011000s ]
INFO: [ view_parse ] --END-- [ RunTime:0.011000s ]
INFO: [ view_filter ] --START--
INFO: Run Behavior\WriteHtmlCacheBehavior [ RunTime:0.000000s ]
INFO: [ view_filter ] --END-- [ RunTime:0.000000s ]
INFO: [ app_end ] --START--
INFO: Run Behavior\ShowPageTraceBehavior [ RunTime:0.001001s ]
INFO: [ app_end ] --END-- [ RunTime:0.001001s ]

[ 2020-12-29T12:29:16+08:00 ] 127.0.0.1 /Shop/member/mine.html
INFO: [ app_init ] --START--
INFO: Run Behavior\BuildLiteBehavior [ RunTime:0.001000s ]
INFO: [ app_init ] --END-- [ RunTime:0.001000s ]
INFO: [ app_begin ] --START--
INFO: Run Behavior\ReadHtmlCacheBehavior [ RunTime:0.001000s ]
INFO: Run Common\Behavior\CheckLangBehavior [ RunTime:0.002000s ]
INFO: [ app_begin ] --END-- [ RunTime:0.003000s ]
SQL: SHOW COLUMNS FROM `ysk_config` [ RunTime:0.0050s ]
SQL: SELECT `value`,`tip` FROM `ysk_config` WHERE `name` = 'TOGGLE_WEB_SITE' LIMIT 1   [ RunTime:0.0000s ]
SQL: SELECT `value`,`tip` FROM `ysk_config` WHERE `name` = 'TOGGLE_MALL_SITE' LIMIT 1   [ RunTime:0.0000s ]
SQL: SHOW COLUMNS FROM `ysk_collect` [ RunTime:0.0050s ]
SQL: SELECT COUNT(*) AS tp_count FROM `ysk_collect` WHERE `uid` = 8805 LIMIT 1   [ RunTime:0.0010s ]
SQL: SHOW COLUMNS FROM `ysk_verify_list` [ RunTime:0.0050s ]
SQL: SELECT * FROM `ysk_verify_list` WHERE `uid` = 8805 LIMIT 1   [ RunTime:0.0000s ]
SQL: SHOW COLUMNS FROM `ysk_user` [ RunTime:0.0060s ]
SQL: SELECT * FROM `ysk_user` WHERE `userid` = 8805 LIMIT 1   [ RunTime:0.0010s ]
SQL: SHOW COLUMNS FROM `ysk_store` [ RunTime:0.0060s ]
SQL: SELECT * FROM `ysk_store` WHERE `uid` = 8805 LIMIT 1   [ RunTime:0.0000s ]
INFO: [ view_parse ] --START--
INFO: [ template_filter ] --START--
INFO: Run Behavior\ContentReplaceBehavior [ RunTime:0.000000s ]
INFO: [ template_filter ] --END-- [ RunTime:0.000000s ]
NOTIC: [8] Undefined variable: config F:\web\12xin\shop\Runtime\Cache\Shop\443a66622bd99fc10f62d5fb4afa7a18.php 第 7 行.
INFO: Run Behavior\ParseTemplateBehavior [ RunTime:0.011001s ]
INFO: [ view_parse ] --END-- [ RunTime:0.011001s ]
INFO: [ view_filter ] --START--
INFO: Run Behavior\WriteHtmlCacheBehavior [ RunTime:0.001000s ]
INFO: [ view_filter ] --END-- [ RunTime:0.001000s ]
INFO: [ app_end ] --START--
INFO: Run Behavior\ShowPageTraceBehavior [ RunTime:0.001000s ]
INFO: [ app_end ] --END-- [ RunTime:0.001000s ]

[ 2020-12-29T12:30:57+08:00 ] 127.0.0.1 /Shop/member/mine.html
INFO: [ app_init ] --START--
INFO: Run Behavior\BuildLiteBehavior [ RunTime:0.000000s ]
INFO: [ app_init ] --END-- [ RunTime:0.000000s ]
INFO: [ app_begin ] --START--
INFO: Run Behavior\ReadHtmlCacheBehavior [ RunTime:0.000000s ]
INFO: Run Common\Behavior\CheckLangBehavior [ RunTime:0.001000s ]
INFO: [ app_begin ] --END-- [ RunTime:0.001000s ]
SQL: SHOW COLUMNS FROM `ysk_config` [ RunTime:0.0050s ]
SQL: SELECT `value`,`tip` FROM `ysk_config` WHERE `name` = 'TOGGLE_WEB_SITE' LIMIT 1   [ RunTime:0.0010s ]
SQL: SELECT `value`,`tip` FROM `ysk_config` WHERE `name` = 'TOGGLE_MALL_SITE' LIMIT 1   [ RunTime:0.0000s ]
SQL: SHOW COLUMNS FROM `ysk_collect` [ RunTime:0.0050s ]
SQL: SELECT COUNT(*) AS tp_count FROM `ysk_collect` WHERE `uid` = 8805 LIMIT 1   [ RunTime:0.0000s ]
SQL: SHOW COLUMNS FROM `ysk_verify_list` [ RunTime:0.0040s ]
SQL: SELECT * FROM `ysk_verify_list` WHERE `uid` = 8805 LIMIT 1   [ RunTime:0.0000s ]
SQL: SHOW COLUMNS FROM `ysk_user` [ RunTime:0.0060s ]
SQL: SELECT * FROM `ysk_user` WHERE `userid` = 8805 LIMIT 1   [ RunTime:0.0000s ]
SQL: SHOW COLUMNS FROM `ysk_store` [ RunTime:0.0050s ]
SQL: SELECT * FROM `ysk_store` WHERE `uid` = 8805 LIMIT 1   [ RunTime:0.0000s ]
INFO: [ view_parse ] --START--
INFO: [ template_filter ] --START--
INFO: Run Behavior\ContentReplaceBehavior [ RunTime:0.001000s ]
INFO: [ template_filter ] --END-- [ RunTime:0.001000s ]
NOTIC: [8] Undefined variable: config F:\web\12xin\shop\Runtime\Cache\Shop\443a66622bd99fc10f62d5fb4afa7a18.php 第 7 行.
INFO: Run Behavior\ParseTemplateBehavior [ RunTime:0.010000s ]
INFO: [ view_parse ] --END-- [ RunTime:0.010000s ]
INFO: [ view_filter ] --START--
INFO: Run Behavior\WriteHtmlCacheBehavior [ RunTime:0.000000s ]
INFO: [ view_filter ] --END-- [ RunTime:0.001000s ]
INFO: [ app_end ] --START--
INFO: Run Behavior\ShowPageTraceBehavior [ RunTime:0.000000s ]
INFO: [ app_end ] --END-- [ RunTime:0.000000s ]

[ 2020-12-29T12:31:07+08:00 ] 127.0.0.1 /Shop/Member/moneydets.html
INFO: [ app_init ] --START--
INFO: Run Behavior\BuildLiteBehavior [ RunTime:0.000000s ]
INFO: [ app_init ] --END-- [ RunTime:0.000000s ]
INFO: [ app_begin ] --START--
INFO: Run Behavior\ReadHtmlCacheBehavior [ RunTime:0.001000s ]
INFO: Run Common\Behavior\CheckLangBehavior [ RunTime:0.002000s ]
INFO: [ app_begin ] --END-- [ RunTime:0.003000s ]
SQL: SHOW COLUMNS FROM `ysk_config` [ RunTime:0.0040s ]
SQL: SELECT `value`,`tip` FROM `ysk_config` WHERE `name` = 'TOGGLE_WEB_SITE' LIMIT 1   [ RunTime:0.0010s ]
SQL: SELECT `value`,`tip` FROM `ysk_config` WHERE `name` = 'TOGGLE_MALL_SITE' LIMIT 1   [ RunTime:0.0000s ]
SQL: SHOW COLUMNS FROM `ysk_fenxiaojiang` [ RunTime:0.0120s ]
SQL: SELECT COUNT(1) AS tp_count FROM `ysk_fenxiaojiang` WHERE `get_id` = 5 LIMIT 1   [ RunTime:0.0010s ]
SQL: SELECT * FROM `ysk_fenxiaojiang` WHERE `get_id` = 5 ORDER BY id desc LIMIT 0,30   [ RunTime:0.0000s ]
INFO: [ view_parse ] --START--
INFO: [ template_filter ] --START--
INFO: Run Behavior\ContentReplaceBehavior [ RunTime:0.000000s ]
INFO: [ template_filter ] --END-- [ RunTime:0.000000s ]
NOTIC: [8] Undefined variable: config F:\web\12xin\shop\Runtime\Cache\Shop\cfbec6c15a5b7465df9cd4803de5ff2f.php 第 5 行.
NOTIC: [8] Undefined variable: addressList F:\web\12xin\shop\Runtime\Cache\Shop\cfbec6c15a5b7465df9cd4803de5ff2f.php 第 110 行.
INFO: Run Behavior\ParseTemplateBehavior [ RunTime:0.010000s ]
INFO: [ view_parse ] --END-- [ RunTime:0.010000s ]
INFO: [ view_filter ] --START--
INFO: Run Behavior\WriteHtmlCacheBehavior [ RunTime:0.001001s ]
INFO: [ view_filter ] --END-- [ RunTime:0.001001s ]
INFO: [ app_end ] --START--
INFO: Run Behavior\ShowPageTraceBehavior [ RunTime:0.001000s ]
INFO: [ app_end ] --END-- [ RunTime:0.001000s ]

[ 2020-12-29T12:31:09+08:00 ] 127.0.0.1 /shop/member/mine.html
INFO: [ app_init ] --START--
INFO: Run Behavior\BuildLiteBehavior [ RunTime:0.000000s ]
INFO: [ app_init ] --END-- [ RunTime:0.000000s ]
INFO: [ app_begin ] --START--
INFO: Run Behavior\ReadHtmlCacheBehavior [ RunTime:0.001000s ]
INFO: Run Common\Behavior\CheckLangBehavior [ RunTime:0.003000s ]
INFO: [ app_begin ] --END-- [ RunTime:0.004000s ]
SQL: SHOW COLUMNS FROM `ysk_config` [ RunTime:0.0050s ]
SQL: SELECT `value`,`tip` FROM `ysk_config` WHERE `name` = 'TOGGLE_WEB_SITE' LIMIT 1   [ RunTime:0.0000s ]
SQL: SELECT `value`,`tip` FROM `ysk_config` WHERE `name` = 'TOGGLE_MALL_SITE' LIMIT 1   [ RunTime:0.0010s ]
SQL: SHOW COLUMNS FROM `ysk_collect` [ RunTime:0.0040s ]
SQL: SELECT COUNT(*) AS tp_count FROM `ysk_collect` WHERE `uid` = 8805 LIMIT 1   [ RunTime:0.0000s ]
SQL: SHOW COLUMNS FROM `ysk_verify_list` [ RunTime:0.0040s ]
SQL: SELECT * FROM `ysk_verify_list` WHERE `uid` = 8805 LIMIT 1   [ RunTime:0.0000s ]
SQL: SHOW COLUMNS FROM `ysk_user` [ RunTime:0.0060s ]
SQL: SELECT * FROM `ysk_user` WHERE `userid` = 8805 LIMIT 1   [ RunTime:0.0010s ]
SQL: SHOW COLUMNS FROM `ysk_store` [ RunTime:0.0040s ]
SQL: SELECT * FROM `ysk_store` WHERE `uid` = 8805 LIMIT 1   [ RunTime:0.0010s ]
INFO: [ view_parse ] --START--
INFO: [ template_filter ] --START--
INFO: Run Behavior\ContentReplaceBehavior [ RunTime:0.000000s ]
INFO: [ template_filter ] --END-- [ RunTime:0.000000s ]
NOTIC: [8] Undefined variable: config F:\web\12xin\shop\Runtime\Cache\Shop\443a66622bd99fc10f62d5fb4afa7a18.php 第 7 行.
INFO: Run Behavior\ParseTemplateBehavior [ RunTime:0.012000s ]
INFO: [ view_parse ] --END-- [ RunTime:0.013000s ]
INFO: [ view_filter ] --START--
INFO: Run Behavior\WriteHtmlCacheBehavior [ RunTime:0.000000s ]
INFO: [ view_filter ] --END-- [ RunTime:0.001000s ]
INFO: [ app_end ] --START--
INFO: Run Behavior\ShowPageTraceBehavior [ RunTime:0.001000s ]
INFO: [ app_end ] --END-- [ RunTime:0.001000s ]

[ 2020-12-29T12:31:11+08:00 ] 127.0.0.1 /Shop/Car/shopping.html
INFO: [ app_init ] --START--
INFO: Run Behavior\BuildLiteBehavior [ RunTime:0.000000s ]
INFO: [ app_init ] --END-- [ RunTime:0.000000s ]
INFO: [ app_begin ] --START--
INFO: Run Behavior\ReadHtmlCacheBehavior [ RunTime:0.001000s ]
INFO: Run Common\Behavior\CheckLangBehavior [ RunTime:0.002000s ]
INFO: [ app_begin ] --END-- [ RunTime:0.003000s ]
SQL: SHOW COLUMNS FROM `ysk_config` [ RunTime:0.0060s ]
SQL: SELECT `value`,`tip` FROM `ysk_config` WHERE `name` = 'TOGGLE_WEB_SITE' LIMIT 1   [ RunTime:0.0000s ]
SQL: SELECT `value`,`tip` FROM `ysk_config` WHERE `name` = 'TOGGLE_MALL_SITE' LIMIT 1   [ RunTime:0.0010s ]
INFO: [ view_parse ] --START--
INFO: [ template_filter ] --START--
INFO: Run Behavior\ContentReplaceBehavior [ RunTime:0.000000s ]
INFO: [ template_filter ] --END-- [ RunTime:0.001001s ]
NOTIC: [8] Undefined variable: config F:\web\12xin\shop\Runtime\Cache\Shop\0a5b76a9b9d8cfc06f7b548818528bac.php 第 5 行.
INFO: Run Behavior\ParseTemplateBehavior [ RunTime:0.136008s ]
INFO: [ view_parse ] --END-- [ RunTime:0.136008s ]
INFO: [ view_filter ] --START--
INFO: Run Behavior\WriteHtmlCacheBehavior [ RunTime:0.001000s ]
INFO: [ view_filter ] --END-- [ RunTime:0.001000s ]
INFO: [ app_end ] --START--
INFO: Run Behavior\ShowPageTraceBehavior [ RunTime:0.001000s ]
INFO: [ app_end ] --END-- [ RunTime:0.002000s ]

[ 2020-12-29T12:31:13+08:00 ] 127.0.0.1 /shop/home/index.html
INFO: [ app_init ] --START--
INFO: Run Behavior\BuildLiteBehavior [ RunTime:0.000000s ]
INFO: [ app_init ] --END-- [ RunTime:0.000000s ]
INFO: [ app_begin ] --START--
INFO: Run Behavior\ReadHtmlCacheBehavior [ RunTime:0.001000s ]
INFO: Run Common\Behavior\CheckLangBehavior [ RunTime:0.002000s ]
INFO: [ app_begin ] --END-- [ RunTime:0.003000s ]
SQL: SHOW COLUMNS FROM `ysk_config` [ RunTime:0.0050s ]
SQL: SELECT `value`,`tip` FROM `ysk_config` WHERE `name` = 'TOGGLE_WEB_SITE' LIMIT 1   [ RunTime:0.0000s ]
SQL: SELECT `value`,`tip` FROM `ysk_config` WHERE `name` = 'TOGGLE_MALL_SITE' LIMIT 1   [ RunTime:0.0000s ]
SQL: SHOW COLUMNS FROM `ysk_product_cate` [ RunTime:0.0050s ]
SQL: SELECT * FROM `ysk_product_cate` WHERE `pid` = 0 ORDER BY sort desc LIMIT 10   [ RunTime:0.0010s ]
SQL: SHOW COLUMNS FROM `ysk_shop_banner` [ RunTime:0.0040s ]
SQL: SELECT * FROM `ysk_shop_banner`  [ RunTime:0.0000s ]
SQL: SHOW COLUMNS FROM `ysk_product_detail` [ RunTime:0.0060s ]
SQL: SELECT * FROM `ysk_product_detail` WHERE `status` = 1 ORDER BY ctime desc LIMIT 5   [ RunTime:0.0000s ]
SQL: SELECT * FROM `ysk_product_detail` WHERE `is_hot` = 1 AND `shangjia` = 0 ORDER BY ctime desc LIMIT 6   [ RunTime:0.0000s ]
SQL: SELECT * FROM `ysk_product_detail` WHERE `is_new` = 1 AND `shangjia` = 0 ORDER BY ctime desc LIMIT 7   [ RunTime:0.0010s ]
SQL: SELECT * FROM `ysk_product_detail` WHERE `status` = 1 ORDER BY ctime asc LIMIT 8   [ RunTime:0.0010s ]
SQL: SELECT * FROM `ysk_product_detail` WHERE `is_tuijian` = 1 AND `shangjia` = 0 ORDER BY ctime desc LIMIT 8   [ RunTime:0.0000s ]
SQL: SHOW COLUMNS FROM `ysk_notice` [ RunTime:0.0050s ]
SQL: SELECT * FROM `ysk_notice` ORDER BY notice_addtime asc  [ RunTime:0.0000s ]
SQL: SHOW COLUMNS FROM `ysk_gerenshangpu` [ RunTime:0.0050s ]
SQL: SELECT * FROM `ysk_gerenshangpu` WHERE `shop_zhuangtai` = 1 AND `id` <> 1 ORDER BY shop_stort asc LIMIT 9   [ RunTime:0.0010s ]
INFO: [ view_parse ] --START--
INFO: [ template_filter ] --START--
INFO: Run Behavior\ContentReplaceBehavior [ RunTime:0.001000s ]
INFO: [ template_filter ] --END-- [ RunTime:0.001000s ]
NOTIC: [8] Undefined variable: config F:\web\12xin\shop\Runtime\Cache\Shop\919d3b05d99b9010c89482cf5b988490.php 第 6 行.
SQL: SELECT * FROM `ysk_gerenshangpu` WHERE `userid` = 0 LIMIT 1   [ RunTime:0.0010s ]
INFO: Run Behavior\ParseTemplateBehavior [ RunTime:0.015001s ]
INFO: [ view_parse ] --END-- [ RunTime:0.015001s ]
INFO: [ view_filter ] --START--
INFO: Run Behavior\WriteHtmlCacheBehavior [ RunTime:0.001000s ]
INFO: [ view_filter ] --END-- [ RunTime:0.001000s ]
INFO: [ app_end ] --START--
INFO: Run Behavior\ShowPageTraceBehavior [ RunTime:0.001000s ]
INFO: [ app_end ] --END-- [ RunTime:0.001000s ]

[ 2020-12-29T12:31:14+08:00 ] 127.0.0.1 /Shop/Home/index.html
INFO: [ app_init ] --START--
INFO: Run Behavior\BuildLiteBehavior [ RunTime:0.000000s ]
INFO: [ app_init ] --END-- [ RunTime:0.000000s ]
INFO: [ app_begin ] --START--
INFO: Run Behavior\ReadHtmlCacheBehavior [ RunTime:0.001000s ]
INFO: Run Common\Behavior\CheckLangBehavior [ RunTime:0.002000s ]
INFO: [ app_begin ] --END-- [ RunTime:0.003000s ]
SQL: SHOW COLUMNS FROM `ysk_config` [ RunTime:0.0060s ]
SQL: SELECT `value`,`tip` FROM `ysk_config` WHERE `name` = 'TOGGLE_WEB_SITE' LIMIT 1   [ RunTime:0.0000s ]
SQL: SELECT `value`,`tip` FROM `ysk_config` WHERE `name` = 'TOGGLE_MALL_SITE' LIMIT 1   [ RunTime:0.0010s ]
SQL: SHOW COLUMNS FROM `ysk_product_cate` [ RunTime:0.0040s ]
SQL: SELECT * FROM `ysk_product_cate` WHERE `pid` = 0 ORDER BY sort desc LIMIT 10   [ RunTime:0.0000s ]
SQL: SHOW COLUMNS FROM `ysk_shop_banner` [ RunTime:0.0040s ]
SQL: SELECT * FROM `ysk_shop_banner`  [ RunTime:0.0000s ]
SQL: SHOW COLUMNS FROM `ysk_product_detail` [ RunTime:0.0060s ]
SQL: SELECT * FROM `ysk_product_detail` WHERE `status` = 1 ORDER BY ctime desc LIMIT 5   [ RunTime:0.0000s ]
SQL: SELECT * FROM `ysk_product_detail` WHERE `is_hot` = 1 AND `shangjia` = 0 ORDER BY ctime desc LIMIT 6   [ RunTime:0.0000s ]
SQL: SELECT * FROM `ysk_product_detail` WHERE `is_new` = 1 AND `shangjia` = 0 ORDER BY ctime desc LIMIT 7   [ RunTime:0.0010s ]
SQL: SELECT * FROM `ysk_product_detail` WHERE `status` = 1 ORDER BY ctime asc LIMIT 8   [ RunTime:0.0000s ]
SQL: SELECT * FROM `ysk_product_detail` WHERE `is_tuijian` = 1 AND `shangjia` = 0 ORDER BY ctime desc LIMIT 8   [ RunTime:0.0010s ]
SQL: SHOW COLUMNS FROM `ysk_notice` [ RunTime:0.0040s ]
SQL: SELECT * FROM `ysk_notice` ORDER BY notice_addtime asc  [ RunTime:0.0010s ]
SQL: SHOW COLUMNS FROM `ysk_gerenshangpu` [ RunTime:0.0050s ]
SQL: SELECT * FROM `ysk_gerenshangpu` WHERE `shop_zhuangtai` = 1 AND `id` <> 1 ORDER BY shop_stort asc LIMIT 9   [ RunTime:0.0000s ]
INFO: [ view_parse ] --START--
INFO: [ template_filter ] --START--
INFO: Run Behavior\ContentReplaceBehavior [ RunTime:0.000000s ]
INFO: [ template_filter ] --END-- [ RunTime:0.000000s ]
NOTIC: [8] Undefined variable: config F:\web\12xin\shop\Runtime\Cache\Shop\919d3b05d99b9010c89482cf5b988490.php 第 6 行.
SQL: SELECT * FROM `ysk_gerenshangpu` WHERE `userid` = 0 LIMIT 1   [ RunTime:0.0000s ]
INFO: Run Behavior\ParseTemplateBehavior [ RunTime:0.017001s ]
INFO: [ view_parse ] --END-- [ RunTime:0.017001s ]
INFO: [ view_filter ] --START--
INFO: Run Behavior\WriteHtmlCacheBehavior [ RunTime:0.001000s ]
INFO: [ view_filter ] --END-- [ RunTime:0.001000s ]
INFO: [ app_end ] --START--
INFO: Run Behavior\ShowPageTraceBehavior [ RunTime:0.001001s ]
INFO: [ app_end ] --END-- [ RunTime:0.001001s ]

[ 2020-12-29T12:31:17+08:00 ] 127.0.0.1 /Shop/member/mine.html
INFO: [ app_init ] --START--
INFO: Run Behavior\BuildLiteBehavior [ RunTime:0.000000s ]
INFO: [ app_init ] --END-- [ RunTime:0.000000s ]
INFO: [ app_begin ] --START--
INFO: Run Behavior\ReadHtmlCacheBehavior [ RunTime:0.000000s ]
INFO: Run Common\Behavior\CheckLangBehavior [ RunTime:0.001000s ]
INFO: [ app_begin ] --END-- [ RunTime:0.002000s ]
SQL: SHOW COLUMNS FROM `ysk_config` [ RunTime:0.0050s ]
SQL: SELECT `value`,`tip` FROM `ysk_config` WHERE `name` = 'TOGGLE_WEB_SITE' LIMIT 1   [ RunTime:0.0000s ]
SQL: SELECT `value`,`tip` FROM `ysk_config` WHERE `name` = 'TOGGLE_MALL_SITE' LIMIT 1   [ RunTime:0.0010s ]
SQL: SHOW COLUMNS FROM `ysk_collect` [ RunTime:0.0040s ]
SQL: SELECT COUNT(*) AS tp_count FROM `ysk_collect` WHERE `uid` = 8805 LIMIT 1   [ RunTime:0.0000s ]
SQL: SHOW COLUMNS FROM `ysk_verify_list` [ RunTime:0.0060s ]
SQL: SELECT * FROM `ysk_verify_list` WHERE `uid` = 8805 LIMIT 1   [ RunTime:0.0000s ]
SQL: SHOW COLUMNS FROM `ysk_user` [ RunTime:0.0050s ]
SQL: SELECT * FROM `ysk_user` WHERE `userid` = 8805 LIMIT 1   [ RunTime:0.0000s ]
SQL: SHOW COLUMNS FROM `ysk_store` [ RunTime:0.0350s ]
SQL: SELECT * FROM `ysk_store` WHERE `uid` = 8805 LIMIT 1   [ RunTime:0.0000s ]
INFO: [ view_parse ] --START--
INFO: [ template_filter ] --START--
INFO: Run Behavior\ContentReplaceBehavior [ RunTime:0.000000s ]
INFO: [ template_filter ] --END-- [ RunTime:0.000000s ]
NOTIC: [8] Undefined variable: config F:\web\12xin\shop\Runtime\Cache\Shop\443a66622bd99fc10f62d5fb4afa7a18.php 第 7 行.
INFO: Run Behavior\ParseTemplateBehavior [ RunTime:0.014001s ]
INFO: [ view_parse ] --END-- [ RunTime:0.014001s ]
INFO: [ view_filter ] --START--
INFO: Run Behavior\WriteHtmlCacheBehavior [ RunTime:0.001000s ]
INFO: [ view_filter ] --END-- [ RunTime:0.001000s ]
INFO: [ app_end ] --START--
INFO: Run Behavior\ShowPageTraceBehavior [ RunTime:0.001000s ]
INFO: [ app_end ] --END-- [ RunTime:0.001000s ]

[ 2020-12-29T12:31:21+08:00 ] 127.0.0.1 /Shop/Home/index.html
INFO: [ app_init ] --START--
INFO: Run Behavior\BuildLiteBehavior [ RunTime:0.000000s ]
INFO: [ app_init ] --END-- [ RunTime:0.000000s ]
INFO: [ app_begin ] --START--
INFO: Run Behavior\ReadHtmlCacheBehavior [ RunTime:0.001001s ]
INFO: Run Common\Behavior\CheckLangBehavior [ RunTime:0.001000s ]
INFO: [ app_begin ] --END-- [ RunTime:0.002001s ]
SQL: SHOW COLUMNS FROM `ysk_config` [ RunTime:0.0050s ]
SQL: SELECT `value`,`tip` FROM `ysk_config` WHERE `name` = 'TOGGLE_WEB_SITE' LIMIT 1   [ RunTime:0.0010s ]
SQL: SELECT `value`,`tip` FROM `ysk_config` WHERE `name` = 'TOGGLE_MALL_SITE' LIMIT 1   [ RunTime:0.0000s ]
SQL: SHOW COLUMNS FROM `ysk_product_cate` [ RunTime:0.0050s ]
SQL: SELECT * FROM `ysk_product_cate` WHERE `pid` = 0 ORDER BY sort desc LIMIT 10   [ RunTime:0.0010s ]
SQL: SHOW COLUMNS FROM `ysk_shop_banner` [ RunTime:0.0040s ]
SQL: SELECT * FROM `ysk_shop_banner`  [ RunTime:0.0000s ]
SQL: SHOW COLUMNS FROM `ysk_product_detail` [ RunTime:0.0050s ]
SQL: SELECT * FROM `ysk_product_detail` WHERE `status` = 1 ORDER BY ctime desc LIMIT 5   [ RunTime:0.0010s ]
SQL: SELECT * FROM `ysk_product_detail` WHERE `is_hot` = 1 AND `shangjia` = 0 ORDER BY ctime desc LIMIT 6   [ RunTime:0.0000s ]
SQL: SELECT * FROM `ysk_product_detail` WHERE `is_new` = 1 AND `shangjia` = 0 ORDER BY ctime desc LIMIT 7   [ RunTime:0.0000s ]
SQL: SELECT * FROM `ysk_product_detail` WHERE `status` = 1 ORDER BY ctime asc LIMIT 8   [ RunTime:0.0010s ]
SQL: SELECT * FROM `ysk_product_detail` WHERE `is_tuijian` = 1 AND `shangjia` = 0 ORDER BY ctime desc LIMIT 8   [ RunTime:0.0000s ]
SQL: SHOW COLUMNS FROM `ysk_notice` [ RunTime:0.0040s ]
SQL: SELECT * FROM `ysk_notice` ORDER BY notice_addtime asc  [ RunTime:0.0000s ]
SQL: SHOW COLUMNS FROM `ysk_gerenshangpu` [ RunTime:0.0040s ]
SQL: SELECT * FROM `ysk_gerenshangpu` WHERE `shop_zhuangtai` = 1 AND `id` <> 1 ORDER BY shop_stort asc LIMIT 9   [ RunTime:0.0000s ]
INFO: [ view_parse ] --START--
INFO: [ template_filter ] --START--
INFO: Run Behavior\ContentReplaceBehavior [ RunTime:0.000000s ]
INFO: [ template_filter ] --END-- [ RunTime:0.000000s ]
NOTIC: [8] Undefined variable: config F:\web\12xin\shop\Runtime\Cache\Shop\919d3b05d99b9010c89482cf5b988490.php 第 6 行.
SQL: SELECT * FROM `ysk_gerenshangpu` WHERE `userid` = 0 LIMIT 1   [ RunTime:0.0000s ]
INFO: Run Behavior\ParseTemplateBehavior [ RunTime:0.014001s ]
INFO: [ view_parse ] --END-- [ RunTime:0.015001s ]
INFO: [ view_filter ] --START--
INFO: Run Behavior\WriteHtmlCacheBehavior [ RunTime:0.000000s ]
INFO: [ view_filter ] --END-- [ RunTime:0.000000s ]
INFO: [ app_end ] --START--
INFO: Run Behavior\ShowPageTraceBehavior [ RunTime:0.001000s ]
INFO: [ app_end ] --END-- [ RunTime:0.001000s ]

