[ 2020-12-28T14:52:36+08:00 ] 127.0.0.1 /Shop/Home/index.html
INFO: [ app_init ] --START--
INFO: Run Behavior\BuildLiteBehavior [ RunTime:0.000000s ]
INFO: [ app_init ] --END-- [ RunTime:0.000000s ]
INFO: [ app_begin ] --START--
INFO: Run Behavior\ReadHtmlCacheBehavior [ RunTime:0.000000s ]
INFO: Run Common\Behavior\CheckLangBehavior [ RunTime:0.000977s ]
INFO: [ app_begin ] --END-- [ RunTime:0.000977s ]
SQL: SHOW COLUMNS FROM `ysk_config` [ RunTime:0.0039s ]
SQL: SELECT `value`,`tip` FROM `ysk_config` WHERE `name` = 'TOGGLE_WEB_SITE' LIMIT 1   [ RunTime:0.0000s ]
SQL: SELECT `value`,`tip` FROM `ysk_config` WHERE `name` = 'TOGGLE_MALL_SITE' LIMIT 1   [ RunTime:0.0000s ]
SQL: SHOW COLUMNS FROM `ysk_product_cate` [ RunTime:0.0303s ]
SQL: SELECT * FROM `ysk_product_cate` WHERE `pid` = 0 ORDER BY sort desc LIMIT 10   [ RunTime:0.0098s ]
SQL: SHOW COLUMNS FROM `ysk_shop_banner` [ RunTime:0.0244s ]
SQL: SELECT * FROM `ysk_shop_banner`  [ RunTime:0.0010s ]
SQL: SHOW COLUMNS FROM `ysk_product_detail` [ RunTime:0.0137s ]
SQL: SELECT * FROM `ysk_product_detail` WHERE `status` = 1 ORDER BY ctime desc LIMIT 5   [ RunTime:0.0010s ]
SQL: SELECT * FROM `ysk_product_detail` WHERE `is_hot` = 1 AND `shangjia` = 0 ORDER BY ctime desc LIMIT 6   [ RunTime:0.0010s ]
SQL: SELECT * FROM `ysk_product_detail` WHERE `is_new` = 1 AND `shangjia` = 0 ORDER BY ctime desc LIMIT 7   [ RunTime:0.0000s ]
SQL: SELECT * FROM `ysk_product_detail` WHERE `status` = 1 ORDER BY ctime asc LIMIT 8   [ RunTime:0.0010s ]
SQL: SELECT * FROM `ysk_product_detail` WHERE `is_tuijian` = 1 AND `shangjia` = 0 ORDER BY ctime desc LIMIT 8   [ RunTime:0.0000s ]
SQL: SHOW COLUMNS FROM `ysk_notice` [ RunTime:0.0117s ]
SQL: SELECT * FROM `ysk_notice` ORDER BY notice_addtime asc  [ RunTime:0.0000s ]
SQL: SHOW COLUMNS FROM `ysk_gerenshangpu` [ RunTime:0.0176s ]
SQL: SELECT * FROM `ysk_gerenshangpu` WHERE `shop_zhuangtai` = 1 AND `id` <> 1 ORDER BY shop_stort asc LIMIT 9   [ RunTime:0.0000s ]
INFO: [ view_parse ] --START--
INFO: [ template_filter ] --START--
INFO: Run Behavior\ContentReplaceBehavior [ RunTime:0.000000s ]
INFO: [ template_filter ] --END-- [ RunTime:0.000000s ]
NOTIC: [8] Undefined variable: config E:\xin12\shop\Runtime\Cache\Shop\919d3b05d99b9010c89482cf5b988490.php 第 6 行.
SQL: SELECT * FROM `ysk_gerenshangpu` WHERE `userid` = 0 LIMIT 1   [ RunTime:0.0010s ]
INFO: Run Behavior\ParseTemplateBehavior [ RunTime:0.026367s ]
INFO: [ view_parse ] --END-- [ RunTime:0.026367s ]
INFO: [ view_filter ] --START--
INFO: Run Behavior\WriteHtmlCacheBehavior [ RunTime:0.000000s ]
INFO: [ view_filter ] --END-- [ RunTime:0.000000s ]
INFO: [ app_end ] --START--
INFO: Run Behavior\ShowPageTraceBehavior [ RunTime:0.000977s ]
INFO: [ app_end ] --END-- [ RunTime:0.000977s ]

[ 2020-12-28T14:52:38+08:00 ] 127.0.0.1 /Shop/Home/details/proid/183.html
INFO: [ app_init ] --START--
INFO: Run Behavior\BuildLiteBehavior [ RunTime:0.000000s ]
INFO: [ app_init ] --END-- [ RunTime:0.000000s ]
INFO: [ app_begin ] --START--
INFO: Run Behavior\ReadHtmlCacheBehavior [ RunTime:0.000976s ]
INFO: Run Common\Behavior\CheckLangBehavior [ RunTime:0.000977s ]
INFO: [ app_begin ] --END-- [ RunTime:0.001953s ]
SQL: SHOW COLUMNS FROM `ysk_config` [ RunTime:0.0049s ]
SQL: SELECT `value`,`tip` FROM `ysk_config` WHERE `name` = 'TOGGLE_WEB_SITE' LIMIT 1   [ RunTime:0.0010s ]
SQL: SELECT `value`,`tip` FROM `ysk_config` WHERE `name` = 'TOGGLE_MALL_SITE' LIMIT 1   [ RunTime:0.0000s ]
SQL: SHOW COLUMNS FROM `ysk_product_detail` [ RunTime:0.0059s ]
SQL: SELECT * FROM `ysk_product_detail` WHERE `id` = 183 LIMIT 1   [ RunTime:0.0000s ]
SQL: SHOW COLUMNS FROM `ysk_collect` [ RunTime:0.0166s ]
SQL: SELECT COUNT(*) AS tp_count FROM `ysk_collect` WHERE `uid` = 5 AND `proid` = 183 LIMIT 1   [ RunTime:0.0000s ]
INFO: [ view_parse ] --START--
INFO: [ template_filter ] --START--
INFO: Run Behavior\ContentReplaceBehavior [ RunTime:0.000000s ]
INFO: [ template_filter ] --END-- [ RunTime:0.000000s ]
SQL: SHOW COLUMNS FROM `ysk_gerenshangpu` [ RunTime:0.0059s ]
SQL: SELECT * FROM `ysk_gerenshangpu` WHERE `userid` = 0 LIMIT 1   [ RunTime:0.0000s ]
SQL: SELECT * FROM `ysk_gerenshangpu` WHERE `userid` = 0 LIMIT 1   [ RunTime:0.0010s ]
INFO: Run Behavior\ParseTemplateBehavior [ RunTime:0.032226s ]
INFO: [ view_parse ] --END-- [ RunTime:0.032226s ]
INFO: [ view_filter ] --START--
INFO: Run Behavior\WriteHtmlCacheBehavior [ RunTime:0.000977s ]
INFO: [ view_filter ] --END-- [ RunTime:0.000977s ]
INFO: [ app_end ] --START--
INFO: Run Behavior\ShowPageTraceBehavior [ RunTime:0.000000s ]
INFO: [ app_end ] --END-- [ RunTime:0.000000s ]

[ 2020-12-28T14:52:39+08:00 ] 127.0.0.1 /Shop/Car/shopping.html
INFO: [ app_init ] --START--
INFO: Run Behavior\BuildLiteBehavior [ RunTime:0.000000s ]
INFO: [ app_init ] --END-- [ RunTime:0.000000s ]
INFO: [ app_begin ] --START--
INFO: Run Behavior\ReadHtmlCacheBehavior [ RunTime:0.000976s ]
INFO: Run Common\Behavior\CheckLangBehavior [ RunTime:0.000977s ]
INFO: [ app_begin ] --END-- [ RunTime:0.001953s ]
SQL: SHOW COLUMNS FROM `ysk_config` [ RunTime:0.0039s ]
SQL: SELECT `value`,`tip` FROM `ysk_config` WHERE `name` = 'TOGGLE_WEB_SITE' LIMIT 1   [ RunTime:0.0000s ]
SQL: SELECT `value`,`tip` FROM `ysk_config` WHERE `name` = 'TOGGLE_MALL_SITE' LIMIT 1   [ RunTime:0.0000s ]
INFO: [ view_parse ] --START--
INFO: [ template_filter ] --START--
INFO: Run Behavior\ContentReplaceBehavior [ RunTime:0.000000s ]
INFO: [ template_filter ] --END-- [ RunTime:0.000000s ]
NOTIC: [8] Undefined variable: config E:\xin12\shop\Runtime\Cache\Shop\0a5b76a9b9d8cfc06f7b548818528bac.php 第 5 行.
INFO: Run Behavior\ParseTemplateBehavior [ RunTime:0.007812s ]
INFO: [ view_parse ] --END-- [ RunTime:0.008789s ]
INFO: [ view_filter ] --START--
INFO: Run Behavior\WriteHtmlCacheBehavior [ RunTime:0.000977s ]
INFO: [ view_filter ] --END-- [ RunTime:0.000977s ]
INFO: [ app_end ] --START--
INFO: Run Behavior\ShowPageTraceBehavior [ RunTime:0.000000s ]
INFO: [ app_end ] --END-- [ RunTime:0.000000s ]

[ 2020-12-28T14:52:42+08:00 ] 127.0.0.1 /shop/home/index.html
INFO: [ app_init ] --START--
INFO: Run Behavior\BuildLiteBehavior [ RunTime:0.000000s ]
INFO: [ app_init ] --END-- [ RunTime:0.000000s ]
INFO: [ app_begin ] --START--
INFO: Run Behavior\ReadHtmlCacheBehavior [ RunTime:0.000977s ]
INFO: Run Common\Behavior\CheckLangBehavior [ RunTime:0.000976s ]
INFO: [ app_begin ] --END-- [ RunTime:0.001953s ]
SQL: SHOW COLUMNS FROM `ysk_config` [ RunTime:0.0049s ]
SQL: SELECT `value`,`tip` FROM `ysk_config` WHERE `name` = 'TOGGLE_WEB_SITE' LIMIT 1   [ RunTime:0.0000s ]
SQL: SELECT `value`,`tip` FROM `ysk_config` WHERE `name` = 'TOGGLE_MALL_SITE' LIMIT 1   [ RunTime:0.0000s ]
SQL: SHOW COLUMNS FROM `ysk_product_cate` [ RunTime:0.0039s ]
SQL: SELECT * FROM `ysk_product_cate` WHERE `pid` = 0 ORDER BY sort desc LIMIT 10   [ RunTime:0.0010s ]
SQL: SHOW COLUMNS FROM `ysk_shop_banner` [ RunTime:0.0039s ]
SQL: SELECT * FROM `ysk_shop_banner`  [ RunTime:0.0000s ]
SQL: SHOW COLUMNS FROM `ysk_product_detail` [ RunTime:0.0049s ]
SQL: SELECT * FROM `ysk_product_detail` WHERE `status` = 1 ORDER BY ctime desc LIMIT 5   [ RunTime:0.0010s ]
SQL: SELECT * FROM `ysk_product_detail` WHERE `is_hot` = 1 AND `shangjia` = 0 ORDER BY ctime desc LIMIT 6   [ RunTime:0.0000s ]
SQL: SELECT * FROM `ysk_product_detail` WHERE `is_new` = 1 AND `shangjia` = 0 ORDER BY ctime desc LIMIT 7   [ RunTime:0.0000s ]
SQL: SELECT * FROM `ysk_product_detail` WHERE `status` = 1 ORDER BY ctime asc LIMIT 8   [ RunTime:0.0010s ]
SQL: SELECT * FROM `ysk_product_detail` WHERE `is_tuijian` = 1 AND `shangjia` = 0 ORDER BY ctime desc LIMIT 8   [ RunTime:0.0000s ]
SQL: SHOW COLUMNS FROM `ysk_notice` [ RunTime:0.0049s ]
SQL: SELECT * FROM `ysk_notice` ORDER BY notice_addtime asc  [ RunTime:0.0000s ]
SQL: SHOW COLUMNS FROM `ysk_gerenshangpu` [ RunTime:0.0039s ]
SQL: SELECT * FROM `ysk_gerenshangpu` WHERE `shop_zhuangtai` = 1 AND `id` <> 1 ORDER BY shop_stort asc LIMIT 9   [ RunTime:0.0010s ]
INFO: [ view_parse ] --START--
INFO: [ template_filter ] --START--
INFO: Run Behavior\ContentReplaceBehavior [ RunTime:0.000000s ]
INFO: [ template_filter ] --END-- [ RunTime:0.000000s ]
NOTIC: [8] Undefined variable: config E:\xin12\shop\Runtime\Cache\Shop\919d3b05d99b9010c89482cf5b988490.php 第 6 行.
SQL: SELECT * FROM `ysk_gerenshangpu` WHERE `userid` = 0 LIMIT 1   [ RunTime:0.0010s ]
INFO: Run Behavior\ParseTemplateBehavior [ RunTime:0.008789s ]
INFO: [ view_parse ] --END-- [ RunTime:0.008789s ]
INFO: [ view_filter ] --START--
INFO: Run Behavior\WriteHtmlCacheBehavior [ RunTime:0.000000s ]
INFO: [ view_filter ] --END-- [ RunTime:0.000000s ]
INFO: [ app_end ] --START--
INFO: Run Behavior\ShowPageTraceBehavior [ RunTime:0.000976s ]
INFO: [ app_end ] --END-- [ RunTime:0.000976s ]

[ 2020-12-28T14:52:43+08:00 ] 127.0.0.1 /Shop/Home/details/proid/183.html
INFO: [ app_init ] --START--
INFO: Run Behavior\BuildLiteBehavior [ RunTime:0.000000s ]
INFO: [ app_init ] --END-- [ RunTime:0.000000s ]
INFO: [ app_begin ] --START--
INFO: Run Behavior\ReadHtmlCacheBehavior [ RunTime:0.000976s ]
INFO: Run Common\Behavior\CheckLangBehavior [ RunTime:0.000977s ]
INFO: [ app_begin ] --END-- [ RunTime:0.001953s ]
SQL: SHOW COLUMNS FROM `ysk_config` [ RunTime:0.0029s ]
SQL: SELECT `value`,`tip` FROM `ysk_config` WHERE `name` = 'TOGGLE_WEB_SITE' LIMIT 1   [ RunTime:0.0000s ]
SQL: SELECT `value`,`tip` FROM `ysk_config` WHERE `name` = 'TOGGLE_MALL_SITE' LIMIT 1   [ RunTime:0.0000s ]
SQL: SHOW COLUMNS FROM `ysk_product_detail` [ RunTime:0.0049s ]
SQL: SELECT * FROM `ysk_product_detail` WHERE `id` = 183 LIMIT 1   [ RunTime:0.0000s ]
SQL: SHOW COLUMNS FROM `ysk_collect` [ RunTime:0.0039s ]
SQL: SELECT COUNT(*) AS tp_count FROM `ysk_collect` WHERE `uid` = 5 AND `proid` = 183 LIMIT 1   [ RunTime:0.0000s ]
INFO: [ view_parse ] --START--
INFO: [ template_filter ] --START--
INFO: Run Behavior\ContentReplaceBehavior [ RunTime:0.000000s ]
INFO: [ template_filter ] --END-- [ RunTime:0.000000s ]
SQL: SHOW COLUMNS FROM `ysk_gerenshangpu` [ RunTime:0.0049s ]
SQL: SELECT * FROM `ysk_gerenshangpu` WHERE `userid` = 0 LIMIT 1   [ RunTime:0.0010s ]
SQL: SELECT * FROM `ysk_gerenshangpu` WHERE `userid` = 0 LIMIT 1   [ RunTime:0.0010s ]
INFO: Run Behavior\ParseTemplateBehavior [ RunTime:0.020507s ]
INFO: [ view_parse ] --END-- [ RunTime:0.020507s ]
INFO: [ view_filter ] --START--
INFO: Run Behavior\WriteHtmlCacheBehavior [ RunTime:0.000977s ]
INFO: [ view_filter ] --END-- [ RunTime:0.000977s ]
INFO: [ app_end ] --START--
INFO: Run Behavior\ShowPageTraceBehavior [ RunTime:0.000977s ]
INFO: [ app_end ] --END-- [ RunTime:0.000977s ]

[ 2020-12-28T14:52:45+08:00 ] 127.0.0.1 /Shop/Home/addCar
INFO: [ app_init ] --START--
INFO: Run Behavior\BuildLiteBehavior [ RunTime:0.000000s ]
INFO: [ app_init ] --END-- [ RunTime:0.000000s ]
INFO: [ app_begin ] --START--
INFO: Run Behavior\ReadHtmlCacheBehavior [ RunTime:0.000000s ]
INFO: Run Common\Behavior\CheckLangBehavior [ RunTime:0.000977s ]
INFO: [ app_begin ] --END-- [ RunTime:0.000977s ]
SQL: SHOW COLUMNS FROM `ysk_config` [ RunTime:0.0039s ]
SQL: SELECT `value`,`tip` FROM `ysk_config` WHERE `name` = 'TOGGLE_WEB_SITE' LIMIT 1   [ RunTime:0.0000s ]
SQL: SELECT `value`,`tip` FROM `ysk_config` WHERE `name` = 'TOGGLE_MALL_SITE' LIMIT 1   [ RunTime:0.0000s ]
SQL: SHOW COLUMNS FROM `ysk_product_detail` [ RunTime:0.0029s ]
SQL: SELECT * FROM `ysk_product_detail` WHERE `id` = 183 LIMIT 1   [ RunTime:0.0000s ]
INFO: [ app_end ] --START--
INFO: Run Behavior\ShowPageTraceBehavior [ RunTime:0.000977s ]
INFO: [ app_end ] --END-- [ RunTime:0.000977s ]

[ 2020-12-28T14:52:48+08:00 ] 127.0.0.1 /Shop/Car/shopping.html
INFO: [ app_init ] --START--
INFO: Run Behavior\BuildLiteBehavior [ RunTime:0.000000s ]
INFO: [ app_init ] --END-- [ RunTime:0.000000s ]
INFO: [ app_begin ] --START--
INFO: Run Behavior\ReadHtmlCacheBehavior [ RunTime:0.000000s ]
INFO: Run Common\Behavior\CheckLangBehavior [ RunTime:0.000976s ]
INFO: [ app_begin ] --END-- [ RunTime:0.000976s ]
SQL: SHOW COLUMNS FROM `ysk_config` [ RunTime:0.0068s ]
SQL: SELECT `value`,`tip` FROM `ysk_config` WHERE `name` = 'TOGGLE_WEB_SITE' LIMIT 1   [ RunTime:0.0010s ]
SQL: SELECT `value`,`tip` FROM `ysk_config` WHERE `name` = 'TOGGLE_MALL_SITE' LIMIT 1   [ RunTime:0.0000s ]
INFO: [ view_parse ] --START--
INFO: [ template_filter ] --START--
INFO: Run Behavior\ContentReplaceBehavior [ RunTime:0.000977s ]
INFO: [ template_filter ] --END-- [ RunTime:0.000977s ]
NOTIC: [8] Undefined variable: config E:\xin12\shop\Runtime\Cache\Shop\0a5b76a9b9d8cfc06f7b548818528bac.php 第 5 行.
SQL: SHOW COLUMNS FROM `ysk_product_detail` [ RunTime:0.0049s ]
SQL: SELECT * FROM `ysk_product_detail` WHERE `id` = 183 LIMIT 1   [ RunTime:0.0010s ]
SQL: SHOW COLUMNS FROM `ysk_gerenshangpu` [ RunTime:0.0039s ]
SQL: SELECT * FROM `ysk_gerenshangpu` WHERE ( userid=0 ) LIMIT 1   [ RunTime:0.0000s ]
INFO: Run Behavior\ParseTemplateBehavior [ RunTime:0.019531s ]
INFO: [ view_parse ] --END-- [ RunTime:0.019531s ]
INFO: [ view_filter ] --START--
INFO: Run Behavior\WriteHtmlCacheBehavior [ RunTime:0.000000s ]
INFO: [ view_filter ] --END-- [ RunTime:0.000000s ]
INFO: [ app_end ] --START--
INFO: Run Behavior\ShowPageTraceBehavior [ RunTime:0.000000s ]
INFO: [ app_end ] --END-- [ RunTime:0.000000s ]

[ 2020-12-28T14:52:50+08:00 ] 127.0.0.1 /Shop/Home/order
INFO: [ app_init ] --START--
INFO: Run Behavior\BuildLiteBehavior [ RunTime:0.000000s ]
INFO: [ app_init ] --END-- [ RunTime:0.000000s ]
INFO: [ app_begin ] --START--
INFO: Run Behavior\ReadHtmlCacheBehavior [ RunTime:0.000000s ]
INFO: Run Common\Behavior\CheckLangBehavior [ RunTime:0.000977s ]
INFO: [ app_begin ] --END-- [ RunTime:0.000977s ]
SQL: SHOW COLUMNS FROM `ysk_config` [ RunTime:0.0039s ]
SQL: SELECT `value`,`tip` FROM `ysk_config` WHERE `name` = 'TOGGLE_WEB_SITE' LIMIT 1   [ RunTime:0.0000s ]
SQL: SELECT `value`,`tip` FROM `ysk_config` WHERE `name` = 'TOGGLE_MALL_SITE' LIMIT 1   [ RunTime:0.0010s ]
SQL: SHOW COLUMNS FROM `ysk_address` [ RunTime:0.0176s ]
SQL: SELECT * FROM `ysk_address` WHERE `member_id` = '8803' AND `zt_` = 1 LIMIT 1   [ RunTime:0.0000s ]
INFO: [ view_parse ] --START--
INFO: [ template_filter ] --START--
INFO: Run Behavior\ContentReplaceBehavior [ RunTime:0.000976s ]
INFO: [ template_filter ] --END-- [ RunTime:0.000976s ]
SQL: SHOW COLUMNS FROM `ysk_product_detail` [ RunTime:0.0039s ]
SQL: SELECT * FROM `ysk_product_detail` WHERE `id` = 183 LIMIT 1   [ RunTime:0.0000s ]
SQL: SHOW COLUMNS FROM `ysk_gerenshangpu` [ RunTime:0.0039s ]
SQL: SELECT * FROM `ysk_gerenshangpu` WHERE ( userid=0 ) LIMIT 1   [ RunTime:0.0000s ]
INFO: Run Behavior\ParseTemplateBehavior [ RunTime:0.035156s ]
INFO: [ view_parse ] --END-- [ RunTime:0.035156s ]
INFO: [ view_filter ] --START--
INFO: Run Behavior\WriteHtmlCacheBehavior [ RunTime:0.000976s ]
INFO: [ view_filter ] --END-- [ RunTime:0.000976s ]
INFO: [ app_end ] --START--
INFO: Run Behavior\ShowPageTraceBehavior [ RunTime:0.000000s ]
INFO: [ app_end ] --END-- [ RunTime:0.000000s ]

[ 2020-12-28T14:52:58+08:00 ] 127.0.0.1 /Shop/Car/addOrder/address_id/63.html
INFO: [ app_init ] --START--
INFO: Run Behavior\BuildLiteBehavior [ RunTime:0.000000s ]
INFO: [ app_init ] --END-- [ RunTime:0.000000s ]
INFO: [ app_begin ] --START--
INFO: Run Behavior\ReadHtmlCacheBehavior [ RunTime:0.000000s ]
INFO: Run Common\Behavior\CheckLangBehavior [ RunTime:0.000976s ]
INFO: [ app_begin ] --END-- [ RunTime:0.000976s ]
SQL: SHOW COLUMNS FROM `ysk_config` [ RunTime:0.0039s ]
SQL: SELECT `value`,`tip` FROM `ysk_config` WHERE `name` = 'TOGGLE_WEB_SITE' LIMIT 1   [ RunTime:0.0010s ]
SQL: SELECT `value`,`tip` FROM `ysk_config` WHERE `name` = 'TOGGLE_MALL_SITE' LIMIT 1   [ RunTime:0.0000s ]
SQL: SHOW COLUMNS FROM `ysk_address` [ RunTime:0.0039s ]
SQL: SELECT * FROM `ysk_address` WHERE `address_id` = 63 LIMIT 1   [ RunTime:0.0000s ]
SQL: SHOW COLUMNS FROM `ysk_product_detail` [ RunTime:0.0039s ]
SQL: SELECT `id`,`shangjia`,`price`,`name` FROM `ysk_product_detail` WHERE `id` = 183 LIMIT 1   [ RunTime:0.0000s ]
SQL: SELECT `stock` FROM `ysk_product_detail` WHERE `id` = 183 LIMIT 1   [ RunTime:0.0000s ]
NOTIC: [8] Undefined index: com_ids E:\xin12\shop\Shop\Controller\CarController.class.php 第 68 行.
NOTIC: [2] in_array() expects parameter 2 to be array, null given E:\xin12\shop\Shop\Controller\CarController.class.php 第 68 行.
NOTIC: [8] Undefined index: com_price E:\xin12\shop\Shop\Controller\CarController.class.php 第 71 行.
SQL: SHOW COLUMNS FROM `ysk_order` [ RunTime:0.0176s ]
SQL: INSERT INTO `ysk_order` (`order_no`,`uid`,`buy_name`,`buy_phone`,`buy_address`,`status`,`order_sellerid`,`time`) VALUES ('M20201228145258888681','8803','123','18344324057','广东广州市海珠区123','0','0','1609138378') [ RunTime:0.0117s ]
NOTIC: [8] Undefined variable: relation_id E:\xin12\shop\Shop\Controller\CarController.class.php 第 107 行.
SQL: SELECT * FROM `ysk_product_detail` WHERE `id` = 183 LIMIT 1   [ RunTime:0.0000s ]
SQL: SHOW COLUMNS FROM `ysk_order_detail` [ RunTime:0.0117s ]
SQL: INSERT INTO `ysk_order_detail` (`order_id`,`com_id`,`com_name`,`com_price`,`com_num`,`com_img`,`shangjia`,`uid`,`com_shoptype`,`size`,`color`,`xiaofei_jifen`,`jifen_nums`,`jifen_types`,`sanji_money`) VALUES ('455','183','paower','100','1','/Uploads/image/product/5fe5a01e3f6b5.jpg','0','8803','25','','','0','0','','0') [ RunTime:0.0098s ]
SQL: UPDATE `ysk_product_detail` SET `stock`=stock-1 WHERE `id` = 183 [ RunTime:0.0000s ]
SQL: UPDATE `ysk_order` SET `buy_price`='100',`is_duobao`='1' WHERE `order_id` = 455 [ RunTime:0.0010s ]
SQL: UPDATE `ysk_order` SET `xiaofei_jifen`='0' WHERE `order_id` = 455 [ RunTime:0.0000s ]
SQL: UPDATE `ysk_order` SET `total_yf`='0' WHERE `order_id` = 455 [ RunTime:0.0010s ]
SQL: UPDATE `ysk_order` SET `jifen_ji`='0',`jifen_guoyuan`='0',`jifen_yu`='0' WHERE `order_id` = 455 [ RunTime:0.0000s ]
SQL: UPDATE `ysk_order` SET `sanji_money`='0' WHERE `order_id` = 455 [ RunTime:0.0000s ]

[ 2020-12-28T14:52:58+08:00 ] 127.0.0.1 /Shop/Pay/index/oid/455/formtype/99.html
INFO: [ app_init ] --START--
INFO: Run Behavior\BuildLiteBehavior [ RunTime:0.000000s ]
INFO: [ app_init ] --END-- [ RunTime:0.000000s ]
INFO: [ app_begin ] --START--
INFO: Run Behavior\ReadHtmlCacheBehavior [ RunTime:0.000977s ]
INFO: Run Common\Behavior\CheckLangBehavior [ RunTime:0.000976s ]
INFO: [ app_begin ] --END-- [ RunTime:0.001953s ]
SQL: SHOW COLUMNS FROM `ysk_order` [ RunTime:0.0039s ]
SQL: SELECT * FROM `ysk_order` WHERE `order_id` = 455  [ RunTime:0.0000s ]
NOTIC: [8] Undefined index: order_relation E:\xin12\shop\Shop\Controller\PayController.class.php 第 206 行.
SQL: SHOW COLUMNS FROM `ysk_user` [ RunTime:0.0059s ]
SQL: SELECT `total_lingshi` FROM `ysk_user` WHERE `userid` = 8803 LIMIT 1   [ RunTime:0.0000s ]
SQL: SELECT `geo` FROM `ysk_user` WHERE `userid` = 8803 LIMIT 1   [ RunTime:0.0010s ]
INFO: [ view_parse ] --START--
INFO: [ template_filter ] --START--
INFO: Run Behavior\ContentReplaceBehavior [ RunTime:0.000000s ]
INFO: [ template_filter ] --END-- [ RunTime:0.000000s ]
NOTIC: [8] Undefined index: order_no E:\xin12\shop\Runtime\Cache\Shop\62044247dcbf02228e8521a5f679837e.php 第 26 行.
SQL: SHOW COLUMNS FROM `ysk_gerenshangpu` [ RunTime:0.0039s ]
SQL: SELECT * FROM `ysk_gerenshangpu` WHERE ( userid ) LIMIT 1   [ RunTime:0.0010s ]
NOTIC: [8] Undefined index: order_no E:\xin12\shop\Runtime\Cache\Shop\62044247dcbf02228e8521a5f679837e.php 第 135 行.
INFO: Run Behavior\ParseTemplateBehavior [ RunTime:0.018555s ]
INFO: [ view_parse ] --END-- [ RunTime:0.018555s ]
INFO: [ view_filter ] --START--
INFO: Run Behavior\WriteHtmlCacheBehavior [ RunTime:0.000000s ]
INFO: [ view_filter ] --END-- [ RunTime:0.000000s ]
INFO: [ app_end ] --START--
INFO: Run Behavior\ShowPageTraceBehavior [ RunTime:0.000976s ]
INFO: [ app_end ] --END-- [ RunTime:0.000976s ]

[ 2020-12-28T14:53:01+08:00 ] 127.0.0.1 /shop/home/index.html
INFO: [ app_init ] --START--
INFO: Run Behavior\BuildLiteBehavior [ RunTime:0.000000s ]
INFO: [ app_init ] --END-- [ RunTime:0.000000s ]
INFO: [ app_begin ] --START--
INFO: Run Behavior\ReadHtmlCacheBehavior [ RunTime:0.000977s ]
INFO: Run Common\Behavior\CheckLangBehavior [ RunTime:0.000977s ]
INFO: [ app_begin ] --END-- [ RunTime:0.001954s ]
SQL: SHOW COLUMNS FROM `ysk_config` [ RunTime:0.0039s ]
SQL: SELECT `value`,`tip` FROM `ysk_config` WHERE `name` = 'TOGGLE_WEB_SITE' LIMIT 1   [ RunTime:0.0000s ]
SQL: SELECT `value`,`tip` FROM `ysk_config` WHERE `name` = 'TOGGLE_MALL_SITE' LIMIT 1   [ RunTime:0.0010s ]
SQL: SHOW COLUMNS FROM `ysk_product_cate` [ RunTime:0.0039s ]
SQL: SELECT * FROM `ysk_product_cate` WHERE `pid` = 0 ORDER BY sort desc LIMIT 10   [ RunTime:0.0000s ]
SQL: SHOW COLUMNS FROM `ysk_shop_banner` [ RunTime:0.0029s ]
SQL: SELECT * FROM `ysk_shop_banner`  [ RunTime:0.0010s ]
SQL: SHOW COLUMNS FROM `ysk_product_detail` [ RunTime:0.0039s ]
SQL: SELECT * FROM `ysk_product_detail` WHERE `status` = 1 ORDER BY ctime desc LIMIT 5   [ RunTime:0.0000s ]
SQL: SELECT * FROM `ysk_product_detail` WHERE `is_hot` = 1 AND `shangjia` = 0 ORDER BY ctime desc LIMIT 6   [ RunTime:0.0010s ]
SQL: SELECT * FROM `ysk_product_detail` WHERE `is_new` = 1 AND `shangjia` = 0 ORDER BY ctime desc LIMIT 7   [ RunTime:0.0010s ]
SQL: SELECT * FROM `ysk_product_detail` WHERE `status` = 1 ORDER BY ctime asc LIMIT 8   [ RunTime:0.0010s ]
SQL: SELECT * FROM `ysk_product_detail` WHERE `is_tuijian` = 1 AND `shangjia` = 0 ORDER BY ctime desc LIMIT 8   [ RunTime:0.0000s ]
SQL: SHOW COLUMNS FROM `ysk_notice` [ RunTime:0.0068s ]
SQL: SELECT * FROM `ysk_notice` ORDER BY notice_addtime asc  [ RunTime:0.0010s ]
SQL: SHOW COLUMNS FROM `ysk_gerenshangpu` [ RunTime:0.0049s ]
SQL: SELECT * FROM `ysk_gerenshangpu` WHERE `shop_zhuangtai` = 1 AND `id` <> 1 ORDER BY shop_stort asc LIMIT 9   [ RunTime:0.0010s ]
INFO: [ view_parse ] --START--
INFO: [ template_filter ] --START--
INFO: Run Behavior\ContentReplaceBehavior [ RunTime:0.000000s ]
INFO: [ template_filter ] --END-- [ RunTime:0.000000s ]
NOTIC: [8] Undefined variable: config E:\xin12\shop\Runtime\Cache\Shop\919d3b05d99b9010c89482cf5b988490.php 第 6 行.
SQL: SELECT * FROM `ysk_gerenshangpu` WHERE `userid` = 0 LIMIT 1   [ RunTime:0.0000s ]
INFO: Run Behavior\ParseTemplateBehavior [ RunTime:0.009766s ]
INFO: [ view_parse ] --END-- [ RunTime:0.009766s ]
INFO: [ view_filter ] --START--
INFO: Run Behavior\WriteHtmlCacheBehavior [ RunTime:0.000000s ]
INFO: [ view_filter ] --END-- [ RunTime:0.000000s ]
INFO: [ app_end ] --START--
INFO: Run Behavior\ShowPageTraceBehavior [ RunTime:0.000000s ]
INFO: [ app_end ] --END-- [ RunTime:0.000000s ]

[ 2020-12-28T17:40:35+08:00 ] 127.0.0.1 /Shop/Home/index.html
INFO: [ app_init ] --START--
INFO: Run Behavior\BuildLiteBehavior [ RunTime:0.000000s ]
INFO: [ app_init ] --END-- [ RunTime:0.000000s ]
INFO: [ app_begin ] --START--
INFO: Run Behavior\ReadHtmlCacheBehavior [ RunTime:0.000000s ]
INFO: Run Common\Behavior\CheckLangBehavior [ RunTime:0.000977s ]
INFO: [ app_begin ] --END-- [ RunTime:0.000977s ]
SQL: SHOW COLUMNS FROM `ysk_config` [ RunTime:0.0039s ]
SQL: SELECT `value`,`tip` FROM `ysk_config` WHERE `name` = 'TOGGLE_WEB_SITE' LIMIT 1   [ RunTime:0.0000s ]
SQL: SELECT `value`,`tip` FROM `ysk_config` WHERE `name` = 'TOGGLE_MALL_SITE' LIMIT 1   [ RunTime:0.0000s ]
SQL: SHOW COLUMNS FROM `ysk_product_cate` [ RunTime:0.0039s ]
SQL: SELECT * FROM `ysk_product_cate` WHERE `pid` = 0 ORDER BY sort desc LIMIT 10   [ RunTime:0.0010s ]
SQL: SHOW COLUMNS FROM `ysk_shop_banner` [ RunTime:0.0039s ]
SQL: SELECT * FROM `ysk_shop_banner`  [ RunTime:0.0000s ]
SQL: SHOW COLUMNS FROM `ysk_product_detail` [ RunTime:0.0039s ]
SQL: SELECT * FROM `ysk_product_detail` WHERE `status` = 1 ORDER BY ctime desc LIMIT 5   [ RunTime:0.0000s ]
SQL: SELECT * FROM `ysk_product_detail` WHERE `is_hot` = 1 AND `shangjia` = 0 ORDER BY ctime desc LIMIT 6   [ RunTime:0.0010s ]
SQL: SELECT * FROM `ysk_product_detail` WHERE `is_new` = 1 AND `shangjia` = 0 ORDER BY ctime desc LIMIT 7   [ RunTime:0.0000s ]
SQL: SELECT * FROM `ysk_product_detail` WHERE `status` = 1 ORDER BY ctime asc LIMIT 8   [ RunTime:0.0010s ]
SQL: SELECT * FROM `ysk_product_detail` WHERE `is_tuijian` = 1 AND `shangjia` = 0 ORDER BY ctime desc LIMIT 8   [ RunTime:0.0000s ]
SQL: SHOW COLUMNS FROM `ysk_notice` [ RunTime:0.0039s ]
SQL: SELECT * FROM `ysk_notice` ORDER BY notice_addtime asc  [ RunTime:0.0000s ]
SQL: SHOW COLUMNS FROM `ysk_gerenshangpu` [ RunTime:0.0039s ]
SQL: SELECT * FROM `ysk_gerenshangpu` WHERE `shop_zhuangtai` = 1 AND `id` <> 1 ORDER BY shop_stort asc LIMIT 9   [ RunTime:0.0000s ]
INFO: [ view_parse ] --START--
INFO: [ template_filter ] --START--
INFO: Run Behavior\ContentReplaceBehavior [ RunTime:0.000000s ]
INFO: [ template_filter ] --END-- [ RunTime:0.000000s ]
NOTIC: [8] Undefined variable: config E:\xin12\shop\Runtime\Cache\Shop\919d3b05d99b9010c89482cf5b988490.php 第 6 行.
SQL: SELECT * FROM `ysk_gerenshangpu` WHERE `userid` = 0 LIMIT 1   [ RunTime:0.0010s ]
INFO: Run Behavior\ParseTemplateBehavior [ RunTime:0.009766s ]
INFO: [ view_parse ] --END-- [ RunTime:0.009766s ]
INFO: [ view_filter ] --START--
INFO: Run Behavior\WriteHtmlCacheBehavior [ RunTime:0.000000s ]
INFO: [ view_filter ] --END-- [ RunTime:0.000000s ]
INFO: [ app_end ] --START--
INFO: Run Behavior\ShowPageTraceBehavior [ RunTime:0.000976s ]
INFO: [ app_end ] --END-- [ RunTime:0.000976s ]

[ 2020-12-28T17:41:03+08:00 ] 127.0.0.1 /Shop/Home/index.html
INFO: [ app_init ] --START--
INFO: Run Behavior\BuildLiteBehavior [ RunTime:0.000000s ]
INFO: [ app_init ] --END-- [ RunTime:0.000000s ]
INFO: [ app_begin ] --START--
INFO: Run Behavior\ReadHtmlCacheBehavior [ RunTime:0.000977s ]
INFO: Run Common\Behavior\CheckLangBehavior [ RunTime:0.000976s ]
INFO: [ app_begin ] --END-- [ RunTime:0.001953s ]
SQL: SHOW COLUMNS FROM `ysk_config` [ RunTime:0.0039s ]
SQL: SELECT `value`,`tip` FROM `ysk_config` WHERE `name` = 'TOGGLE_WEB_SITE' LIMIT 1   [ RunTime:0.0010s ]
SQL: SELECT `value`,`tip` FROM `ysk_config` WHERE `name` = 'TOGGLE_MALL_SITE' LIMIT 1   [ RunTime:0.0000s ]
SQL: SHOW COLUMNS FROM `ysk_product_cate` [ RunTime:0.0039s ]
SQL: SELECT * FROM `ysk_product_cate` WHERE `pid` = 0 ORDER BY sort desc LIMIT 10   [ RunTime:0.0000s ]
SQL: SHOW COLUMNS FROM `ysk_shop_banner` [ RunTime:0.0039s ]
SQL: SELECT * FROM `ysk_shop_banner`  [ RunTime:0.0000s ]
SQL: SHOW COLUMNS FROM `ysk_product_detail` [ RunTime:0.0039s ]
SQL: SELECT * FROM `ysk_product_detail` WHERE `status` = 1 ORDER BY ctime desc LIMIT 5   [ RunTime:0.0010s ]
SQL: SELECT * FROM `ysk_product_detail` WHERE `is_hot` = 1 AND `shangjia` = 0 ORDER BY ctime desc LIMIT 6   [ RunTime:0.0000s ]
SQL: SELECT * FROM `ysk_product_detail` WHERE `is_new` = 1 AND `shangjia` = 0 ORDER BY ctime desc LIMIT 7   [ RunTime:0.0000s ]
SQL: SELECT * FROM `ysk_product_detail` WHERE `status` = 1 ORDER BY ctime asc LIMIT 8   [ RunTime:0.0010s ]
SQL: SELECT * FROM `ysk_product_detail` WHERE `is_tuijian` = 1 AND `shangjia` = 0 ORDER BY ctime desc LIMIT 8   [ RunTime:0.0000s ]
SQL: SHOW COLUMNS FROM `ysk_notice` [ RunTime:0.0039s ]
SQL: SELECT * FROM `ysk_notice` ORDER BY notice_addtime asc  [ RunTime:0.0000s ]
SQL: SHOW COLUMNS FROM `ysk_gerenshangpu` [ RunTime:0.0039s ]
SQL: SELECT * FROM `ysk_gerenshangpu` WHERE `shop_zhuangtai` = 1 AND `id` <> 1 ORDER BY shop_stort asc LIMIT 9   [ RunTime:0.0000s ]
INFO: [ view_parse ] --START--
INFO: [ template_filter ] --START--
INFO: Run Behavior\ContentReplaceBehavior [ RunTime:0.000977s ]
INFO: [ template_filter ] --END-- [ RunTime:0.000977s ]
NOTIC: [8] Undefined variable: config E:\xin12\shop\Runtime\Cache\Shop\919d3b05d99b9010c89482cf5b988490.php 第 6 行.
SQL: SELECT * FROM `ysk_gerenshangpu` WHERE `userid` = 0 LIMIT 1   [ RunTime:0.0000s ]
INFO: Run Behavior\ParseTemplateBehavior [ RunTime:0.008789s ]
INFO: [ view_parse ] --END-- [ RunTime:0.008789s ]
INFO: [ view_filter ] --START--
INFO: Run Behavior\WriteHtmlCacheBehavior [ RunTime:0.000000s ]
INFO: [ view_filter ] --END-- [ RunTime:0.000000s ]
INFO: [ app_end ] --START--
INFO: Run Behavior\ShowPageTraceBehavior [ RunTime:0.000000s ]
INFO: [ app_end ] --END-- [ RunTime:0.000000s ]

[ 2020-12-28T17:41:12+08:00 ] 127.0.0.1 /Shop/Home/details/proid/183.html
INFO: [ app_init ] --START--
INFO: Run Behavior\BuildLiteBehavior [ RunTime:0.000000s ]
INFO: [ app_init ] --END-- [ RunTime:0.000000s ]
INFO: [ app_begin ] --START--
INFO: Run Behavior\ReadHtmlCacheBehavior [ RunTime:0.000977s ]
INFO: Run Common\Behavior\CheckLangBehavior [ RunTime:0.000976s ]
INFO: [ app_begin ] --END-- [ RunTime:0.001953s ]
SQL: SHOW COLUMNS FROM `ysk_config` [ RunTime:0.0049s ]
SQL: SELECT `value`,`tip` FROM `ysk_config` WHERE `name` = 'TOGGLE_WEB_SITE' LIMIT 1   [ RunTime:0.0000s ]
SQL: SELECT `value`,`tip` FROM `ysk_config` WHERE `name` = 'TOGGLE_MALL_SITE' LIMIT 1   [ RunTime:0.0010s ]
SQL: SHOW COLUMNS FROM `ysk_product_detail` [ RunTime:0.0039s ]
SQL: SELECT * FROM `ysk_product_detail` WHERE `id` = 183 LIMIT 1   [ RunTime:0.0010s ]
SQL: SHOW COLUMNS FROM `ysk_collect` [ RunTime:0.0039s ]
SQL: SELECT COUNT(*) AS tp_count FROM `ysk_collect` WHERE `uid` = 5 AND `proid` = 183 LIMIT 1   [ RunTime:0.0000s ]
INFO: [ view_parse ] --START--
INFO: [ template_filter ] --START--
INFO: Run Behavior\ContentReplaceBehavior [ RunTime:0.000000s ]
INFO: [ template_filter ] --END-- [ RunTime:0.000000s ]
SQL: SHOW COLUMNS FROM `ysk_gerenshangpu` [ RunTime:0.0039s ]
SQL: SELECT * FROM `ysk_gerenshangpu` WHERE `userid` = 0 LIMIT 1   [ RunTime:0.0010s ]
SQL: SELECT * FROM `ysk_gerenshangpu` WHERE `userid` = 0 LIMIT 1   [ RunTime:0.0000s ]
INFO: Run Behavior\ParseTemplateBehavior [ RunTime:0.015625s ]
INFO: [ view_parse ] --END-- [ RunTime:0.015625s ]
INFO: [ view_filter ] --START--
INFO: Run Behavior\WriteHtmlCacheBehavior [ RunTime:0.000000s ]
INFO: [ view_filter ] --END-- [ RunTime:0.000000s ]
INFO: [ app_end ] --START--
INFO: Run Behavior\ShowPageTraceBehavior [ RunTime:0.000976s ]
INFO: [ app_end ] --END-- [ RunTime:0.000976s ]

[ 2020-12-28T17:41:16+08:00 ] 127.0.0.1 /Shop/Car/buynow
INFO: [ app_init ] --START--
INFO: Run Behavior\BuildLiteBehavior [ RunTime:0.000000s ]
INFO: [ app_init ] --END-- [ RunTime:0.000000s ]
INFO: [ app_begin ] --START--
INFO: Run Behavior\ReadHtmlCacheBehavior [ RunTime:0.000000s ]
INFO: Run Common\Behavior\CheckLangBehavior [ RunTime:0.000976s ]
INFO: [ app_begin ] --END-- [ RunTime:0.000976s ]
SQL: SHOW COLUMNS FROM `ysk_config` [ RunTime:0.0039s ]
SQL: SELECT `value`,`tip` FROM `ysk_config` WHERE `name` = 'TOGGLE_WEB_SITE' LIMIT 1   [ RunTime:0.0000s ]
SQL: SELECT `value`,`tip` FROM `ysk_config` WHERE `name` = 'TOGGLE_MALL_SITE' LIMIT 1   [ RunTime:0.0010s ]
SQL: SHOW COLUMNS FROM `ysk_product_detail` [ RunTime:0.0039s ]
SQL: SELECT * FROM `ysk_product_detail` WHERE `id` = 183 LIMIT 1   [ RunTime:0.0000s ]
SQL: SHOW COLUMNS FROM `ysk_address` [ RunTime:0.0039s ]
SQL: SELECT * FROM `ysk_address` WHERE `member_id` = '8803' AND `zt_` = 1 LIMIT 1   [ RunTime:0.0000s ]
INFO: [ app_end ] --START--
INFO: Run Behavior\ShowPageTraceBehavior [ RunTime:0.000976s ]
INFO: [ app_end ] --END-- [ RunTime:0.000976s ]

[ 2020-12-28T17:41:17+08:00 ] 127.0.0.1 /Shop/Home/order.html
INFO: [ app_init ] --START--
INFO: Run Behavior\BuildLiteBehavior [ RunTime:0.000000s ]
INFO: [ app_init ] --END-- [ RunTime:0.000000s ]
INFO: [ app_begin ] --START--
INFO: Run Behavior\ReadHtmlCacheBehavior [ RunTime:0.000000s ]
INFO: Run Common\Behavior\CheckLangBehavior [ RunTime:0.000977s ]
INFO: [ app_begin ] --END-- [ RunTime:0.001954s ]
SQL: SHOW COLUMNS FROM `ysk_config` [ RunTime:0.0049s ]
SQL: SELECT `value`,`tip` FROM `ysk_config` WHERE `name` = 'TOGGLE_WEB_SITE' LIMIT 1   [ RunTime:0.0000s ]
SQL: SELECT `value`,`tip` FROM `ysk_config` WHERE `name` = 'TOGGLE_MALL_SITE' LIMIT 1   [ RunTime:0.0010s ]
SQL: SHOW COLUMNS FROM `ysk_address` [ RunTime:0.0029s ]
SQL: SELECT * FROM `ysk_address` WHERE `member_id` = '8803' AND `zt_` = 1 LIMIT 1   [ RunTime:0.0000s ]
NOTIC: [2] Invalid argument supplied for foreach() E:\xin12\shop\Shop\Controller\HomeController.class.php 第 527 行.
INFO: [ view_parse ] --START--
INFO: [ template_filter ] --START--
INFO: Run Behavior\ContentReplaceBehavior [ RunTime:0.000976s ]
INFO: [ template_filter ] --END-- [ RunTime:0.000976s ]
SQL: SHOW COLUMNS FROM `ysk_product_detail` [ RunTime:0.0049s ]
SQL: SELECT * FROM `ysk_product_detail` WHERE `id` = 183 LIMIT 1   [ RunTime:0.0010s ]
SQL: SHOW COLUMNS FROM `ysk_gerenshangpu` [ RunTime:0.0029s ]
SQL: SELECT * FROM `ysk_gerenshangpu` WHERE ( userid=0 ) LIMIT 1   [ RunTime:0.0010s ]
INFO: Run Behavior\ParseTemplateBehavior [ RunTime:0.017578s ]
INFO: [ view_parse ] --END-- [ RunTime:0.017578s ]
INFO: [ view_filter ] --START--
INFO: Run Behavior\WriteHtmlCacheBehavior [ RunTime:0.000000s ]
INFO: [ view_filter ] --END-- [ RunTime:0.000000s ]
INFO: [ app_end ] --START--
INFO: Run Behavior\ShowPageTraceBehavior [ RunTime:0.000976s ]
INFO: [ app_end ] --END-- [ RunTime:0.000976s ]

[ 2020-12-28T17:41:19+08:00 ] 127.0.0.1 /Shop/Car/addOrder/address_id/63.html
INFO: [ app_init ] --START--
INFO: Run Behavior\BuildLiteBehavior [ RunTime:0.000000s ]
INFO: [ app_init ] --END-- [ RunTime:0.000000s ]
INFO: [ app_begin ] --START--
INFO: Run Behavior\ReadHtmlCacheBehavior [ RunTime:0.000000s ]
INFO: Run Common\Behavior\CheckLangBehavior [ RunTime:0.000977s ]
INFO: [ app_begin ] --END-- [ RunTime:0.000977s ]
SQL: SHOW COLUMNS FROM `ysk_config` [ RunTime:0.0059s ]
SQL: SELECT `value`,`tip` FROM `ysk_config` WHERE `name` = 'TOGGLE_WEB_SITE' LIMIT 1   [ RunTime:0.0000s ]
SQL: SELECT `value`,`tip` FROM `ysk_config` WHERE `name` = 'TOGGLE_MALL_SITE' LIMIT 1   [ RunTime:0.0010s ]
SQL: SHOW COLUMNS FROM `ysk_address` [ RunTime:0.0039s ]
SQL: SELECT * FROM `ysk_address` WHERE `address_id` = 63 LIMIT 1   [ RunTime:0.0000s ]
SQL: SHOW COLUMNS FROM `ysk_product_detail` [ RunTime:0.0039s ]
SQL: SELECT `id`,`shangjia`,`price`,`name` FROM `ysk_product_detail` WHERE `id` = 183 LIMIT 1   [ RunTime:0.0000s ]
SQL: SELECT `stock` FROM `ysk_product_detail` WHERE `id` = 183 LIMIT 1   [ RunTime:0.0000s ]
NOTIC: [8] Undefined index: com_ids E:\xin12\shop\Shop\Controller\CarController.class.php 第 68 行.
NOTIC: [2] in_array() expects parameter 2 to be array, null given E:\xin12\shop\Shop\Controller\CarController.class.php 第 68 行.
NOTIC: [8] Undefined index: com_price E:\xin12\shop\Shop\Controller\CarController.class.php 第 71 行.
SQL: SHOW COLUMNS FROM `ysk_order` [ RunTime:0.0039s ]
SQL: INSERT INTO `ysk_order` (`order_no`,`uid`,`buy_name`,`buy_phone`,`buy_address`,`status`,`order_sellerid`,`time`) VALUES ('M20201228174119493530','8803','123','18344324057','广东广州市海珠区123','0','0','1609148479') [ RunTime:0.0010s ]
NOTIC: [8] Undefined variable: relation_id E:\xin12\shop\Shop\Controller\CarController.class.php 第 107 行.
SQL: SELECT * FROM `ysk_product_detail` WHERE `id` = 183 LIMIT 1   [ RunTime:0.0000s ]
SQL: SHOW COLUMNS FROM `ysk_order_detail` [ RunTime:0.0039s ]
SQL: INSERT INTO `ysk_order_detail` (`order_id`,`com_id`,`com_name`,`com_price`,`com_num`,`com_img`,`shangjia`,`uid`,`com_shoptype`,`size`,`color`,`xiaofei_jifen`,`jifen_nums`,`jifen_types`,`sanji_money`) VALUES ('456','183','paower','100','1','/Uploads/image/product/5fe5a01e3f6b5.jpg','0','8803','25','','','0','0','','0') [ RunTime:0.0010s ]
SQL: UPDATE `ysk_product_detail` SET `stock`=stock-1 WHERE `id` = 183 [ RunTime:0.0000s ]
SQL: UPDATE `ysk_order` SET `buy_price`='100',`is_duobao`='1' WHERE `order_id` = 456 [ RunTime:0.0010s ]
SQL: UPDATE `ysk_order` SET `xiaofei_jifen`='0' WHERE `order_id` = 456 [ RunTime:0.0000s ]
SQL: UPDATE `ysk_order` SET `total_yf`='0' WHERE `order_id` = 456 [ RunTime:0.0010s ]
SQL: UPDATE `ysk_order` SET `jifen_ji`='0',`jifen_guoyuan`='0',`jifen_yu`='0' WHERE `order_id` = 456 [ RunTime:0.0000s ]
SQL: UPDATE `ysk_order` SET `sanji_money`='0' WHERE `order_id` = 456 [ RunTime:0.0000s ]

[ 2020-12-28T17:41:19+08:00 ] 127.0.0.1 /Shop/Pay/index/oid/456/formtype/99.html
INFO: [ app_init ] --START--
INFO: Run Behavior\BuildLiteBehavior [ RunTime:0.000000s ]
INFO: [ app_init ] --END-- [ RunTime:0.000000s ]
INFO: [ app_begin ] --START--
INFO: Run Behavior\ReadHtmlCacheBehavior [ RunTime:0.000977s ]
INFO: Run Common\Behavior\CheckLangBehavior [ RunTime:0.000976s ]
INFO: [ app_begin ] --END-- [ RunTime:0.001953s ]
SQL: SHOW COLUMNS FROM `ysk_order` [ RunTime:0.0059s ]
SQL: SELECT * FROM `ysk_order` WHERE `order_id` = 456  [ RunTime:0.0000s ]
NOTIC: [8] Undefined index: order_relation E:\xin12\shop\Shop\Controller\PayController.class.php 第 206 行.
SQL: SHOW COLUMNS FROM `ysk_user` [ RunTime:0.0059s ]
SQL: SELECT `total_lingshi` FROM `ysk_user` WHERE `userid` = 8803 LIMIT 1   [ RunTime:0.0010s ]
SQL: SELECT `geo` FROM `ysk_user` WHERE `userid` = 8803 LIMIT 1   [ RunTime:0.0000s ]
INFO: [ view_parse ] --START--
INFO: [ template_filter ] --START--
INFO: Run Behavior\ContentReplaceBehavior [ RunTime:0.000000s ]
INFO: [ template_filter ] --END-- [ RunTime:0.000000s ]
NOTIC: [8] Undefined index: order_no E:\xin12\shop\Runtime\Cache\Shop\62044247dcbf02228e8521a5f679837e.php 第 26 行.
SQL: SHOW COLUMNS FROM `ysk_gerenshangpu` [ RunTime:0.0029s ]
SQL: SELECT * FROM `ysk_gerenshangpu` WHERE ( userid ) LIMIT 1   [ RunTime:0.0000s ]
NOTIC: [8] Undefined index: order_no E:\xin12\shop\Runtime\Cache\Shop\62044247dcbf02228e8521a5f679837e.php 第 135 行.
INFO: Run Behavior\ParseTemplateBehavior [ RunTime:0.011718s ]
INFO: [ view_parse ] --END-- [ RunTime:0.011718s ]
INFO: [ view_filter ] --START--
INFO: Run Behavior\WriteHtmlCacheBehavior [ RunTime:0.000000s ]
INFO: [ view_filter ] --END-- [ RunTime:0.000000s ]
INFO: [ app_end ] --START--
INFO: Run Behavior\ShowPageTraceBehavior [ RunTime:0.000977s ]
INFO: [ app_end ] --END-- [ RunTime:0.000977s ]

[ 2020-12-28T17:41:32+08:00 ] 127.0.0.1 /Shop/Pay/index/oid/456/formtype/99.html
INFO: [ app_init ] --START--
INFO: Run Behavior\BuildLiteBehavior [ RunTime:0.000000s ]
INFO: [ app_init ] --END-- [ RunTime:0.000000s ]
INFO: [ app_begin ] --START--
INFO: Run Behavior\ReadHtmlCacheBehavior [ RunTime:0.000000s ]
INFO: Run Common\Behavior\CheckLangBehavior [ RunTime:0.000976s ]
INFO: [ app_begin ] --END-- [ RunTime:0.000976s ]
SQL: SHOW COLUMNS FROM `ysk_order` [ RunTime:0.0049s ]
SQL: SELECT * FROM `ysk_order` WHERE `order_id` = 456  [ RunTime:0.0000s ]
NOTIC: [8] Undefined index: order_relation E:\xin12\shop\Shop\Controller\PayController.class.php 第 206 行.
SQL: SHOW COLUMNS FROM `ysk_user` [ RunTime:0.0049s ]
SQL: SELECT `total_lingshi` FROM `ysk_user` WHERE `userid` = 8803 LIMIT 1   [ RunTime:0.0000s ]
SQL: SELECT `geo` FROM `ysk_user` WHERE `userid` = 8803 LIMIT 1   [ RunTime:0.0000s ]
INFO: [ view_parse ] --START--
INFO: [ template_filter ] --START--
INFO: Run Behavior\ContentReplaceBehavior [ RunTime:0.000000s ]
INFO: [ template_filter ] --END-- [ RunTime:0.000000s ]
NOTIC: [8] Undefined index: order_no E:\xin12\shop\Runtime\Cache\Shop\62044247dcbf02228e8521a5f679837e.php 第 26 行.
SQL: SHOW COLUMNS FROM `ysk_gerenshangpu` [ RunTime:0.0039s ]
SQL: SELECT * FROM `ysk_gerenshangpu` WHERE ( userid ) LIMIT 1   [ RunTime:0.0000s ]
NOTIC: [8] Undefined index: order_no E:\xin12\shop\Runtime\Cache\Shop\62044247dcbf02228e8521a5f679837e.php 第 135 行.
INFO: Run Behavior\ParseTemplateBehavior [ RunTime:0.009766s ]
INFO: [ view_parse ] --END-- [ RunTime:0.009766s ]
INFO: [ view_filter ] --START--
INFO: Run Behavior\WriteHtmlCacheBehavior [ RunTime:0.000977s ]
INFO: [ view_filter ] --END-- [ RunTime:0.000977s ]
INFO: [ app_end ] --START--
INFO: Run Behavior\ShowPageTraceBehavior [ RunTime:0.000000s ]
INFO: [ app_end ] --END-- [ RunTime:0.000000s ]

[ 2020-12-28T17:41:37+08:00 ] 127.0.0.1 /Shop/Pay/pays/oid/456/type/4.html
INFO: [ app_init ] --START--
INFO: Run Behavior\BuildLiteBehavior [ RunTime:0.000000s ]
INFO: [ app_init ] --END-- [ RunTime:0.000000s ]
INFO: [ app_begin ] --START--
INFO: Run Behavior\ReadHtmlCacheBehavior [ RunTime:0.000976s ]
INFO: Run Common\Behavior\CheckLangBehavior [ RunTime:0.000977s ]
INFO: [ app_begin ] --END-- [ RunTime:0.001953s ]
SQL: SHOW COLUMNS FROM `ysk_order` [ RunTime:0.0039s ]
SQL: SELECT * FROM `ysk_order` WHERE `order_id` = 456 AND `uid` = 8803 AND `status` = 0 LIMIT 1   [ RunTime:0.0000s ]
SQL: SELECT * FROM `ysk_order` WHERE `order_id` = 456  [ RunTime:0.0010s ]
SQL: SELECT SUM(buy_price) AS tp_sum FROM `ysk_order` WHERE `order_id` = 456 LIMIT 1   [ RunTime:0.0000s ]
NOTIC: [8] Undefined variable: neednums E:\xin12\shop\Shop\Controller\PayController.class.php 第 276 行.

[ 2020-12-28T17:43:29+08:00 ] 127.0.0.1 /Shop/Pay/index/oid/456/formtype/99.html
INFO: [ app_init ] --START--
INFO: Run Behavior\BuildLiteBehavior [ RunTime:0.000000s ]
INFO: [ app_init ] --END-- [ RunTime:0.000000s ]
INFO: [ app_begin ] --START--
INFO: Run Behavior\ReadHtmlCacheBehavior [ RunTime:0.000000s ]
INFO: Run Common\Behavior\CheckLangBehavior [ RunTime:0.000976s ]
INFO: [ app_begin ] --END-- [ RunTime:0.001953s ]
SQL: SHOW COLUMNS FROM `ysk_order` [ RunTime:0.0049s ]
SQL: SELECT * FROM `ysk_order` WHERE `order_id` = 456  [ RunTime:0.0010s ]
NOTIC: [8] Undefined index: order_relation E:\xin12\shop\Shop\Controller\PayController.class.php 第 206 行.
SQL: SHOW COLUMNS FROM `ysk_user` [ RunTime:0.0039s ]
SQL: SELECT `total_lingshi` FROM `ysk_user` WHERE `userid` = 8803 LIMIT 1   [ RunTime:0.0000s ]
SQL: SELECT `geo` FROM `ysk_user` WHERE `userid` = 8803 LIMIT 1   [ RunTime:0.0010s ]
INFO: [ view_parse ] --START--
INFO: [ template_filter ] --START--
INFO: Run Behavior\ContentReplaceBehavior [ RunTime:0.000000s ]
INFO: [ template_filter ] --END-- [ RunTime:0.000000s ]
NOTIC: [8] Undefined index: order_no E:\xin12\shop\Runtime\Cache\Shop\62044247dcbf02228e8521a5f679837e.php 第 26 行.
SQL: SHOW COLUMNS FROM `ysk_gerenshangpu` [ RunTime:0.0039s ]
SQL: SELECT * FROM `ysk_gerenshangpu` WHERE ( userid ) LIMIT 1   [ RunTime:0.0000s ]
NOTIC: [8] Undefined index: order_no E:\xin12\shop\Runtime\Cache\Shop\62044247dcbf02228e8521a5f679837e.php 第 135 行.
INFO: Run Behavior\ParseTemplateBehavior [ RunTime:0.009766s ]
INFO: [ view_parse ] --END-- [ RunTime:0.009766s ]
INFO: [ view_filter ] --START--
INFO: Run Behavior\WriteHtmlCacheBehavior [ RunTime:0.000977s ]
INFO: [ view_filter ] --END-- [ RunTime:0.000977s ]
INFO: [ app_end ] --START--
INFO: Run Behavior\ShowPageTraceBehavior [ RunTime:0.000000s ]
INFO: [ app_end ] --END-- [ RunTime:0.000000s ]

[ 2020-12-28T17:43:33+08:00 ] 127.0.0.1 /Shop/Pay/index/oid/456/formtype/99.html
INFO: [ app_init ] --START--
INFO: Run Behavior\BuildLiteBehavior [ RunTime:0.000000s ]
INFO: [ app_init ] --END-- [ RunTime:0.000000s ]
INFO: [ app_begin ] --START--
INFO: Run Behavior\ReadHtmlCacheBehavior [ RunTime:0.000000s ]
INFO: Run Common\Behavior\CheckLangBehavior [ RunTime:0.000977s ]
INFO: [ app_begin ] --END-- [ RunTime:0.000977s ]
SQL: SHOW COLUMNS FROM `ysk_order` [ RunTime:0.0039s ]
SQL: SELECT * FROM `ysk_order` WHERE `order_id` = 456  [ RunTime:0.0000s ]
NOTIC: [8] Undefined index: order_relation E:\xin12\shop\Shop\Controller\PayController.class.php 第 206 行.
SQL: SHOW COLUMNS FROM `ysk_user` [ RunTime:0.0039s ]
SQL: SELECT `total_lingshi` FROM `ysk_user` WHERE `userid` = 8803 LIMIT 1   [ RunTime:0.0010s ]
SQL: SELECT `geo` FROM `ysk_user` WHERE `userid` = 8803 LIMIT 1   [ RunTime:0.0000s ]
INFO: [ view_parse ] --START--
INFO: [ template_filter ] --START--
INFO: Run Behavior\ContentReplaceBehavior [ RunTime:0.000000s ]
INFO: [ template_filter ] --END-- [ RunTime:0.000000s ]
NOTIC: [8] Undefined index: order_no E:\xin12\shop\Runtime\Cache\Shop\62044247dcbf02228e8521a5f679837e.php 第 26 行.
SQL: SHOW COLUMNS FROM `ysk_gerenshangpu` [ RunTime:0.0039s ]
SQL: SELECT * FROM `ysk_gerenshangpu` WHERE ( userid ) LIMIT 1   [ RunTime:0.0000s ]
NOTIC: [8] Undefined index: order_no E:\xin12\shop\Runtime\Cache\Shop\62044247dcbf02228e8521a5f679837e.php 第 135 行.
INFO: Run Behavior\ParseTemplateBehavior [ RunTime:0.009766s ]
INFO: [ view_parse ] --END-- [ RunTime:0.009766s ]
INFO: [ view_filter ] --START--
INFO: Run Behavior\WriteHtmlCacheBehavior [ RunTime:0.000000s ]
INFO: [ view_filter ] --END-- [ RunTime:0.000000s ]
INFO: [ app_end ] --START--
INFO: Run Behavior\ShowPageTraceBehavior [ RunTime:0.000000s ]
INFO: [ app_end ] --END-- [ RunTime:0.000000s ]

[ 2020-12-28T17:43:34+08:00 ] 127.0.0.1 /Shop/Pay/pays/oid/456/type/4.html
INFO: [ app_init ] --START--
INFO: Run Behavior\BuildLiteBehavior [ RunTime:0.000000s ]
INFO: [ app_init ] --END-- [ RunTime:0.000000s ]
INFO: [ app_begin ] --START--
INFO: Run Behavior\ReadHtmlCacheBehavior [ RunTime:0.000000s ]
INFO: Run Common\Behavior\CheckLangBehavior [ RunTime:0.000977s ]
INFO: [ app_begin ] --END-- [ RunTime:0.000977s ]
SQL: SHOW COLUMNS FROM `ysk_order` [ RunTime:0.0039s ]
SQL: SELECT * FROM `ysk_order` WHERE `order_id` = 456 AND `uid` = 8803 AND `status` = 0 LIMIT 1   [ RunTime:0.0000s ]
SQL: SELECT * FROM `ysk_order` WHERE `order_id` = 456  [ RunTime:0.0000s ]
SQL: SELECT SUM(buy_price) AS tp_sum FROM `ysk_order` WHERE `order_id` = 456 LIMIT 1   [ RunTime:0.0000s ]
NOTIC: [8] Undefined variable: neednums E:\xin12\shop\Shop\Controller\PayController.class.php 第 276 行.

[ 2020-12-28T17:44:06+08:00 ] 127.0.0.1 /Shop/Pay/index/oid/456/formtype/99.html
INFO: [ app_init ] --START--
INFO: Run Behavior\BuildLiteBehavior [ RunTime:0.000000s ]
INFO: [ app_init ] --END-- [ RunTime:0.000000s ]
INFO: [ app_begin ] --START--
INFO: Run Behavior\ReadHtmlCacheBehavior [ RunTime:0.000000s ]
INFO: Run Common\Behavior\CheckLangBehavior [ RunTime:0.000977s ]
INFO: [ app_begin ] --END-- [ RunTime:0.000977s ]
SQL: SHOW COLUMNS FROM `ysk_order` [ RunTime:0.0049s ]
SQL: SELECT * FROM `ysk_order` WHERE `order_id` = 456  [ RunTime:0.0000s ]
NOTIC: [8] Undefined index: order_relation E:\xin12\shop\Shop\Controller\PayController.class.php 第 206 行.
SQL: SHOW COLUMNS FROM `ysk_user` [ RunTime:0.0068s ]
SQL: SELECT `total_lingshi` FROM `ysk_user` WHERE `userid` = 8803 LIMIT 1   [ RunTime:0.0010s ]
SQL: SELECT `geo` FROM `ysk_user` WHERE `userid` = 8803 LIMIT 1   [ RunTime:0.0000s ]
INFO: [ view_parse ] --START--
INFO: [ template_filter ] --START--
INFO: Run Behavior\ContentReplaceBehavior [ RunTime:0.000000s ]
INFO: [ template_filter ] --END-- [ RunTime:0.000000s ]
NOTIC: [8] Undefined index: order_no E:\xin12\shop\Runtime\Cache\Shop\62044247dcbf02228e8521a5f679837e.php 第 26 行.
SQL: SHOW COLUMNS FROM `ysk_gerenshangpu` [ RunTime:0.0049s ]
SQL: SELECT * FROM `ysk_gerenshangpu` WHERE ( userid ) LIMIT 1   [ RunTime:0.0010s ]
NOTIC: [8] Undefined index: order_no E:\xin12\shop\Runtime\Cache\Shop\62044247dcbf02228e8521a5f679837e.php 第 135 行.
INFO: Run Behavior\ParseTemplateBehavior [ RunTime:0.011718s ]
INFO: [ view_parse ] --END-- [ RunTime:0.011718s ]
INFO: [ view_filter ] --START--
INFO: Run Behavior\WriteHtmlCacheBehavior [ RunTime:0.000000s ]
INFO: [ view_filter ] --END-- [ RunTime:0.000000s ]
INFO: [ app_end ] --START--
INFO: Run Behavior\ShowPageTraceBehavior [ RunTime:0.000977s ]
INFO: [ app_end ] --END-- [ RunTime:0.000977s ]

[ 2020-12-28T17:44:07+08:00 ] 127.0.0.1 /Shop/Pay/pays/oid/456/type/4/payway/2.html
INFO: [ app_init ] --START--
INFO: Run Behavior\BuildLiteBehavior [ RunTime:0.000000s ]
INFO: [ app_init ] --END-- [ RunTime:0.000000s ]
INFO: [ app_begin ] --START--
INFO: Run Behavior\ReadHtmlCacheBehavior [ RunTime:0.000000s ]
INFO: Run Common\Behavior\CheckLangBehavior [ RunTime:0.000977s ]
INFO: [ app_begin ] --END-- [ RunTime:0.000977s ]
SQL: SHOW COLUMNS FROM `ysk_order` [ RunTime:0.0039s ]
SQL: SELECT * FROM `ysk_order` WHERE `order_id` = 456 AND `uid` = 8803 AND `status` = 0 LIMIT 1   [ RunTime:0.0000s ]
SQL: SELECT * FROM `ysk_order` WHERE `order_id` = 456  [ RunTime:0.0010s ]
SQL: SELECT SUM(buy_price) AS tp_sum FROM `ysk_order` WHERE `order_id` = 456 LIMIT 1   [ RunTime:0.0000s ]
SQL: SHOW COLUMNS FROM `ysk_user` [ RunTime:0.0049s ]
SQL: SELECT `geo` FROM `ysk_user` WHERE `userid` = 8803 LIMIT 1   [ RunTime:0.0000s ]
SQL: UPDATE `ysk_user` SET `geo`=geo-100.00 WHERE `userid` = 8803 [ RunTime:0.0000s ]
SQL: UPDATE `ysk_user` SET `pay_geo`=pay_geo+100.00 WHERE `userid` = 8803 [ RunTime:0.0000s ]
SQL: UPDATE `ysk_order` SET `status`='1' WHERE `order_id` = 456 [ RunTime:0.0000s ]

[ 2020-12-28T17:44:08+08:00 ] 127.0.0.1 /shop/home/index
INFO: [ app_init ] --START--
INFO: Run Behavior\BuildLiteBehavior [ RunTime:0.000000s ]
INFO: [ app_init ] --END-- [ RunTime:0.000000s ]
INFO: [ app_begin ] --START--
INFO: Run Behavior\ReadHtmlCacheBehavior [ RunTime:0.000977s ]
INFO: Run Common\Behavior\CheckLangBehavior [ RunTime:0.000976s ]
INFO: [ app_begin ] --END-- [ RunTime:0.001953s ]
SQL: SHOW COLUMNS FROM `ysk_config` [ RunTime:0.0049s ]
SQL: SELECT `value`,`tip` FROM `ysk_config` WHERE `name` = 'TOGGLE_WEB_SITE' LIMIT 1   [ RunTime:0.0000s ]
SQL: SELECT `value`,`tip` FROM `ysk_config` WHERE `name` = 'TOGGLE_MALL_SITE' LIMIT 1   [ RunTime:0.0010s ]
SQL: SHOW COLUMNS FROM `ysk_product_cate` [ RunTime:0.0029s ]
SQL: SELECT * FROM `ysk_product_cate` WHERE `pid` = 0 ORDER BY sort desc LIMIT 10   [ RunTime:0.0000s ]
SQL: SHOW COLUMNS FROM `ysk_shop_banner` [ RunTime:0.0039s ]
SQL: SELECT * FROM `ysk_shop_banner`  [ RunTime:0.0010s ]
SQL: SHOW COLUMNS FROM `ysk_product_detail` [ RunTime:0.0039s ]
SQL: SELECT * FROM `ysk_product_detail` WHERE `status` = 1 ORDER BY ctime desc LIMIT 5   [ RunTime:0.0010s ]
SQL: SELECT * FROM `ysk_product_detail` WHERE `is_hot` = 1 AND `shangjia` = 0 ORDER BY ctime desc LIMIT 6   [ RunTime:0.0010s ]
SQL: SELECT * FROM `ysk_product_detail` WHERE `is_new` = 1 AND `shangjia` = 0 ORDER BY ctime desc LIMIT 7   [ RunTime:0.0010s ]
SQL: SELECT * FROM `ysk_product_detail` WHERE `status` = 1 ORDER BY ctime asc LIMIT 8   [ RunTime:0.0000s ]
SQL: SELECT * FROM `ysk_product_detail` WHERE `is_tuijian` = 1 AND `shangjia` = 0 ORDER BY ctime desc LIMIT 8   [ RunTime:0.0000s ]
SQL: SHOW COLUMNS FROM `ysk_notice` [ RunTime:0.0039s ]
SQL: SELECT * FROM `ysk_notice` ORDER BY notice_addtime asc  [ RunTime:0.0000s ]
SQL: SHOW COLUMNS FROM `ysk_gerenshangpu` [ RunTime:0.0039s ]
SQL: SELECT * FROM `ysk_gerenshangpu` WHERE `shop_zhuangtai` = 1 AND `id` <> 1 ORDER BY shop_stort asc LIMIT 9   [ RunTime:0.0000s ]
INFO: [ view_parse ] --START--
INFO: [ template_filter ] --START--
INFO: Run Behavior\ContentReplaceBehavior [ RunTime:0.000000s ]
INFO: [ template_filter ] --END-- [ RunTime:0.000977s ]
NOTIC: [8] Undefined variable: config E:\xin12\shop\Runtime\Cache\Shop\919d3b05d99b9010c89482cf5b988490.php 第 6 行.
SQL: SELECT * FROM `ysk_gerenshangpu` WHERE `userid` = 0 LIMIT 1   [ RunTime:0.0020s ]
INFO: Run Behavior\ParseTemplateBehavior [ RunTime:0.009765s ]
INFO: [ view_parse ] --END-- [ RunTime:0.009765s ]
INFO: [ view_filter ] --START--
INFO: Run Behavior\WriteHtmlCacheBehavior [ RunTime:0.000977s ]
INFO: [ view_filter ] --END-- [ RunTime:0.000977s ]
INFO: [ app_end ] --START--
INFO: Run Behavior\ShowPageTraceBehavior [ RunTime:0.000000s ]
INFO: [ app_end ] --END-- [ RunTime:0.000000s ]

[ 2020-12-28T17:44:10+08:00 ] 127.0.0.1 /Shop/member/mine.html
INFO: [ app_init ] --START--
INFO: Run Behavior\BuildLiteBehavior [ RunTime:0.000000s ]
INFO: [ app_init ] --END-- [ RunTime:0.000000s ]
INFO: [ app_begin ] --START--
INFO: Run Behavior\ReadHtmlCacheBehavior [ RunTime:0.000000s ]
INFO: Run Common\Behavior\CheckLangBehavior [ RunTime:0.001953s ]
INFO: [ app_begin ] --END-- [ RunTime:0.001953s ]
SQL: SHOW COLUMNS FROM `ysk_config` [ RunTime:0.0039s ]
SQL: SELECT `value`,`tip` FROM `ysk_config` WHERE `name` = 'TOGGLE_WEB_SITE' LIMIT 1   [ RunTime:0.0000s ]
SQL: SELECT `value`,`tip` FROM `ysk_config` WHERE `name` = 'TOGGLE_MALL_SITE' LIMIT 1   [ RunTime:0.0000s ]
SQL: SHOW COLUMNS FROM `ysk_collect` [ RunTime:0.0039s ]
SQL: SELECT COUNT(*) AS tp_count FROM `ysk_collect` WHERE `uid` = 8803 LIMIT 1   [ RunTime:0.0000s ]
SQL: SHOW COLUMNS FROM `ysk_verify_list` [ RunTime:0.0166s ]
SQL: SELECT * FROM `ysk_verify_list` WHERE `uid` = 8803 LIMIT 1   [ RunTime:0.0000s ]
SQL: SHOW COLUMNS FROM `ysk_user` [ RunTime:0.0049s ]
SQL: SELECT * FROM `ysk_user` WHERE `userid` = 8803 LIMIT 1   [ RunTime:0.0010s ]
SQL: SHOW COLUMNS FROM `ysk_store` [ RunTime:0.0039s ]
SQL: SELECT * FROM `ysk_store` WHERE `uid` = 8803 LIMIT 1   [ RunTime:0.0000s ]
INFO: [ view_parse ] --START--
INFO: [ template_filter ] --START--
INFO: Run Behavior\ContentReplaceBehavior [ RunTime:0.000000s ]
INFO: [ template_filter ] --END-- [ RunTime:0.000000s ]
NOTIC: [8] Undefined variable: config E:\xin12\shop\Runtime\Cache\Shop\443a66622bd99fc10f62d5fb4afa7a18.php 第 7 行.
INFO: Run Behavior\ParseTemplateBehavior [ RunTime:0.027344s ]
INFO: [ view_parse ] --END-- [ RunTime:0.027344s ]
INFO: [ view_filter ] --START--
INFO: Run Behavior\WriteHtmlCacheBehavior [ RunTime:0.000000s ]
INFO: [ view_filter ] --END-- [ RunTime:0.000000s ]
INFO: [ app_end ] --START--
INFO: Run Behavior\ShowPageTraceBehavior [ RunTime:0.000000s ]
INFO: [ app_end ] --END-- [ RunTime:0.000000s ]

[ 2020-12-28T18:02:13+08:00 ] 127.0.0.1 /Shop/Home/index.html
INFO: [ app_init ] --START--
INFO: Run Behavior\BuildLiteBehavior [ RunTime:0.000000s ]
INFO: [ app_init ] --END-- [ RunTime:0.000000s ]
INFO: [ app_begin ] --START--
INFO: Run Behavior\ReadHtmlCacheBehavior [ RunTime:0.001000s ]
INFO: Run Common\Behavior\CheckLangBehavior [ RunTime:0.001000s ]
INFO: [ app_begin ] --END-- [ RunTime:0.002000s ]
SQL: SHOW COLUMNS FROM `ysk_config` [ RunTime:0.0060s ]
SQL: SELECT `value`,`tip` FROM `ysk_config` WHERE `name` = 'TOGGLE_WEB_SITE' LIMIT 1   [ RunTime:0.0000s ]
SQL: SELECT `value`,`tip` FROM `ysk_config` WHERE `name` = 'TOGGLE_MALL_SITE' LIMIT 1   [ RunTime:0.0010s ]
SQL: SHOW COLUMNS FROM `ysk_product_cate` [ RunTime:0.0040s ]
SQL: SELECT * FROM `ysk_product_cate` WHERE `pid` = 0 ORDER BY sort desc LIMIT 10   [ RunTime:0.0010s ]
SQL: SHOW COLUMNS FROM `ysk_shop_banner` [ RunTime:0.0050s ]
SQL: SELECT * FROM `ysk_shop_banner`  [ RunTime:0.0010s ]
SQL: SHOW COLUMNS FROM `ysk_product_detail` [ RunTime:0.0060s ]
SQL: SELECT * FROM `ysk_product_detail` WHERE `status` = 1 ORDER BY ctime desc LIMIT 5   [ RunTime:0.0010s ]
SQL: SELECT * FROM `ysk_product_detail` WHERE `is_hot` = 1 AND `shangjia` = 0 ORDER BY ctime desc LIMIT 6   [ RunTime:0.0000s ]
SQL: SELECT * FROM `ysk_product_detail` WHERE `is_new` = 1 AND `shangjia` = 0 ORDER BY ctime desc LIMIT 7   [ RunTime:0.0000s ]
SQL: SELECT * FROM `ysk_product_detail` WHERE `status` = 1 ORDER BY ctime asc LIMIT 8   [ RunTime:0.0000s ]
SQL: SELECT * FROM `ysk_product_detail` WHERE `is_tuijian` = 1 AND `shangjia` = 0 ORDER BY ctime desc LIMIT 8   [ RunTime:0.0000s ]
SQL: SHOW COLUMNS FROM `ysk_notice` [ RunTime:0.0050s ]
SQL: SELECT * FROM `ysk_notice` ORDER BY notice_addtime asc  [ RunTime:0.0000s ]
SQL: SHOW COLUMNS FROM `ysk_gerenshangpu` [ RunTime:0.0060s ]
SQL: SELECT * FROM `ysk_gerenshangpu` WHERE `shop_zhuangtai` = 1 AND `id` <> 1 ORDER BY shop_stort asc LIMIT 9   [ RunTime:0.0010s ]
INFO: [ view_parse ] --START--
INFO: [ template_filter ] --START--
INFO: Run Behavior\ContentReplaceBehavior [ RunTime:0.000000s ]
INFO: [ template_filter ] --END-- [ RunTime:0.000000s ]
NOTIC: [8] Undefined variable: config F:\web\12xin\shop\Runtime\Cache\Shop\919d3b05d99b9010c89482cf5b988490.php 第 6 行.
SQL: SELECT * FROM `ysk_gerenshangpu` WHERE `userid` = 0 LIMIT 1   [ RunTime:0.0010s ]
INFO: Run Behavior\ParseTemplateBehavior [ RunTime:0.013001s ]
INFO: [ view_parse ] --END-- [ RunTime:0.013001s ]
INFO: [ view_filter ] --START--
INFO: Run Behavior\WriteHtmlCacheBehavior [ RunTime:0.000000s ]
INFO: [ view_filter ] --END-- [ RunTime:0.001000s ]
INFO: [ app_end ] --START--
INFO: Run Behavior\ShowPageTraceBehavior [ RunTime:0.000000s ]
INFO: [ app_end ] --END-- [ RunTime:0.000000s ]

[ 2020-12-28T18:02:17+08:00 ] 127.0.0.1 /Shop/member/mine.html
INFO: [ app_init ] --START--
INFO: Run Behavior\BuildLiteBehavior [ RunTime:0.000000s ]
INFO: [ app_init ] --END-- [ RunTime:0.000000s ]
INFO: [ app_begin ] --START--
INFO: Run Behavior\ReadHtmlCacheBehavior [ RunTime:0.001000s ]
INFO: Run Common\Behavior\CheckLangBehavior [ RunTime:0.003000s ]
INFO: [ app_begin ] --END-- [ RunTime:0.005000s ]
SQL: SHOW COLUMNS FROM `ysk_config` [ RunTime:0.0060s ]
SQL: SELECT `value`,`tip` FROM `ysk_config` WHERE `name` = 'TOGGLE_WEB_SITE' LIMIT 1   [ RunTime:0.0010s ]
SQL: SELECT `value`,`tip` FROM `ysk_config` WHERE `name` = 'TOGGLE_MALL_SITE' LIMIT 1   [ RunTime:0.0000s ]
SQL: SHOW COLUMNS FROM `ysk_collect` [ RunTime:0.0060s ]
SQL: SELECT COUNT(*) AS tp_count FROM `ysk_collect` WHERE `uid` = 8803 LIMIT 1   [ RunTime:0.0010s ]
SQL: SHOW COLUMNS FROM `ysk_verify_list` [ RunTime:0.0070s ]
SQL: SELECT * FROM `ysk_verify_list` WHERE `uid` = 8803 LIMIT 1   [ RunTime:0.0010s ]
SQL: SHOW COLUMNS FROM `ysk_user` [ RunTime:0.0060s ]
SQL: SELECT * FROM `ysk_user` WHERE `userid` = 8803 LIMIT 1   [ RunTime:0.0010s ]
SQL: SHOW COLUMNS FROM `ysk_store` [ RunTime:0.0060s ]
SQL: SELECT * FROM `ysk_store` WHERE `uid` = 8803 LIMIT 1   [ RunTime:0.0010s ]
INFO: [ view_parse ] --START--
INFO: [ template_filter ] --START--
INFO: Run Behavior\ContentReplaceBehavior [ RunTime:0.001000s ]
INFO: [ template_filter ] --END-- [ RunTime:0.001000s ]
NOTIC: [8] Undefined variable: config F:\web\12xin\shop\Runtime\Cache\Shop\443a66622bd99fc10f62d5fb4afa7a18.php 第 7 行.
INFO: Run Behavior\ParseTemplateBehavior [ RunTime:0.013001s ]
INFO: [ view_parse ] --END-- [ RunTime:0.013001s ]
INFO: [ view_filter ] --START--
INFO: Run Behavior\WriteHtmlCacheBehavior [ RunTime:0.001000s ]
INFO: [ view_filter ] --END-- [ RunTime:0.001000s ]
INFO: [ app_end ] --START--
INFO: Run Behavior\ShowPageTraceBehavior [ RunTime:0.001000s ]
INFO: [ app_end ] --END-- [ RunTime:0.001000s ]

[ 2020-12-28T18:02:44+08:00 ] 127.0.0.1 /Shop/member/mine.html
INFO: [ app_init ] --START--
INFO: Run Behavior\BuildLiteBehavior [ RunTime:0.000000s ]
INFO: [ app_init ] --END-- [ RunTime:0.000000s ]
INFO: [ app_begin ] --START--
INFO: Run Behavior\ReadHtmlCacheBehavior [ RunTime:0.001000s ]
INFO: Run Common\Behavior\CheckLangBehavior [ RunTime:0.003000s ]
INFO: [ app_begin ] --END-- [ RunTime:0.005000s ]
SQL: SHOW COLUMNS FROM `ysk_config` [ RunTime:0.0060s ]
SQL: SELECT `value`,`tip` FROM `ysk_config` WHERE `name` = 'TOGGLE_WEB_SITE' LIMIT 1   [ RunTime:0.0000s ]
SQL: SELECT `value`,`tip` FROM `ysk_config` WHERE `name` = 'TOGGLE_MALL_SITE' LIMIT 1   [ RunTime:0.0010s ]
SQL: SHOW COLUMNS FROM `ysk_collect` [ RunTime:0.0050s ]
SQL: SELECT COUNT(*) AS tp_count FROM `ysk_collect` WHERE `uid` = 8803 LIMIT 1   [ RunTime:0.0000s ]
SQL: SHOW COLUMNS FROM `ysk_verify_list` [ RunTime:0.0050s ]
SQL: SELECT * FROM `ysk_verify_list` WHERE `uid` = 8803 LIMIT 1   [ RunTime:0.0000s ]
SQL: SHOW COLUMNS FROM `ysk_user` [ RunTime:0.0070s ]
SQL: SELECT * FROM `ysk_user` WHERE `userid` = 8803 LIMIT 1   [ RunTime:0.0000s ]
SQL: SHOW COLUMNS FROM `ysk_store` [ RunTime:0.0050s ]
SQL: SELECT * FROM `ysk_store` WHERE `uid` = 8803 LIMIT 1   [ RunTime:0.0000s ]
INFO: [ view_parse ] --START--
INFO: [ template_filter ] --START--
INFO: Run Behavior\ContentReplaceBehavior [ RunTime:0.000000s ]
INFO: [ template_filter ] --END-- [ RunTime:0.000000s ]
NOTIC: [8] Undefined variable: config F:\web\12xin\shop\Runtime\Cache\Shop\443a66622bd99fc10f62d5fb4afa7a18.php 第 7 行.
INFO: Run Behavior\ParseTemplateBehavior [ RunTime:0.014001s ]
INFO: [ view_parse ] --END-- [ RunTime:0.014001s ]
INFO: [ view_filter ] --START--
INFO: Run Behavior\WriteHtmlCacheBehavior [ RunTime:0.000000s ]
INFO: [ view_filter ] --END-- [ RunTime:0.000000s ]
INFO: [ app_end ] --START--
INFO: Run Behavior\ShowPageTraceBehavior [ RunTime:0.001000s ]
INFO: [ app_end ] --END-- [ RunTime:0.001000s ]

[ 2020-12-28T18:03:18+08:00 ] 127.0.0.1 /Shop/Member/moneydets.html
INFO: [ app_init ] --START--
INFO: Run Behavior\BuildLiteBehavior [ RunTime:0.000000s ]
INFO: [ app_init ] --END-- [ RunTime:0.000000s ]
INFO: [ app_begin ] --START--
INFO: Run Behavior\ReadHtmlCacheBehavior [ RunTime:0.001000s ]
INFO: Run Common\Behavior\CheckLangBehavior [ RunTime:0.004000s ]
INFO: [ app_begin ] --END-- [ RunTime:0.005000s ]
SQL: SHOW COLUMNS FROM `ysk_config` [ RunTime:0.0060s ]
SQL: SELECT `value`,`tip` FROM `ysk_config` WHERE `name` = 'TOGGLE_WEB_SITE' LIMIT 1   [ RunTime:0.0000s ]
SQL: SELECT `value`,`tip` FROM `ysk_config` WHERE `name` = 'TOGGLE_MALL_SITE' LIMIT 1   [ RunTime:0.0010s ]
SQL: SHOW COLUMNS FROM `ysk_fenxiaojiang` [ RunTime:0.0040s ]
SQL: SELECT COUNT(1) AS tp_count FROM `ysk_fenxiaojiang` WHERE `get_id` = 5 LIMIT 1   [ RunTime:0.0000s ]
SQL: SELECT * FROM `ysk_fenxiaojiang` WHERE `get_id` = 5 ORDER BY id desc LIMIT 0,30   [ RunTime:0.0000s ]
INFO: [ view_parse ] --START--
INFO: [ template_filter ] --START--
INFO: Run Behavior\ContentReplaceBehavior [ RunTime:0.000000s ]
INFO: [ template_filter ] --END-- [ RunTime:0.000000s ]
NOTIC: [8] Undefined variable: config F:\web\12xin\shop\Runtime\Cache\Shop\cfbec6c15a5b7465df9cd4803de5ff2f.php 第 5 行.
NOTIC: [8] Undefined variable: addressList F:\web\12xin\shop\Runtime\Cache\Shop\cfbec6c15a5b7465df9cd4803de5ff2f.php 第 110 行.
INFO: Run Behavior\ParseTemplateBehavior [ RunTime:0.010001s ]
INFO: [ view_parse ] --END-- [ RunTime:0.010001s ]
INFO: [ view_filter ] --START--
INFO: Run Behavior\WriteHtmlCacheBehavior [ RunTime:0.001000s ]
INFO: [ view_filter ] --END-- [ RunTime:0.001000s ]
INFO: [ app_end ] --START--
INFO: Run Behavior\ShowPageTraceBehavior [ RunTime:0.001000s ]
INFO: [ app_end ] --END-- [ RunTime:0.001000s ]

[ 2020-12-28T18:03:19+08:00 ] 127.0.0.1 /shop/member/mine.html
INFO: [ app_init ] --START--
INFO: Run Behavior\BuildLiteBehavior [ RunTime:0.000000s ]
INFO: [ app_init ] --END-- [ RunTime:0.000000s ]
INFO: [ app_begin ] --START--
INFO: Run Behavior\ReadHtmlCacheBehavior [ RunTime:0.000000s ]
INFO: Run Common\Behavior\CheckLangBehavior [ RunTime:0.003000s ]
INFO: [ app_begin ] --END-- [ RunTime:0.003000s ]
SQL: SHOW COLUMNS FROM `ysk_config` [ RunTime:0.0050s ]
SQL: SELECT `value`,`tip` FROM `ysk_config` WHERE `name` = 'TOGGLE_WEB_SITE' LIMIT 1   [ RunTime:0.0010s ]
SQL: SELECT `value`,`tip` FROM `ysk_config` WHERE `name` = 'TOGGLE_MALL_SITE' LIMIT 1   [ RunTime:0.0000s ]
SQL: SHOW COLUMNS FROM `ysk_collect` [ RunTime:0.0050s ]
SQL: SELECT COUNT(*) AS tp_count FROM `ysk_collect` WHERE `uid` = 8803 LIMIT 1   [ RunTime:0.0000s ]
SQL: SHOW COLUMNS FROM `ysk_verify_list` [ RunTime:0.0040s ]
SQL: SELECT * FROM `ysk_verify_list` WHERE `uid` = 8803 LIMIT 1   [ RunTime:0.0000s ]
SQL: SHOW COLUMNS FROM `ysk_user` [ RunTime:0.0070s ]
SQL: SELECT * FROM `ysk_user` WHERE `userid` = 8803 LIMIT 1   [ RunTime:0.0010s ]
SQL: SHOW COLUMNS FROM `ysk_store` [ RunTime:0.0050s ]
SQL: SELECT * FROM `ysk_store` WHERE `uid` = 8803 LIMIT 1   [ RunTime:0.0000s ]
INFO: [ view_parse ] --START--
INFO: [ template_filter ] --START--
INFO: Run Behavior\ContentReplaceBehavior [ RunTime:0.000000s ]
INFO: [ template_filter ] --END-- [ RunTime:0.000000s ]
NOTIC: [8] Undefined variable: config F:\web\12xin\shop\Runtime\Cache\Shop\443a66622bd99fc10f62d5fb4afa7a18.php 第 7 行.
INFO: Run Behavior\ParseTemplateBehavior [ RunTime:0.012001s ]
INFO: [ view_parse ] --END-- [ RunTime:0.012001s ]
INFO: [ view_filter ] --START--
INFO: Run Behavior\WriteHtmlCacheBehavior [ RunTime:0.001000s ]
INFO: [ view_filter ] --END-- [ RunTime:0.001000s ]
INFO: [ app_end ] --START--
INFO: Run Behavior\ShowPageTraceBehavior [ RunTime:0.001000s ]
INFO: [ app_end ] --END-- [ RunTime:0.001000s ]

[ 2020-12-28T18:04:00+08:00 ] 127.0.0.1 /Shop/Member/verify.html
INFO: [ app_init ] --START--
INFO: Run Behavior\BuildLiteBehavior [ RunTime:0.000000s ]
INFO: [ app_init ] --END-- [ RunTime:0.000000s ]
INFO: [ app_begin ] --START--
INFO: Run Behavior\ReadHtmlCacheBehavior [ RunTime:0.001000s ]
INFO: Run Common\Behavior\CheckLangBehavior [ RunTime:0.001000s ]
INFO: [ app_begin ] --END-- [ RunTime:0.002000s ]
SQL: SHOW COLUMNS FROM `ysk_config` [ RunTime:0.0070s ]
SQL: SELECT `value`,`tip` FROM `ysk_config` WHERE `name` = 'TOGGLE_WEB_SITE' LIMIT 1   [ RunTime:0.0000s ]
SQL: SELECT `value`,`tip` FROM `ysk_config` WHERE `name` = 'TOGGLE_MALL_SITE' LIMIT 1   [ RunTime:0.0010s ]
SQL: SHOW COLUMNS FROM `ysk_user` [ RunTime:0.0070s ]
SQL: SELECT * FROM `ysk_user` WHERE `userid` = 8803 LIMIT 1   [ RunTime:0.0010s ]
INFO: [ view_parse ] --START--
INFO: [ template_filter ] --START--
INFO: Run Behavior\ContentReplaceBehavior [ RunTime:0.001001s ]
INFO: [ template_filter ] --END-- [ RunTime:0.001001s ]
SQL: SHOW COLUMNS FROM `ysk_config` [ RunTime:0.0060s ]
SQL: SELECT * FROM `ysk_config` WHERE `id` = 15 LIMIT 1   [ RunTime:0.0000s ]
INFO: Run Behavior\ParseTemplateBehavior [ RunTime:0.014001s ]
INFO: [ view_parse ] --END-- [ RunTime:0.014001s ]
INFO: [ view_filter ] --START--
INFO: Run Behavior\WriteHtmlCacheBehavior [ RunTime:0.001000s ]
INFO: [ view_filter ] --END-- [ RunTime:0.001000s ]
INFO: [ app_end ] --START--
INFO: Run Behavior\ShowPageTraceBehavior [ RunTime:0.000000s ]
INFO: [ app_end ] --END-- [ RunTime:0.001000s ]

[ 2020-12-28T18:04:03+08:00 ] 127.0.0.1 /Shop/member/mine.html
INFO: [ app_init ] --START--
INFO: Run Behavior\BuildLiteBehavior [ RunTime:0.000000s ]
INFO: [ app_init ] --END-- [ RunTime:0.000000s ]
INFO: [ app_begin ] --START--
INFO: Run Behavior\ReadHtmlCacheBehavior [ RunTime:0.001000s ]
INFO: Run Common\Behavior\CheckLangBehavior [ RunTime:0.003000s ]
INFO: [ app_begin ] --END-- [ RunTime:0.004000s ]
SQL: SHOW COLUMNS FROM `ysk_config` [ RunTime:0.0080s ]
SQL: SELECT `value`,`tip` FROM `ysk_config` WHERE `name` = 'TOGGLE_WEB_SITE' LIMIT 1   [ RunTime:0.0000s ]
SQL: SELECT `value`,`tip` FROM `ysk_config` WHERE `name` = 'TOGGLE_MALL_SITE' LIMIT 1   [ RunTime:0.0010s ]
SQL: SHOW COLUMNS FROM `ysk_collect` [ RunTime:0.0070s ]
SQL: SELECT COUNT(*) AS tp_count FROM `ysk_collect` WHERE `uid` = 8803 LIMIT 1   [ RunTime:0.0000s ]
SQL: SHOW COLUMNS FROM `ysk_verify_list` [ RunTime:0.0040s ]
SQL: SELECT * FROM `ysk_verify_list` WHERE `uid` = 8803 LIMIT 1   [ RunTime:0.0000s ]
SQL: SHOW COLUMNS FROM `ysk_user` [ RunTime:0.0060s ]
SQL: SELECT * FROM `ysk_user` WHERE `userid` = 8803 LIMIT 1   [ RunTime:0.0000s ]
SQL: SHOW COLUMNS FROM `ysk_store` [ RunTime:0.0040s ]
SQL: SELECT * FROM `ysk_store` WHERE `uid` = 8803 LIMIT 1   [ RunTime:0.0000s ]
INFO: [ view_parse ] --START--
INFO: [ template_filter ] --START--
INFO: Run Behavior\ContentReplaceBehavior [ RunTime:0.000000s ]
INFO: [ template_filter ] --END-- [ RunTime:0.000000s ]
NOTIC: [8] Undefined variable: config F:\web\12xin\shop\Runtime\Cache\Shop\443a66622bd99fc10f62d5fb4afa7a18.php 第 7 行.
INFO: Run Behavior\ParseTemplateBehavior [ RunTime:0.012001s ]
INFO: [ view_parse ] --END-- [ RunTime:0.012001s ]
INFO: [ view_filter ] --START--
INFO: Run Behavior\WriteHtmlCacheBehavior [ RunTime:0.001000s ]
INFO: [ view_filter ] --END-- [ RunTime:0.001000s ]
INFO: [ app_end ] --START--
INFO: Run Behavior\ShowPageTraceBehavior [ RunTime:0.001000s ]
INFO: [ app_end ] --END-- [ RunTime:0.001000s ]

[ 2020-12-28T18:04:24+08:00 ] 127.0.0.1 /Shop/member/mine.html
INFO: [ app_init ] --START--
INFO: Run Behavior\BuildLiteBehavior [ RunTime:0.000000s ]
INFO: [ app_init ] --END-- [ RunTime:0.000000s ]
INFO: [ app_begin ] --START--
INFO: Run Behavior\ReadHtmlCacheBehavior [ RunTime:0.000000s ]
INFO: Run Common\Behavior\CheckLangBehavior [ RunTime:0.001000s ]
INFO: [ app_begin ] --END-- [ RunTime:0.003000s ]
SQL: SHOW COLUMNS FROM `ysk_config` [ RunTime:0.0060s ]
SQL: SELECT `value`,`tip` FROM `ysk_config` WHERE `name` = 'TOGGLE_WEB_SITE' LIMIT 1   [ RunTime:0.0000s ]
SQL: SELECT `value`,`tip` FROM `ysk_config` WHERE `name` = 'TOGGLE_MALL_SITE' LIMIT 1   [ RunTime:0.0010s ]
SQL: SHOW COLUMNS FROM `ysk_collect` [ RunTime:0.0060s ]
SQL: SELECT COUNT(*) AS tp_count FROM `ysk_collect` WHERE `uid` = 8803 LIMIT 1   [ RunTime:0.0010s ]
SQL: SHOW COLUMNS FROM `ysk_verify_list` [ RunTime:0.0070s ]
SQL: SELECT * FROM `ysk_verify_list` WHERE `uid` = 8803 LIMIT 1   [ RunTime:0.0000s ]
SQL: SHOW COLUMNS FROM `ysk_user` [ RunTime:0.0080s ]
SQL: SELECT * FROM `ysk_user` WHERE `userid` = 8803 LIMIT 1   [ RunTime:0.0010s ]
SQL: SHOW COLUMNS FROM `ysk_store` [ RunTime:0.0040s ]
SQL: SELECT * FROM `ysk_store` WHERE `uid` = 8803 LIMIT 1   [ RunTime:0.0000s ]
INFO: [ view_parse ] --START--
INFO: [ template_filter ] --START--
INFO: Run Behavior\ContentReplaceBehavior [ RunTime:0.001000s ]
INFO: [ template_filter ] --END-- [ RunTime:0.001000s ]
NOTIC: [8] Undefined variable: config F:\web\12xin\shop\Runtime\Cache\Shop\443a66622bd99fc10f62d5fb4afa7a18.php 第 7 行.
INFO: Run Behavior\ParseTemplateBehavior [ RunTime:0.012000s ]
INFO: [ view_parse ] --END-- [ RunTime:0.012000s ]
INFO: [ view_filter ] --START--
INFO: Run Behavior\WriteHtmlCacheBehavior [ RunTime:0.000000s ]
INFO: [ view_filter ] --END-- [ RunTime:0.000000s ]
INFO: [ app_end ] --START--
INFO: Run Behavior\ShowPageTraceBehavior [ RunTime:0.001000s ]
INFO: [ app_end ] --END-- [ RunTime:0.001000s ]

[ 2020-12-28T18:04:26+08:00 ] 127.0.0.1 /Shop/member/mine.html
INFO: [ app_init ] --START--
INFO: Run Behavior\BuildLiteBehavior [ RunTime:0.000000s ]
INFO: [ app_init ] --END-- [ RunTime:0.001000s ]
INFO: [ app_begin ] --START--
INFO: Run Behavior\ReadHtmlCacheBehavior [ RunTime:0.001000s ]
INFO: Run Common\Behavior\CheckLangBehavior [ RunTime:0.001000s ]
INFO: [ app_begin ] --END-- [ RunTime:0.002000s ]
SQL: SHOW COLUMNS FROM `ysk_config` [ RunTime:0.0060s ]
SQL: SELECT `value`,`tip` FROM `ysk_config` WHERE `name` = 'TOGGLE_WEB_SITE' LIMIT 1   [ RunTime:0.0000s ]
SQL: SELECT `value`,`tip` FROM `ysk_config` WHERE `name` = 'TOGGLE_MALL_SITE' LIMIT 1   [ RunTime:0.0000s ]
SQL: SHOW COLUMNS FROM `ysk_collect` [ RunTime:0.0040s ]
SQL: SELECT COUNT(*) AS tp_count FROM `ysk_collect` WHERE `uid` = 8803 LIMIT 1   [ RunTime:0.0000s ]
SQL: SHOW COLUMNS FROM `ysk_verify_list` [ RunTime:0.0040s ]
SQL: SELECT * FROM `ysk_verify_list` WHERE `uid` = 8803 LIMIT 1   [ RunTime:0.0000s ]
SQL: SHOW COLUMNS FROM `ysk_user` [ RunTime:0.0070s ]
SQL: SELECT * FROM `ysk_user` WHERE `userid` = 8803 LIMIT 1   [ RunTime:0.0000s ]
SQL: SHOW COLUMNS FROM `ysk_store` [ RunTime:0.0040s ]
SQL: SELECT * FROM `ysk_store` WHERE `uid` = 8803 LIMIT 1   [ RunTime:0.0000s ]
INFO: [ view_parse ] --START--
INFO: [ template_filter ] --START--
INFO: Run Behavior\ContentReplaceBehavior [ RunTime:0.000000s ]
INFO: [ template_filter ] --END-- [ RunTime:0.000000s ]
NOTIC: [8] Undefined variable: config F:\web\12xin\shop\Runtime\Cache\Shop\443a66622bd99fc10f62d5fb4afa7a18.php 第 7 行.
INFO: Run Behavior\ParseTemplateBehavior [ RunTime:0.015001s ]
INFO: [ view_parse ] --END-- [ RunTime:0.015001s ]
INFO: [ view_filter ] --START--
INFO: Run Behavior\WriteHtmlCacheBehavior [ RunTime:0.000000s ]
INFO: [ view_filter ] --END-- [ RunTime:0.000000s ]
INFO: [ app_end ] --START--
INFO: Run Behavior\ShowPageTraceBehavior [ RunTime:0.001000s ]
INFO: [ app_end ] --END-- [ RunTime:0.001000s ]

[ 2020-12-28T18:08:20+08:00 ] 127.0.0.1 /Shop/member/mine.html
INFO: [ app_init ] --START--
INFO: Run Behavior\BuildLiteBehavior [ RunTime:0.000000s ]
INFO: [ app_init ] --END-- [ RunTime:0.000000s ]
INFO: [ app_begin ] --START--
INFO: Run Behavior\ReadHtmlCacheBehavior [ RunTime:0.001000s ]
INFO: Run Common\Behavior\CheckLangBehavior [ RunTime:0.003001s ]
INFO: [ app_begin ] --END-- [ RunTime:0.004001s ]
SQL: SHOW COLUMNS FROM `ysk_config` [ RunTime:0.0070s ]
SQL: SELECT `value`,`tip` FROM `ysk_config` WHERE `name` = 'TOGGLE_WEB_SITE' LIMIT 1   [ RunTime:0.0000s ]
SQL: SELECT `value`,`tip` FROM `ysk_config` WHERE `name` = 'TOGGLE_MALL_SITE' LIMIT 1   [ RunTime:0.0010s ]
SQL: SHOW COLUMNS FROM `ysk_collect` [ RunTime:0.0040s ]
SQL: SELECT COUNT(*) AS tp_count FROM `ysk_collect` WHERE `uid` = 8803 LIMIT 1   [ RunTime:0.0000s ]
SQL: SHOW COLUMNS FROM `ysk_verify_list` [ RunTime:0.0050s ]
SQL: SELECT * FROM `ysk_verify_list` WHERE `uid` = 8803 LIMIT 1   [ RunTime:0.0000s ]
SQL: SHOW COLUMNS FROM `ysk_user` [ RunTime:0.0070s ]
SQL: SELECT * FROM `ysk_user` WHERE `userid` = 8803 LIMIT 1   [ RunTime:0.0010s ]
SQL: SHOW COLUMNS FROM `ysk_store` [ RunTime:0.0040s ]
SQL: SELECT * FROM `ysk_store` WHERE `uid` = 8803 LIMIT 1   [ RunTime:0.0010s ]
INFO: [ view_parse ] --START--
INFO: [ template_filter ] --START--
INFO: Run Behavior\ContentReplaceBehavior [ RunTime:0.000000s ]
INFO: [ template_filter ] --END-- [ RunTime:0.000000s ]
NOTIC: [8] Undefined variable: config F:\web\12xin\shop\Runtime\Cache\Shop\443a66622bd99fc10f62d5fb4afa7a18.php 第 7 行.
INFO: Run Behavior\ParseTemplateBehavior [ RunTime:0.013001s ]
INFO: [ view_parse ] --END-- [ RunTime:0.013001s ]
INFO: [ view_filter ] --START--
INFO: Run Behavior\WriteHtmlCacheBehavior [ RunTime:0.000000s ]
INFO: [ view_filter ] --END-- [ RunTime:0.000000s ]
INFO: [ app_end ] --START--
INFO: Run Behavior\ShowPageTraceBehavior [ RunTime:0.001000s ]
INFO: [ app_end ] --END-- [ RunTime:0.001000s ]

[ 2020-12-28T18:08:22+08:00 ] 127.0.0.1 /Shop/member/mine.html
INFO: [ app_init ] --START--
INFO: Run Behavior\BuildLiteBehavior [ RunTime:0.000000s ]
INFO: [ app_init ] --END-- [ RunTime:0.001000s ]
INFO: [ app_begin ] --START--
INFO: Run Behavior\ReadHtmlCacheBehavior [ RunTime:0.002000s ]
INFO: Run Common\Behavior\CheckLangBehavior [ RunTime:0.003000s ]
INFO: [ app_begin ] --END-- [ RunTime:0.005000s ]
SQL: SHOW COLUMNS FROM `ysk_config` [ RunTime:0.0090s ]
SQL: SELECT `value`,`tip` FROM `ysk_config` WHERE `name` = 'TOGGLE_WEB_SITE' LIMIT 1   [ RunTime:0.0000s ]
SQL: SELECT `value`,`tip` FROM `ysk_config` WHERE `name` = 'TOGGLE_MALL_SITE' LIMIT 1   [ RunTime:0.0000s ]
SQL: SHOW COLUMNS FROM `ysk_collect` [ RunTime:0.0050s ]
SQL: SELECT COUNT(*) AS tp_count FROM `ysk_collect` WHERE `uid` = 8803 LIMIT 1   [ RunTime:0.0000s ]
SQL: SHOW COLUMNS FROM `ysk_verify_list` [ RunTime:0.0050s ]
SQL: SELECT * FROM `ysk_verify_list` WHERE `uid` = 8803 LIMIT 1   [ RunTime:0.0000s ]
SQL: SHOW COLUMNS FROM `ysk_user` [ RunTime:0.0050s ]
SQL: SELECT * FROM `ysk_user` WHERE `userid` = 8803 LIMIT 1   [ RunTime:0.0000s ]
SQL: SHOW COLUMNS FROM `ysk_store` [ RunTime:0.0040s ]
SQL: SELECT * FROM `ysk_store` WHERE `uid` = 8803 LIMIT 1   [ RunTime:0.0000s ]
INFO: [ view_parse ] --START--
INFO: [ template_filter ] --START--
INFO: Run Behavior\ContentReplaceBehavior [ RunTime:0.000000s ]
INFO: [ template_filter ] --END-- [ RunTime:0.000000s ]
NOTIC: [8] Undefined variable: config F:\web\12xin\shop\Runtime\Cache\Shop\443a66622bd99fc10f62d5fb4afa7a18.php 第 7 行.
INFO: Run Behavior\ParseTemplateBehavior [ RunTime:0.011000s ]
INFO: [ view_parse ] --END-- [ RunTime:0.011000s ]
INFO: [ view_filter ] --START--
INFO: Run Behavior\WriteHtmlCacheBehavior [ RunTime:0.000000s ]
INFO: [ view_filter ] --END-- [ RunTime:0.000000s ]
INFO: [ app_end ] --START--
INFO: Run Behavior\ShowPageTraceBehavior [ RunTime:0.001000s ]
INFO: [ app_end ] --END-- [ RunTime:0.001000s ]

[ 2020-12-28T18:09:42+08:00 ] 127.0.0.1 /Shop/member/mine.html
INFO: [ app_init ] --START--
INFO: Run Behavior\BuildLiteBehavior [ RunTime:0.000000s ]
INFO: [ app_init ] --END-- [ RunTime:0.000000s ]
INFO: [ app_begin ] --START--
INFO: Run Behavior\ReadHtmlCacheBehavior [ RunTime:0.001000s ]
INFO: Run Common\Behavior\CheckLangBehavior [ RunTime:0.003001s ]
INFO: [ app_begin ] --END-- [ RunTime:0.005001s ]
SQL: SHOW COLUMNS FROM `ysk_config` [ RunTime:0.0050s ]
SQL: SELECT `value`,`tip` FROM `ysk_config` WHERE `name` = 'TOGGLE_WEB_SITE' LIMIT 1   [ RunTime:0.0000s ]
SQL: SELECT `value`,`tip` FROM `ysk_config` WHERE `name` = 'TOGGLE_MALL_SITE' LIMIT 1   [ RunTime:0.0010s ]
SQL: SHOW COLUMNS FROM `ysk_collect` [ RunTime:0.0060s ]
SQL: SELECT COUNT(*) AS tp_count FROM `ysk_collect` WHERE `uid` = 8803 LIMIT 1   [ RunTime:0.0000s ]
SQL: SHOW COLUMNS FROM `ysk_verify_list` [ RunTime:0.0050s ]
SQL: SELECT * FROM `ysk_verify_list` WHERE `uid` = 8803 LIMIT 1   [ RunTime:0.0000s ]
SQL: SHOW COLUMNS FROM `ysk_user` [ RunTime:0.0050s ]
SQL: SELECT * FROM `ysk_user` WHERE `userid` = 8803 LIMIT 1   [ RunTime:0.0010s ]
SQL: SHOW COLUMNS FROM `ysk_store` [ RunTime:0.0040s ]
SQL: SELECT * FROM `ysk_store` WHERE `uid` = 8803 LIMIT 1   [ RunTime:0.0000s ]
INFO: [ view_parse ] --START--
INFO: [ template_filter ] --START--
INFO: Run Behavior\ContentReplaceBehavior [ RunTime:0.000000s ]
INFO: [ template_filter ] --END-- [ RunTime:0.000000s ]
NOTIC: [8] Undefined variable: config F:\web\12xin\shop\Runtime\Cache\Shop\443a66622bd99fc10f62d5fb4afa7a18.php 第 7 行.
INFO: Run Behavior\ParseTemplateBehavior [ RunTime:0.013001s ]
INFO: [ view_parse ] --END-- [ RunTime:0.013001s ]
INFO: [ view_filter ] --START--
INFO: Run Behavior\WriteHtmlCacheBehavior [ RunTime:0.001000s ]
INFO: [ view_filter ] --END-- [ RunTime:0.001000s ]
INFO: [ app_end ] --START--
INFO: Run Behavior\ShowPageTraceBehavior [ RunTime:0.001000s ]
INFO: [ app_end ] --END-- [ RunTime:0.001000s ]

[ 2020-12-28T18:09:44+08:00 ] 127.0.0.1 /Shop/member/mine.html
INFO: [ app_init ] --START--
INFO: Run Behavior\BuildLiteBehavior [ RunTime:0.000000s ]
INFO: [ app_init ] --END-- [ RunTime:0.000000s ]
INFO: [ app_begin ] --START--
INFO: Run Behavior\ReadHtmlCacheBehavior [ RunTime:0.001000s ]
INFO: Run Common\Behavior\CheckLangBehavior [ RunTime:0.002001s ]
INFO: [ app_begin ] --END-- [ RunTime:0.003001s ]
SQL: SHOW COLUMNS FROM `ysk_config` [ RunTime:0.0060s ]
SQL: SELECT `value`,`tip` FROM `ysk_config` WHERE `name` = 'TOGGLE_WEB_SITE' LIMIT 1   [ RunTime:0.0000s ]
SQL: SELECT `value`,`tip` FROM `ysk_config` WHERE `name` = 'TOGGLE_MALL_SITE' LIMIT 1   [ RunTime:0.0010s ]
SQL: SHOW COLUMNS FROM `ysk_collect` [ RunTime:0.0050s ]
SQL: SELECT COUNT(*) AS tp_count FROM `ysk_collect` WHERE `uid` = 8803 LIMIT 1   [ RunTime:0.0000s ]
SQL: SHOW COLUMNS FROM `ysk_verify_list` [ RunTime:0.0050s ]
SQL: SELECT * FROM `ysk_verify_list` WHERE `uid` = 8803 LIMIT 1   [ RunTime:0.0000s ]
SQL: SHOW COLUMNS FROM `ysk_user` [ RunTime:0.0080s ]
SQL: SELECT * FROM `ysk_user` WHERE `userid` = 8803 LIMIT 1   [ RunTime:0.0010s ]
SQL: SHOW COLUMNS FROM `ysk_store` [ RunTime:0.0050s ]
SQL: SELECT * FROM `ysk_store` WHERE `uid` = 8803 LIMIT 1   [ RunTime:0.0000s ]
INFO: [ view_parse ] --START--
INFO: [ template_filter ] --START--
INFO: Run Behavior\ContentReplaceBehavior [ RunTime:0.000000s ]
INFO: [ template_filter ] --END-- [ RunTime:0.000000s ]
NOTIC: [8] Undefined variable: config F:\web\12xin\shop\Runtime\Cache\Shop\443a66622bd99fc10f62d5fb4afa7a18.php 第 7 行.
INFO: Run Behavior\ParseTemplateBehavior [ RunTime:0.011001s ]
INFO: [ view_parse ] --END-- [ RunTime:0.012001s ]
INFO: [ view_filter ] --START--
INFO: Run Behavior\WriteHtmlCacheBehavior [ RunTime:0.000000s ]
INFO: [ view_filter ] --END-- [ RunTime:0.000000s ]
INFO: [ app_end ] --START--
INFO: Run Behavior\ShowPageTraceBehavior [ RunTime:0.001000s ]
INFO: [ app_end ] --END-- [ RunTime:0.001000s ]

[ 2020-12-28T18:10:09+08:00 ] 127.0.0.1 /Shop/member/mine.html
INFO: [ app_init ] --START--
INFO: Run Behavior\BuildLiteBehavior [ RunTime:0.000000s ]
INFO: [ app_init ] --END-- [ RunTime:0.000000s ]
INFO: [ app_begin ] --START--
INFO: Run Behavior\ReadHtmlCacheBehavior [ RunTime:0.001000s ]
INFO: Run Common\Behavior\CheckLangBehavior [ RunTime:0.002000s ]
INFO: [ app_begin ] --END-- [ RunTime:0.003000s ]
SQL: SHOW COLUMNS FROM `ysk_config` [ RunTime:0.0040s ]
SQL: SELECT `value`,`tip` FROM `ysk_config` WHERE `name` = 'TOGGLE_WEB_SITE' LIMIT 1   [ RunTime:0.0000s ]
SQL: SELECT `value`,`tip` FROM `ysk_config` WHERE `name` = 'TOGGLE_MALL_SITE' LIMIT 1   [ RunTime:0.0000s ]
SQL: SHOW COLUMNS FROM `ysk_collect` [ RunTime:0.0050s ]
SQL: SELECT COUNT(*) AS tp_count FROM `ysk_collect` WHERE `uid` = 8803 LIMIT 1   [ RunTime:0.0000s ]
SQL: SHOW COLUMNS FROM `ysk_verify_list` [ RunTime:0.0050s ]
SQL: SELECT * FROM `ysk_verify_list` WHERE `uid` = 8803 LIMIT 1   [ RunTime:0.0000s ]
SQL: SHOW COLUMNS FROM `ysk_user` [ RunTime:0.0050s ]
SQL: SELECT * FROM `ysk_user` WHERE `userid` = 8803 LIMIT 1   [ RunTime:0.0000s ]
SQL: SHOW COLUMNS FROM `ysk_store` [ RunTime:0.0060s ]
SQL: SELECT * FROM `ysk_store` WHERE `uid` = 8803 LIMIT 1   [ RunTime:0.0000s ]
INFO: [ view_parse ] --START--
INFO: [ template_filter ] --START--
INFO: Run Behavior\ContentReplaceBehavior [ RunTime:0.000000s ]
INFO: [ template_filter ] --END-- [ RunTime:0.000000s ]
NOTIC: [8] Undefined variable: config F:\web\12xin\shop\Runtime\Cache\Shop\443a66622bd99fc10f62d5fb4afa7a18.php 第 7 行.
INFO: Run Behavior\ParseTemplateBehavior [ RunTime:0.011001s ]
INFO: [ view_parse ] --END-- [ RunTime:0.011001s ]
INFO: [ view_filter ] --START--
INFO: Run Behavior\WriteHtmlCacheBehavior [ RunTime:0.000000s ]
INFO: [ view_filter ] --END-- [ RunTime:0.000000s ]
INFO: [ app_end ] --START--
INFO: Run Behavior\ShowPageTraceBehavior [ RunTime:0.001000s ]
INFO: [ app_end ] --END-- [ RunTime:0.001000s ]

[ 2020-12-28T18:10:13+08:00 ] 127.0.0.1 /Shop/member/mine.html
INFO: [ app_init ] --START--
INFO: Run Behavior\BuildLiteBehavior [ RunTime:0.000000s ]
INFO: [ app_init ] --END-- [ RunTime:0.000000s ]
INFO: [ app_begin ] --START--
INFO: Run Behavior\ReadHtmlCacheBehavior [ RunTime:0.001000s ]
INFO: Run Common\Behavior\CheckLangBehavior [ RunTime:0.002000s ]
INFO: [ app_begin ] --END-- [ RunTime:0.003000s ]
SQL: SHOW COLUMNS FROM `ysk_config` [ RunTime:0.0050s ]
SQL: SELECT `value`,`tip` FROM `ysk_config` WHERE `name` = 'TOGGLE_WEB_SITE' LIMIT 1   [ RunTime:0.0000s ]
SQL: SELECT `value`,`tip` FROM `ysk_config` WHERE `name` = 'TOGGLE_MALL_SITE' LIMIT 1   [ RunTime:0.0000s ]
SQL: SHOW COLUMNS FROM `ysk_collect` [ RunTime:0.0040s ]
SQL: SELECT COUNT(*) AS tp_count FROM `ysk_collect` WHERE `uid` = 8803 LIMIT 1   [ RunTime:0.0000s ]
SQL: SHOW COLUMNS FROM `ysk_verify_list` [ RunTime:0.0050s ]
SQL: SELECT * FROM `ysk_verify_list` WHERE `uid` = 8803 LIMIT 1   [ RunTime:0.0010s ]
SQL: SHOW COLUMNS FROM `ysk_user` [ RunTime:0.0060s ]
SQL: SELECT * FROM `ysk_user` WHERE `userid` = 8803 LIMIT 1   [ RunTime:0.0000s ]
SQL: SHOW COLUMNS FROM `ysk_store` [ RunTime:0.0040s ]
SQL: SELECT * FROM `ysk_store` WHERE `uid` = 8803 LIMIT 1   [ RunTime:0.0000s ]
INFO: [ view_parse ] --START--
INFO: [ template_filter ] --START--
INFO: Run Behavior\ContentReplaceBehavior [ RunTime:0.000000s ]
INFO: [ template_filter ] --END-- [ RunTime:0.000000s ]
NOTIC: [8] Undefined variable: config F:\web\12xin\shop\Runtime\Cache\Shop\443a66622bd99fc10f62d5fb4afa7a18.php 第 7 行.
INFO: Run Behavior\ParseTemplateBehavior [ RunTime:0.011001s ]
INFO: [ view_parse ] --END-- [ RunTime:0.011001s ]
INFO: [ view_filter ] --START--
INFO: Run Behavior\WriteHtmlCacheBehavior [ RunTime:0.001000s ]
INFO: [ view_filter ] --END-- [ RunTime:0.001000s ]
INFO: [ app_end ] --START--
INFO: Run Behavior\ShowPageTraceBehavior [ RunTime:0.000000s ]
INFO: [ app_end ] --END-- [ RunTime:0.000000s ]

[ 2020-12-28T18:10:19+08:00 ] 127.0.0.1 /Shop/Member/Mineorders.html
INFO: [ app_init ] --START--
INFO: Run Behavior\BuildLiteBehavior [ RunTime:0.000000s ]
INFO: [ app_init ] --END-- [ RunTime:0.000000s ]
INFO: [ app_begin ] --START--
INFO: Run Behavior\ReadHtmlCacheBehavior [ RunTime:0.001000s ]
INFO: Run Common\Behavior\CheckLangBehavior [ RunTime:0.001000s ]
INFO: [ app_begin ] --END-- [ RunTime:0.002000s ]
SQL: SHOW COLUMNS FROM `ysk_config` [ RunTime:0.0060s ]
SQL: SELECT `value`,`tip` FROM `ysk_config` WHERE `name` = 'TOGGLE_WEB_SITE' LIMIT 1   [ RunTime:0.0000s ]
SQL: SELECT `value`,`tip` FROM `ysk_config` WHERE `name` = 'TOGGLE_MALL_SITE' LIMIT 1   [ RunTime:0.0010s ]
SQL: SHOW COLUMNS FROM `ysk_user` [ RunTime:0.0100s ]
SQL: SHOW COLUMNS FROM `ysk_order_detail` [ RunTime:0.0070s ]
SQL: SHOW COLUMNS FROM `ysk_order` [ RunTime:0.0050s ]
SQL: SELECT * FROM `ysk_order` WHERE `order_sellerid` = 8803  [ RunTime:0.0000s ]
INFO: [ view_parse ] --START--
INFO: [ template_filter ] --START--
INFO: Run Behavior\ContentReplaceBehavior [ RunTime:0.001000s ]
INFO: [ template_filter ] --END-- [ RunTime:0.001000s ]
NOTIC: [8] Undefined variable: config F:\web\12xin\shop\Runtime\Cache\Shop\0a2e0d254a47b95e7d99551ca1ab4f2d.php 第 5 行.
INFO: Run Behavior\ParseTemplateBehavior [ RunTime:0.013001s ]
INFO: [ view_parse ] --END-- [ RunTime:0.013001s ]
INFO: [ view_filter ] --START--
INFO: Run Behavior\WriteHtmlCacheBehavior [ RunTime:0.000000s ]
INFO: [ view_filter ] --END-- [ RunTime:0.000000s ]
INFO: [ app_end ] --START--
INFO: Run Behavior\ShowPageTraceBehavior [ RunTime:0.001000s ]
INFO: [ app_end ] --END-- [ RunTime:0.001000s ]

[ 2020-12-28T18:10:20+08:00 ] 127.0.0.1 /shop/member/mine.html
INFO: [ app_init ] --START--
INFO: Run Behavior\BuildLiteBehavior [ RunTime:0.000000s ]
INFO: [ app_init ] --END-- [ RunTime:0.000000s ]
INFO: [ app_begin ] --START--
INFO: Run Behavior\ReadHtmlCacheBehavior [ RunTime:0.001000s ]
INFO: Run Common\Behavior\CheckLangBehavior [ RunTime:0.002000s ]
INFO: [ app_begin ] --END-- [ RunTime:0.003000s ]
SQL: SHOW COLUMNS FROM `ysk_config` [ RunTime:0.0100s ]
SQL: SELECT `value`,`tip` FROM `ysk_config` WHERE `name` = 'TOGGLE_WEB_SITE' LIMIT 1   [ RunTime:0.0010s ]
SQL: SELECT `value`,`tip` FROM `ysk_config` WHERE `name` = 'TOGGLE_MALL_SITE' LIMIT 1   [ RunTime:0.0010s ]
SQL: SHOW COLUMNS FROM `ysk_collect` [ RunTime:0.0070s ]
SQL: SELECT COUNT(*) AS tp_count FROM `ysk_collect` WHERE `uid` = 8803 LIMIT 1   [ RunTime:0.0010s ]
SQL: SHOW COLUMNS FROM `ysk_verify_list` [ RunTime:0.0070s ]
SQL: SELECT * FROM `ysk_verify_list` WHERE `uid` = 8803 LIMIT 1   [ RunTime:0.0000s ]
SQL: SHOW COLUMNS FROM `ysk_user` [ RunTime:0.0090s ]
SQL: SELECT * FROM `ysk_user` WHERE `userid` = 8803 LIMIT 1   [ RunTime:0.0000s ]
SQL: SHOW COLUMNS FROM `ysk_store` [ RunTime:0.0050s ]
SQL: SELECT * FROM `ysk_store` WHERE `uid` = 8803 LIMIT 1   [ RunTime:0.0010s ]
INFO: [ view_parse ] --START--
INFO: [ template_filter ] --START--
INFO: Run Behavior\ContentReplaceBehavior [ RunTime:0.001000s ]
INFO: [ template_filter ] --END-- [ RunTime:0.001000s ]
NOTIC: [8] Undefined variable: config F:\web\12xin\shop\Runtime\Cache\Shop\443a66622bd99fc10f62d5fb4afa7a18.php 第 7 行.
INFO: Run Behavior\ParseTemplateBehavior [ RunTime:0.013001s ]
INFO: [ view_parse ] --END-- [ RunTime:0.013001s ]
INFO: [ view_filter ] --START--
INFO: Run Behavior\WriteHtmlCacheBehavior [ RunTime:0.000000s ]
INFO: [ view_filter ] --END-- [ RunTime:0.000000s ]
INFO: [ app_end ] --START--
INFO: Run Behavior\ShowPageTraceBehavior [ RunTime:0.001000s ]
INFO: [ app_end ] --END-- [ RunTime:0.001000s ]

[ 2020-12-28T18:12:07+08:00 ] 127.0.0.1 /shop/member/mine.html
INFO: [ app_init ] --START--
INFO: Run Behavior\BuildLiteBehavior [ RunTime:0.000000s ]
INFO: [ app_init ] --END-- [ RunTime:0.000000s ]
INFO: [ app_begin ] --START--
INFO: Run Behavior\ReadHtmlCacheBehavior [ RunTime:0.001000s ]
INFO: Run Common\Behavior\CheckLangBehavior [ RunTime:0.002000s ]
INFO: [ app_begin ] --END-- [ RunTime:0.003000s ]
SQL: SHOW COLUMNS FROM `ysk_config` [ RunTime:0.0050s ]
SQL: SELECT `value`,`tip` FROM `ysk_config` WHERE `name` = 'TOGGLE_WEB_SITE' LIMIT 1   [ RunTime:0.0000s ]
SQL: SELECT `value`,`tip` FROM `ysk_config` WHERE `name` = 'TOGGLE_MALL_SITE' LIMIT 1   [ RunTime:0.0000s ]
SQL: SHOW COLUMNS FROM `ysk_collect` [ RunTime:0.0050s ]
SQL: SELECT COUNT(*) AS tp_count FROM `ysk_collect` WHERE `uid` = 8803 LIMIT 1   [ RunTime:0.0000s ]
SQL: SHOW COLUMNS FROM `ysk_verify_list` [ RunTime:0.0040s ]
SQL: SELECT * FROM `ysk_verify_list` WHERE `uid` = 8803 LIMIT 1   [ RunTime:0.0000s ]
SQL: SHOW COLUMNS FROM `ysk_user` [ RunTime:0.0050s ]
SQL: SELECT * FROM `ysk_user` WHERE `userid` = 8803 LIMIT 1   [ RunTime:0.0000s ]
SQL: SHOW COLUMNS FROM `ysk_store` [ RunTime:0.0040s ]
SQL: SELECT * FROM `ysk_store` WHERE `uid` = 8803 LIMIT 1   [ RunTime:0.0010s ]
INFO: [ view_parse ] --START--
INFO: [ template_filter ] --START--
INFO: Run Behavior\ContentReplaceBehavior [ RunTime:0.000000s ]
INFO: [ template_filter ] --END-- [ RunTime:0.001000s ]
NOTIC: [8] Undefined variable: config F:\web\12xin\shop\Runtime\Cache\Shop\443a66622bd99fc10f62d5fb4afa7a18.php 第 7 行.
INFO: Run Behavior\ParseTemplateBehavior [ RunTime:0.014001s ]
INFO: [ view_parse ] --END-- [ RunTime:0.014001s ]
INFO: [ view_filter ] --START--
INFO: Run Behavior\WriteHtmlCacheBehavior [ RunTime:0.001000s ]
INFO: [ view_filter ] --END-- [ RunTime:0.001000s ]
INFO: [ app_end ] --START--
INFO: Run Behavior\ShowPageTraceBehavior [ RunTime:0.001000s ]
INFO: [ app_end ] --END-- [ RunTime:0.001000s ]

[ 2020-12-28T18:12:14+08:00 ] 127.0.0.1 /Shop/Home/index.html
INFO: [ app_init ] --START--
INFO: Run Behavior\BuildLiteBehavior [ RunTime:0.000000s ]
INFO: [ app_init ] --END-- [ RunTime:0.000000s ]
INFO: [ app_begin ] --START--
INFO: Run Behavior\ReadHtmlCacheBehavior [ RunTime:0.000000s ]
INFO: Run Common\Behavior\CheckLangBehavior [ RunTime:0.001000s ]
INFO: [ app_begin ] --END-- [ RunTime:0.001000s ]
SQL: SHOW COLUMNS FROM `ysk_config` [ RunTime:0.0050s ]
SQL: SELECT `value`,`tip` FROM `ysk_config` WHERE `name` = 'TOGGLE_WEB_SITE' LIMIT 1   [ RunTime:0.0000s ]
SQL: SELECT `value`,`tip` FROM `ysk_config` WHERE `name` = 'TOGGLE_MALL_SITE' LIMIT 1   [ RunTime:0.0010s ]
SQL: SHOW COLUMNS FROM `ysk_product_cate` [ RunTime:0.0040s ]
SQL: SELECT * FROM `ysk_product_cate` WHERE `pid` = 0 ORDER BY sort desc LIMIT 10   [ RunTime:0.0000s ]
SQL: SHOW COLUMNS FROM `ysk_shop_banner` [ RunTime:0.0050s ]
SQL: SELECT * FROM `ysk_shop_banner`  [ RunTime:0.0000s ]
SQL: SHOW COLUMNS FROM `ysk_product_detail` [ RunTime:0.0050s ]
SQL: SELECT * FROM `ysk_product_detail` WHERE `status` = 1 ORDER BY ctime desc LIMIT 5   [ RunTime:0.0000s ]
SQL: SELECT * FROM `ysk_product_detail` WHERE `is_hot` = 1 AND `shangjia` = 0 ORDER BY ctime desc LIMIT 6   [ RunTime:0.0010s ]
SQL: SELECT * FROM `ysk_product_detail` WHERE `is_new` = 1 AND `shangjia` = 0 ORDER BY ctime desc LIMIT 7   [ RunTime:0.0000s ]
SQL: SELECT * FROM `ysk_product_detail` WHERE `status` = 1 ORDER BY ctime asc LIMIT 8   [ RunTime:0.0000s ]
SQL: SELECT * FROM `ysk_product_detail` WHERE `is_tuijian` = 1 AND `shangjia` = 0 ORDER BY ctime desc LIMIT 8   [ RunTime:0.0010s ]
SQL: SHOW COLUMNS FROM `ysk_notice` [ RunTime:0.0040s ]
SQL: SELECT * FROM `ysk_notice` ORDER BY notice_addtime asc  [ RunTime:0.0000s ]
SQL: SHOW COLUMNS FROM `ysk_gerenshangpu` [ RunTime:0.0040s ]
SQL: SELECT * FROM `ysk_gerenshangpu` WHERE `shop_zhuangtai` = 1 AND `id` <> 1 ORDER BY shop_stort asc LIMIT 9   [ RunTime:0.0000s ]
INFO: [ view_parse ] --START--
INFO: [ template_filter ] --START--
INFO: Run Behavior\ContentReplaceBehavior [ RunTime:0.000000s ]
INFO: [ template_filter ] --END-- [ RunTime:0.000000s ]
NOTIC: [8] Undefined variable: config F:\web\12xin\shop\Runtime\Cache\Shop\919d3b05d99b9010c89482cf5b988490.php 第 6 行.
SQL: SELECT * FROM `ysk_gerenshangpu` WHERE `userid` = 0 LIMIT 1   [ RunTime:0.0000s ]
INFO: Run Behavior\ParseTemplateBehavior [ RunTime:0.012000s ]
INFO: [ view_parse ] --END-- [ RunTime:0.012000s ]
INFO: [ view_filter ] --START--
INFO: Run Behavior\WriteHtmlCacheBehavior [ RunTime:0.001000s ]
INFO: [ view_filter ] --END-- [ RunTime:0.001000s ]
INFO: [ app_end ] --START--
INFO: Run Behavior\ShowPageTraceBehavior [ RunTime:0.001000s ]
INFO: [ app_end ] --END-- [ RunTime:0.001000s ]

[ 2020-12-28T18:12:37+08:00 ] 127.0.0.1 /Shop/member/mine.html
INFO: [ app_init ] --START--
INFO: Run Behavior\BuildLiteBehavior [ RunTime:0.000000s ]
INFO: [ app_init ] --END-- [ RunTime:0.000000s ]
INFO: [ app_begin ] --START--
INFO: Run Behavior\ReadHtmlCacheBehavior [ RunTime:0.001000s ]
INFO: Run Common\Behavior\CheckLangBehavior [ RunTime:0.001001s ]
INFO: [ app_begin ] --END-- [ RunTime:0.002001s ]
SQL: SHOW COLUMNS FROM `ysk_config` [ RunTime:0.0050s ]
SQL: SELECT `value`,`tip` FROM `ysk_config` WHERE `name` = 'TOGGLE_WEB_SITE' LIMIT 1   [ RunTime:0.0000s ]
SQL: SELECT `value`,`tip` FROM `ysk_config` WHERE `name` = 'TOGGLE_MALL_SITE' LIMIT 1   [ RunTime:0.0010s ]
SQL: SHOW COLUMNS FROM `ysk_collect` [ RunTime:0.0060s ]
SQL: SELECT COUNT(*) AS tp_count FROM `ysk_collect` WHERE `uid` = 8803 LIMIT 1   [ RunTime:0.0010s ]
SQL: SHOW COLUMNS FROM `ysk_verify_list` [ RunTime:0.0050s ]
SQL: SELECT * FROM `ysk_verify_list` WHERE `uid` = 8803 LIMIT 1   [ RunTime:0.0000s ]
SQL: SHOW COLUMNS FROM `ysk_user` [ RunTime:0.0070s ]
SQL: SELECT * FROM `ysk_user` WHERE `userid` = 8803 LIMIT 1   [ RunTime:0.0010s ]
SQL: SHOW COLUMNS FROM `ysk_store` [ RunTime:0.0050s ]
SQL: SELECT * FROM `ysk_store` WHERE `uid` = 8803 LIMIT 1   [ RunTime:0.0010s ]
INFO: [ view_parse ] --START--
INFO: [ template_filter ] --START--
INFO: Run Behavior\ContentReplaceBehavior [ RunTime:0.000000s ]
INFO: [ template_filter ] --END-- [ RunTime:0.000000s ]
NOTIC: [8] Undefined variable: config F:\web\12xin\shop\Runtime\Cache\Shop\443a66622bd99fc10f62d5fb4afa7a18.php 第 7 行.
INFO: Run Behavior\ParseTemplateBehavior [ RunTime:0.013001s ]
INFO: [ view_parse ] --END-- [ RunTime:0.013001s ]
INFO: [ view_filter ] --START--
INFO: Run Behavior\WriteHtmlCacheBehavior [ RunTime:0.000000s ]
INFO: [ view_filter ] --END-- [ RunTime:0.000000s ]
INFO: [ app_end ] --START--
INFO: Run Behavior\ShowPageTraceBehavior [ RunTime:0.000000s ]
INFO: [ app_end ] --END-- [ RunTime:0.000000s ]

[ 2020-12-28T18:12:47+08:00 ] 127.0.0.1 /Shop/Home/index.html
INFO: [ app_init ] --START--
INFO: Run Behavior\BuildLiteBehavior [ RunTime:0.000000s ]
INFO: [ app_init ] --END-- [ RunTime:0.000000s ]
INFO: [ app_begin ] --START--
INFO: Run Behavior\ReadHtmlCacheBehavior [ RunTime:0.000000s ]
INFO: Run Common\Behavior\CheckLangBehavior [ RunTime:0.002000s ]
INFO: [ app_begin ] --END-- [ RunTime:0.002000s ]
SQL: SHOW COLUMNS FROM `ysk_config` [ RunTime:0.0040s ]
SQL: SELECT `value`,`tip` FROM `ysk_config` WHERE `name` = 'TOGGLE_WEB_SITE' LIMIT 1   [ RunTime:0.0000s ]
SQL: SELECT `value`,`tip` FROM `ysk_config` WHERE `name` = 'TOGGLE_MALL_SITE' LIMIT 1   [ RunTime:0.0010s ]
SQL: SHOW COLUMNS FROM `ysk_product_cate` [ RunTime:0.0040s ]
SQL: SELECT * FROM `ysk_product_cate` WHERE `pid` = 0 ORDER BY sort desc LIMIT 10   [ RunTime:0.0010s ]
SQL: SHOW COLUMNS FROM `ysk_shop_banner` [ RunTime:0.0050s ]
SQL: SELECT * FROM `ysk_shop_banner`  [ RunTime:0.0000s ]
SQL: SHOW COLUMNS FROM `ysk_product_detail` [ RunTime:0.0050s ]
SQL: SELECT * FROM `ysk_product_detail` WHERE `status` = 1 ORDER BY ctime desc LIMIT 5   [ RunTime:0.0010s ]
SQL: SELECT * FROM `ysk_product_detail` WHERE `is_hot` = 1 AND `shangjia` = 0 ORDER BY ctime desc LIMIT 6   [ RunTime:0.0000s ]
SQL: SELECT * FROM `ysk_product_detail` WHERE `is_new` = 1 AND `shangjia` = 0 ORDER BY ctime desc LIMIT 7   [ RunTime:0.0010s ]
SQL: SELECT * FROM `ysk_product_detail` WHERE `status` = 1 ORDER BY ctime asc LIMIT 8   [ RunTime:0.0000s ]
SQL: SELECT * FROM `ysk_product_detail` WHERE `is_tuijian` = 1 AND `shangjia` = 0 ORDER BY ctime desc LIMIT 8   [ RunTime:0.0000s ]
SQL: SHOW COLUMNS FROM `ysk_notice` [ RunTime:0.0040s ]
SQL: SELECT * FROM `ysk_notice` ORDER BY notice_addtime asc  [ RunTime:0.0010s ]
SQL: SHOW COLUMNS FROM `ysk_gerenshangpu` [ RunTime:0.0060s ]
SQL: SELECT * FROM `ysk_gerenshangpu` WHERE `shop_zhuangtai` = 1 AND `id` <> 1 ORDER BY shop_stort asc LIMIT 9   [ RunTime:0.0000s ]
INFO: [ view_parse ] --START--
INFO: [ template_filter ] --START--
INFO: Run Behavior\ContentReplaceBehavior [ RunTime:0.000000s ]
INFO: [ template_filter ] --END-- [ RunTime:0.000000s ]
NOTIC: [8] Undefined variable: config F:\web\12xin\shop\Runtime\Cache\Shop\919d3b05d99b9010c89482cf5b988490.php 第 6 行.
SQL: SELECT * FROM `ysk_gerenshangpu` WHERE `userid` = 0 LIMIT 1   [ RunTime:0.0000s ]
INFO: Run Behavior\ParseTemplateBehavior [ RunTime:0.014001s ]
INFO: [ view_parse ] --END-- [ RunTime:0.014001s ]
INFO: [ view_filter ] --START--
INFO: Run Behavior\WriteHtmlCacheBehavior [ RunTime:0.001000s ]
INFO: [ view_filter ] --END-- [ RunTime:0.001000s ]
INFO: [ app_end ] --START--
INFO: Run Behavior\ShowPageTraceBehavior [ RunTime:0.001000s ]
INFO: [ app_end ] --END-- [ RunTime:0.001000s ]

