[ 2020-12-24T10:05:00+08:00 ] 127.0.0.1 /logo.png
INFO: [ app_init ] --START--
INFO: Run Behavior\BuildLiteBehavior [ RunTime:0.000000s ]
INFO: [ app_init ] --END-- [ RunTime:0.000000s ]

[ 2020-12-24T10:07:00+08:00 ] 127.0.0.1 /Home/Index/index.html
INFO: [ app_init ] --START--
INFO: Run Behavior\BuildLiteBehavior [ RunTime:0.000000s ]
INFO: [ app_init ] --END-- [ RunTime:0.000000s ]
INFO: [ app_begin ] --START--
INFO: Run Behavior\ReadHtmlCacheBehavior [ RunTime:0.000000s ]
INFO: Run Common\Behavior\CheckLangBehavior [ RunTime:0.000977s ]
INFO: [ app_begin ] --END-- [ RunTime:0.000977s ]
SQL: SHOW COLUMNS FROM `ysk_config` [ RunTime:0.0137s ]
SQL: SELECT `value`,`tip` FROM `ysk_config` WHERE `name` = 'TOGGLE_WEB_SITE' LIMIT 1   [ RunTime:0.0068s ]
SQL: SHOW COLUMNS FROM `ysk_user` [ RunTime:0.0039s ]
SQL: SHOW COLUMNS FROM `ysk_user` [ RunTime:0.0039s ]
SQL: SELECT `status`,`session_id` FROM `ysk_user` WHERE `userid` = 8803 LIMIT 1   [ RunTime:0.0010s ]
SQL: SHOW COLUMNS FROM `ysk_record` [ RunTime:0.0127s ]
SQL: SELECT * FROM `ysk_record` WHERE `in_uid` = 8803 AND `is_lin` = 0 AND `record_status` = 4  [ RunTime:0.0117s ]
SQL: SHOW COLUMNS FROM `ysk_config` [ RunTime:0.0029s ]
SQL: SELECT `value` FROM `ysk_config` WHERE `name` = 'zhuanrang_max' LIMIT 1   [ RunTime:0.0000s ]
SQL: SELECT `value` FROM `ysk_config` WHERE `name` = 'zhuanrang_min' LIMIT 1   [ RunTime:0.0000s ]
SQL: SELECT * FROM `ysk_record` WHERE ( `in_uid` = '8803' OR `out_uid` = '8803' ) AND `record_status` = 6 AND `pipeitime` <= 1608768418  [ RunTime:0.0010s ]
SQL: SELECT * FROM `ysk_record` WHERE ( `in_uid` = '8803' OR `out_uid` = '8803' ) AND `record_status` = 7 AND `getmoney_time` <= 1608768418  [ RunTime:0.0000s ]
SQL: SHOW COLUMNS FROM `ysk_yuyue` [ RunTime:0.0088s ]
SQL: SELECT * FROM `ysk_yuyue` WHERE `time` <= 1608739200 AND `status` = 1  [ RunTime:0.0000s ]
SQL: SELECT * FROM `ysk_record` WHERE `record_status` = 2 AND `is_chaoshi_lin` = 1  [ RunTime:0.0000s ]
SQL: SHOW COLUMNS FROM `ysk_user_scroll` [ RunTime:0.0186s ]
SQL: SELECT `id`,`uid`,`scroll_id` FROM `ysk_user_scroll` WHERE `overtime` <= 1608775618  [ RunTime:0.0000s ]
SQL: UPDATE `ysk_user_scroll` SET `status`='0' WHERE `id` = 76 [ RunTime:0.0332s ]
SQL: SHOW COLUMNS FROM `ysk_scroll` [ RunTime:0.0176s ]
SQL: SELECT `active` FROM `ysk_scroll` WHERE `id` = 1 LIMIT 1   [ RunTime:0.0000s ]
SQL: UPDATE `ysk_user_scroll` SET `status`='0' WHERE `id` = 77 [ RunTime:0.0313s ]
SQL: SELECT `active` FROM `ysk_scroll` WHERE `id` = 1 LIMIT 1   [ RunTime:0.0010s ]
SQL: UPDATE `ysk_user_scroll` SET `status`='0' WHERE `id` = 78 [ RunTime:0.0195s ]
SQL: SELECT `active` FROM `ysk_scroll` WHERE `id` = 1 LIMIT 1   [ RunTime:0.0000s ]
SQL: UPDATE `ysk_user_scroll` SET `status`='0' WHERE `id` = 79 [ RunTime:0.0215s ]
SQL: SELECT `active` FROM `ysk_scroll` WHERE `id` = 1 LIMIT 1   [ RunTime:0.0000s ]
SQL: UPDATE `ysk_user_scroll` SET `status`='0' WHERE `id` = 80 [ RunTime:0.0195s ]
SQL: SELECT `active` FROM `ysk_scroll` WHERE `id` = 1 LIMIT 1   [ RunTime:0.0010s ]
SQL: UPDATE `ysk_user_scroll` SET `status`='0' WHERE `id` = 81 [ RunTime:0.0205s ]
SQL: SELECT `active` FROM `ysk_scroll` WHERE `id` = 1 LIMIT 1   [ RunTime:0.0000s ]
SQL: UPDATE `ysk_user_scroll` SET `status`='0' WHERE `id` = 82 [ RunTime:0.0195s ]
SQL: SELECT `active` FROM `ysk_scroll` WHERE `id` = 1 LIMIT 1   [ RunTime:0.0000s ]
SQL: UPDATE `ysk_user_scroll` SET `status`='0' WHERE `id` = 83 [ RunTime:0.0205s ]
SQL: SELECT `active` FROM `ysk_scroll` WHERE `id` = 1 LIMIT 1   [ RunTime:0.0010s ]
SQL: UPDATE `ysk_user_scroll` SET `status`='0' WHERE `id` = 84 [ RunTime:0.0205s ]
SQL: SELECT `active` FROM `ysk_scroll` WHERE `id` = 1 LIMIT 1   [ RunTime:0.0010s ]
SQL: UPDATE `ysk_user_scroll` SET `status`='0' WHERE `id` = 85 [ RunTime:0.0801s ]
SQL: SELECT `active` FROM `ysk_scroll` WHERE `id` = 1 LIMIT 1   [ RunTime:0.0000s ]
SQL: UPDATE `ysk_user_scroll` SET `status`='0' WHERE `id` = 86 [ RunTime:0.0449s ]
SQL: SELECT `active` FROM `ysk_scroll` WHERE `id` = 1 LIMIT 1   [ RunTime:0.0000s ]
SQL: UPDATE `ysk_user_scroll` SET `status`='0' WHERE `id` = 87 [ RunTime:0.0342s ]
SQL: SELECT `active` FROM `ysk_scroll` WHERE `id` = 1 LIMIT 1   [ RunTime:0.0000s ]
SQL: UPDATE `ysk_user_scroll` SET `status`='0' WHERE `id` = 88 [ RunTime:0.0186s ]
SQL: SELECT `active` FROM `ysk_scroll` WHERE `id` = 1 LIMIT 1   [ RunTime:0.0000s ]
SQL: UPDATE `ysk_user_scroll` SET `status`='0' WHERE `id` = 89 [ RunTime:0.0205s ]
SQL: SELECT `active` FROM `ysk_scroll` WHERE `id` = 1 LIMIT 1   [ RunTime:0.0000s ]
SQL: UPDATE `ysk_user_scroll` SET `status`='0' WHERE `id` = 90 [ RunTime:0.0195s ]
SQL: SELECT `active` FROM `ysk_scroll` WHERE `id` = 1 LIMIT 1   [ RunTime:0.0010s ]
SQL: UPDATE `ysk_user_scroll` SET `status`='0' WHERE `id` = 91 [ RunTime:0.0205s ]
SQL: SELECT `active` FROM `ysk_scroll` WHERE `id` = 1 LIMIT 1   [ RunTime:0.0000s ]
SQL: UPDATE `ysk_user_scroll` SET `status`='0' WHERE `id` = 92 [ RunTime:0.0195s ]
SQL: SELECT `active` FROM `ysk_scroll` WHERE `id` = 1 LIMIT 1   [ RunTime:0.0000s ]
SQL: UPDATE `ysk_user_scroll` SET `status`='0' WHERE `id` = 93 [ RunTime:0.0215s ]
SQL: SELECT `active` FROM `ysk_scroll` WHERE `id` = 1 LIMIT 1   [ RunTime:0.0000s ]
SQL: UPDATE `ysk_user_scroll` SET `status`='0' WHERE `id` = 94 [ RunTime:0.0186s ]
SQL: SELECT `active` FROM `ysk_scroll` WHERE `id` = 1 LIMIT 1   [ RunTime:0.0000s ]
SQL: UPDATE `ysk_user_scroll` SET `status`='0' WHERE `id` = 95 [ RunTime:0.0215s ]
SQL: SELECT `active` FROM `ysk_scroll` WHERE `id` = 1 LIMIT 1   [ RunTime:0.0000s ]
SQL: UPDATE `ysk_user_scroll` SET `status`='0' WHERE `id` = 96 [ RunTime:0.0195s ]
SQL: SELECT `active` FROM `ysk_scroll` WHERE `id` = 1 LIMIT 1   [ RunTime:0.0010s ]
SQL: UPDATE `ysk_user_scroll` SET `status`='0' WHERE `id` = 97 [ RunTime:0.0205s ]
SQL: SELECT `active` FROM `ysk_scroll` WHERE `id` = 1 LIMIT 1   [ RunTime:0.0010s ]
SQL: UPDATE `ysk_user_scroll` SET `status`='0' WHERE `id` = 98 [ RunTime:0.0156s ]
SQL: SELECT `active` FROM `ysk_scroll` WHERE `id` = 1 LIMIT 1   [ RunTime:0.0010s ]
SQL: UPDATE `ysk_user_scroll` SET `status`='0' WHERE `id` = 99 [ RunTime:0.0244s ]
SQL: SELECT `active` FROM `ysk_scroll` WHERE `id` = 1 LIMIT 1   [ RunTime:0.0000s ]
SQL: UPDATE `ysk_user_scroll` SET `status`='0' WHERE `id` = 100 [ RunTime:0.0186s ]
SQL: SELECT `active` FROM `ysk_scroll` WHERE `id` = 1 LIMIT 1   [ RunTime:0.0000s ]
SQL: UPDATE `ysk_user_scroll` SET `status`='0' WHERE `id` = 101 [ RunTime:0.0215s ]
SQL: SELECT `active` FROM `ysk_scroll` WHERE `id` = 1 LIMIT 1   [ RunTime:0.0000s ]
SQL: UPDATE `ysk_user_scroll` SET `status`='0' WHERE `id` = 102 [ RunTime:0.0195s ]
SQL: SELECT `active` FROM `ysk_scroll` WHERE `id` = 1 LIMIT 1   [ RunTime:0.0010s ]
SQL: UPDATE `ysk_user_scroll` SET `status`='0' WHERE `id` = 103 [ RunTime:0.0205s ]
SQL: SELECT `active` FROM `ysk_scroll` WHERE `id` = 1 LIMIT 1   [ RunTime:0.0000s ]
SQL: UPDATE `ysk_user_scroll` SET `status`='0' WHERE `id` = 104 [ RunTime:0.1045s ]
SQL: SELECT `active` FROM `ysk_scroll` WHERE `id` = 1 LIMIT 1   [ RunTime:0.0000s ]
SQL: UPDATE `ysk_user_scroll` SET `status`='0' WHERE `id` = 105 [ RunTime:0.0986s ]
SQL: SELECT `active` FROM `ysk_scroll` WHERE `id` = 1 LIMIT 1   [ RunTime:0.0010s ]
SQL: UPDATE `ysk_user_scroll` SET `status`='0' WHERE `id` = 106 [ RunTime:0.0361s ]
SQL: SELECT `active` FROM `ysk_scroll` WHERE `id` = 1 LIMIT 1   [ RunTime:0.0000s ]
SQL: UPDATE `ysk_user_scroll` SET `status`='0' WHERE `id` = 107 [ RunTime:0.0195s ]
SQL: SELECT `active` FROM `ysk_scroll` WHERE `id` = 1 LIMIT 1   [ RunTime:0.0010s ]
SQL: UPDATE `ysk_user_scroll` SET `status`='0' WHERE `id` = 108 [ RunTime:0.0215s ]
SQL: SELECT `active` FROM `ysk_scroll` WHERE `id` = 1 LIMIT 1   [ RunTime:0.0000s ]
SQL: UPDATE `ysk_user_scroll` SET `status`='0' WHERE `id` = 109 [ RunTime:0.0195s ]
SQL: SELECT `active` FROM `ysk_scroll` WHERE `id` = 1 LIMIT 1   [ RunTime:0.0010s ]
SQL: UPDATE `ysk_user_scroll` SET `status`='0' WHERE `id` = 110 [ RunTime:0.0205s ]
SQL: SELECT `active` FROM `ysk_scroll` WHERE `id` = 1 LIMIT 1   [ RunTime:0.0000s ]
SQL: UPDATE `ysk_user_scroll` SET `status`='0' WHERE `id` = 111 [ RunTime:0.0186s ]
SQL: SELECT `active` FROM `ysk_scroll` WHERE `id` = 1 LIMIT 1   [ RunTime:0.0000s ]
SQL: UPDATE `ysk_user_scroll` SET `status`='0' WHERE `id` = 112 [ RunTime:0.0215s ]
SQL: SELECT `active` FROM `ysk_scroll` WHERE `id` = 1 LIMIT 1   [ RunTime:0.0010s ]
SQL: UPDATE `ysk_user_scroll` SET `status`='0' WHERE `id` = 113 [ RunTime:0.0186s ]
SQL: SELECT `active` FROM `ysk_scroll` WHERE `id` = 1 LIMIT 1   [ RunTime:0.0010s ]
SQL: UPDATE `ysk_user_scroll` SET `status`='0' WHERE `id` = 114 [ RunTime:0.0215s ]
SQL: SELECT `active` FROM `ysk_scroll` WHERE `id` = 1 LIMIT 1   [ RunTime:0.0000s ]
SQL: UPDATE `ysk_user_scroll` SET `status`='0' WHERE `id` = 115 [ RunTime:0.0195s ]
SQL: SELECT `active` FROM `ysk_scroll` WHERE `id` = 1 LIMIT 1   [ RunTime:0.0000s ]
SQL: UPDATE `ysk_user_scroll` SET `status`='0' WHERE `id` = 116 [ RunTime:0.0215s ]
SQL: SELECT `active` FROM `ysk_scroll` WHERE `id` = 1 LIMIT 1   [ RunTime:0.0000s ]
SQL: UPDATE `ysk_user_scroll` SET `status`='0' WHERE `id` = 117 [ RunTime:0.0186s ]
SQL: SELECT `active` FROM `ysk_scroll` WHERE `id` = 1 LIMIT 1   [ RunTime:0.0000s ]
SQL: UPDATE `ysk_user_scroll` SET `status`='0' WHERE `id` = 118 [ RunTime:0.0215s ]
SQL: SELECT `active` FROM `ysk_scroll` WHERE `id` = 1 LIMIT 1   [ RunTime:0.0000s ]
SQL: UPDATE `ysk_user_scroll` SET `status`='0' WHERE `id` = 119 [ RunTime:0.0391s ]
SQL: SELECT `active` FROM `ysk_scroll` WHERE `id` = 1 LIMIT 1   [ RunTime:0.0000s ]
SQL: UPDATE `ysk_user_scroll` SET `status`='0' WHERE `id` = 120 [ RunTime:0.0293s ]
SQL: SELECT `active` FROM `ysk_scroll` WHERE `id` = 1 LIMIT 1   [ RunTime:0.0000s ]
SQL: UPDATE `ysk_user_scroll` SET `status`='0' WHERE `id` = 121 [ RunTime:0.0215s ]
SQL: SELECT `active` FROM `ysk_scroll` WHERE `id` = 1 LIMIT 1   [ RunTime:0.0000s ]
SQL: UPDATE `ysk_user_scroll` SET `status`='0' WHERE `id` = 122 [ RunTime:0.0195s ]
SQL: SELECT `active` FROM `ysk_scroll` WHERE `id` = 1 LIMIT 1   [ RunTime:0.0010s ]
SQL: UPDATE `ysk_user_scroll` SET `status`='0' WHERE `id` = 123 [ RunTime:0.0205s ]
SQL: SELECT `active` FROM `ysk_scroll` WHERE `id` = 1 LIMIT 1   [ RunTime:0.0010s ]
SQL: UPDATE `ysk_user_scroll` SET `status`='0' WHERE `id` = 124 [ RunTime:0.0195s ]
SQL: SELECT `active` FROM `ysk_scroll` WHERE `id` = 1 LIMIT 1   [ RunTime:0.0000s ]
SQL: UPDATE `ysk_user_scroll` SET `status`='0' WHERE `id` = 125 [ RunTime:0.0215s ]
SQL: SELECT `active` FROM `ysk_scroll` WHERE `id` = 1 LIMIT 1   [ RunTime:0.0000s ]
SQL: UPDATE `ysk_user_scroll` SET `status`='0' WHERE `id` = 126 [ RunTime:0.0186s ]
SQL: SELECT `active` FROM `ysk_scroll` WHERE `id` = 1 LIMIT 1   [ RunTime:0.0000s ]
SQL: UPDATE `ysk_user_scroll` SET `status`='0' WHERE `id` = 127 [ RunTime:0.0215s ]
SQL: SELECT `active` FROM `ysk_scroll` WHERE `id` = 1 LIMIT 1   [ RunTime:0.0000s ]
SQL: SHOW COLUMNS FROM `ysk_user_level` [ RunTime:0.0166s ]
SQL: SELECT * FROM `ysk_user_level` ORDER BY id asc  [ RunTime:0.0156s ]
SQL: SELECT `vip_grade` FROM `ysk_user_level` WHERE `id` = 0 LIMIT 1   [ RunTime:0.0010s ]
SQL: SELECT COUNT(*) AS tp_count FROM `ysk_user` WHERE `pid` = 8803 AND `vip_grade` = null LIMIT 1   [ RunTime:0.0000s ]
SQL: SELECT `total_active` FROM `ysk_user` WHERE `userid` = 8803 LIMIT 1   [ RunTime:0.0010s ]
SQL: SELECT `vip_grade` FROM `ysk_user` WHERE `userid` = 8803 LIMIT 1   [ RunTime:0.0000s ]
SQL: SELECT `vip_grade` FROM `ysk_user_level` WHERE `id` = 0 LIMIT 1   [ RunTime:0.0000s ]
SQL: SELECT COUNT(*) AS tp_count FROM `ysk_user` WHERE `pid` = 8803 AND `vip_grade` = null LIMIT 1   [ RunTime:0.0000s ]
SQL: SELECT `total_active` FROM `ysk_user` WHERE `userid` = 8803 LIMIT 1   [ RunTime:0.0000s ]
SQL: SELECT `vip_grade` FROM `ysk_user` WHERE `userid` = 8803 LIMIT 1   [ RunTime:0.0010s ]
SQL: SELECT `vip_grade` FROM `ysk_user_level` WHERE `id` = 0 LIMIT 1   [ RunTime:0.0000s ]
SQL: SELECT COUNT(*) AS tp_count FROM `ysk_user` WHERE `pid` = 8803 AND `vip_grade` = null LIMIT 1   [ RunTime:0.0010s ]
SQL: SELECT `total_active` FROM `ysk_user` WHERE `userid` = 8803 LIMIT 1   [ RunTime:0.0000s ]
SQL: SELECT `vip_grade` FROM `ysk_user` WHERE `userid` = 8803 LIMIT 1   [ RunTime:0.0000s ]
SQL: SELECT `vip_grade` FROM `ysk_user_level` WHERE `id` = 0 LIMIT 1   [ RunTime:0.0010s ]
SQL: SELECT COUNT(*) AS tp_count FROM `ysk_user` WHERE `pid` = 8803 AND `vip_grade` = null LIMIT 1   [ RunTime:0.0000s ]
SQL: SELECT `total_active` FROM `ysk_user` WHERE `userid` = 8803 LIMIT 1   [ RunTime:0.0010s ]
SQL: SELECT `vip_grade` FROM `ysk_user` WHERE `userid` = 8803 LIMIT 1   [ RunTime:0.0000s ]
SQL: SHOW COLUMNS FROM `ysk_deal` [ RunTime:0.0146s ]
SQL: SELECT * FROM `ysk_deal` WHERE `status` = 1 AND `expiration_time` <= 1608775620  [ RunTime:0.0010s ]
SQL: SELECT * FROM `ysk_deal` WHERE `status` = 2 AND `expiration_time` <= 1608775620  [ RunTime:0.0000s ]
SQL: SELECT * FROM `ysk_deal` WHERE ( `sell_id` = '8803' OR `pay_id` = '8803' ) AND `status` = 1 ORDER BY id asc  [ RunTime:0.0010s ]
SQL: SELECT * FROM `ysk_deal` WHERE ( `sell_id` = '8803' OR `pay_id` = '8803' ) AND `status` = 2 ORDER BY id asc  [ RunTime:0.0000s ]
SQL: SHOW COLUMNS FROM `ysk_banner` [ RunTime:0.0293s ]
SQL: SELECT * FROM `ysk_banner` ORDER BY sort asc  [ RunTime:0.0000s ]
SQL: SHOW COLUMNS FROM `ysk_news` [ RunTime:0.0176s ]
SQL: SELECT * FROM `ysk_news` WHERE `type` = 1 ORDER BY id desc LIMIT 8   [ RunTime:0.0000s ]
SQL: SELECT * FROM `ysk_scroll` WHERE `status` = 1  [ RunTime:0.0010s ]
SQL: SELECT * FROM `ysk_record` WHERE ( `record_price` >= '300' AND `record_price` <= '800'  ) AND `record_status` = 2 AND `out_uid` <> '8803'  [ RunTime:0.0010s ]
SQL: SELECT * FROM `ysk_record` WHERE ( `record_price` >= '801' AND `record_price` <= '2000'  ) AND `record_status` = 2 AND `out_uid` <> '8803'  [ RunTime:0.0000s ]
SQL: SELECT * FROM `ysk_record` WHERE ( `record_price` >= '1201' AND `record_price` <= '2000'  ) AND `record_status` = 2 AND `out_uid` <> '8803'  [ RunTime:0.0000s ]
SQL: SELECT * FROM `ysk_record` WHERE ( `record_price` >= '2001' AND `record_price` <= '2500'  ) AND `record_status` = 2 AND `out_uid` <> '8803'  [ RunTime:0.0010s ]
SQL: SELECT * FROM `ysk_record` WHERE ( `record_price` >= '2501' AND `record_price` <= '3500'  ) AND `record_status` = 2 AND `out_uid` <> '8803'  [ RunTime:0.0000s ]
NOTIC: [8] Undefined variable: uinfo E:\xin12\shop\Home\Controller\IndexController.class.php 第 122 行.
NOTIC: [8] Undefined variable: moneyinfo E:\xin12\shop\Home\Controller\IndexController.class.php 第 123 行.
NOTIC: [8] Undefined variable: can_get E:\xin12\shop\Home\Controller\IndexController.class.php 第 124 行.
NOTIC: [8] Undefined variable: is_setnums E:\xin12\shop\Home\Controller\IndexController.class.php 第 125 行.
NOTIC: [8] Undefined variable: pic_array E:\xin12\shop\Home\Controller\IndexController.class.php 第 126 行.
NOTIC: [8] Undefined variable: fUser E:\xin12\shop\Home\Controller\IndexController.class.php 第 127 行.
SQL: SELECT * FROM `ysk_banner` ORDER BY sort asc  [ RunTime:0.0000s ]
SQL: SELECT `img_head`,`userid`,`releas_time`,`is_reward`,`today_releas`,`quanxian`,`vip_grade`,`total_lingshi`,`total_active` FROM `ysk_user` WHERE `userid` = 8803 LIMIT 1   [ RunTime:0.0010s ]
SQL: SHOW COLUMNS FROM `ysk_store` [ RunTime:0.0039s ]
SQL: SELECT `cangku_num`,`fengmi_num` FROM `ysk_store` WHERE `uid` = 8803 LIMIT 1   [ RunTime:0.0000s ]
SQL: SHOW COLUMNS FROM `ysk_user_scroll` [ RunTime:0.0049s ]
SQL: SELECT s.single_num FROM ysk_user_scroll us INNER JOIN ysk_scroll s ON us.scroll_id=s.id  WHERE us.uid = '8803' AND us.status = 1  [ RunTime:0.0000s ]
SQL: SHOW COLUMNS FROM `ysk_user_clock` [ RunTime:0.0059s ]
SQL: SELECT `lasttime`,`get_num` FROM `ysk_user_clock` WHERE `uid` = 8803 ORDER BY id desc LIMIT 1   [ RunTime:0.0000s ]
SQL: SELECT COUNT(*) AS tp_count FROM `ysk_user_scroll` WHERE `uid` = 8803 AND `status` = 1 LIMIT 1   [ RunTime:0.0000s ]
SQL: SELECT `value` FROM `ysk_config` WHERE `name` = 'false_user' LIMIT 1   [ RunTime:0.0000s ]
SQL: SELECT `value` FROM `ysk_config` WHERE `name` = 'add_user' LIMIT 1   [ RunTime:0.0000s ]
SQL: SELECT * FROM `ysk_config` WHERE `name` = 'min_balance' LIMIT 1   [ RunTime:0.0010s ]
NOTIC: [8] Undefined variable: can_get E:\xin12\shop\Home\Controller\IndexController.class.php 第 274 行.
NOTIC: [8] Undefined variable: is_setnums E:\xin12\shop\Home\Controller\IndexController.class.php 第 275 行.
INFO: [ view_parse ] --START--
INFO: [ template_filter ] --START--
INFO: Run Behavior\ContentReplaceBehavior [ RunTime:0.000000s ]
INFO: [ template_filter ] --END-- [ RunTime:0.000000s ]
NOTIC: [8] Undefined index: m E:\xin12\ThinkPHP\Common\functions.php 第 977 行.
NOTIC: [8] Undefined index: m E:\xin12\ThinkPHP\Common\functions.php 第 977 行.
NOTIC: [8] Undefined index: m E:\xin12\ThinkPHP\Common\functions.php 第 977 行.
NOTIC: [8] Undefined index: m E:\xin12\ThinkPHP\Common\functions.php 第 977 行.
NOTIC: [8] Undefined index: m E:\xin12\ThinkPHP\Common\functions.php 第 977 行.
NOTIC: [8] Undefined index: m E:\xin12\ThinkPHP\Common\functions.php 第 977 行.
INFO: Run Behavior\ParseTemplateBehavior [ RunTime:0.011719s ]
INFO: [ view_parse ] --END-- [ RunTime:0.011719s ]
INFO: [ view_filter ] --START--
INFO: Run Behavior\WriteHtmlCacheBehavior [ RunTime:0.000000s ]
INFO: [ view_filter ] --END-- [ RunTime:0.000000s ]
INFO: [ app_end ] --START--
INFO: Run Behavior\ShowPageTraceBehavior [ RunTime:0.000976s ]
INFO: [ app_end ] --END-- [ RunTime:0.000976s ]

[ 2020-12-24T10:07:00+08:00 ] 127.0.0.1 /favicon.ico
INFO: [ app_init ] --START--
INFO: Run Behavior\BuildLiteBehavior [ RunTime:0.000000s ]
INFO: [ app_init ] --END-- [ RunTime:0.000000s ]

[ 2020-12-24T14:34:50+08:00 ] 127.0.0.1 /Index/pond.html
INFO: [ app_init ] --START--
INFO: Run Behavior\BuildLiteBehavior [ RunTime:0.000976s ]
INFO: [ app_init ] --END-- [ RunTime:0.000976s ]
INFO: [ app_begin ] --START--
INFO: Run Behavior\ReadHtmlCacheBehavior [ RunTime:0.000977s ]
INFO: Run Common\Behavior\CheckLangBehavior [ RunTime:0.000976s ]
INFO: [ app_begin ] --END-- [ RunTime:0.001953s ]
SQL: SHOW COLUMNS FROM `ysk_config` [ RunTime:0.0049s ]
SQL: SELECT `value`,`tip` FROM `ysk_config` WHERE `name` = 'TOGGLE_WEB_SITE' LIMIT 1   [ RunTime:0.0010s ]
SQL: SHOW COLUMNS FROM `ysk_user` [ RunTime:0.0049s ]
SQL: SHOW COLUMNS FROM `ysk_user` [ RunTime:0.0049s ]
SQL: SELECT `status`,`session_id` FROM `ysk_user` WHERE `userid` = 8803 LIMIT 1   [ RunTime:0.0000s ]
SQL: SHOW COLUMNS FROM `ysk_record` [ RunTime:0.0049s ]
SQL: SELECT * FROM `ysk_record` WHERE `in_uid` = 8803 AND `is_lin` = 0 AND `record_status` = 4  [ RunTime:0.0000s ]
SQL: SHOW COLUMNS FROM `ysk_config` [ RunTime:0.0039s ]
SQL: SELECT `value` FROM `ysk_config` WHERE `name` = 'zhuanrang_max' LIMIT 1   [ RunTime:0.0000s ]
SQL: SELECT `value` FROM `ysk_config` WHERE `name` = 'zhuanrang_min' LIMIT 1   [ RunTime:0.0000s ]
SQL: SELECT * FROM `ysk_record` WHERE ( `in_uid` = '8803' OR `out_uid` = '8803' ) AND `record_status` = 6 AND `pipeitime` <= 1608784488  [ RunTime:0.0010s ]
SQL: SELECT * FROM `ysk_record` WHERE ( `in_uid` = '8803' OR `out_uid` = '8803' ) AND `record_status` = 7 AND `getmoney_time` <= 1608784488  [ RunTime:0.0000s ]
SQL: SHOW COLUMNS FROM `ysk_yuyue` [ RunTime:0.0049s ]
SQL: SELECT * FROM `ysk_yuyue` WHERE `time` <= 1608739200 AND `status` = 1  [ RunTime:0.0000s ]
SQL: SELECT * FROM `ysk_record` WHERE `record_status` = 2 AND `is_chaoshi_lin` = 1  [ RunTime:0.0010s ]
SQL: SHOW COLUMNS FROM `ysk_user_scroll` [ RunTime:0.0039s ]
SQL: SELECT `id`,`uid`,`scroll_id` FROM `ysk_user_scroll` WHERE `overtime` <= 1608791688  [ RunTime:0.0010s ]
SQL: UPDATE `ysk_user_scroll` SET `status`='0' WHERE `id` = 76 [ RunTime:0.0332s ]
SQL: SHOW COLUMNS FROM `ysk_scroll` [ RunTime:0.0059s ]
SQL: SELECT `active` FROM `ysk_scroll` WHERE `id` = 1 LIMIT 1   [ RunTime:0.0000s ]
SQL: UPDATE `ysk_user_scroll` SET `status`='0' WHERE `id` = 77 [ RunTime:0.0166s ]
SQL: SELECT `active` FROM `ysk_scroll` WHERE `id` = 1 LIMIT 1   [ RunTime:0.0000s ]
SQL: UPDATE `ysk_user_scroll` SET `status`='0' WHERE `id` = 78 [ RunTime:0.0195s ]
SQL: SELECT `active` FROM `ysk_scroll` WHERE `id` = 1 LIMIT 1   [ RunTime:0.0000s ]
SQL: UPDATE `ysk_user_scroll` SET `status`='0' WHERE `id` = 79 [ RunTime:0.1016s ]
SQL: SELECT `active` FROM `ysk_scroll` WHERE `id` = 1 LIMIT 1   [ RunTime:0.0000s ]
SQL: UPDATE `ysk_user_scroll` SET `status`='0' WHERE `id` = 80 [ RunTime:0.1240s ]
SQL: SELECT `active` FROM `ysk_scroll` WHERE `id` = 1 LIMIT 1   [ RunTime:0.0010s ]
SQL: UPDATE `ysk_user_scroll` SET `status`='0' WHERE `id` = 81 [ RunTime:0.0410s ]
SQL: SELECT `active` FROM `ysk_scroll` WHERE `id` = 1 LIMIT 1   [ RunTime:0.0000s ]
SQL: UPDATE `ysk_user_scroll` SET `status`='0' WHERE `id` = 82 [ RunTime:0.0293s ]
SQL: SELECT `active` FROM `ysk_scroll` WHERE `id` = 1 LIMIT 1   [ RunTime:0.0000s ]
SQL: UPDATE `ysk_user_scroll` SET `status`='0' WHERE `id` = 83 [ RunTime:0.0928s ]
SQL: SELECT `active` FROM `ysk_scroll` WHERE `id` = 1 LIMIT 1   [ RunTime:0.0010s ]
SQL: UPDATE `ysk_user_scroll` SET `status`='0' WHERE `id` = 84 [ RunTime:0.0664s ]
SQL: SELECT `active` FROM `ysk_scroll` WHERE `id` = 1 LIMIT 1   [ RunTime:0.0000s ]
SQL: UPDATE `ysk_user_scroll` SET `status`='0' WHERE `id` = 85 [ RunTime:0.0234s ]
SQL: SELECT `active` FROM `ysk_scroll` WHERE `id` = 1 LIMIT 1   [ RunTime:0.0000s ]
SQL: UPDATE `ysk_user_scroll` SET `status`='0' WHERE `id` = 86 [ RunTime:0.0215s ]
SQL: SELECT `active` FROM `ysk_scroll` WHERE `id` = 1 LIMIT 1   [ RunTime:0.0010s ]
SQL: UPDATE `ysk_user_scroll` SET `status`='0' WHERE `id` = 87 [ RunTime:0.0186s ]
SQL: SELECT `active` FROM `ysk_scroll` WHERE `id` = 1 LIMIT 1   [ RunTime:0.0000s ]
SQL: UPDATE `ysk_user_scroll` SET `status`='0' WHERE `id` = 88 [ RunTime:0.0303s ]
SQL: SELECT `active` FROM `ysk_scroll` WHERE `id` = 1 LIMIT 1   [ RunTime:0.0000s ]
SQL: UPDATE `ysk_user_scroll` SET `status`='0' WHERE `id` = 89 [ RunTime:0.0518s ]
SQL: SELECT `active` FROM `ysk_scroll` WHERE `id` = 1 LIMIT 1   [ RunTime:0.0000s ]
SQL: UPDATE `ysk_user_scroll` SET `status`='0' WHERE `id` = 90 [ RunTime:0.0332s ]
SQL: SELECT `active` FROM `ysk_scroll` WHERE `id` = 1 LIMIT 1   [ RunTime:0.0000s ]
SQL: UPDATE `ysk_user_scroll` SET `status`='0' WHERE `id` = 91 [ RunTime:0.0225s ]
SQL: SELECT `active` FROM `ysk_scroll` WHERE `id` = 1 LIMIT 1   [ RunTime:0.0000s ]
SQL: UPDATE `ysk_user_scroll` SET `status`='0' WHERE `id` = 92 [ RunTime:0.0195s ]
SQL: SELECT `active` FROM `ysk_scroll` WHERE `id` = 1 LIMIT 1   [ RunTime:0.0000s ]
SQL: UPDATE `ysk_user_scroll` SET `status`='0' WHERE `id` = 93 [ RunTime:0.0215s ]
SQL: SELECT `active` FROM `ysk_scroll` WHERE `id` = 1 LIMIT 1   [ RunTime:0.0010s ]
SQL: UPDATE `ysk_user_scroll` SET `status`='0' WHERE `id` = 94 [ RunTime:0.0186s ]
SQL: SELECT `active` FROM `ysk_scroll` WHERE `id` = 1 LIMIT 1   [ RunTime:0.0010s ]
SQL: UPDATE `ysk_user_scroll` SET `status`='0' WHERE `id` = 95 [ RunTime:0.0215s ]
SQL: SELECT `active` FROM `ysk_scroll` WHERE `id` = 1 LIMIT 1   [ RunTime:0.0000s ]
SQL: UPDATE `ysk_user_scroll` SET `status`='0' WHERE `id` = 96 [ RunTime:0.0273s ]
SQL: SELECT `active` FROM `ysk_scroll` WHERE `id` = 1 LIMIT 1   [ RunTime:0.0000s ]
SQL: UPDATE `ysk_user_scroll` SET `status`='0' WHERE `id` = 97 [ RunTime:0.0215s ]
SQL: SELECT `active` FROM `ysk_scroll` WHERE `id` = 1 LIMIT 1   [ RunTime:0.0000s ]
SQL: UPDATE `ysk_user_scroll` SET `status`='0' WHERE `id` = 98 [ RunTime:0.0186s ]
SQL: SELECT `active` FROM `ysk_scroll` WHERE `id` = 1 LIMIT 1   [ RunTime:0.0010s ]
SQL: UPDATE `ysk_user_scroll` SET `status`='0' WHERE `id` = 99 [ RunTime:0.0215s ]
SQL: SELECT `active` FROM `ysk_scroll` WHERE `id` = 1 LIMIT 1   [ RunTime:0.0000s ]
SQL: UPDATE `ysk_user_scroll` SET `status`='0' WHERE `id` = 100 [ RunTime:0.0195s ]
SQL: SELECT `active` FROM `ysk_scroll` WHERE `id` = 1 LIMIT 1   [ RunTime:0.0000s ]
SQL: UPDATE `ysk_user_scroll` SET `status`='0' WHERE `id` = 101 [ RunTime:0.0215s ]
SQL: SELECT `active` FROM `ysk_scroll` WHERE `id` = 1 LIMIT 1   [ RunTime:0.0000s ]
SQL: UPDATE `ysk_user_scroll` SET `status`='0' WHERE `id` = 102 [ RunTime:0.0186s ]
SQL: SELECT `active` FROM `ysk_scroll` WHERE `id` = 1 LIMIT 1   [ RunTime:0.0000s ]
SQL: UPDATE `ysk_user_scroll` SET `status`='0' WHERE `id` = 103 [ RunTime:0.0215s ]
SQL: SELECT `active` FROM `ysk_scroll` WHERE `id` = 1 LIMIT 1   [ RunTime:0.0000s ]
SQL: UPDATE `ysk_user_scroll` SET `status`='0' WHERE `id` = 104 [ RunTime:0.0186s ]
SQL: SELECT `active` FROM `ysk_scroll` WHERE `id` = 1 LIMIT 1   [ RunTime:0.0010s ]
SQL: UPDATE `ysk_user_scroll` SET `status`='0' WHERE `id` = 105 [ RunTime:0.0215s ]
SQL: SELECT `active` FROM `ysk_scroll` WHERE `id` = 1 LIMIT 1   [ RunTime:0.0000s ]
SQL: UPDATE `ysk_user_scroll` SET `status`='0' WHERE `id` = 106 [ RunTime:0.0195s ]
SQL: SELECT `active` FROM `ysk_scroll` WHERE `id` = 1 LIMIT 1   [ RunTime:0.0000s ]
SQL: UPDATE `ysk_user_scroll` SET `status`='0' WHERE `id` = 107 [ RunTime:0.0303s ]
SQL: SELECT `active` FROM `ysk_scroll` WHERE `id` = 1 LIMIT 1   [ RunTime:0.0000s ]
SQL: UPDATE `ysk_user_scroll` SET `status`='0' WHERE `id` = 108 [ RunTime:0.0186s ]
SQL: SELECT `active` FROM `ysk_scroll` WHERE `id` = 1 LIMIT 1   [ RunTime:0.0000s ]
SQL: UPDATE `ysk_user_scroll` SET `status`='0' WHERE `id` = 109 [ RunTime:0.0225s ]
SQL: SELECT `active` FROM `ysk_scroll` WHERE `id` = 1 LIMIT 1   [ RunTime:0.0000s ]
SQL: UPDATE `ysk_user_scroll` SET `status`='0' WHERE `id` = 110 [ RunTime:0.0195s ]
SQL: SELECT `active` FROM `ysk_scroll` WHERE `id` = 1 LIMIT 1   [ RunTime:0.0000s ]
SQL: UPDATE `ysk_user_scroll` SET `status`='0' WHERE `id` = 111 [ RunTime:0.0215s ]
SQL: SELECT `active` FROM `ysk_scroll` WHERE `id` = 1 LIMIT 1   [ RunTime:0.0010s ]
SQL: UPDATE `ysk_user_scroll` SET `status`='0' WHERE `id` = 112 [ RunTime:0.0186s ]
SQL: SELECT `active` FROM `ysk_scroll` WHERE `id` = 1 LIMIT 1   [ RunTime:0.0010s ]
SQL: UPDATE `ysk_user_scroll` SET `status`='0' WHERE `id` = 113 [ RunTime:0.0293s ]
SQL: SELECT `active` FROM `ysk_scroll` WHERE `id` = 1 LIMIT 1   [ RunTime:0.0000s ]
SQL: UPDATE `ysk_user_scroll` SET `status`='0' WHERE `id` = 114 [ RunTime:0.0186s ]
SQL: SELECT `active` FROM `ysk_scroll` WHERE `id` = 1 LIMIT 1   [ RunTime:0.0000s ]
SQL: UPDATE `ysk_user_scroll` SET `status`='0' WHERE `id` = 115 [ RunTime:0.0215s ]
SQL: SELECT `active` FROM `ysk_scroll` WHERE `id` = 1 LIMIT 1   [ RunTime:0.0010s ]
SQL: UPDATE `ysk_user_scroll` SET `status`='0' WHERE `id` = 116 [ RunTime:0.0186s ]
SQL: SELECT `active` FROM `ysk_scroll` WHERE `id` = 1 LIMIT 1   [ RunTime:0.0010s ]
SQL: UPDATE `ysk_user_scroll` SET `status`='0' WHERE `id` = 117 [ RunTime:0.0215s ]
SQL: SELECT `active` FROM `ysk_scroll` WHERE `id` = 1 LIMIT 1   [ RunTime:0.0000s ]
SQL: UPDATE `ysk_user_scroll` SET `status`='0' WHERE `id` = 118 [ RunTime:0.0195s ]
SQL: SELECT `active` FROM `ysk_scroll` WHERE `id` = 1 LIMIT 1   [ RunTime:0.0000s ]
SQL: UPDATE `ysk_user_scroll` SET `status`='0' WHERE `id` = 119 [ RunTime:0.0303s ]
SQL: SELECT `active` FROM `ysk_scroll` WHERE `id` = 1 LIMIT 1   [ RunTime:0.0010s ]
SQL: UPDATE `ysk_user_scroll` SET `status`='0' WHERE `id` = 120 [ RunTime:0.1123s ]
SQL: SELECT `active` FROM `ysk_scroll` WHERE `id` = 1 LIMIT 1   [ RunTime:0.0000s ]
SQL: UPDATE `ysk_user_scroll` SET `status`='0' WHERE `id` = 121 [ RunTime:0.1084s ]
SQL: SELECT `active` FROM `ysk_scroll` WHERE `id` = 1 LIMIT 1   [ RunTime:0.0000s ]
SQL: UPDATE `ysk_user_scroll` SET `status`='0' WHERE `id` = 122 [ RunTime:0.0313s ]
SQL: SELECT `active` FROM `ysk_scroll` WHERE `id` = 1 LIMIT 1   [ RunTime:0.0010s ]
SQL: UPDATE `ysk_user_scroll` SET `status`='0' WHERE `id` = 123 [ RunTime:0.0225s ]
SQL: SELECT `active` FROM `ysk_scroll` WHERE `id` = 1 LIMIT 1   [ RunTime:0.0000s ]
SQL: UPDATE `ysk_user_scroll` SET `status`='0' WHERE `id` = 124 [ RunTime:0.0244s ]
SQL: SELECT `active` FROM `ysk_scroll` WHERE `id` = 1 LIMIT 1   [ RunTime:0.0000s ]
SQL: UPDATE `ysk_user_scroll` SET `status`='0' WHERE `id` = 125 [ RunTime:0.0244s ]
SQL: SELECT `active` FROM `ysk_scroll` WHERE `id` = 1 LIMIT 1   [ RunTime:0.0000s ]
SQL: UPDATE `ysk_user_scroll` SET `status`='0' WHERE `id` = 126 [ RunTime:0.0176s ]
SQL: SELECT `active` FROM `ysk_scroll` WHERE `id` = 1 LIMIT 1   [ RunTime:0.0000s ]
SQL: UPDATE `ysk_user_scroll` SET `status`='0' WHERE `id` = 127 [ RunTime:0.0234s ]
SQL: SELECT `active` FROM `ysk_scroll` WHERE `id` = 1 LIMIT 1   [ RunTime:0.0000s ]
SQL: SHOW COLUMNS FROM `ysk_user_level` [ RunTime:0.0068s ]
SQL: SELECT * FROM `ysk_user_level` ORDER BY id asc  [ RunTime:0.0000s ]
SQL: SELECT `vip_grade` FROM `ysk_user_level` WHERE `id` = 0 LIMIT 1   [ RunTime:0.0000s ]
SQL: SELECT COUNT(*) AS tp_count FROM `ysk_user` WHERE `pid` = 8803 AND `vip_grade` = null LIMIT 1   [ RunTime:0.0000s ]
SQL: SELECT `total_active` FROM `ysk_user` WHERE `userid` = 8803 LIMIT 1   [ RunTime:0.0000s ]
SQL: SELECT `vip_grade` FROM `ysk_user` WHERE `userid` = 8803 LIMIT 1   [ RunTime:0.0000s ]
SQL: SELECT `vip_grade` FROM `ysk_user_level` WHERE `id` = 0 LIMIT 1   [ RunTime:0.0000s ]
SQL: SELECT COUNT(*) AS tp_count FROM `ysk_user` WHERE `pid` = 8803 AND `vip_grade` = null LIMIT 1   [ RunTime:0.0010s ]
SQL: SELECT `total_active` FROM `ysk_user` WHERE `userid` = 8803 LIMIT 1   [ RunTime:0.0000s ]
SQL: SELECT `vip_grade` FROM `ysk_user` WHERE `userid` = 8803 LIMIT 1   [ RunTime:0.0000s ]
SQL: SELECT `vip_grade` FROM `ysk_user_level` WHERE `id` = 0 LIMIT 1   [ RunTime:0.0000s ]
SQL: SELECT COUNT(*) AS tp_count FROM `ysk_user` WHERE `pid` = 8803 AND `vip_grade` = null LIMIT 1   [ RunTime:0.0000s ]
SQL: SELECT `total_active` FROM `ysk_user` WHERE `userid` = 8803 LIMIT 1   [ RunTime:0.0010s ]
SQL: SELECT `vip_grade` FROM `ysk_user` WHERE `userid` = 8803 LIMIT 1   [ RunTime:0.0000s ]
SQL: SELECT `vip_grade` FROM `ysk_user_level` WHERE `id` = 0 LIMIT 1   [ RunTime:0.0000s ]
SQL: SELECT COUNT(*) AS tp_count FROM `ysk_user` WHERE `pid` = 8803 AND `vip_grade` = null LIMIT 1   [ RunTime:0.0000s ]
SQL: SELECT `total_active` FROM `ysk_user` WHERE `userid` = 8803 LIMIT 1   [ RunTime:0.0000s ]
SQL: SELECT `vip_grade` FROM `ysk_user` WHERE `userid` = 8803 LIMIT 1   [ RunTime:0.0010s ]
SQL: SHOW COLUMNS FROM `ysk_deal` [ RunTime:0.0068s ]
SQL: SELECT * FROM `ysk_deal` WHERE `status` = 1 AND `expiration_time` <= 1608791690  [ RunTime:0.0000s ]
SQL: SELECT * FROM `ysk_deal` WHERE `status` = 2 AND `expiration_time` <= 1608791690  [ RunTime:0.0000s ]
SQL: SELECT * FROM `ysk_record` WHERE `in_uid` = 8803 AND `record_status` = 4  [ RunTime:0.0010s ]
SQL: SELECT SUM(record_price) AS tp_sum FROM `ysk_record` WHERE `in_uid` = 8803 AND `record_status` = 4 LIMIT 1   [ RunTime:0.0000s ]
SQL: SELECT `total_lingshi` FROM `ysk_user` WHERE `userid` = 8803 LIMIT 1   [ RunTime:0.0010s ]
INFO: [ view_parse ] --START--
INFO: [ template_filter ] --START--
INFO: Run Behavior\ContentReplaceBehavior [ RunTime:0.000000s ]
INFO: [ template_filter ] --END-- [ RunTime:0.000000s ]
NOTIC: [8] Undefined index: m E:\xin12\ThinkPHP\Common\functions.php 第 977 行.
NOTIC: [8] Undefined index: m E:\xin12\ThinkPHP\Common\functions.php 第 977 行.
NOTIC: [8] Undefined index: m E:\xin12\ThinkPHP\Common\functions.php 第 977 行.
INFO: Run Behavior\ParseTemplateBehavior [ RunTime:0.027344s ]
INFO: [ view_parse ] --END-- [ RunTime:0.027344s ]
INFO: [ view_filter ] --START--
INFO: Run Behavior\WriteHtmlCacheBehavior [ RunTime:0.000977s ]
INFO: [ view_filter ] --END-- [ RunTime:0.000977s ]
INFO: [ app_end ] --START--
INFO: Run Behavior\ShowPageTraceBehavior [ RunTime:0.000000s ]
INFO: [ app_end ] --END-- [ RunTime:0.000000s ]

[ 2020-12-24T14:34:53+08:00 ] 127.0.0.1 /User/Personal.html
INFO: [ app_init ] --START--
INFO: Run Behavior\BuildLiteBehavior [ RunTime:0.000000s ]
INFO: [ app_init ] --END-- [ RunTime:0.000000s ]
INFO: [ app_begin ] --START--
INFO: Run Behavior\ReadHtmlCacheBehavior [ RunTime:0.000000s ]
INFO: Run Common\Behavior\CheckLangBehavior [ RunTime:0.000976s ]
INFO: [ app_begin ] --END-- [ RunTime:0.000976s ]
SQL: SHOW COLUMNS FROM `ysk_user` [ RunTime:0.0078s ]
SQL: SELECT `username`,`is_dailishang`,`userid`,`img_head`,`use_grade`,`vip_grade`,`total_lingshi`,`total_active`,`mobile`,`total_tuiguang`,`geo` FROM `ysk_user` WHERE `userid` = 8803 LIMIT 1   [ RunTime:0.0000s ]
SQL: SELECT SUM(total_active) AS tp_sum FROM `ysk_user` WHERE `pid` = 8803 AND `vip_grade` >= 1 LIMIT 1   [ RunTime:0.0000s ]
SQL: SELECT COUNT(*) AS tp_count FROM `ysk_user` WHERE `pid` = 8803 LIMIT 1   [ RunTime:0.0000s ]
INFO: [ view_parse ] --START--
INFO: [ template_filter ] --START--
INFO: Run Behavior\ContentReplaceBehavior [ RunTime:0.000000s ]
INFO: [ template_filter ] --END-- [ RunTime:0.000000s ]
NOTIC: [8] Undefined index: m E:\xin12\ThinkPHP\Common\functions.php 第 977 行.
NOTIC: [8] Undefined index: m E:\xin12\ThinkPHP\Common\functions.php 第 977 行.
NOTIC: [8] Undefined index: m E:\xin12\ThinkPHP\Common\functions.php 第 977 行.
NOTIC: [8] Undefined index: m E:\xin12\ThinkPHP\Common\functions.php 第 977 行.
NOTIC: [8] Undefined index: m E:\xin12\ThinkPHP\Common\functions.php 第 977 行.
NOTIC: [8] Undefined index: m E:\xin12\ThinkPHP\Common\functions.php 第 977 行.
NOTIC: [8] Undefined index: m E:\xin12\ThinkPHP\Common\functions.php 第 977 行.
NOTIC: [8] Undefined index: m E:\xin12\ThinkPHP\Common\functions.php 第 977 行.
NOTIC: [8] Undefined index: m E:\xin12\ThinkPHP\Common\functions.php 第 977 行.
NOTIC: [8] Undefined index: m E:\xin12\ThinkPHP\Common\functions.php 第 977 行.
NOTIC: [8] Undefined index: m E:\xin12\ThinkPHP\Common\functions.php 第 977 行.
NOTIC: [8] Undefined index: m E:\xin12\ThinkPHP\Common\functions.php 第 977 行.
NOTIC: [8] Undefined index: m E:\xin12\ThinkPHP\Common\functions.php 第 977 行.
NOTIC: [8] Undefined index: m E:\xin12\ThinkPHP\Common\functions.php 第 977 行.
NOTIC: [8] Undefined index: m E:\xin12\ThinkPHP\Common\functions.php 第 977 行.
NOTIC: [8] Undefined index: m E:\xin12\ThinkPHP\Common\functions.php 第 977 行.
NOTIC: [8] Undefined index: m E:\xin12\ThinkPHP\Common\functions.php 第 977 行.
INFO: Run Behavior\ParseTemplateBehavior [ RunTime:0.007813s ]
INFO: [ view_parse ] --END-- [ RunTime:0.007813s ]
INFO: [ view_filter ] --START--
INFO: Run Behavior\WriteHtmlCacheBehavior [ RunTime:0.000000s ]
INFO: [ view_filter ] --END-- [ RunTime:0.000000s ]
INFO: [ app_end ] --START--
INFO: Run Behavior\ShowPageTraceBehavior [ RunTime:0.000000s ]
INFO: [ app_end ] --END-- [ RunTime:0.000000s ]

[ 2020-12-24T14:34:53+08:00 ] 127.0.0.1 /Public/home/wap/jsa/jquery.min.map
INFO: [ app_init ] --START--
INFO: Run Behavior\BuildLiteBehavior [ RunTime:0.000000s ]
INFO: [ app_init ] --END-- [ RunTime:0.000000s ]
INFO: [ app_begin ] --START--
INFO: Run Behavior\ReadHtmlCacheBehavior [ RunTime:0.000977s ]
INFO: Run Common\Behavior\CheckLangBehavior [ RunTime:0.002930s ]
INFO: [ app_begin ] --END-- [ RunTime:0.003907s ]
ERR: 无法加载控制器:Public

[ 2020-12-24T14:34:56+08:00 ] 127.0.0.1 /Index/index.html
INFO: [ app_init ] --START--
INFO: Run Behavior\BuildLiteBehavior [ RunTime:0.000000s ]
INFO: [ app_init ] --END-- [ RunTime:0.000000s ]
INFO: [ app_begin ] --START--
INFO: Run Behavior\ReadHtmlCacheBehavior [ RunTime:0.000000s ]
INFO: Run Common\Behavior\CheckLangBehavior [ RunTime:0.000977s ]
INFO: [ app_begin ] --END-- [ RunTime:0.000977s ]
SQL: SHOW COLUMNS FROM `ysk_config` [ RunTime:0.0049s ]
SQL: SELECT `value`,`tip` FROM `ysk_config` WHERE `name` = 'TOGGLE_WEB_SITE' LIMIT 1   [ RunTime:0.0000s ]
SQL: SHOW COLUMNS FROM `ysk_user` [ RunTime:0.0049s ]
SQL: SHOW COLUMNS FROM `ysk_user` [ RunTime:0.0049s ]
SQL: SELECT `status`,`session_id` FROM `ysk_user` WHERE `userid` = 8803 LIMIT 1   [ RunTime:0.0000s ]
SQL: SHOW COLUMNS FROM `ysk_record` [ RunTime:0.0049s ]
SQL: SELECT * FROM `ysk_record` WHERE `in_uid` = 8803 AND `is_lin` = 0 AND `record_status` = 4  [ RunTime:0.0010s ]
SQL: SHOW COLUMNS FROM `ysk_config` [ RunTime:0.0049s ]
SQL: SELECT `value` FROM `ysk_config` WHERE `name` = 'zhuanrang_max' LIMIT 1   [ RunTime:0.0000s ]
SQL: SELECT `value` FROM `ysk_config` WHERE `name` = 'zhuanrang_min' LIMIT 1   [ RunTime:0.0000s ]
SQL: SELECT * FROM `ysk_record` WHERE ( `in_uid` = '8803' OR `out_uid` = '8803' ) AND `record_status` = 6 AND `pipeitime` <= 1608784494  [ RunTime:0.0000s ]
SQL: SELECT * FROM `ysk_record` WHERE ( `in_uid` = '8803' OR `out_uid` = '8803' ) AND `record_status` = 7 AND `getmoney_time` <= 1608784494  [ RunTime:0.0000s ]
SQL: SHOW COLUMNS FROM `ysk_yuyue` [ RunTime:0.0039s ]
SQL: SELECT * FROM `ysk_yuyue` WHERE `time` <= 1608739200 AND `status` = 1  [ RunTime:0.0000s ]
SQL: SELECT * FROM `ysk_record` WHERE `record_status` = 2 AND `is_chaoshi_lin` = 1  [ RunTime:0.0000s ]
SQL: SHOW COLUMNS FROM `ysk_user_scroll` [ RunTime:0.0049s ]
SQL: SELECT `id`,`uid`,`scroll_id` FROM `ysk_user_scroll` WHERE `overtime` <= 1608791694  [ RunTime:0.0000s ]
SQL: UPDATE `ysk_user_scroll` SET `status`='0' WHERE `id` = 76 [ RunTime:0.0498s ]
SQL: SHOW COLUMNS FROM `ysk_scroll` [ RunTime:0.0059s ]
SQL: SELECT `active` FROM `ysk_scroll` WHERE `id` = 1 LIMIT 1   [ RunTime:0.0000s ]
SQL: UPDATE `ysk_user_scroll` SET `status`='0' WHERE `id` = 77 [ RunTime:0.1191s ]
SQL: SELECT `active` FROM `ysk_scroll` WHERE `id` = 1 LIMIT 1   [ RunTime:0.0000s ]
SQL: UPDATE `ysk_user_scroll` SET `status`='0' WHERE `id` = 78 [ RunTime:0.1416s ]
SQL: SELECT `active` FROM `ysk_scroll` WHERE `id` = 1 LIMIT 1   [ RunTime:0.0000s ]
SQL: UPDATE `ysk_user_scroll` SET `status`='0' WHERE `id` = 79 [ RunTime:0.0811s ]
SQL: SELECT `active` FROM `ysk_scroll` WHERE `id` = 1 LIMIT 1   [ RunTime:0.0000s ]
SQL: UPDATE `ysk_user_scroll` SET `status`='0' WHERE `id` = 80 [ RunTime:0.0234s ]
SQL: SELECT `active` FROM `ysk_scroll` WHERE `id` = 1 LIMIT 1   [ RunTime:0.0000s ]
SQL: UPDATE `ysk_user_scroll` SET `status`='0' WHERE `id` = 81 [ RunTime:0.0244s ]
SQL: SELECT `active` FROM `ysk_scroll` WHERE `id` = 1 LIMIT 1   [ RunTime:0.0010s ]
SQL: UPDATE `ysk_user_scroll` SET `status`='0' WHERE `id` = 82 [ RunTime:0.0244s ]
SQL: SELECT `active` FROM `ysk_scroll` WHERE `id` = 1 LIMIT 1   [ RunTime:0.0000s ]
SQL: UPDATE `ysk_user_scroll` SET `status`='0' WHERE `id` = 83 [ RunTime:0.0186s ]
SQL: SELECT `active` FROM `ysk_scroll` WHERE `id` = 1 LIMIT 1   [ RunTime:0.0000s ]
SQL: UPDATE `ysk_user_scroll` SET `status`='0' WHERE `id` = 84 [ RunTime:0.0234s ]
SQL: SELECT `active` FROM `ysk_scroll` WHERE `id` = 1 LIMIT 1   [ RunTime:0.0000s ]
SQL: UPDATE `ysk_user_scroll` SET `status`='0' WHERE `id` = 85 [ RunTime:0.0176s ]
SQL: SELECT `active` FROM `ysk_scroll` WHERE `id` = 1 LIMIT 1   [ RunTime:0.0000s ]
SQL: UPDATE `ysk_user_scroll` SET `status`='0' WHERE `id` = 86 [ RunTime:0.0225s ]
SQL: SELECT `active` FROM `ysk_scroll` WHERE `id` = 1 LIMIT 1   [ RunTime:0.0010s ]
SQL: UPDATE `ysk_user_scroll` SET `status`='0' WHERE `id` = 87 [ RunTime:0.0244s ]
SQL: SELECT `active` FROM `ysk_scroll` WHERE `id` = 1 LIMIT 1   [ RunTime:0.0000s ]
SQL: UPDATE `ysk_user_scroll` SET `status`='0' WHERE `id` = 88 [ RunTime:0.0244s ]
SQL: SELECT `active` FROM `ysk_scroll` WHERE `id` = 1 LIMIT 1   [ RunTime:0.0000s ]
SQL: UPDATE `ysk_user_scroll` SET `status`='0' WHERE `id` = 89 [ RunTime:0.0176s ]
SQL: SELECT `active` FROM `ysk_scroll` WHERE `id` = 1 LIMIT 1   [ RunTime:0.0010s ]
SQL: UPDATE `ysk_user_scroll` SET `status`='0' WHERE `id` = 90 [ RunTime:0.0225s ]
SQL: SELECT `active` FROM `ysk_scroll` WHERE `id` = 1 LIMIT 1   [ RunTime:0.0010s ]
SQL: UPDATE `ysk_user_scroll` SET `status`='0' WHERE `id` = 91 [ RunTime:0.0176s ]
SQL: SELECT `active` FROM `ysk_scroll` WHERE `id` = 1 LIMIT 1   [ RunTime:0.0000s ]
SQL: UPDATE `ysk_user_scroll` SET `status`='0' WHERE `id` = 92 [ RunTime:0.0234s ]
SQL: SELECT `active` FROM `ysk_scroll` WHERE `id` = 1 LIMIT 1   [ RunTime:0.0000s ]
SQL: UPDATE `ysk_user_scroll` SET `status`='0' WHERE `id` = 93 [ RunTime:0.0234s ]
SQL: SELECT `active` FROM `ysk_scroll` WHERE `id` = 1 LIMIT 1   [ RunTime:0.0000s ]
SQL: UPDATE `ysk_user_scroll` SET `status`='0' WHERE `id` = 94 [ RunTime:0.0518s ]
SQL: SELECT `active` FROM `ysk_scroll` WHERE `id` = 1 LIMIT 1   [ RunTime:0.0000s ]
SQL: UPDATE `ysk_user_scroll` SET `status`='0' WHERE `id` = 95 [ RunTime:0.0234s ]
SQL: SELECT `active` FROM `ysk_scroll` WHERE `id` = 1 LIMIT 1   [ RunTime:0.0000s ]
SQL: UPDATE `ysk_user_scroll` SET `status`='0' WHERE `id` = 96 [ RunTime:0.0234s ]
SQL: SELECT `active` FROM `ysk_scroll` WHERE `id` = 1 LIMIT 1   [ RunTime:0.0000s ]
SQL: UPDATE `ysk_user_scroll` SET `status`='0' WHERE `id` = 97 [ RunTime:0.0176s ]
SQL: SELECT `active` FROM `ysk_scroll` WHERE `id` = 1 LIMIT 1   [ RunTime:0.0000s ]
SQL: UPDATE `ysk_user_scroll` SET `status`='0' WHERE `id` = 98 [ RunTime:0.0146s ]
SQL: SELECT `active` FROM `ysk_scroll` WHERE `id` = 1 LIMIT 1   [ RunTime:0.0000s ]
SQL: UPDATE `ysk_user_scroll` SET `status`='0' WHERE `id` = 99 [ RunTime:0.0186s ]
SQL: SELECT `active` FROM `ysk_scroll` WHERE `id` = 1 LIMIT 1   [ RunTime:0.0000s ]
SQL: UPDATE `ysk_user_scroll` SET `status`='0' WHERE `id` = 100 [ RunTime:0.0234s ]
SQL: SELECT `active` FROM `ysk_scroll` WHERE `id` = 1 LIMIT 1   [ RunTime:0.0000s ]
SQL: UPDATE `ysk_user_scroll` SET `status`='0' WHERE `id` = 101 [ RunTime:0.0176s ]
SQL: SELECT `active` FROM `ysk_scroll` WHERE `id` = 1 LIMIT 1   [ RunTime:0.0010s ]
SQL: UPDATE `ysk_user_scroll` SET `status`='0' WHERE `id` = 102 [ RunTime:0.0225s ]
SQL: SELECT `active` FROM `ysk_scroll` WHERE `id` = 1 LIMIT 1   [ RunTime:0.0010s ]
SQL: UPDATE `ysk_user_scroll` SET `status`='0' WHERE `id` = 103 [ RunTime:0.0176s ]
SQL: SELECT `active` FROM `ysk_scroll` WHERE `id` = 1 LIMIT 1   [ RunTime:0.0000s ]
SQL: UPDATE `ysk_user_scroll` SET `status`='0' WHERE `id` = 104 [ RunTime:0.0303s ]
SQL: SELECT `active` FROM `ysk_scroll` WHERE `id` = 1 LIMIT 1   [ RunTime:0.0000s ]
SQL: UPDATE `ysk_user_scroll` SET `status`='0' WHERE `id` = 105 [ RunTime:0.0176s ]
SQL: SELECT `active` FROM `ysk_scroll` WHERE `id` = 1 LIMIT 1   [ RunTime:0.0010s ]
SQL: UPDATE `ysk_user_scroll` SET `status`='0' WHERE `id` = 106 [ RunTime:0.0225s ]
SQL: SELECT `active` FROM `ysk_scroll` WHERE `id` = 1 LIMIT 1   [ RunTime:0.0010s ]
SQL: UPDATE `ysk_user_scroll` SET `status`='0' WHERE `id` = 107 [ RunTime:0.0176s ]
SQL: SELECT `active` FROM `ysk_scroll` WHERE `id` = 1 LIMIT 1   [ RunTime:0.0000s ]
SQL: UPDATE `ysk_user_scroll` SET `status`='0' WHERE `id` = 108 [ RunTime:0.0234s ]
SQL: SELECT `active` FROM `ysk_scroll` WHERE `id` = 1 LIMIT 1   [ RunTime:0.0000s ]
SQL: UPDATE `ysk_user_scroll` SET `status`='0' WHERE `id` = 109 [ RunTime:0.0176s ]
SQL: SELECT `active` FROM `ysk_scroll` WHERE `id` = 1 LIMIT 1   [ RunTime:0.0000s ]
SQL: UPDATE `ysk_user_scroll` SET `status`='0' WHERE `id` = 110 [ RunTime:0.0313s ]
SQL: SELECT `active` FROM `ysk_scroll` WHERE `id` = 1 LIMIT 1   [ RunTime:0.0000s ]
SQL: UPDATE `ysk_user_scroll` SET `status`='0' WHERE `id` = 111 [ RunTime:0.0176s ]
SQL: SELECT `active` FROM `ysk_scroll` WHERE `id` = 1 LIMIT 1   [ RunTime:0.0000s ]
SQL: UPDATE `ysk_user_scroll` SET `status`='0' WHERE `id` = 112 [ RunTime:0.0234s ]
SQL: SELECT `active` FROM `ysk_scroll` WHERE `id` = 1 LIMIT 1   [ RunTime:0.0000s ]
SQL: UPDATE `ysk_user_scroll` SET `status`='0' WHERE `id` = 113 [ RunTime:0.0176s ]
SQL: SELECT `active` FROM `ysk_scroll` WHERE `id` = 1 LIMIT 1   [ RunTime:0.0010s ]
SQL: UPDATE `ysk_user_scroll` SET `status`='0' WHERE `id` = 114 [ RunTime:0.0225s ]
SQL: SELECT `active` FROM `ysk_scroll` WHERE `id` = 1 LIMIT 1   [ RunTime:0.0010s ]
SQL: UPDATE `ysk_user_scroll` SET `status`='0' WHERE `id` = 115 [ RunTime:0.0176s ]
SQL: SELECT `active` FROM `ysk_scroll` WHERE `id` = 1 LIMIT 1   [ RunTime:0.0000s ]
SQL: UPDATE `ysk_user_scroll` SET `status`='0' WHERE `id` = 116 [ RunTime:0.1094s ]
SQL: SELECT `active` FROM `ysk_scroll` WHERE `id` = 1 LIMIT 1   [ RunTime:0.0000s ]
SQL: UPDATE `ysk_user_scroll` SET `status`='0' WHERE `id` = 117 [ RunTime:0.0313s ]
SQL: SELECT `active` FROM `ysk_scroll` WHERE `id` = 1 LIMIT 1   [ RunTime:0.0010s ]
SQL: UPDATE `ysk_user_scroll` SET `status`='0' WHERE `id` = 118 [ RunTime:0.1094s ]
SQL: SELECT `active` FROM `ysk_scroll` WHERE `id` = 1 LIMIT 1   [ RunTime:0.0010s ]
SQL: UPDATE `ysk_user_scroll` SET `status`='0' WHERE `id` = 119 [ RunTime:0.1074s ]
SQL: SELECT `active` FROM `ysk_scroll` WHERE `id` = 1 LIMIT 1   [ RunTime:0.0010s ]
SQL: UPDATE `ysk_user_scroll` SET `status`='0' WHERE `id` = 120 [ RunTime:0.0391s ]
SQL: SELECT `active` FROM `ysk_scroll` WHERE `id` = 1 LIMIT 1   [ RunTime:0.0000s ]
SQL: UPDATE `ysk_user_scroll` SET `status`='0' WHERE `id` = 121 [ RunTime:0.0313s ]
SQL: SELECT `active` FROM `ysk_scroll` WHERE `id` = 1 LIMIT 1   [ RunTime:0.0010s ]
SQL: UPDATE `ysk_user_scroll` SET `status`='0' WHERE `id` = 122 [ RunTime:0.0176s ]
SQL: SELECT `active` FROM `ysk_scroll` WHERE `id` = 1 LIMIT 1   [ RunTime:0.0000s ]
SQL: UPDATE `ysk_user_scroll` SET `status`='0' WHERE `id` = 123 [ RunTime:0.0234s ]
SQL: SELECT `active` FROM `ysk_scroll` WHERE `id` = 1 LIMIT 1   [ RunTime:0.0000s ]
SQL: UPDATE `ysk_user_scroll` SET `status`='0' WHERE `id` = 124 [ RunTime:0.0176s ]
SQL: SELECT `active` FROM `ysk_scroll` WHERE `id` = 1 LIMIT 1   [ RunTime:0.0000s ]
SQL: UPDATE `ysk_user_scroll` SET `status`='0' WHERE `id` = 125 [ RunTime:0.0225s ]
SQL: SELECT `active` FROM `ysk_scroll` WHERE `id` = 1 LIMIT 1   [ RunTime:0.0000s ]
SQL: UPDATE `ysk_user_scroll` SET `status`='0' WHERE `id` = 126 [ RunTime:0.0176s ]
SQL: SELECT `active` FROM `ysk_scroll` WHERE `id` = 1 LIMIT 1   [ RunTime:0.0010s ]
SQL: UPDATE `ysk_user_scroll` SET `status`='0' WHERE `id` = 127 [ RunTime:0.0313s ]
SQL: SELECT `active` FROM `ysk_scroll` WHERE `id` = 1 LIMIT 1   [ RunTime:0.0010s ]
SQL: SHOW COLUMNS FROM `ysk_user_level` [ RunTime:0.0059s ]
SQL: SELECT * FROM `ysk_user_level` ORDER BY id asc  [ RunTime:0.0010s ]
SQL: SELECT `vip_grade` FROM `ysk_user_level` WHERE `id` = 0 LIMIT 1   [ RunTime:0.0000s ]
SQL: SELECT COUNT(*) AS tp_count FROM `ysk_user` WHERE `pid` = 8803 AND `vip_grade` = null LIMIT 1   [ RunTime:0.0010s ]
SQL: SELECT `total_active` FROM `ysk_user` WHERE `userid` = 8803 LIMIT 1   [ RunTime:0.0000s ]
SQL: SELECT `vip_grade` FROM `ysk_user` WHERE `userid` = 8803 LIMIT 1   [ RunTime:0.0010s ]
SQL: SELECT `vip_grade` FROM `ysk_user_level` WHERE `id` = 0 LIMIT 1   [ RunTime:0.0000s ]
SQL: SELECT COUNT(*) AS tp_count FROM `ysk_user` WHERE `pid` = 8803 AND `vip_grade` = null LIMIT 1   [ RunTime:0.0000s ]
SQL: SELECT `total_active` FROM `ysk_user` WHERE `userid` = 8803 LIMIT 1   [ RunTime:0.0000s ]
SQL: SELECT `vip_grade` FROM `ysk_user` WHERE `userid` = 8803 LIMIT 1   [ RunTime:0.0000s ]
SQL: SELECT `vip_grade` FROM `ysk_user_level` WHERE `id` = 0 LIMIT 1   [ RunTime:0.0010s ]
SQL: SELECT COUNT(*) AS tp_count FROM `ysk_user` WHERE `pid` = 8803 AND `vip_grade` = null LIMIT 1   [ RunTime:0.0000s ]
SQL: SELECT `total_active` FROM `ysk_user` WHERE `userid` = 8803 LIMIT 1   [ RunTime:0.0000s ]
SQL: SELECT `vip_grade` FROM `ysk_user` WHERE `userid` = 8803 LIMIT 1   [ RunTime:0.0000s ]
SQL: SELECT `vip_grade` FROM `ysk_user_level` WHERE `id` = 0 LIMIT 1   [ RunTime:0.0000s ]
SQL: SELECT COUNT(*) AS tp_count FROM `ysk_user` WHERE `pid` = 8803 AND `vip_grade` = null LIMIT 1   [ RunTime:0.0010s ]
SQL: SELECT `total_active` FROM `ysk_user` WHERE `userid` = 8803 LIMIT 1   [ RunTime:0.0000s ]
SQL: SELECT `vip_grade` FROM `ysk_user` WHERE `userid` = 8803 LIMIT 1   [ RunTime:0.0000s ]
SQL: SHOW COLUMNS FROM `ysk_deal` [ RunTime:0.0059s ]
SQL: SELECT * FROM `ysk_deal` WHERE `status` = 1 AND `expiration_time` <= 1608791696  [ RunTime:0.0010s ]
SQL: SELECT * FROM `ysk_deal` WHERE `status` = 2 AND `expiration_time` <= 1608791696  [ RunTime:0.0000s ]
SQL: SELECT * FROM `ysk_deal` WHERE ( `sell_id` = '8803' OR `pay_id` = '8803' ) AND `status` = 1 ORDER BY id asc  [ RunTime:0.0010s ]
SQL: SELECT * FROM `ysk_deal` WHERE ( `sell_id` = '8803' OR `pay_id` = '8803' ) AND `status` = 2 ORDER BY id asc  [ RunTime:0.0000s ]
SQL: SHOW COLUMNS FROM `ysk_banner` [ RunTime:0.0068s ]
SQL: SELECT * FROM `ysk_banner` ORDER BY sort asc  [ RunTime:0.0000s ]
SQL: SHOW COLUMNS FROM `ysk_news` [ RunTime:0.0068s ]
SQL: SELECT * FROM `ysk_news` WHERE `type` = 1 ORDER BY id desc LIMIT 8   [ RunTime:0.0010s ]
SQL: SELECT * FROM `ysk_scroll` WHERE `status` = 1  [ RunTime:0.0000s ]
SQL: SELECT * FROM `ysk_record` WHERE ( `record_price` >= '300' AND `record_price` <= '800'  ) AND `record_status` = 2 AND `out_uid` <> '8803'  [ RunTime:0.0000s ]
SQL: SELECT * FROM `ysk_record` WHERE ( `record_price` >= '801' AND `record_price` <= '2000'  ) AND `record_status` = 2 AND `out_uid` <> '8803'  [ RunTime:0.0010s ]
SQL: SELECT * FROM `ysk_record` WHERE ( `record_price` >= '1201' AND `record_price` <= '2000'  ) AND `record_status` = 2 AND `out_uid` <> '8803'  [ RunTime:0.0010s ]
SQL: SELECT * FROM `ysk_record` WHERE ( `record_price` >= '2001' AND `record_price` <= '2500'  ) AND `record_status` = 2 AND `out_uid` <> '8803'  [ RunTime:0.0000s ]
SQL: SELECT * FROM `ysk_record` WHERE ( `record_price` >= '2501' AND `record_price` <= '3500'  ) AND `record_status` = 2 AND `out_uid` <> '8803'  [ RunTime:0.0000s ]
NOTIC: [8] Undefined variable: uinfo E:\xin12\shop\Home\Controller\IndexController.class.php 第 122 行.
NOTIC: [8] Undefined variable: moneyinfo E:\xin12\shop\Home\Controller\IndexController.class.php 第 123 行.
NOTIC: [8] Undefined variable: can_get E:\xin12\shop\Home\Controller\IndexController.class.php 第 124 行.
NOTIC: [8] Undefined variable: is_setnums E:\xin12\shop\Home\Controller\IndexController.class.php 第 125 行.
NOTIC: [8] Undefined variable: pic_array E:\xin12\shop\Home\Controller\IndexController.class.php 第 126 行.
NOTIC: [8] Undefined variable: fUser E:\xin12\shop\Home\Controller\IndexController.class.php 第 127 行.
SQL: SELECT * FROM `ysk_banner` ORDER BY sort asc  [ RunTime:0.0010s ]
SQL: SELECT `img_head`,`userid`,`releas_time`,`is_reward`,`today_releas`,`quanxian`,`vip_grade`,`total_lingshi`,`total_active` FROM `ysk_user` WHERE `userid` = 8803 LIMIT 1   [ RunTime:0.0000s ]
SQL: SHOW COLUMNS FROM `ysk_store` [ RunTime:0.0068s ]
SQL: SELECT `cangku_num`,`fengmi_num` FROM `ysk_store` WHERE `uid` = 8803 LIMIT 1   [ RunTime:0.0010s ]
SQL: SHOW COLUMNS FROM `ysk_user_scroll` [ RunTime:0.0039s ]
SQL: SELECT s.single_num FROM ysk_user_scroll us INNER JOIN ysk_scroll s ON us.scroll_id=s.id  WHERE us.uid = '8803' AND us.status = 1  [ RunTime:0.0000s ]
SQL: SHOW COLUMNS FROM `ysk_user_clock` [ RunTime:0.0039s ]
SQL: SELECT `lasttime`,`get_num` FROM `ysk_user_clock` WHERE `uid` = 8803 ORDER BY id desc LIMIT 1   [ RunTime:0.0000s ]
SQL: SELECT COUNT(*) AS tp_count FROM `ysk_user_scroll` WHERE `uid` = 8803 AND `status` = 1 LIMIT 1   [ RunTime:0.0000s ]
SQL: SELECT `value` FROM `ysk_config` WHERE `name` = 'false_user' LIMIT 1   [ RunTime:0.0010s ]
SQL: SELECT `value` FROM `ysk_config` WHERE `name` = 'add_user' LIMIT 1   [ RunTime:0.0000s ]
SQL: SELECT * FROM `ysk_config` WHERE `name` = 'min_balance' LIMIT 1   [ RunTime:0.0000s ]
NOTIC: [8] Undefined variable: can_get E:\xin12\shop\Home\Controller\IndexController.class.php 第 274 行.
NOTIC: [8] Undefined variable: is_setnums E:\xin12\shop\Home\Controller\IndexController.class.php 第 275 行.
INFO: [ view_parse ] --START--
INFO: [ template_filter ] --START--
INFO: Run Behavior\ContentReplaceBehavior [ RunTime:0.000000s ]
INFO: [ template_filter ] --END-- [ RunTime:0.000000s ]
NOTIC: [8] Undefined index: m E:\xin12\ThinkPHP\Common\functions.php 第 977 行.
NOTIC: [8] Undefined index: m E:\xin12\ThinkPHP\Common\functions.php 第 977 行.
NOTIC: [8] Undefined index: m E:\xin12\ThinkPHP\Common\functions.php 第 977 行.
NOTIC: [8] Undefined index: m E:\xin12\ThinkPHP\Common\functions.php 第 977 行.
NOTIC: [8] Undefined index: m E:\xin12\ThinkPHP\Common\functions.php 第 977 行.
NOTIC: [8] Undefined index: m E:\xin12\ThinkPHP\Common\functions.php 第 977 行.
INFO: Run Behavior\ParseTemplateBehavior [ RunTime:0.008789s ]
INFO: [ view_parse ] --END-- [ RunTime:0.008789s ]
INFO: [ view_filter ] --START--
INFO: Run Behavior\WriteHtmlCacheBehavior [ RunTime:0.000000s ]
INFO: [ view_filter ] --END-- [ RunTime:0.000000s ]
INFO: [ app_end ] --START--
INFO: Run Behavior\ShowPageTraceBehavior [ RunTime:0.000000s ]
INFO: [ app_end ] --END-- [ RunTime:0.000977s ]

[ 2020-12-24T14:35:11+08:00 ] 127.0.0.1 /Index/pond.html
INFO: [ app_init ] --START--
INFO: Run Behavior\BuildLiteBehavior [ RunTime:0.000000s ]
INFO: [ app_init ] --END-- [ RunTime:0.000000s ]
INFO: [ app_begin ] --START--
INFO: Run Behavior\ReadHtmlCacheBehavior [ RunTime:0.000000s ]
INFO: Run Common\Behavior\CheckLangBehavior [ RunTime:0.000977s ]
INFO: [ app_begin ] --END-- [ RunTime:0.000977s ]
SQL: SHOW COLUMNS FROM `ysk_config` [ RunTime:0.0039s ]
SQL: SELECT `value`,`tip` FROM `ysk_config` WHERE `name` = 'TOGGLE_WEB_SITE' LIMIT 1   [ RunTime:0.0010s ]
SQL: SHOW COLUMNS FROM `ysk_user` [ RunTime:0.0059s ]
SQL: SHOW COLUMNS FROM `ysk_user` [ RunTime:0.0059s ]
SQL: SELECT `status`,`session_id` FROM `ysk_user` WHERE `userid` = 8803 LIMIT 1   [ RunTime:0.0000s ]
SQL: SHOW COLUMNS FROM `ysk_record` [ RunTime:0.0059s ]
SQL: SELECT * FROM `ysk_record` WHERE `in_uid` = 8803 AND `is_lin` = 0 AND `record_status` = 4  [ RunTime:0.0000s ]
SQL: SHOW COLUMNS FROM `ysk_config` [ RunTime:0.0049s ]
SQL: SELECT `value` FROM `ysk_config` WHERE `name` = 'zhuanrang_max' LIMIT 1   [ RunTime:0.0000s ]
SQL: SELECT `value` FROM `ysk_config` WHERE `name` = 'zhuanrang_min' LIMIT 1   [ RunTime:0.0010s ]
SQL: SELECT * FROM `ysk_record` WHERE ( `in_uid` = '8803' OR `out_uid` = '8803' ) AND `record_status` = 6 AND `pipeitime` <= 1608784510  [ RunTime:0.0000s ]
SQL: SELECT * FROM `ysk_record` WHERE ( `in_uid` = '8803' OR `out_uid` = '8803' ) AND `record_status` = 7 AND `getmoney_time` <= 1608784510  [ RunTime:0.0010s ]
SQL: SHOW COLUMNS FROM `ysk_yuyue` [ RunTime:0.0049s ]
SQL: SELECT * FROM `ysk_yuyue` WHERE `time` <= 1608739200 AND `status` = 1  [ RunTime:0.0000s ]
SQL: SELECT * FROM `ysk_record` WHERE `record_status` = 2 AND `is_chaoshi_lin` = 1  [ RunTime:0.0010s ]
SQL: SHOW COLUMNS FROM `ysk_user_scroll` [ RunTime:0.0039s ]
SQL: SELECT `id`,`uid`,`scroll_id` FROM `ysk_user_scroll` WHERE `overtime` <= 1608791710  [ RunTime:0.0000s ]
SQL: UPDATE `ysk_user_scroll` SET `status`='0' WHERE `id` = 76 [ RunTime:0.0234s ]
SQL: SHOW COLUMNS FROM `ysk_scroll` [ RunTime:0.0049s ]
SQL: SELECT `active` FROM `ysk_scroll` WHERE `id` = 1 LIMIT 1   [ RunTime:0.0000s ]
SQL: UPDATE `ysk_user_scroll` SET `status`='0' WHERE `id` = 77 [ RunTime:0.0186s ]
SQL: SELECT `active` FROM `ysk_scroll` WHERE `id` = 1 LIMIT 1   [ RunTime:0.0010s ]
SQL: UPDATE `ysk_user_scroll` SET `status`='0' WHERE `id` = 78 [ RunTime:0.0234s ]
SQL: SELECT `active` FROM `ysk_scroll` WHERE `id` = 1 LIMIT 1   [ RunTime:0.0000s ]
SQL: UPDATE `ysk_user_scroll` SET `status`='0' WHERE `id` = 79 [ RunTime:0.0176s ]
SQL: SELECT `active` FROM `ysk_scroll` WHERE `id` = 1 LIMIT 1   [ RunTime:0.0010s ]
SQL: UPDATE `ysk_user_scroll` SET `status`='0' WHERE `id` = 80 [ RunTime:0.0225s ]
SQL: SELECT `active` FROM `ysk_scroll` WHERE `id` = 1 LIMIT 1   [ RunTime:0.0010s ]
SQL: UPDATE `ysk_user_scroll` SET `status`='0' WHERE `id` = 81 [ RunTime:0.0176s ]
SQL: SELECT `active` FROM `ysk_scroll` WHERE `id` = 1 LIMIT 1   [ RunTime:0.0000s ]
SQL: UPDATE `ysk_user_scroll` SET `status`='0' WHERE `id` = 82 [ RunTime:0.0234s ]
SQL: SELECT `active` FROM `ysk_scroll` WHERE `id` = 1 LIMIT 1   [ RunTime:0.0000s ]
SQL: UPDATE `ysk_user_scroll` SET `status`='0' WHERE `id` = 83 [ RunTime:0.0264s ]
SQL: SELECT `active` FROM `ysk_scroll` WHERE `id` = 1 LIMIT 1   [ RunTime:0.0000s ]
SQL: UPDATE `ysk_user_scroll` SET `status`='0' WHERE `id` = 84 [ RunTime:0.0225s ]
SQL: SELECT `active` FROM `ysk_scroll` WHERE `id` = 1 LIMIT 1   [ RunTime:0.0000s ]
SQL: UPDATE `ysk_user_scroll` SET `status`='0' WHERE `id` = 85 [ RunTime:0.0176s ]
SQL: SELECT `active` FROM `ysk_scroll` WHERE `id` = 1 LIMIT 1   [ RunTime:0.0000s ]
SQL: UPDATE `ysk_user_scroll` SET `status`='0' WHERE `id` = 86 [ RunTime:0.0234s ]
SQL: SELECT `active` FROM `ysk_scroll` WHERE `id` = 1 LIMIT 1   [ RunTime:0.0000s ]
SQL: UPDATE `ysk_user_scroll` SET `status`='0' WHERE `id` = 87 [ RunTime:0.0176s ]
SQL: SELECT `active` FROM `ysk_scroll` WHERE `id` = 1 LIMIT 1   [ RunTime:0.0010s ]
SQL: UPDATE `ysk_user_scroll` SET `status`='0' WHERE `id` = 88 [ RunTime:0.0225s ]
SQL: SELECT `active` FROM `ysk_scroll` WHERE `id` = 1 LIMIT 1   [ RunTime:0.0010s ]
SQL: UPDATE `ysk_user_scroll` SET `status`='0' WHERE `id` = 89 [ RunTime:0.0254s ]
SQL: SELECT `active` FROM `ysk_scroll` WHERE `id` = 1 LIMIT 1   [ RunTime:0.0000s ]
SQL: UPDATE `ysk_user_scroll` SET `status`='0' WHERE `id` = 90 [ RunTime:0.0234s ]
SQL: SELECT `active` FROM `ysk_scroll` WHERE `id` = 1 LIMIT 1   [ RunTime:0.0000s ]
SQL: UPDATE `ysk_user_scroll` SET `status`='0' WHERE `id` = 91 [ RunTime:0.0176s ]
SQL: SELECT `active` FROM `ysk_scroll` WHERE `id` = 1 LIMIT 1   [ RunTime:0.0010s ]
SQL: UPDATE `ysk_user_scroll` SET `status`='0' WHERE `id` = 92 [ RunTime:0.0225s ]
SQL: SELECT `active` FROM `ysk_scroll` WHERE `id` = 1 LIMIT 1   [ RunTime:0.0010s ]
SQL: UPDATE `ysk_user_scroll` SET `status`='0' WHERE `id` = 93 [ RunTime:0.0176s ]
SQL: SELECT `active` FROM `ysk_scroll` WHERE `id` = 1 LIMIT 1   [ RunTime:0.0000s ]
SQL: UPDATE `ysk_user_scroll` SET `status`='0' WHERE `id` = 94 [ RunTime:0.0234s ]
SQL: SELECT `active` FROM `ysk_scroll` WHERE `id` = 1 LIMIT 1   [ RunTime:0.0000s ]
SQL: UPDATE `ysk_user_scroll` SET `status`='0' WHERE `id` = 95 [ RunTime:0.0264s ]
SQL: SELECT `active` FROM `ysk_scroll` WHERE `id` = 1 LIMIT 1   [ RunTime:0.0000s ]
SQL: UPDATE `ysk_user_scroll` SET `status`='0' WHERE `id` = 96 [ RunTime:0.0225s ]
SQL: SELECT `active` FROM `ysk_scroll` WHERE `id` = 1 LIMIT 1   [ RunTime:0.0010s ]
SQL: UPDATE `ysk_user_scroll` SET `status`='0' WHERE `id` = 97 [ RunTime:0.0176s ]
SQL: SELECT `active` FROM `ysk_scroll` WHERE `id` = 1 LIMIT 1   [ RunTime:0.0000s ]
SQL: UPDATE `ysk_user_scroll` SET `status`='0' WHERE `id` = 98 [ RunTime:0.0234s ]
SQL: SELECT `active` FROM `ysk_scroll` WHERE `id` = 1 LIMIT 1   [ RunTime:0.0000s ]
SQL: UPDATE `ysk_user_scroll` SET `status`='0' WHERE `id` = 99 [ RunTime:0.0957s ]
SQL: SELECT `active` FROM `ysk_scroll` WHERE `id` = 1 LIMIT 1   [ RunTime:0.0000s ]
SQL: UPDATE `ysk_user_scroll` SET `status`='0' WHERE `id` = 100 [ RunTime:0.1494s ]
SQL: SELECT `active` FROM `ysk_scroll` WHERE `id` = 1 LIMIT 1   [ RunTime:0.0000s ]
SQL: UPDATE `ysk_user_scroll` SET `status`='0' WHERE `id` = 101 [ RunTime:0.0313s ]
SQL: SELECT `active` FROM `ysk_scroll` WHERE `id` = 1 LIMIT 1   [ RunTime:0.0000s ]
SQL: UPDATE `ysk_user_scroll` SET `status`='0' WHERE `id` = 102 [ RunTime:0.0225s ]
SQL: SELECT `active` FROM `ysk_scroll` WHERE `id` = 1 LIMIT 1   [ RunTime:0.0000s ]
SQL: UPDATE `ysk_user_scroll` SET `status`='0' WHERE `id` = 103 [ RunTime:0.0176s ]
SQL: SELECT `active` FROM `ysk_scroll` WHERE `id` = 1 LIMIT 1   [ RunTime:0.0000s ]
SQL: UPDATE `ysk_user_scroll` SET `status`='0' WHERE `id` = 104 [ RunTime:0.0234s ]
SQL: SELECT `active` FROM `ysk_scroll` WHERE `id` = 1 LIMIT 1   [ RunTime:0.0000s ]
SQL: UPDATE `ysk_user_scroll` SET `status`='0' WHERE `id` = 105 [ RunTime:0.0176s ]
SQL: SELECT `active` FROM `ysk_scroll` WHERE `id` = 1 LIMIT 1   [ RunTime:0.0010s ]
SQL: UPDATE `ysk_user_scroll` SET `status`='0' WHERE `id` = 106 [ RunTime:0.0313s ]
SQL: SELECT `active` FROM `ysk_scroll` WHERE `id` = 1 LIMIT 1   [ RunTime:0.0000s ]
SQL: UPDATE `ysk_user_scroll` SET `status`='0' WHERE `id` = 107 [ RunTime:0.0166s ]
SQL: SELECT `active` FROM `ysk_scroll` WHERE `id` = 1 LIMIT 1   [ RunTime:0.0000s ]
SQL: UPDATE `ysk_user_scroll` SET `status`='0' WHERE `id` = 108 [ RunTime:0.0225s ]
SQL: SELECT `active` FROM `ysk_scroll` WHERE `id` = 1 LIMIT 1   [ RunTime:0.0000s ]
SQL: UPDATE `ysk_user_scroll` SET `status`='0' WHERE `id` = 109 [ RunTime:0.0176s ]
SQL: SELECT `active` FROM `ysk_scroll` WHERE `id` = 1 LIMIT 1   [ RunTime:0.0010s ]
SQL: UPDATE `ysk_user_scroll` SET `status`='0' WHERE `id` = 110 [ RunTime:0.0225s ]
SQL: SELECT `active` FROM `ysk_scroll` WHERE `id` = 1 LIMIT 1   [ RunTime:0.0010s ]
SQL: UPDATE `ysk_user_scroll` SET `status`='0' WHERE `id` = 111 [ RunTime:0.0176s ]
SQL: SELECT `active` FROM `ysk_scroll` WHERE `id` = 1 LIMIT 1   [ RunTime:0.0000s ]
SQL: UPDATE `ysk_user_scroll` SET `status`='0' WHERE `id` = 112 [ RunTime:0.0313s ]
SQL: SELECT `active` FROM `ysk_scroll` WHERE `id` = 1 LIMIT 1   [ RunTime:0.0000s ]
SQL: UPDATE `ysk_user_scroll` SET `status`='0' WHERE `id` = 113 [ RunTime:0.0176s ]
SQL: SELECT `active` FROM `ysk_scroll` WHERE `id` = 1 LIMIT 1   [ RunTime:0.0000s ]
SQL: UPDATE `ysk_user_scroll` SET `status`='0' WHERE `id` = 114 [ RunTime:0.0225s ]
SQL: SELECT `active` FROM `ysk_scroll` WHERE `id` = 1 LIMIT 1   [ RunTime:0.0000s ]
SQL: UPDATE `ysk_user_scroll` SET `status`='0' WHERE `id` = 115 [ RunTime:0.0176s ]
SQL: SELECT `active` FROM `ysk_scroll` WHERE `id` = 1 LIMIT 1   [ RunTime:0.0000s ]
SQL: UPDATE `ysk_user_scroll` SET `status`='0' WHERE `id` = 116 [ RunTime:0.0234s ]
SQL: SELECT `active` FROM `ysk_scroll` WHERE `id` = 1 LIMIT 1   [ RunTime:0.0000s ]
SQL: UPDATE `ysk_user_scroll` SET `status`='0' WHERE `id` = 117 [ RunTime:0.0166s ]
SQL: SELECT `active` FROM `ysk_scroll` WHERE `id` = 1 LIMIT 1   [ RunTime:0.0000s ]
SQL: UPDATE `ysk_user_scroll` SET `status`='0' WHERE `id` = 118 [ RunTime:0.0234s ]
SQL: SELECT `active` FROM `ysk_scroll` WHERE `id` = 1 LIMIT 1   [ RunTime:0.0000s ]
SQL: UPDATE `ysk_user_scroll` SET `status`='0' WHERE `id` = 119 [ RunTime:0.0176s ]
SQL: SELECT `active` FROM `ysk_scroll` WHERE `id` = 1 LIMIT 1   [ RunTime:0.0000s ]
SQL: UPDATE `ysk_user_scroll` SET `status`='0' WHERE `id` = 120 [ RunTime:0.0234s ]
SQL: SELECT `active` FROM `ysk_scroll` WHERE `id` = 1 LIMIT 1   [ RunTime:0.0010s ]
SQL: UPDATE `ysk_user_scroll` SET `status`='0' WHERE `id` = 121 [ RunTime:0.0176s ]
SQL: SELECT `active` FROM `ysk_scroll` WHERE `id` = 1 LIMIT 1   [ RunTime:0.0000s ]
SQL: UPDATE `ysk_user_scroll` SET `status`='0' WHERE `id` = 122 [ RunTime:0.0234s ]
SQL: SELECT `active` FROM `ysk_scroll` WHERE `id` = 1 LIMIT 1   [ RunTime:0.0000s ]
SQL: UPDATE `ysk_user_scroll` SET `status`='0' WHERE `id` = 123 [ RunTime:0.0264s ]
SQL: SELECT `active` FROM `ysk_scroll` WHERE `id` = 1 LIMIT 1   [ RunTime:0.0000s ]
SQL: UPDATE `ysk_user_scroll` SET `status`='0' WHERE `id` = 124 [ RunTime:0.0234s ]
SQL: SELECT `active` FROM `ysk_scroll` WHERE `id` = 1 LIMIT 1   [ RunTime:0.0000s ]
SQL: UPDATE `ysk_user_scroll` SET `status`='0' WHERE `id` = 125 [ RunTime:0.0166s ]
SQL: SELECT `active` FROM `ysk_scroll` WHERE `id` = 1 LIMIT 1   [ RunTime:0.0000s ]
SQL: UPDATE `ysk_user_scroll` SET `status`='0' WHERE `id` = 126 [ RunTime:0.0234s ]
SQL: SELECT `active` FROM `ysk_scroll` WHERE `id` = 1 LIMIT 1   [ RunTime:0.0000s ]
SQL: UPDATE `ysk_user_scroll` SET `status`='0' WHERE `id` = 127 [ RunTime:0.0176s ]
SQL: SELECT `active` FROM `ysk_scroll` WHERE `id` = 1 LIMIT 1   [ RunTime:0.0010s ]
SQL: SHOW COLUMNS FROM `ysk_user_level` [ RunTime:0.0059s ]
SQL: SELECT * FROM `ysk_user_level` ORDER BY id asc  [ RunTime:0.0000s ]
SQL: SELECT `vip_grade` FROM `ysk_user_level` WHERE `id` = 0 LIMIT 1   [ RunTime:0.0000s ]
SQL: SELECT COUNT(*) AS tp_count FROM `ysk_user` WHERE `pid` = 8803 AND `vip_grade` = null LIMIT 1   [ RunTime:0.0000s ]
SQL: SELECT `total_active` FROM `ysk_user` WHERE `userid` = 8803 LIMIT 1   [ RunTime:0.0000s ]
SQL: SELECT `vip_grade` FROM `ysk_user` WHERE `userid` = 8803 LIMIT 1   [ RunTime:0.0010s ]
SQL: SELECT `vip_grade` FROM `ysk_user_level` WHERE `id` = 0 LIMIT 1   [ RunTime:0.0000s ]
SQL: SELECT COUNT(*) AS tp_count FROM `ysk_user` WHERE `pid` = 8803 AND `vip_grade` = null LIMIT 1   [ RunTime:0.0000s ]
SQL: SELECT `total_active` FROM `ysk_user` WHERE `userid` = 8803 LIMIT 1   [ RunTime:0.0000s ]
SQL: SELECT `vip_grade` FROM `ysk_user` WHERE `userid` = 8803 LIMIT 1   [ RunTime:0.0000s ]
SQL: SELECT `vip_grade` FROM `ysk_user_level` WHERE `id` = 0 LIMIT 1   [ RunTime:0.0000s ]
SQL: SELECT COUNT(*) AS tp_count FROM `ysk_user` WHERE `pid` = 8803 AND `vip_grade` = null LIMIT 1   [ RunTime:0.0000s ]
SQL: SELECT `total_active` FROM `ysk_user` WHERE `userid` = 8803 LIMIT 1   [ RunTime:0.0010s ]
SQL: SELECT `vip_grade` FROM `ysk_user` WHERE `userid` = 8803 LIMIT 1   [ RunTime:0.0000s ]
SQL: SELECT `vip_grade` FROM `ysk_user_level` WHERE `id` = 0 LIMIT 1   [ RunTime:0.0000s ]
SQL: SELECT COUNT(*) AS tp_count FROM `ysk_user` WHERE `pid` = 8803 AND `vip_grade` = null LIMIT 1   [ RunTime:0.0000s ]
SQL: SELECT `total_active` FROM `ysk_user` WHERE `userid` = 8803 LIMIT 1   [ RunTime:0.0000s ]
SQL: SELECT `vip_grade` FROM `ysk_user` WHERE `userid` = 8803 LIMIT 1   [ RunTime:0.0000s ]
SQL: SHOW COLUMNS FROM `ysk_deal` [ RunTime:0.0059s ]
SQL: SELECT * FROM `ysk_deal` WHERE `status` = 1 AND `expiration_time` <= 1608791711  [ RunTime:0.0000s ]
SQL: SELECT * FROM `ysk_deal` WHERE `status` = 2 AND `expiration_time` <= 1608791711  [ RunTime:0.0000s ]
SQL: SELECT * FROM `ysk_record` WHERE `in_uid` = 8803 AND `record_status` = 4  [ RunTime:0.0000s ]
SQL: SELECT SUM(record_price) AS tp_sum FROM `ysk_record` WHERE `in_uid` = 8803 AND `record_status` = 4 LIMIT 1   [ RunTime:0.0000s ]
SQL: SELECT `total_lingshi` FROM `ysk_user` WHERE `userid` = 8803 LIMIT 1   [ RunTime:0.0000s ]
INFO: [ view_parse ] --START--
INFO: [ template_filter ] --START--
INFO: Run Behavior\ContentReplaceBehavior [ RunTime:0.000000s ]
INFO: [ template_filter ] --END-- [ RunTime:0.000000s ]
NOTIC: [8] Undefined index: m E:\xin12\ThinkPHP\Common\functions.php 第 977 行.
NOTIC: [8] Undefined index: m E:\xin12\ThinkPHP\Common\functions.php 第 977 行.
NOTIC: [8] Undefined index: m E:\xin12\ThinkPHP\Common\functions.php 第 977 行.
INFO: Run Behavior\ParseTemplateBehavior [ RunTime:0.008789s ]
INFO: [ view_parse ] --END-- [ RunTime:0.008789s ]
INFO: [ view_filter ] --START--
INFO: Run Behavior\WriteHtmlCacheBehavior [ RunTime:0.000000s ]
INFO: [ view_filter ] --END-- [ RunTime:0.000000s ]
INFO: [ app_end ] --START--
INFO: Run Behavior\ShowPageTraceBehavior [ RunTime:0.000000s ]
INFO: [ app_end ] --END-- [ RunTime:0.000000s ]

[ 2020-12-24T14:35:13+08:00 ] 127.0.0.1 /User/Personal.html
INFO: [ app_init ] --START--
INFO: Run Behavior\BuildLiteBehavior [ RunTime:0.000000s ]
INFO: [ app_init ] --END-- [ RunTime:0.000000s ]
INFO: [ app_begin ] --START--
INFO: Run Behavior\ReadHtmlCacheBehavior [ RunTime:0.000976s ]
INFO: Run Common\Behavior\CheckLangBehavior [ RunTime:0.000977s ]
INFO: [ app_begin ] --END-- [ RunTime:0.001953s ]
SQL: SHOW COLUMNS FROM `ysk_user` [ RunTime:0.0049s ]
SQL: SELECT `username`,`is_dailishang`,`userid`,`img_head`,`use_grade`,`vip_grade`,`total_lingshi`,`total_active`,`mobile`,`total_tuiguang`,`geo` FROM `ysk_user` WHERE `userid` = 8803 LIMIT 1   [ RunTime:0.0000s ]
SQL: SELECT SUM(total_active) AS tp_sum FROM `ysk_user` WHERE `pid` = 8803 AND `vip_grade` >= 1 LIMIT 1   [ RunTime:0.0000s ]
SQL: SELECT COUNT(*) AS tp_count FROM `ysk_user` WHERE `pid` = 8803 LIMIT 1   [ RunTime:0.0000s ]
INFO: [ view_parse ] --START--
INFO: [ template_filter ] --START--
INFO: Run Behavior\ContentReplaceBehavior [ RunTime:0.000000s ]
INFO: [ template_filter ] --END-- [ RunTime:0.000000s ]
NOTIC: [8] Undefined index: m E:\xin12\ThinkPHP\Common\functions.php 第 977 行.
NOTIC: [8] Undefined index: m E:\xin12\ThinkPHP\Common\functions.php 第 977 行.
NOTIC: [8] Undefined index: m E:\xin12\ThinkPHP\Common\functions.php 第 977 行.
NOTIC: [8] Undefined index: m E:\xin12\ThinkPHP\Common\functions.php 第 977 行.
NOTIC: [8] Undefined index: m E:\xin12\ThinkPHP\Common\functions.php 第 977 行.
NOTIC: [8] Undefined index: m E:\xin12\ThinkPHP\Common\functions.php 第 977 行.
NOTIC: [8] Undefined index: m E:\xin12\ThinkPHP\Common\functions.php 第 977 行.
NOTIC: [8] Undefined index: m E:\xin12\ThinkPHP\Common\functions.php 第 977 行.
NOTIC: [8] Undefined index: m E:\xin12\ThinkPHP\Common\functions.php 第 977 行.
NOTIC: [8] Undefined index: m E:\xin12\ThinkPHP\Common\functions.php 第 977 行.
NOTIC: [8] Undefined index: m E:\xin12\ThinkPHP\Common\functions.php 第 977 行.
NOTIC: [8] Undefined index: m E:\xin12\ThinkPHP\Common\functions.php 第 977 行.
NOTIC: [8] Undefined index: m E:\xin12\ThinkPHP\Common\functions.php 第 977 行.
NOTIC: [8] Undefined index: m E:\xin12\ThinkPHP\Common\functions.php 第 977 行.
NOTIC: [8] Undefined index: m E:\xin12\ThinkPHP\Common\functions.php 第 977 行.
NOTIC: [8] Undefined index: m E:\xin12\ThinkPHP\Common\functions.php 第 977 行.
NOTIC: [8] Undefined index: m E:\xin12\ThinkPHP\Common\functions.php 第 977 行.
INFO: Run Behavior\ParseTemplateBehavior [ RunTime:0.006836s ]
INFO: [ view_parse ] --END-- [ RunTime:0.006836s ]
INFO: [ view_filter ] --START--
INFO: Run Behavior\WriteHtmlCacheBehavior [ RunTime:0.000000s ]
INFO: [ view_filter ] --END-- [ RunTime:0.000000s ]
INFO: [ app_end ] --START--
INFO: Run Behavior\ShowPageTraceBehavior [ RunTime:0.000976s ]
INFO: [ app_end ] --END-- [ RunTime:0.000976s ]

[ 2020-12-24T14:35:13+08:00 ] 127.0.0.1 /Public/home/wap/jsa/jquery.min.map
INFO: [ app_init ] --START--
INFO: Run Behavior\BuildLiteBehavior [ RunTime:0.000000s ]
INFO: [ app_init ] --END-- [ RunTime:0.000000s ]
INFO: [ app_begin ] --START--
INFO: Run Behavior\ReadHtmlCacheBehavior [ RunTime:0.000000s ]
INFO: Run Common\Behavior\CheckLangBehavior [ RunTime:0.001953s ]
INFO: [ app_begin ] --END-- [ RunTime:0.001953s ]
ERR: 无法加载控制器:Public

[ 2020-12-24T14:35:17+08:00 ] 127.0.0.1 /Index/index.html
INFO: [ app_init ] --START--
INFO: Run Behavior\BuildLiteBehavior [ RunTime:0.000000s ]
INFO: [ app_init ] --END-- [ RunTime:0.000000s ]
INFO: [ app_begin ] --START--
INFO: Run Behavior\ReadHtmlCacheBehavior [ RunTime:0.000000s ]
INFO: Run Common\Behavior\CheckLangBehavior [ RunTime:0.000977s ]
INFO: [ app_begin ] --END-- [ RunTime:0.000977s ]
SQL: SHOW COLUMNS FROM `ysk_config` [ RunTime:0.0049s ]
SQL: SELECT `value`,`tip` FROM `ysk_config` WHERE `name` = 'TOGGLE_WEB_SITE' LIMIT 1   [ RunTime:0.0010s ]
SQL: SHOW COLUMNS FROM `ysk_user` [ RunTime:0.0049s ]
SQL: SHOW COLUMNS FROM `ysk_user` [ RunTime:0.0059s ]
SQL: SELECT `status`,`session_id` FROM `ysk_user` WHERE `userid` = 8803 LIMIT 1   [ RunTime:0.0000s ]
SQL: SHOW COLUMNS FROM `ysk_record` [ RunTime:0.0049s ]
SQL: SELECT * FROM `ysk_record` WHERE `in_uid` = 8803 AND `is_lin` = 0 AND `record_status` = 4  [ RunTime:0.0010s ]
SQL: SHOW COLUMNS FROM `ysk_config` [ RunTime:0.0039s ]
SQL: SELECT `value` FROM `ysk_config` WHERE `name` = 'zhuanrang_max' LIMIT 1   [ RunTime:0.0000s ]
SQL: SELECT `value` FROM `ysk_config` WHERE `name` = 'zhuanrang_min' LIMIT 1   [ RunTime:0.0000s ]
SQL: SELECT * FROM `ysk_record` WHERE ( `in_uid` = '8803' OR `out_uid` = '8803' ) AND `record_status` = 6 AND `pipeitime` <= 1608784516  [ RunTime:0.0000s ]
SQL: SELECT * FROM `ysk_record` WHERE ( `in_uid` = '8803' OR `out_uid` = '8803' ) AND `record_status` = 7 AND `getmoney_time` <= 1608784516  [ RunTime:0.0010s ]
SQL: SHOW COLUMNS FROM `ysk_yuyue` [ RunTime:0.0049s ]
SQL: SELECT * FROM `ysk_yuyue` WHERE `time` <= 1608739200 AND `status` = 1  [ RunTime:0.0000s ]
SQL: SELECT * FROM `ysk_record` WHERE `record_status` = 2 AND `is_chaoshi_lin` = 1  [ RunTime:0.0000s ]
SQL: SHOW COLUMNS FROM `ysk_user_scroll` [ RunTime:0.0049s ]
SQL: SELECT `id`,`uid`,`scroll_id` FROM `ysk_user_scroll` WHERE `overtime` <= 1608791716  [ RunTime:0.0000s ]
SQL: UPDATE `ysk_user_scroll` SET `status`='0' WHERE `id` = 76 [ RunTime:0.0498s ]
SQL: SHOW COLUMNS FROM `ysk_scroll` [ RunTime:0.0068s ]
SQL: SELECT `active` FROM `ysk_scroll` WHERE `id` = 1 LIMIT 1   [ RunTime:0.0000s ]
SQL: UPDATE `ysk_user_scroll` SET `status`='0' WHERE `id` = 77 [ RunTime:0.0430s ]
SQL: SELECT `active` FROM `ysk_scroll` WHERE `id` = 1 LIMIT 1   [ RunTime:0.0000s ]
SQL: UPDATE `ysk_user_scroll` SET `status`='0' WHERE `id` = 78 [ RunTime:0.0234s ]
SQL: SELECT `active` FROM `ysk_scroll` WHERE `id` = 1 LIMIT 1   [ RunTime:0.0000s ]
SQL: UPDATE `ysk_user_scroll` SET `status`='0' WHERE `id` = 79 [ RunTime:0.0176s ]
SQL: SELECT `active` FROM `ysk_scroll` WHERE `id` = 1 LIMIT 1   [ RunTime:0.0010s ]
SQL: UPDATE `ysk_user_scroll` SET `status`='0' WHERE `id` = 80 [ RunTime:0.0225s ]
SQL: SELECT `active` FROM `ysk_scroll` WHERE `id` = 1 LIMIT 1   [ RunTime:0.0000s ]
SQL: UPDATE `ysk_user_scroll` SET `status`='0' WHERE `id` = 81 [ RunTime:0.0176s ]
SQL: SELECT `active` FROM `ysk_scroll` WHERE `id` = 1 LIMIT 1   [ RunTime:0.0000s ]
SQL: UPDATE `ysk_user_scroll` SET `status`='0' WHERE `id` = 82 [ RunTime:0.0313s ]
SQL: SELECT `active` FROM `ysk_scroll` WHERE `id` = 1 LIMIT 1   [ RunTime:0.0000s ]
SQL: UPDATE `ysk_user_scroll` SET `status`='0' WHERE `id` = 83 [ RunTime:0.0176s ]
SQL: SELECT `active` FROM `ysk_scroll` WHERE `id` = 1 LIMIT 1   [ RunTime:0.0010s ]
SQL: UPDATE `ysk_user_scroll` SET `status`='0' WHERE `id` = 84 [ RunTime:0.0225s ]
SQL: SELECT `active` FROM `ysk_scroll` WHERE `id` = 1 LIMIT 1   [ RunTime:0.0010s ]
SQL: UPDATE `ysk_user_scroll` SET `status`='0' WHERE `id` = 85 [ RunTime:0.0176s ]
SQL: SELECT `active` FROM `ysk_scroll` WHERE `id` = 1 LIMIT 1   [ RunTime:0.0000s ]
SQL: UPDATE `ysk_user_scroll` SET `status`='0' WHERE `id` = 86 [ RunTime:0.0234s ]
SQL: SELECT `active` FROM `ysk_scroll` WHERE `id` = 1 LIMIT 1   [ RunTime:0.0000s ]
SQL: UPDATE `ysk_user_scroll` SET `status`='0' WHERE `id` = 87 [ RunTime:0.0176s ]
SQL: SELECT `active` FROM `ysk_scroll` WHERE `id` = 1 LIMIT 1   [ RunTime:0.0000s ]
SQL: UPDATE `ysk_user_scroll` SET `status`='0' WHERE `id` = 88 [ RunTime:0.0313s ]
SQL: SELECT `active` FROM `ysk_scroll` WHERE `id` = 1 LIMIT 1   [ RunTime:0.0010s ]
SQL: UPDATE `ysk_user_scroll` SET `status`='0' WHERE `id` = 89 [ RunTime:0.0176s ]
SQL: SELECT `active` FROM `ysk_scroll` WHERE `id` = 1 LIMIT 1   [ RunTime:0.0000s ]
SQL: UPDATE `ysk_user_scroll` SET `status`='0' WHERE `id` = 90 [ RunTime:0.0234s ]
SQL: SELECT `active` FROM `ysk_scroll` WHERE `id` = 1 LIMIT 1   [ RunTime:0.0000s ]
SQL: UPDATE `ysk_user_scroll` SET `status`='0' WHERE `id` = 91 [ RunTime:0.0176s ]
SQL: SELECT `active` FROM `ysk_scroll` WHERE `id` = 1 LIMIT 1   [ RunTime:0.0000s ]
SQL: UPDATE `ysk_user_scroll` SET `status`='0' WHERE `id` = 92 [ RunTime:0.0234s ]
SQL: SELECT `active` FROM `ysk_scroll` WHERE `id` = 1 LIMIT 1   [ RunTime:0.0000s ]
SQL: UPDATE `ysk_user_scroll` SET `status`='0' WHERE `id` = 93 [ RunTime:0.0176s ]
SQL: SELECT `active` FROM `ysk_scroll` WHERE `id` = 1 LIMIT 1   [ RunTime:0.0000s ]
SQL: UPDATE `ysk_user_scroll` SET `status`='0' WHERE `id` = 94 [ RunTime:0.0313s ]
SQL: SELECT `active` FROM `ysk_scroll` WHERE `id` = 1 LIMIT 1   [ RunTime:0.0000s ]
SQL: UPDATE `ysk_user_scroll` SET `status`='0' WHERE `id` = 95 [ RunTime:0.0176s ]
SQL: SELECT `active` FROM `ysk_scroll` WHERE `id` = 1 LIMIT 1   [ RunTime:0.0010s ]
SQL: UPDATE `ysk_user_scroll` SET `status`='0' WHERE `id` = 96 [ RunTime:0.0225s ]
SQL: SELECT `active` FROM `ysk_scroll` WHERE `id` = 1 LIMIT 1   [ RunTime:0.0000s ]
SQL: UPDATE `ysk_user_scroll` SET `status`='0' WHERE `id` = 97 [ RunTime:0.0176s ]
SQL: SELECT `active` FROM `ysk_scroll` WHERE `id` = 1 LIMIT 1   [ RunTime:0.0000s ]
SQL: UPDATE `ysk_user_scroll` SET `status`='0' WHERE `id` = 98 [ RunTime:0.0234s ]
SQL: SELECT `active` FROM `ysk_scroll` WHERE `id` = 1 LIMIT 1   [ RunTime:0.0010s ]
SQL: UPDATE `ysk_user_scroll` SET `status`='0' WHERE `id` = 99 [ RunTime:0.0352s ]
SQL: SELECT `active` FROM `ysk_scroll` WHERE `id` = 1 LIMIT 1   [ RunTime:0.0000s ]
SQL: UPDATE `ysk_user_scroll` SET `status`='0' WHERE `id` = 100 [ RunTime:0.0488s ]
SQL: SELECT `active` FROM `ysk_scroll` WHERE `id` = 1 LIMIT 1   [ RunTime:0.0000s ]
SQL: UPDATE `ysk_user_scroll` SET `status`='0' WHERE `id` = 101 [ RunTime:0.0244s ]
SQL: SELECT `active` FROM `ysk_scroll` WHERE `id` = 1 LIMIT 1   [ RunTime:0.0000s ]
SQL: UPDATE `ysk_user_scroll` SET `status`='0' WHERE `id` = 102 [ RunTime:0.0234s ]
SQL: SELECT `active` FROM `ysk_scroll` WHERE `id` = 1 LIMIT 1   [ RunTime:0.0010s ]
SQL: UPDATE `ysk_user_scroll` SET `status`='0' WHERE `id` = 103 [ RunTime:0.0918s ]
SQL: SELECT `active` FROM `ysk_scroll` WHERE `id` = 1 LIMIT 1   [ RunTime:0.0010s ]
SQL: UPDATE `ysk_user_scroll` SET `status`='0' WHERE `id` = 104 [ RunTime:0.0352s ]
SQL: SELECT `active` FROM `ysk_scroll` WHERE `id` = 1 LIMIT 1   [ RunTime:0.0000s ]
SQL: UPDATE `ysk_user_scroll` SET `status`='0' WHERE `id` = 105 [ RunTime:0.1982s ]
SQL: SELECT `active` FROM `ysk_scroll` WHERE `id` = 1 LIMIT 1   [ RunTime:0.0010s ]
SQL: UPDATE `ysk_user_scroll` SET `status`='0' WHERE `id` = 106 [ RunTime:0.0469s ]
SQL: SELECT `active` FROM `ysk_scroll` WHERE `id` = 1 LIMIT 1   [ RunTime:0.0010s ]
SQL: UPDATE `ysk_user_scroll` SET `status`='0' WHERE `id` = 107 [ RunTime:0.0225s ]
SQL: SELECT `active` FROM `ysk_scroll` WHERE `id` = 1 LIMIT 1   [ RunTime:0.0010s ]
SQL: UPDATE `ysk_user_scroll` SET `status`='0' WHERE `id` = 108 [ RunTime:0.0176s ]
SQL: SELECT `active` FROM `ysk_scroll` WHERE `id` = 1 LIMIT 1   [ RunTime:0.0000s ]
SQL: UPDATE `ysk_user_scroll` SET `status`='0' WHERE `id` = 109 [ RunTime:0.0234s ]
SQL: SELECT `active` FROM `ysk_scroll` WHERE `id` = 1 LIMIT 1   [ RunTime:0.0000s ]
SQL: UPDATE `ysk_user_scroll` SET `status`='0' WHERE `id` = 110 [ RunTime:0.0176s ]
SQL: SELECT `active` FROM `ysk_scroll` WHERE `id` = 1 LIMIT 1   [ RunTime:0.0000s ]
SQL: UPDATE `ysk_user_scroll` SET `status`='0' WHERE `id` = 111 [ RunTime:0.0313s ]
SQL: SELECT `active` FROM `ysk_scroll` WHERE `id` = 1 LIMIT 1   [ RunTime:0.0010s ]
SQL: UPDATE `ysk_user_scroll` SET `status`='0' WHERE `id` = 112 [ RunTime:0.0176s ]
SQL: SELECT `active` FROM `ysk_scroll` WHERE `id` = 1 LIMIT 1   [ RunTime:0.0000s ]
SQL: UPDATE `ysk_user_scroll` SET `status`='0' WHERE `id` = 113 [ RunTime:0.0234s ]
SQL: SELECT `active` FROM `ysk_scroll` WHERE `id` = 1 LIMIT 1   [ RunTime:0.0000s ]
SQL: UPDATE `ysk_user_scroll` SET `status`='0' WHERE `id` = 114 [ RunTime:0.0176s ]
SQL: SELECT `active` FROM `ysk_scroll` WHERE `id` = 1 LIMIT 1   [ RunTime:0.0010s ]
SQL: UPDATE `ysk_user_scroll` SET `status`='0' WHERE `id` = 115 [ RunTime:0.0225s ]
SQL: SELECT `active` FROM `ysk_scroll` WHERE `id` = 1 LIMIT 1   [ RunTime:0.0000s ]
SQL: UPDATE `ysk_user_scroll` SET `status`='0' WHERE `id` = 116 [ RunTime:0.0176s ]
SQL: SELECT `active` FROM `ysk_scroll` WHERE `id` = 1 LIMIT 1   [ RunTime:0.0000s ]
SQL: UPDATE `ysk_user_scroll` SET `status`='0' WHERE `id` = 117 [ RunTime:0.0322s ]
SQL: SELECT `active` FROM `ysk_scroll` WHERE `id` = 1 LIMIT 1   [ RunTime:0.0000s ]
SQL: UPDATE `ysk_user_scroll` SET `status`='0' WHERE `id` = 118 [ RunTime:0.0176s ]
SQL: SELECT `active` FROM `ysk_scroll` WHERE `id` = 1 LIMIT 1   [ RunTime:0.0010s ]
SQL: UPDATE `ysk_user_scroll` SET `status`='0' WHERE `id` = 119 [ RunTime:0.0225s ]
SQL: SELECT `active` FROM `ysk_scroll` WHERE `id` = 1 LIMIT 1   [ RunTime:0.0010s ]
SQL: UPDATE `ysk_user_scroll` SET `status`='0' WHERE `id` = 120 [ RunTime:0.0176s ]
SQL: SELECT `active` FROM `ysk_scroll` WHERE `id` = 1 LIMIT 1   [ RunTime:0.0000s ]
SQL: UPDATE `ysk_user_scroll` SET `status`='0' WHERE `id` = 121 [ RunTime:0.0234s ]
SQL: SELECT `active` FROM `ysk_scroll` WHERE `id` = 1 LIMIT 1   [ RunTime:0.0000s ]
SQL: UPDATE `ysk_user_scroll` SET `status`='0' WHERE `id` = 122 [ RunTime:0.0254s ]
SQL: SELECT `active` FROM `ysk_scroll` WHERE `id` = 1 LIMIT 1   [ RunTime:0.0000s ]
SQL: UPDATE `ysk_user_scroll` SET `status`='0' WHERE `id` = 123 [ RunTime:0.0225s ]
SQL: SELECT `active` FROM `ysk_scroll` WHERE `id` = 1 LIMIT 1   [ RunTime:0.0010s ]
SQL: UPDATE `ysk_user_scroll` SET `status`='0' WHERE `id` = 124 [ RunTime:0.0176s ]
SQL: SELECT `active` FROM `ysk_scroll` WHERE `id` = 1 LIMIT 1   [ RunTime:0.0000s ]
SQL: UPDATE `ysk_user_scroll` SET `status`='0' WHERE `id` = 125 [ RunTime:0.0234s ]
SQL: SELECT `active` FROM `ysk_scroll` WHERE `id` = 1 LIMIT 1   [ RunTime:0.0000s ]
SQL: UPDATE `ysk_user_scroll` SET `status`='0' WHERE `id` = 126 [ RunTime:0.0176s ]
SQL: SELECT `active` FROM `ysk_scroll` WHERE `id` = 1 LIMIT 1   [ RunTime:0.0010s ]
SQL: UPDATE `ysk_user_scroll` SET `status`='0' WHERE `id` = 127 [ RunTime:0.0234s ]
SQL: SELECT `active` FROM `ysk_scroll` WHERE `id` = 1 LIMIT 1   [ RunTime:0.0000s ]
SQL: SHOW COLUMNS FROM `ysk_user_level` [ RunTime:0.0068s ]
SQL: SELECT * FROM `ysk_user_level` ORDER BY id asc  [ RunTime:0.0010s ]
SQL: SELECT `vip_grade` FROM `ysk_user_level` WHERE `id` = 0 LIMIT 1   [ RunTime:0.0000s ]
SQL: SELECT COUNT(*) AS tp_count FROM `ysk_user` WHERE `pid` = 8803 AND `vip_grade` = null LIMIT 1   [ RunTime:0.0010s ]
SQL: SELECT `total_active` FROM `ysk_user` WHERE `userid` = 8803 LIMIT 1   [ RunTime:0.0000s ]
SQL: SELECT `vip_grade` FROM `ysk_user` WHERE `userid` = 8803 LIMIT 1   [ RunTime:0.0010s ]
SQL: SELECT `vip_grade` FROM `ysk_user_level` WHERE `id` = 0 LIMIT 1   [ RunTime:0.0000s ]
SQL: SELECT COUNT(*) AS tp_count FROM `ysk_user` WHERE `pid` = 8803 AND `vip_grade` = null LIMIT 1   [ RunTime:0.0000s ]
SQL: SELECT `total_active` FROM `ysk_user` WHERE `userid` = 8803 LIMIT 1   [ RunTime:0.0000s ]
SQL: SELECT `vip_grade` FROM `ysk_user` WHERE `userid` = 8803 LIMIT 1   [ RunTime:0.0000s ]
SQL: SELECT `vip_grade` FROM `ysk_user_level` WHERE `id` = 0 LIMIT 1   [ RunTime:0.0010s ]
SQL: SELECT COUNT(*) AS tp_count FROM `ysk_user` WHERE `pid` = 8803 AND `vip_grade` = null LIMIT 1   [ RunTime:0.0000s ]
SQL: SELECT `total_active` FROM `ysk_user` WHERE `userid` = 8803 LIMIT 1   [ RunTime:0.0010s ]
SQL: SELECT `vip_grade` FROM `ysk_user` WHERE `userid` = 8803 LIMIT 1   [ RunTime:0.0000s ]
SQL: SELECT `vip_grade` FROM `ysk_user_level` WHERE `id` = 0 LIMIT 1   [ RunTime:0.0000s ]
SQL: SELECT COUNT(*) AS tp_count FROM `ysk_user` WHERE `pid` = 8803 AND `vip_grade` = null LIMIT 1   [ RunTime:0.0000s ]
SQL: SELECT `total_active` FROM `ysk_user` WHERE `userid` = 8803 LIMIT 1   [ RunTime:0.0000s ]
SQL: SELECT `vip_grade` FROM `ysk_user` WHERE `userid` = 8803 LIMIT 1   [ RunTime:0.0010s ]
SQL: SHOW COLUMNS FROM `ysk_deal` [ RunTime:0.0059s ]
SQL: SELECT * FROM `ysk_deal` WHERE `status` = 1 AND `expiration_time` <= 1608791717  [ RunTime:0.0010s ]
SQL: SELECT * FROM `ysk_deal` WHERE `status` = 2 AND `expiration_time` <= 1608791717  [ RunTime:0.0000s ]
SQL: SELECT * FROM `ysk_deal` WHERE ( `sell_id` = '8803' OR `pay_id` = '8803' ) AND `status` = 1 ORDER BY id asc  [ RunTime:0.0010s ]
SQL: SELECT * FROM `ysk_deal` WHERE ( `sell_id` = '8803' OR `pay_id` = '8803' ) AND `status` = 2 ORDER BY id asc  [ RunTime:0.0000s ]
SQL: SHOW COLUMNS FROM `ysk_banner` [ RunTime:0.0068s ]
SQL: SELECT * FROM `ysk_banner` ORDER BY sort asc  [ RunTime:0.0000s ]
SQL: SHOW COLUMNS FROM `ysk_news` [ RunTime:0.0068s ]
SQL: SELECT * FROM `ysk_news` WHERE `type` = 1 ORDER BY id desc LIMIT 8   [ RunTime:0.0000s ]
SQL: SELECT * FROM `ysk_scroll` WHERE `status` = 1  [ RunTime:0.0010s ]
SQL: SELECT * FROM `ysk_record` WHERE ( `record_price` >= '300' AND `record_price` <= '800'  ) AND `record_status` = 2 AND `out_uid` <> '8803'  [ RunTime:0.0000s ]
SQL: SELECT * FROM `ysk_record` WHERE ( `record_price` >= '801' AND `record_price` <= '2000'  ) AND `record_status` = 2 AND `out_uid` <> '8803'  [ RunTime:0.0000s ]
SQL: SELECT * FROM `ysk_record` WHERE ( `record_price` >= '1201' AND `record_price` <= '2000'  ) AND `record_status` = 2 AND `out_uid` <> '8803'  [ RunTime:0.0010s ]
SQL: SELECT * FROM `ysk_record` WHERE ( `record_price` >= '2001' AND `record_price` <= '2500'  ) AND `record_status` = 2 AND `out_uid` <> '8803'  [ RunTime:0.0010s ]
SQL: SELECT * FROM `ysk_record` WHERE ( `record_price` >= '2501' AND `record_price` <= '3500'  ) AND `record_status` = 2 AND `out_uid` <> '8803'  [ RunTime:0.0000s ]
NOTIC: [8] Undefined variable: uinfo E:\xin12\shop\Home\Controller\IndexController.class.php 第 122 行.
NOTIC: [8] Undefined variable: moneyinfo E:\xin12\shop\Home\Controller\IndexController.class.php 第 123 行.
NOTIC: [8] Undefined variable: can_get E:\xin12\shop\Home\Controller\IndexController.class.php 第 124 行.
NOTIC: [8] Undefined variable: is_setnums E:\xin12\shop\Home\Controller\IndexController.class.php 第 125 行.
NOTIC: [8] Undefined variable: pic_array E:\xin12\shop\Home\Controller\IndexController.class.php 第 126 行.
NOTIC: [8] Undefined variable: fUser E:\xin12\shop\Home\Controller\IndexController.class.php 第 127 行.
SQL: SELECT * FROM `ysk_banner` ORDER BY sort asc  [ RunTime:0.0000s ]
SQL: SELECT `img_head`,`userid`,`releas_time`,`is_reward`,`today_releas`,`quanxian`,`vip_grade`,`total_lingshi`,`total_active` FROM `ysk_user` WHERE `userid` = 8803 LIMIT 1   [ RunTime:0.0000s ]
SQL: SHOW COLUMNS FROM `ysk_store` [ RunTime:0.0059s ]
SQL: SELECT `cangku_num`,`fengmi_num` FROM `ysk_store` WHERE `uid` = 8803 LIMIT 1   [ RunTime:0.0000s ]
SQL: SHOW COLUMNS FROM `ysk_user_scroll` [ RunTime:0.0068s ]
SQL: SELECT s.single_num FROM ysk_user_scroll us INNER JOIN ysk_scroll s ON us.scroll_id=s.id  WHERE us.uid = '8803' AND us.status = 1  [ RunTime:0.0000s ]
SQL: SHOW COLUMNS FROM `ysk_user_clock` [ RunTime:0.0059s ]
SQL: SELECT `lasttime`,`get_num` FROM `ysk_user_clock` WHERE `uid` = 8803 ORDER BY id desc LIMIT 1   [ RunTime:0.0000s ]
SQL: SELECT COUNT(*) AS tp_count FROM `ysk_user_scroll` WHERE `uid` = 8803 AND `status` = 1 LIMIT 1   [ RunTime:0.0000s ]
SQL: SELECT `value` FROM `ysk_config` WHERE `name` = 'false_user' LIMIT 1   [ RunTime:0.0000s ]
SQL: SELECT `value` FROM `ysk_config` WHERE `name` = 'add_user' LIMIT 1   [ RunTime:0.0000s ]
SQL: SELECT * FROM `ysk_config` WHERE `name` = 'min_balance' LIMIT 1   [ RunTime:0.0010s ]
NOTIC: [8] Undefined variable: can_get E:\xin12\shop\Home\Controller\IndexController.class.php 第 274 行.
NOTIC: [8] Undefined variable: is_setnums E:\xin12\shop\Home\Controller\IndexController.class.php 第 275 行.
INFO: [ view_parse ] --START--
INFO: [ template_filter ] --START--
INFO: Run Behavior\ContentReplaceBehavior [ RunTime:0.000000s ]
INFO: [ template_filter ] --END-- [ RunTime:0.000000s ]
NOTIC: [8] Undefined index: m E:\xin12\ThinkPHP\Common\functions.php 第 977 行.
NOTIC: [8] Undefined index: m E:\xin12\ThinkPHP\Common\functions.php 第 977 行.
NOTIC: [8] Undefined index: m E:\xin12\ThinkPHP\Common\functions.php 第 977 行.
NOTIC: [8] Undefined index: m E:\xin12\ThinkPHP\Common\functions.php 第 977 行.
NOTIC: [8] Undefined index: m E:\xin12\ThinkPHP\Common\functions.php 第 977 行.
NOTIC: [8] Undefined index: m E:\xin12\ThinkPHP\Common\functions.php 第 977 行.
INFO: Run Behavior\ParseTemplateBehavior [ RunTime:0.010742s ]
INFO: [ view_parse ] --END-- [ RunTime:0.010742s ]
INFO: [ view_filter ] --START--
INFO: Run Behavior\WriteHtmlCacheBehavior [ RunTime:0.000976s ]
INFO: [ view_filter ] --END-- [ RunTime:0.000976s ]
INFO: [ app_end ] --START--
INFO: Run Behavior\ShowPageTraceBehavior [ RunTime:0.000000s ]
INFO: [ app_end ] --END-- [ RunTime:0.000000s ]

