[ 2021-01-19T10:53:32+08:00 ] 127.0.0.1 /logo.png
INFO: [ app_init ] --START--
INFO: Run Behavior\BuildLiteBehavior [ RunTime:0.000000s ]
INFO: [ app_init ] --END-- [ RunTime:0.000000s ]

[ 2021-01-19T10:53:37+08:00 ] 127.0.0.1 /Home/Index/index.html
INFO: [ app_init ] --START--
INFO: Run Behavior\BuildLiteBehavior [ RunTime:0.000000s ]
INFO: [ app_init ] --END-- [ RunTime:0.000000s ]
INFO: [ app_begin ] --START--
INFO: Run Behavior\ReadHtmlCacheBehavior [ RunTime:0.000976s ]
INFO: Run Common\Behavior\CheckLangBehavior [ RunTime:0.000977s ]
INFO: [ app_begin ] --END-- [ RunTime:0.001953s ]
SQL: SHOW COLUMNS FROM `ysk_config` [ RunTime:0.0244s ]
SQL: SELECT `value`,`tip` FROM `ysk_config` WHERE `name` = 'TOGGLE_WEB_SITE' LIMIT 1   [ RunTime:0.0010s ]
SQL: SHOW COLUMNS FROM `ysk_user` [ RunTime:0.0068s ]
SQL: SHOW COLUMNS FROM `ysk_user` [ RunTime:0.0098s ]
SQL: SELECT `status`,`session_id` FROM `ysk_user` WHERE `userid` = 8803 LIMIT 1   [ RunTime:0.0000s ]
SQL: SELECT * FROM `ysk_user` WHERE ( activate = 0 )  [ RunTime:0.0010s ]
SQL: SHOW COLUMNS FROM `ysk_config` [ RunTime:0.0049s ]
SQL: SELECT `value` FROM `ysk_config` WHERE ( name='needjifen' ) LIMIT 1   [ RunTime:0.0000s ]
SQL: SHOW COLUMNS FROM `ysk_record` [ RunTime:0.0273s ]
SQL: SELECT * FROM `ysk_record` WHERE `in_uid` = 8803 AND `is_lin` = 0 AND `record_status` = 4  [ RunTime:0.0068s ]
SQL: SELECT `value` FROM `ysk_config` WHERE `name` = 'zhuanrang_max' LIMIT 1   [ RunTime:0.0010s ]
SQL: SELECT `value` FROM `ysk_config` WHERE `name` = 'zhuanrang_min' LIMIT 1   [ RunTime:0.0000s ]
SQL: SELECT * FROM `ysk_record` WHERE ( `in_uid` = '8803' OR `out_uid` = '8803' ) AND `record_status` = 6 AND `pipeitime` <= 1611017616  [ RunTime:0.0010s ]
SQL: SELECT * FROM `ysk_record` WHERE ( `in_uid` = '8803' OR `out_uid` = '8803' ) AND `record_status` = 7 AND `getmoney_time` <= 1611017616  [ RunTime:0.0000s ]
SQL: SHOW COLUMNS FROM `ysk_yuyue` [ RunTime:0.0400s ]
SQL: SELECT * FROM `ysk_yuyue` WHERE `time` <= 1610985600 AND `status` = 1  [ RunTime:0.0010s ]
SQL: SELECT * FROM `ysk_record` WHERE `record_status` = 2 AND `is_chaoshi_lin` = 1  [ RunTime:0.0000s ]
SQL: SHOW COLUMNS FROM `ysk_user_scroll` [ RunTime:0.0107s ]
SQL: SELECT `id`,`uid`,`scroll_id` FROM `ysk_user_scroll` WHERE `overtime` <= 1611024816  [ RunTime:0.0010s ]
SQL: SHOW COLUMNS FROM `ysk_user_level` [ RunTime:0.0205s ]
SQL: SELECT * FROM `ysk_user_level` ORDER BY id asc  [ RunTime:0.0117s ]
SQL: SELECT `vip_grade` FROM `ysk_user_level` WHERE `id` = 0 LIMIT 1   [ RunTime:0.0000s ]
SQL: SELECT COUNT(*) AS tp_count FROM `ysk_user` WHERE `pid` = 8803 AND `vip_grade` = null LIMIT 1   [ RunTime:0.0000s ]
SQL: SELECT `total_active` FROM `ysk_user` WHERE `userid` = 8803 LIMIT 1   [ RunTime:0.0000s ]
SQL: SELECT `vip_grade` FROM `ysk_user` WHERE `userid` = 8803 LIMIT 1   [ RunTime:0.0000s ]
SQL: SELECT `vip_grade` FROM `ysk_user_level` WHERE `id` = 0 LIMIT 1   [ RunTime:0.0000s ]
SQL: SELECT COUNT(*) AS tp_count FROM `ysk_user` WHERE `pid` = 8803 AND `vip_grade` = null LIMIT 1   [ RunTime:0.0000s ]
SQL: SELECT `total_active` FROM `ysk_user` WHERE `userid` = 8803 LIMIT 1   [ RunTime:0.0000s ]
SQL: SELECT `vip_grade` FROM `ysk_user` WHERE `userid` = 8803 LIMIT 1   [ RunTime:0.0000s ]
SQL: SELECT `vip_grade` FROM `ysk_user_level` WHERE `id` = 0 LIMIT 1   [ RunTime:0.0010s ]
SQL: SELECT COUNT(*) AS tp_count FROM `ysk_user` WHERE `pid` = 8803 AND `vip_grade` = null LIMIT 1   [ RunTime:0.0000s ]
SQL: SELECT `total_active` FROM `ysk_user` WHERE `userid` = 8803 LIMIT 1   [ RunTime:0.0000s ]
SQL: SELECT `vip_grade` FROM `ysk_user` WHERE `userid` = 8803 LIMIT 1   [ RunTime:0.0010s ]
SQL: SELECT `vip_grade` FROM `ysk_user_level` WHERE `id` = 0 LIMIT 1   [ RunTime:0.0000s ]
SQL: SELECT COUNT(*) AS tp_count FROM `ysk_user` WHERE `pid` = 8803 AND `vip_grade` = null LIMIT 1   [ RunTime:0.0000s ]
SQL: SELECT `total_active` FROM `ysk_user` WHERE `userid` = 8803 LIMIT 1   [ RunTime:0.0010s ]
SQL: SELECT `vip_grade` FROM `ysk_user` WHERE `userid` = 8803 LIMIT 1   [ RunTime:0.0000s ]
SQL: SHOW COLUMNS FROM `ysk_deal` [ RunTime:0.0244s ]
SQL: SELECT * FROM `ysk_deal` WHERE `status` = 1 AND `expiration_time` <= 1611024816  [ RunTime:0.0000s ]
SQL: SELECT * FROM `ysk_deal` WHERE `status` = 2 AND `expiration_time` <= 1611024816  [ RunTime:0.0000s ]
SQL: SELECT * FROM `ysk_deal` WHERE ( `sell_id` = '8803' OR `pay_id` = '8803' ) AND `status` = 1 ORDER BY id asc  [ RunTime:0.0010s ]
SQL: SELECT * FROM `ysk_deal` WHERE ( `sell_id` = '8803' OR `pay_id` = '8803' ) AND `status` = 2 ORDER BY id asc  [ RunTime:0.0000s ]
SQL: SHOW COLUMNS FROM `ysk_banner` [ RunTime:0.0293s ]
SQL: SELECT * FROM `ysk_banner` ORDER BY sort asc  [ RunTime:0.0010s ]
SQL: SHOW COLUMNS FROM `ysk_news` [ RunTime:0.0166s ]
SQL: SELECT * FROM `ysk_news` WHERE `type` = 1 ORDER BY id desc LIMIT 8   [ RunTime:0.0000s ]
SQL: SHOW COLUMNS FROM `ysk_scroll` [ RunTime:0.0234s ]
SQL: SELECT * FROM `ysk_scroll` WHERE `status` = 1  [ RunTime:0.0098s ]
SQL: SELECT * FROM `ysk_yuyue` WHERE `uid` = 8803 AND `status` = 1  [ RunTime:0.0000s ]
SQL: SELECT * FROM `ysk_record` WHERE ( `record_price` >= '300' AND `record_price` <= '800'  ) AND `record_status` = 2 AND `out_uid` <> '8803'  [ RunTime:0.0010s ]
SQL: SELECT * FROM `ysk_record` WHERE ( `record_price` >= '801' AND `record_price` <= '2000'  ) AND `record_status` = 2 AND `out_uid` <> '8803'  [ RunTime:0.0000s ]
SQL: SELECT * FROM `ysk_record` WHERE ( `record_price` >= '1201' AND `record_price` <= '2000'  ) AND `record_status` = 2 AND `out_uid` <> '8803'  [ RunTime:0.0000s ]
SQL: SELECT * FROM `ysk_record` WHERE ( `record_price` >= '2001' AND `record_price` <= '2500'  ) AND `record_status` = 2 AND `out_uid` <> '8803'  [ RunTime:0.0000s ]
SQL: SELECT * FROM `ysk_record` WHERE ( `record_price` >= '2501' AND `record_price` <= '3500'  ) AND `record_status` = 2 AND `out_uid` <> '8803'  [ RunTime:0.0000s ]
NOTIC: [8] Undefined variable: uinfo E:\xin12\shop\Home\Controller\IndexController.class.php 第 131 行.
NOTIC: [8] Undefined variable: moneyinfo E:\xin12\shop\Home\Controller\IndexController.class.php 第 132 行.
NOTIC: [8] Undefined variable: can_get E:\xin12\shop\Home\Controller\IndexController.class.php 第 133 行.
NOTIC: [8] Undefined variable: is_setnums E:\xin12\shop\Home\Controller\IndexController.class.php 第 134 行.
NOTIC: [8] Undefined variable: pic_array E:\xin12\shop\Home\Controller\IndexController.class.php 第 135 行.
NOTIC: [8] Undefined variable: fUser E:\xin12\shop\Home\Controller\IndexController.class.php 第 136 行.
SQL: SELECT * FROM `ysk_banner` ORDER BY sort asc  [ RunTime:0.0000s ]
SQL: SELECT `img_head`,`userid`,`releas_time`,`is_reward`,`today_releas`,`quanxian`,`vip_grade`,`total_lingshi`,`total_active` FROM `ysk_user` WHERE `userid` = 8803 LIMIT 1   [ RunTime:0.0000s ]
SQL: SHOW COLUMNS FROM `ysk_store` [ RunTime:0.0078s ]
SQL: SELECT `cangku_num`,`fengmi_num` FROM `ysk_store` WHERE `uid` = 8803 LIMIT 1   [ RunTime:0.0000s ]
SQL: SHOW COLUMNS FROM `ysk_user_scroll` [ RunTime:0.0059s ]
SQL: SELECT s.single_num FROM ysk_user_scroll us INNER JOIN ysk_scroll s ON us.scroll_id=s.id  WHERE us.uid = '8803' AND us.status = 1  [ RunTime:0.0000s ]
SQL: SHOW COLUMNS FROM `ysk_user_clock` [ RunTime:0.0205s ]
SQL: SELECT `lasttime`,`get_num` FROM `ysk_user_clock` WHERE `uid` = 8803 ORDER BY id desc LIMIT 1   [ RunTime:0.0000s ]
SQL: SELECT COUNT(*) AS tp_count FROM `ysk_user_scroll` WHERE `uid` = 8803 AND `status` = 1 LIMIT 1   [ RunTime:0.0000s ]
SQL: SELECT `value` FROM `ysk_config` WHERE `name` = 'false_user' LIMIT 1   [ RunTime:0.0000s ]
SQL: SELECT `value` FROM `ysk_config` WHERE `name` = 'add_user' LIMIT 1   [ RunTime:0.0000s ]
SQL: SELECT * FROM `ysk_config` WHERE `name` = 'min_balance' LIMIT 1   [ RunTime:0.0010s ]
NOTIC: [8] Undefined variable: can_get E:\xin12\shop\Home\Controller\IndexController.class.php 第 283 行.
NOTIC: [8] Undefined variable: is_setnums E:\xin12\shop\Home\Controller\IndexController.class.php 第 284 行.
INFO: [ view_parse ] --START--
INFO: [ template_filter ] --START--
INFO: Run Behavior\ContentReplaceBehavior [ RunTime:0.000977s ]
INFO: [ template_filter ] --END-- [ RunTime:0.000977s ]
NOTIC: [8] Undefined index: m E:\xin12\ThinkPHP\Common\functions.php 第 977 行.
NOTIC: [8] Undefined index: m E:\xin12\ThinkPHP\Common\functions.php 第 977 行.
NOTIC: [8] Undefined index: m E:\xin12\ThinkPHP\Common\functions.php 第 977 行.
NOTIC: [8] Undefined index: m E:\xin12\ThinkPHP\Common\functions.php 第 977 行.
NOTIC: [8] Undefined index: m E:\xin12\ThinkPHP\Common\functions.php 第 977 行.
NOTIC: [8] Undefined index: m E:\xin12\ThinkPHP\Common\functions.php 第 977 行.
INFO: Run Behavior\ParseTemplateBehavior [ RunTime:0.066406s ]
INFO: [ view_parse ] --END-- [ RunTime:0.067382s ]
INFO: [ view_filter ] --START--
INFO: Run Behavior\WriteHtmlCacheBehavior [ RunTime:0.000000s ]
INFO: [ view_filter ] --END-- [ RunTime:0.000000s ]
INFO: [ app_end ] --START--
INFO: Run Behavior\ShowPageTraceBehavior [ RunTime:0.000000s ]
INFO: [ app_end ] --END-- [ RunTime:0.000000s ]

[ 2021-01-19T10:53:38+08:00 ] 127.0.0.1 /favicon.ico
INFO: [ app_init ] --START--
INFO: Run Behavior\BuildLiteBehavior [ RunTime:0.000000s ]
INFO: [ app_init ] --END-- [ RunTime:0.000000s ]

[ 2021-01-19T12:03:03+08:00 ] 127.0.0.1 /Home/Index/index.html
INFO: [ app_init ] --START--
INFO: Run Behavior\BuildLiteBehavior [ RunTime:0.000000s ]
INFO: [ app_init ] --END-- [ RunTime:0.000000s ]
INFO: [ app_begin ] --START--
INFO: Run Behavior\ReadHtmlCacheBehavior [ RunTime:0.000977s ]
INFO: Run Common\Behavior\CheckLangBehavior [ RunTime:0.000976s ]
INFO: [ app_begin ] --END-- [ RunTime:0.001953s ]
SQL: SHOW COLUMNS FROM `ysk_config` [ RunTime:0.0049s ]
SQL: SELECT `value`,`tip` FROM `ysk_config` WHERE `name` = 'TOGGLE_WEB_SITE' LIMIT 1   [ RunTime:0.0010s ]
SQL: SHOW COLUMNS FROM `ysk_user` [ RunTime:0.0059s ]
SQL: SHOW COLUMNS FROM `ysk_user` [ RunTime:0.0059s ]
SQL: SELECT `status`,`session_id` FROM `ysk_user` WHERE `userid` = 8803 LIMIT 1   [ RunTime:0.0000s ]
SQL: SELECT * FROM `ysk_user` WHERE ( activate = 0 )  [ RunTime:0.0010s ]
SQL: SHOW COLUMNS FROM `ysk_config` [ RunTime:0.0039s ]
SQL: SELECT `value` FROM `ysk_config` WHERE ( name='needjifen' ) LIMIT 1   [ RunTime:0.0000s ]
SQL: SHOW COLUMNS FROM `ysk_record` [ RunTime:0.0059s ]
SQL: SELECT * FROM `ysk_record` WHERE `in_uid` = 8803 AND `is_lin` = 0 AND `record_status` = 4  [ RunTime:0.0000s ]
SQL: SELECT `value` FROM `ysk_config` WHERE `name` = 'zhuanrang_max' LIMIT 1   [ RunTime:0.0010s ]
SQL: SELECT `value` FROM `ysk_config` WHERE `name` = 'zhuanrang_min' LIMIT 1   [ RunTime:0.0000s ]
SQL: SELECT * FROM `ysk_record` WHERE ( `in_uid` = '8803' OR `out_uid` = '8803' ) AND `record_status` = 6 AND `pipeitime` <= 1611021783  [ RunTime:0.0010s ]
SQL: SELECT * FROM `ysk_record` WHERE ( `in_uid` = '8803' OR `out_uid` = '8803' ) AND `record_status` = 7 AND `getmoney_time` <= 1611021783  [ RunTime:0.0000s ]
SQL: SHOW COLUMNS FROM `ysk_yuyue` [ RunTime:0.0049s ]
SQL: SELECT * FROM `ysk_yuyue` WHERE `time` <= 1610985600 AND `status` = 1  [ RunTime:0.0010s ]
SQL: SELECT * FROM `ysk_record` WHERE `record_status` = 2 AND `is_chaoshi_lin` = 1  [ RunTime:0.0000s ]
SQL: SHOW COLUMNS FROM `ysk_user_scroll` [ RunTime:0.0068s ]
SQL: SELECT `id`,`uid`,`scroll_id` FROM `ysk_user_scroll` WHERE `overtime` <= 1611028983  [ RunTime:0.0000s ]
SQL: SHOW COLUMNS FROM `ysk_user_level` [ RunTime:0.0049s ]
SQL: SELECT * FROM `ysk_user_level` ORDER BY id asc  [ RunTime:0.0000s ]
SQL: SELECT `vip_grade` FROM `ysk_user_level` WHERE `id` = 0 LIMIT 1   [ RunTime:0.0010s ]
SQL: SELECT COUNT(*) AS tp_count FROM `ysk_user` WHERE `pid` = 8803 AND `vip_grade` = null LIMIT 1   [ RunTime:0.0000s ]
SQL: SELECT `total_active` FROM `ysk_user` WHERE `userid` = 8803 LIMIT 1   [ RunTime:0.0000s ]
SQL: SELECT `vip_grade` FROM `ysk_user` WHERE `userid` = 8803 LIMIT 1   [ RunTime:0.0010s ]
SQL: SELECT `vip_grade` FROM `ysk_user_level` WHERE `id` = 0 LIMIT 1   [ RunTime:0.0000s ]
SQL: SELECT COUNT(*) AS tp_count FROM `ysk_user` WHERE `pid` = 8803 AND `vip_grade` = null LIMIT 1   [ RunTime:0.0000s ]
SQL: SELECT `total_active` FROM `ysk_user` WHERE `userid` = 8803 LIMIT 1   [ RunTime:0.0010s ]
SQL: SELECT `vip_grade` FROM `ysk_user` WHERE `userid` = 8803 LIMIT 1   [ RunTime:0.0000s ]
SQL: SELECT `vip_grade` FROM `ysk_user_level` WHERE `id` = 0 LIMIT 1   [ RunTime:0.0000s ]
SQL: SELECT COUNT(*) AS tp_count FROM `ysk_user` WHERE `pid` = 8803 AND `vip_grade` = null LIMIT 1   [ RunTime:0.0010s ]
SQL: SELECT `total_active` FROM `ysk_user` WHERE `userid` = 8803 LIMIT 1   [ RunTime:0.0000s ]
SQL: SELECT `vip_grade` FROM `ysk_user` WHERE `userid` = 8803 LIMIT 1   [ RunTime:0.0000s ]
SQL: SELECT `vip_grade` FROM `ysk_user_level` WHERE `id` = 0 LIMIT 1   [ RunTime:0.0000s ]
SQL: SELECT COUNT(*) AS tp_count FROM `ysk_user` WHERE `pid` = 8803 AND `vip_grade` = null LIMIT 1   [ RunTime:0.0000s ]
SQL: SELECT `total_active` FROM `ysk_user` WHERE `userid` = 8803 LIMIT 1   [ RunTime:0.0010s ]
SQL: SELECT `vip_grade` FROM `ysk_user` WHERE `userid` = 8803 LIMIT 1   [ RunTime:0.0000s ]
SQL: SHOW COLUMNS FROM `ysk_deal` [ RunTime:0.0049s ]
SQL: SELECT * FROM `ysk_deal` WHERE `status` = 1 AND `expiration_time` <= 1611028983  [ RunTime:0.0000s ]
SQL: SELECT * FROM `ysk_deal` WHERE `status` = 2 AND `expiration_time` <= 1611028983  [ RunTime:0.0000s ]
SQL: SELECT * FROM `ysk_deal` WHERE ( `sell_id` = '8803' OR `pay_id` = '8803' ) AND `status` = 1 ORDER BY id asc  [ RunTime:0.0000s ]
SQL: SELECT * FROM `ysk_deal` WHERE ( `sell_id` = '8803' OR `pay_id` = '8803' ) AND `status` = 2 ORDER BY id asc  [ RunTime:0.0000s ]
SQL: SHOW COLUMNS FROM `ysk_banner` [ RunTime:0.0049s ]
SQL: SELECT * FROM `ysk_banner` ORDER BY sort asc  [ RunTime:0.0000s ]
SQL: SHOW COLUMNS FROM `ysk_news` [ RunTime:0.0059s ]
SQL: SELECT * FROM `ysk_news` WHERE `type` = 1 ORDER BY id desc LIMIT 8   [ RunTime:0.0000s ]
SQL: SHOW COLUMNS FROM `ysk_scroll` [ RunTime:0.0049s ]
SQL: SELECT * FROM `ysk_scroll` WHERE `status` = 1  [ RunTime:0.0000s ]
SQL: SELECT * FROM `ysk_yuyue` WHERE `uid` = 8803 AND `status` = 1  [ RunTime:0.0000s ]
SQL: SELECT * FROM `ysk_record` WHERE ( `record_price` >= '300' AND `record_price` <= '800'  ) AND `record_status` = 2 AND `out_uid` <> '8803'  [ RunTime:0.0000s ]
SQL: SELECT * FROM `ysk_record` WHERE ( `record_price` >= '801' AND `record_price` <= '2000'  ) AND `record_status` = 2 AND `out_uid` <> '8803'  [ RunTime:0.0000s ]
SQL: SELECT * FROM `ysk_record` WHERE ( `record_price` >= '1201' AND `record_price` <= '2000'  ) AND `record_status` = 2 AND `out_uid` <> '8803'  [ RunTime:0.0000s ]
SQL: SELECT * FROM `ysk_record` WHERE ( `record_price` >= '2001' AND `record_price` <= '2500'  ) AND `record_status` = 2 AND `out_uid` <> '8803'  [ RunTime:0.0000s ]
SQL: SELECT * FROM `ysk_record` WHERE ( `record_price` >= '2501' AND `record_price` <= '3500'  ) AND `record_status` = 2 AND `out_uid` <> '8803'  [ RunTime:0.0000s ]
NOTIC: [8] Undefined variable: uinfo E:\xin12\shop\Home\Controller\IndexController.class.php 第 131 行.
NOTIC: [8] Undefined variable: moneyinfo E:\xin12\shop\Home\Controller\IndexController.class.php 第 132 行.
NOTIC: [8] Undefined variable: can_get E:\xin12\shop\Home\Controller\IndexController.class.php 第 133 行.
NOTIC: [8] Undefined variable: is_setnums E:\xin12\shop\Home\Controller\IndexController.class.php 第 134 行.
NOTIC: [8] Undefined variable: pic_array E:\xin12\shop\Home\Controller\IndexController.class.php 第 135 行.
NOTIC: [8] Undefined variable: fUser E:\xin12\shop\Home\Controller\IndexController.class.php 第 136 行.
SQL: SELECT * FROM `ysk_banner` ORDER BY sort asc  [ RunTime:0.0000s ]
SQL: SELECT `img_head`,`userid`,`releas_time`,`is_reward`,`today_releas`,`quanxian`,`vip_grade`,`total_lingshi`,`total_active` FROM `ysk_user` WHERE `userid` = 8803 LIMIT 1   [ RunTime:0.0010s ]
SQL: SHOW COLUMNS FROM `ysk_store` [ RunTime:0.0059s ]
SQL: SELECT `cangku_num`,`fengmi_num` FROM `ysk_store` WHERE `uid` = 8803 LIMIT 1   [ RunTime:0.0000s ]
SQL: SHOW COLUMNS FROM `ysk_user_scroll` [ RunTime:0.0059s ]
SQL: SELECT s.single_num FROM ysk_user_scroll us INNER JOIN ysk_scroll s ON us.scroll_id=s.id  WHERE us.uid = '8803' AND us.status = 1  [ RunTime:0.0000s ]
SQL: SHOW COLUMNS FROM `ysk_user_clock` [ RunTime:0.0049s ]
SQL: SELECT `lasttime`,`get_num` FROM `ysk_user_clock` WHERE `uid` = 8803 ORDER BY id desc LIMIT 1   [ RunTime:0.0000s ]
SQL: SELECT COUNT(*) AS tp_count FROM `ysk_user_scroll` WHERE `uid` = 8803 AND `status` = 1 LIMIT 1   [ RunTime:0.0000s ]
SQL: SELECT `value` FROM `ysk_config` WHERE `name` = 'false_user' LIMIT 1   [ RunTime:0.0000s ]
SQL: SELECT `value` FROM `ysk_config` WHERE `name` = 'add_user' LIMIT 1   [ RunTime:0.0000s ]
SQL: SELECT * FROM `ysk_config` WHERE `name` = 'min_balance' LIMIT 1   [ RunTime:0.0010s ]
NOTIC: [8] Undefined variable: can_get E:\xin12\shop\Home\Controller\IndexController.class.php 第 283 行.
NOTIC: [8] Undefined variable: is_setnums E:\xin12\shop\Home\Controller\IndexController.class.php 第 284 行.
INFO: [ view_parse ] --START--
INFO: [ template_filter ] --START--
INFO: Run Behavior\ContentReplaceBehavior [ RunTime:0.000000s ]
INFO: [ template_filter ] --END-- [ RunTime:0.000000s ]
NOTIC: [8] Undefined index: m E:\xin12\ThinkPHP\Common\functions.php 第 977 行.
NOTIC: [8] Undefined index: m E:\xin12\ThinkPHP\Common\functions.php 第 977 行.
NOTIC: [8] Undefined index: m E:\xin12\ThinkPHP\Common\functions.php 第 977 行.
NOTIC: [8] Undefined index: m E:\xin12\ThinkPHP\Common\functions.php 第 977 行.
NOTIC: [8] Undefined index: m E:\xin12\ThinkPHP\Common\functions.php 第 977 行.
NOTIC: [8] Undefined index: m E:\xin12\ThinkPHP\Common\functions.php 第 977 行.
INFO: Run Behavior\ParseTemplateBehavior [ RunTime:0.010742s ]
INFO: [ view_parse ] --END-- [ RunTime:0.010742s ]
INFO: [ view_filter ] --START--
INFO: Run Behavior\WriteHtmlCacheBehavior [ RunTime:0.000976s ]
INFO: [ view_filter ] --END-- [ RunTime:0.000976s ]
INFO: [ app_end ] --START--
INFO: Run Behavior\ShowPageTraceBehavior [ RunTime:0.000000s ]
INFO: [ app_end ] --END-- [ RunTime:0.000000s ]

[ 2021-01-19T13:37:03+08:00 ] 127.0.0.1 /Home/Index/index.html
INFO: [ app_init ] --START--
INFO: Run Behavior\BuildLiteBehavior [ RunTime:0.000000s ]
INFO: [ app_init ] --END-- [ RunTime:0.000000s ]
INFO: [ app_begin ] --START--
INFO: Run Behavior\ReadHtmlCacheBehavior [ RunTime:0.000000s ]
INFO: Run Common\Behavior\CheckLangBehavior [ RunTime:0.001953s ]
INFO: [ app_begin ] --END-- [ RunTime:0.002930s ]
SQL: SHOW COLUMNS FROM `ysk_config` [ RunTime:0.0068s ]
SQL: SELECT `value`,`tip` FROM `ysk_config` WHERE `name` = 'TOGGLE_WEB_SITE' LIMIT 1   [ RunTime:0.0000s ]
SQL: SHOW COLUMNS FROM `ysk_user` [ RunTime:0.0059s ]
SQL: SHOW COLUMNS FROM `ysk_user` [ RunTime:0.0068s ]
SQL: SELECT `status`,`session_id` FROM `ysk_user` WHERE `userid` = 8803 LIMIT 1   [ RunTime:0.0010s ]
SQL: SELECT * FROM `ysk_user` WHERE ( activate = 0 )  [ RunTime:0.0010s ]
SQL: SHOW COLUMNS FROM `ysk_config` [ RunTime:0.0039s ]
SQL: SELECT `value` FROM `ysk_config` WHERE ( name='needjifen' ) LIMIT 1   [ RunTime:0.0000s ]
SQL: SHOW COLUMNS FROM `ysk_record` [ RunTime:0.0039s ]
SQL: SELECT * FROM `ysk_record` WHERE `in_uid` = 8803 AND `is_lin` = 0 AND `record_status` = 4  [ RunTime:0.0010s ]
SQL: SELECT `value` FROM `ysk_config` WHERE `name` = 'zhuanrang_max' LIMIT 1   [ RunTime:0.0000s ]
SQL: SELECT `value` FROM `ysk_config` WHERE `name` = 'zhuanrang_min' LIMIT 1   [ RunTime:0.0000s ]
SQL: SELECT * FROM `ysk_record` WHERE ( `in_uid` = '8803' OR `out_uid` = '8803' ) AND `record_status` = 6 AND `pipeitime` <= 1611027423  [ RunTime:0.0000s ]
SQL: SELECT * FROM `ysk_record` WHERE ( `in_uid` = '8803' OR `out_uid` = '8803' ) AND `record_status` = 7 AND `getmoney_time` <= 1611027423  [ RunTime:0.0000s ]
SQL: SHOW COLUMNS FROM `ysk_yuyue` [ RunTime:0.0039s ]
SQL: SELECT * FROM `ysk_yuyue` WHERE `time` <= 1610985600 AND `status` = 1  [ RunTime:0.0010s ]
SQL: SELECT * FROM `ysk_record` WHERE `record_status` = 2 AND `is_chaoshi_lin` = 1  [ RunTime:0.0000s ]
SQL: SHOW COLUMNS FROM `ysk_user_scroll` [ RunTime:0.0039s ]
SQL: SELECT `id`,`uid`,`scroll_id` FROM `ysk_user_scroll` WHERE `overtime` <= 1611034623  [ RunTime:0.0000s ]
SQL: SHOW COLUMNS FROM `ysk_user_level` [ RunTime:0.0039s ]
SQL: SELECT * FROM `ysk_user_level` ORDER BY id asc  [ RunTime:0.0000s ]
SQL: SELECT `vip_grade` FROM `ysk_user_level` WHERE `id` = 0 LIMIT 1   [ RunTime:0.0000s ]
SQL: SELECT COUNT(*) AS tp_count FROM `ysk_user` WHERE `pid` = 8803 AND `vip_grade` = null LIMIT 1   [ RunTime:0.0010s ]
SQL: SELECT `total_active` FROM `ysk_user` WHERE `userid` = 8803 LIMIT 1   [ RunTime:0.0000s ]
SQL: SELECT `vip_grade` FROM `ysk_user` WHERE `userid` = 8803 LIMIT 1   [ RunTime:0.0000s ]
SQL: SELECT `vip_grade` FROM `ysk_user_level` WHERE `id` = 0 LIMIT 1   [ RunTime:0.0010s ]
SQL: SELECT COUNT(*) AS tp_count FROM `ysk_user` WHERE `pid` = 8803 AND `vip_grade` = null LIMIT 1   [ RunTime:0.0000s ]
SQL: SELECT `total_active` FROM `ysk_user` WHERE `userid` = 8803 LIMIT 1   [ RunTime:0.0000s ]
SQL: SELECT `vip_grade` FROM `ysk_user` WHERE `userid` = 8803 LIMIT 1   [ RunTime:0.0000s ]
SQL: SELECT `vip_grade` FROM `ysk_user_level` WHERE `id` = 0 LIMIT 1   [ RunTime:0.0000s ]
SQL: SELECT COUNT(*) AS tp_count FROM `ysk_user` WHERE `pid` = 8803 AND `vip_grade` = null LIMIT 1   [ RunTime:0.0000s ]
SQL: SELECT `total_active` FROM `ysk_user` WHERE `userid` = 8803 LIMIT 1   [ RunTime:0.0000s ]
SQL: SELECT `vip_grade` FROM `ysk_user` WHERE `userid` = 8803 LIMIT 1   [ RunTime:0.0010s ]
SQL: SELECT `vip_grade` FROM `ysk_user_level` WHERE `id` = 0 LIMIT 1   [ RunTime:0.0000s ]
SQL: SELECT COUNT(*) AS tp_count FROM `ysk_user` WHERE `pid` = 8803 AND `vip_grade` = null LIMIT 1   [ RunTime:0.0010s ]
SQL: SELECT `total_active` FROM `ysk_user` WHERE `userid` = 8803 LIMIT 1   [ RunTime:0.0000s ]
SQL: SELECT `vip_grade` FROM `ysk_user` WHERE `userid` = 8803 LIMIT 1   [ RunTime:0.0000s ]
SQL: SHOW COLUMNS FROM `ysk_deal` [ RunTime:0.0039s ]
SQL: SELECT * FROM `ysk_deal` WHERE `status` = 1 AND `expiration_time` <= 1611034623  [ RunTime:0.0010s ]
SQL: SELECT * FROM `ysk_deal` WHERE `status` = 2 AND `expiration_time` <= 1611034623  [ RunTime:0.0000s ]
SQL: SELECT * FROM `ysk_deal` WHERE ( `sell_id` = '8803' OR `pay_id` = '8803' ) AND `status` = 1 ORDER BY id asc  [ RunTime:0.0000s ]
SQL: SELECT * FROM `ysk_deal` WHERE ( `sell_id` = '8803' OR `pay_id` = '8803' ) AND `status` = 2 ORDER BY id asc  [ RunTime:0.0000s ]
SQL: SHOW COLUMNS FROM `ysk_banner` [ RunTime:0.0039s ]
SQL: SELECT * FROM `ysk_banner` ORDER BY sort asc  [ RunTime:0.0000s ]
SQL: SHOW COLUMNS FROM `ysk_news` [ RunTime:0.0049s ]
SQL: SELECT * FROM `ysk_news` WHERE `type` = 1 ORDER BY id desc LIMIT 8   [ RunTime:0.0000s ]
SQL: SHOW COLUMNS FROM `ysk_scroll` [ RunTime:0.0039s ]
SQL: SELECT * FROM `ysk_scroll` WHERE `status` = 1  [ RunTime:0.0000s ]
SQL: SELECT * FROM `ysk_yuyue` WHERE `uid` = 8803 AND `status` = 1  [ RunTime:0.0010s ]
SQL: SELECT * FROM `ysk_record` WHERE ( `record_price` >= '300' AND `record_price` <= '800'  ) AND `record_status` = 2 AND `out_uid` <> '8803'  [ RunTime:0.0000s ]
SQL: SELECT * FROM `ysk_record` WHERE ( `record_price` >= '801' AND `record_price` <= '2000'  ) AND `record_status` = 2 AND `out_uid` <> '8803'  [ RunTime:0.0010s ]
SQL: SELECT * FROM `ysk_record` WHERE ( `record_price` >= '1201' AND `record_price` <= '2000'  ) AND `record_status` = 2 AND `out_uid` <> '8803'  [ RunTime:0.0000s ]
SQL: SELECT * FROM `ysk_record` WHERE ( `record_price` >= '2001' AND `record_price` <= '2500'  ) AND `record_status` = 2 AND `out_uid` <> '8803'  [ RunTime:0.0010s ]
SQL: SELECT * FROM `ysk_record` WHERE ( `record_price` >= '2501' AND `record_price` <= '3500'  ) AND `record_status` = 2 AND `out_uid` <> '8803'  [ RunTime:0.0000s ]
NOTIC: [8] Undefined variable: uinfo E:\xin12\shop\Home\Controller\IndexController.class.php 第 131 行.
NOTIC: [8] Undefined variable: moneyinfo E:\xin12\shop\Home\Controller\IndexController.class.php 第 132 行.
NOTIC: [8] Undefined variable: can_get E:\xin12\shop\Home\Controller\IndexController.class.php 第 133 行.
NOTIC: [8] Undefined variable: is_setnums E:\xin12\shop\Home\Controller\IndexController.class.php 第 134 行.
NOTIC: [8] Undefined variable: pic_array E:\xin12\shop\Home\Controller\IndexController.class.php 第 135 行.
NOTIC: [8] Undefined variable: fUser E:\xin12\shop\Home\Controller\IndexController.class.php 第 136 行.
SQL: SELECT * FROM `ysk_banner` ORDER BY sort asc  [ RunTime:0.0010s ]
SQL: SELECT `img_head`,`userid`,`releas_time`,`is_reward`,`today_releas`,`quanxian`,`vip_grade`,`total_lingshi`,`total_active` FROM `ysk_user` WHERE `userid` = 8803 LIMIT 1   [ RunTime:0.0000s ]
SQL: SHOW COLUMNS FROM `ysk_store` [ RunTime:0.0039s ]
SQL: SELECT `cangku_num`,`fengmi_num` FROM `ysk_store` WHERE `uid` = 8803 LIMIT 1   [ RunTime:0.0000s ]
SQL: SHOW COLUMNS FROM `ysk_user_scroll` [ RunTime:0.0039s ]
SQL: SELECT s.single_num FROM ysk_user_scroll us INNER JOIN ysk_scroll s ON us.scroll_id=s.id  WHERE us.uid = '8803' AND us.status = 1  [ RunTime:0.0000s ]
SQL: SHOW COLUMNS FROM `ysk_user_clock` [ RunTime:0.0039s ]
SQL: SELECT `lasttime`,`get_num` FROM `ysk_user_clock` WHERE `uid` = 8803 ORDER BY id desc LIMIT 1   [ RunTime:0.0000s ]
SQL: SELECT COUNT(*) AS tp_count FROM `ysk_user_scroll` WHERE `uid` = 8803 AND `status` = 1 LIMIT 1   [ RunTime:0.0000s ]
SQL: SELECT `value` FROM `ysk_config` WHERE `name` = 'false_user' LIMIT 1   [ RunTime:0.0000s ]
SQL: SELECT `value` FROM `ysk_config` WHERE `name` = 'add_user' LIMIT 1   [ RunTime:0.0000s ]
SQL: SELECT * FROM `ysk_config` WHERE `name` = 'min_balance' LIMIT 1   [ RunTime:0.0000s ]
NOTIC: [8] Undefined variable: can_get E:\xin12\shop\Home\Controller\IndexController.class.php 第 283 行.
NOTIC: [8] Undefined variable: is_setnums E:\xin12\shop\Home\Controller\IndexController.class.php 第 284 行.
INFO: [ view_parse ] --START--
INFO: [ template_filter ] --START--
INFO: Run Behavior\ContentReplaceBehavior [ RunTime:0.000000s ]
INFO: [ template_filter ] --END-- [ RunTime:0.000000s ]
NOTIC: [8] Undefined index: m E:\xin12\ThinkPHP\Common\functions.php 第 977 行.
NOTIC: [8] Undefined index: m E:\xin12\ThinkPHP\Common\functions.php 第 977 行.
NOTIC: [8] Undefined index: m E:\xin12\ThinkPHP\Common\functions.php 第 977 行.
NOTIC: [8] Undefined index: m E:\xin12\ThinkPHP\Common\functions.php 第 977 行.
NOTIC: [8] Undefined index: m E:\xin12\ThinkPHP\Common\functions.php 第 977 行.
NOTIC: [8] Undefined index: m E:\xin12\ThinkPHP\Common\functions.php 第 977 行.
INFO: Run Behavior\ParseTemplateBehavior [ RunTime:0.010742s ]
INFO: [ view_parse ] --END-- [ RunTime:0.010742s ]
INFO: [ view_filter ] --START--
INFO: Run Behavior\WriteHtmlCacheBehavior [ RunTime:0.000977s ]
INFO: [ view_filter ] --END-- [ RunTime:0.000977s ]
INFO: [ app_end ] --START--
INFO: Run Behavior\ShowPageTraceBehavior [ RunTime:0.000976s ]
INFO: [ app_end ] --END-- [ RunTime:0.000976s ]

[ 2021-01-19T14:03:03+08:00 ] 127.0.0.1 /Home/Index/index.html
INFO: [ app_init ] --START--
INFO: Run Behavior\BuildLiteBehavior [ RunTime:0.000000s ]
INFO: [ app_init ] --END-- [ RunTime:0.000000s ]
INFO: [ app_begin ] --START--
INFO: Run Behavior\ReadHtmlCacheBehavior [ RunTime:0.000977s ]
INFO: Run Common\Behavior\CheckLangBehavior [ RunTime:0.000977s ]
INFO: [ app_begin ] --END-- [ RunTime:0.001954s ]
SQL: SHOW COLUMNS FROM `ysk_config` [ RunTime:0.0039s ]
SQL: SELECT `value`,`tip` FROM `ysk_config` WHERE `name` = 'TOGGLE_WEB_SITE' LIMIT 1   [ RunTime:0.0000s ]
SQL: SHOW COLUMNS FROM `ysk_user` [ RunTime:0.0039s ]
SQL: SHOW COLUMNS FROM `ysk_user` [ RunTime:0.0039s ]
SQL: SELECT `status`,`session_id` FROM `ysk_user` WHERE `userid` = 8803 LIMIT 1   [ RunTime:0.0010s ]
SQL: SELECT * FROM `ysk_user` WHERE ( activate = 0 )  [ RunTime:0.0000s ]
SQL: SHOW COLUMNS FROM `ysk_config` [ RunTime:0.0039s ]
SQL: SELECT `value` FROM `ysk_config` WHERE ( name='needjifen' ) LIMIT 1   [ RunTime:0.0000s ]
SQL: SHOW COLUMNS FROM `ysk_record` [ RunTime:0.0049s ]
SQL: SELECT * FROM `ysk_record` WHERE `in_uid` = 8803 AND `is_lin` = 0 AND `record_status` = 4  [ RunTime:0.0010s ]
SQL: SELECT `value` FROM `ysk_config` WHERE `name` = 'zhuanrang_max' LIMIT 1   [ RunTime:0.0000s ]
SQL: SELECT `value` FROM `ysk_config` WHERE `name` = 'zhuanrang_min' LIMIT 1   [ RunTime:0.0000s ]
SQL: SELECT * FROM `ysk_record` WHERE ( `in_uid` = '8803' OR `out_uid` = '8803' ) AND `record_status` = 6 AND `pipeitime` <= 1611028983  [ RunTime:0.0000s ]
SQL: SELECT * FROM `ysk_record` WHERE ( `in_uid` = '8803' OR `out_uid` = '8803' ) AND `record_status` = 7 AND `getmoney_time` <= 1611028983  [ RunTime:0.0000s ]
SQL: SHOW COLUMNS FROM `ysk_yuyue` [ RunTime:0.0049s ]
SQL: SELECT * FROM `ysk_yuyue` WHERE `time` <= 1610985600 AND `status` = 1  [ RunTime:0.0010s ]
SQL: SELECT * FROM `ysk_record` WHERE `record_status` = 2 AND `is_chaoshi_lin` = 1  [ RunTime:0.0000s ]
SQL: SHOW COLUMNS FROM `ysk_user_scroll` [ RunTime:0.0039s ]
SQL: SELECT `id`,`uid`,`scroll_id` FROM `ysk_user_scroll` WHERE `overtime` <= 1611036183  [ RunTime:0.0000s ]
SQL: SHOW COLUMNS FROM `ysk_user_level` [ RunTime:0.0049s ]
SQL: SELECT * FROM `ysk_user_level` ORDER BY id asc  [ RunTime:0.0000s ]
SQL: SELECT `vip_grade` FROM `ysk_user_level` WHERE `id` = 0 LIMIT 1   [ RunTime:0.0000s ]
SQL: SELECT COUNT(*) AS tp_count FROM `ysk_user` WHERE `pid` = 8803 AND `vip_grade` = null LIMIT 1   [ RunTime:0.0000s ]
SQL: SELECT `total_active` FROM `ysk_user` WHERE `userid` = 8803 LIMIT 1   [ RunTime:0.0000s ]
SQL: SELECT `vip_grade` FROM `ysk_user` WHERE `userid` = 8803 LIMIT 1   [ RunTime:0.0000s ]
SQL: SELECT `vip_grade` FROM `ysk_user_level` WHERE `id` = 0 LIMIT 1   [ RunTime:0.0000s ]
SQL: SELECT COUNT(*) AS tp_count FROM `ysk_user` WHERE `pid` = 8803 AND `vip_grade` = null LIMIT 1   [ RunTime:0.0000s ]
SQL: SELECT `total_active` FROM `ysk_user` WHERE `userid` = 8803 LIMIT 1   [ RunTime:0.0010s ]
SQL: SELECT `vip_grade` FROM `ysk_user` WHERE `userid` = 8803 LIMIT 1   [ RunTime:0.0000s ]
SQL: SELECT `vip_grade` FROM `ysk_user_level` WHERE `id` = 0 LIMIT 1   [ RunTime:0.0000s ]
SQL: SELECT COUNT(*) AS tp_count FROM `ysk_user` WHERE `pid` = 8803 AND `vip_grade` = null LIMIT 1   [ RunTime:0.0010s ]
SQL: SELECT `total_active` FROM `ysk_user` WHERE `userid` = 8803 LIMIT 1   [ RunTime:0.0000s ]
SQL: SELECT `vip_grade` FROM `ysk_user` WHERE `userid` = 8803 LIMIT 1   [ RunTime:0.0000s ]
SQL: SELECT `vip_grade` FROM `ysk_user_level` WHERE `id` = 0 LIMIT 1   [ RunTime:0.0010s ]
SQL: SELECT COUNT(*) AS tp_count FROM `ysk_user` WHERE `pid` = 8803 AND `vip_grade` = null LIMIT 1   [ RunTime:0.0000s ]
SQL: SELECT `total_active` FROM `ysk_user` WHERE `userid` = 8803 LIMIT 1   [ RunTime:0.0000s ]
SQL: SELECT `vip_grade` FROM `ysk_user` WHERE `userid` = 8803 LIMIT 1   [ RunTime:0.0010s ]
SQL: SHOW COLUMNS FROM `ysk_deal` [ RunTime:0.0049s ]
SQL: SELECT * FROM `ysk_deal` WHERE `status` = 1 AND `expiration_time` <= 1611036183  [ RunTime:0.0000s ]
SQL: SELECT * FROM `ysk_deal` WHERE `status` = 2 AND `expiration_time` <= 1611036183  [ RunTime:0.0010s ]
SQL: SELECT * FROM `ysk_deal` WHERE ( `sell_id` = '8803' OR `pay_id` = '8803' ) AND `status` = 1 ORDER BY id asc  [ RunTime:0.0000s ]
SQL: SELECT * FROM `ysk_deal` WHERE ( `sell_id` = '8803' OR `pay_id` = '8803' ) AND `status` = 2 ORDER BY id asc  [ RunTime:0.0000s ]
SQL: SHOW COLUMNS FROM `ysk_banner` [ RunTime:0.0039s ]
SQL: SELECT * FROM `ysk_banner` ORDER BY sort asc  [ RunTime:0.0000s ]
SQL: SHOW COLUMNS FROM `ysk_news` [ RunTime:0.0039s ]
SQL: SELECT * FROM `ysk_news` WHERE `type` = 1 ORDER BY id desc LIMIT 8   [ RunTime:0.0000s ]
SQL: SHOW COLUMNS FROM `ysk_scroll` [ RunTime:0.0039s ]
SQL: SELECT * FROM `ysk_scroll` WHERE `status` = 1  [ RunTime:0.0010s ]
SQL: SELECT * FROM `ysk_yuyue` WHERE `uid` = 8803 AND `status` = 1  [ RunTime:0.0000s ]
SQL: SELECT * FROM `ysk_record` WHERE ( `record_price` >= '300' AND `record_price` <= '800'  ) AND `record_status` = 2 AND `out_uid` <> '8803'  [ RunTime:0.0010s ]
SQL: SELECT * FROM `ysk_record` WHERE ( `record_price` >= '801' AND `record_price` <= '2000'  ) AND `record_status` = 2 AND `out_uid` <> '8803'  [ RunTime:0.0000s ]
SQL: SELECT * FROM `ysk_record` WHERE ( `record_price` >= '1201' AND `record_price` <= '2000'  ) AND `record_status` = 2 AND `out_uid` <> '8803'  [ RunTime:0.0010s ]
SQL: SELECT * FROM `ysk_record` WHERE ( `record_price` >= '2001' AND `record_price` <= '2500'  ) AND `record_status` = 2 AND `out_uid` <> '8803'  [ RunTime:0.0000s ]
SQL: SELECT * FROM `ysk_record` WHERE ( `record_price` >= '2501' AND `record_price` <= '3500'  ) AND `record_status` = 2 AND `out_uid` <> '8803'  [ RunTime:0.0000s ]
NOTIC: [8] Undefined variable: uinfo E:\xin12\shop\Home\Controller\IndexController.class.php 第 131 行.
NOTIC: [8] Undefined variable: moneyinfo E:\xin12\shop\Home\Controller\IndexController.class.php 第 132 行.
NOTIC: [8] Undefined variable: can_get E:\xin12\shop\Home\Controller\IndexController.class.php 第 133 行.
NOTIC: [8] Undefined variable: is_setnums E:\xin12\shop\Home\Controller\IndexController.class.php 第 134 行.
NOTIC: [8] Undefined variable: pic_array E:\xin12\shop\Home\Controller\IndexController.class.php 第 135 行.
NOTIC: [8] Undefined variable: fUser E:\xin12\shop\Home\Controller\IndexController.class.php 第 136 行.
SQL: SELECT * FROM `ysk_banner` ORDER BY sort asc  [ RunTime:0.0000s ]
SQL: SELECT `img_head`,`userid`,`releas_time`,`is_reward`,`today_releas`,`quanxian`,`vip_grade`,`total_lingshi`,`total_active` FROM `ysk_user` WHERE `userid` = 8803 LIMIT 1   [ RunTime:0.0000s ]
SQL: SHOW COLUMNS FROM `ysk_store` [ RunTime:0.0049s ]
SQL: SELECT `cangku_num`,`fengmi_num` FROM `ysk_store` WHERE `uid` = 8803 LIMIT 1   [ RunTime:0.0000s ]
SQL: SHOW COLUMNS FROM `ysk_user_scroll` [ RunTime:0.0039s ]
SQL: SELECT s.single_num FROM ysk_user_scroll us INNER JOIN ysk_scroll s ON us.scroll_id=s.id  WHERE us.uid = '8803' AND us.status = 1  [ RunTime:0.0010s ]
SQL: SHOW COLUMNS FROM `ysk_user_clock` [ RunTime:0.0039s ]
SQL: SELECT `lasttime`,`get_num` FROM `ysk_user_clock` WHERE `uid` = 8803 ORDER BY id desc LIMIT 1   [ RunTime:0.0000s ]
SQL: SELECT COUNT(*) AS tp_count FROM `ysk_user_scroll` WHERE `uid` = 8803 AND `status` = 1 LIMIT 1   [ RunTime:0.0010s ]
SQL: SELECT `value` FROM `ysk_config` WHERE `name` = 'false_user' LIMIT 1   [ RunTime:0.0000s ]
SQL: SELECT `value` FROM `ysk_config` WHERE `name` = 'add_user' LIMIT 1   [ RunTime:0.0000s ]
SQL: SELECT * FROM `ysk_config` WHERE `name` = 'min_balance' LIMIT 1   [ RunTime:0.0000s ]
NOTIC: [8] Undefined variable: can_get E:\xin12\shop\Home\Controller\IndexController.class.php 第 283 行.
NOTIC: [8] Undefined variable: is_setnums E:\xin12\shop\Home\Controller\IndexController.class.php 第 284 行.
INFO: [ view_parse ] --START--
INFO: [ template_filter ] --START--
INFO: Run Behavior\ContentReplaceBehavior [ RunTime:0.000000s ]
INFO: [ template_filter ] --END-- [ RunTime:0.000976s ]
NOTIC: [8] Undefined index: m E:\xin12\ThinkPHP\Common\functions.php 第 977 行.
NOTIC: [8] Undefined index: m E:\xin12\ThinkPHP\Common\functions.php 第 977 行.
NOTIC: [8] Undefined index: m E:\xin12\ThinkPHP\Common\functions.php 第 977 行.
NOTIC: [8] Undefined index: m E:\xin12\ThinkPHP\Common\functions.php 第 977 行.
NOTIC: [8] Undefined index: m E:\xin12\ThinkPHP\Common\functions.php 第 977 行.
NOTIC: [8] Undefined index: m E:\xin12\ThinkPHP\Common\functions.php 第 977 行.
INFO: Run Behavior\ParseTemplateBehavior [ RunTime:0.010742s ]
INFO: [ view_parse ] --END-- [ RunTime:0.011718s ]
INFO: [ view_filter ] --START--
INFO: Run Behavior\WriteHtmlCacheBehavior [ RunTime:0.000000s ]
INFO: [ view_filter ] --END-- [ RunTime:0.000000s ]
INFO: [ app_end ] --START--
INFO: Run Behavior\ShowPageTraceBehavior [ RunTime:0.000000s ]
INFO: [ app_end ] --END-- [ RunTime:0.000000s ]

[ 2021-01-19T17:30:02+08:00 ] 127.0.0.1 /Home/Index/index.html
INFO: [ app_init ] --START--
INFO: Run Behavior\BuildLiteBehavior [ RunTime:0.000000s ]
INFO: [ app_init ] --END-- [ RunTime:0.000000s ]
INFO: [ app_begin ] --START--
INFO: Run Behavior\ReadHtmlCacheBehavior [ RunTime:0.000000s ]
INFO: Run Common\Behavior\CheckLangBehavior [ RunTime:0.000977s ]
INFO: [ app_begin ] --END-- [ RunTime:0.000977s ]
SQL: SHOW COLUMNS FROM `ysk_config` [ RunTime:0.0039s ]
SQL: SELECT `value`,`tip` FROM `ysk_config` WHERE `name` = 'TOGGLE_WEB_SITE' LIMIT 1   [ RunTime:0.0000s ]
SQL: SHOW COLUMNS FROM `ysk_user` [ RunTime:0.0049s ]
SQL: SHOW COLUMNS FROM `ysk_user` [ RunTime:0.0039s ]
SQL: SELECT `status`,`session_id` FROM `ysk_user` WHERE `userid` = 8803 LIMIT 1   [ RunTime:0.0000s ]
SQL: SELECT * FROM `ysk_user` WHERE ( activate = 0 )  [ RunTime:0.0010s ]
SQL: SHOW COLUMNS FROM `ysk_config` [ RunTime:0.0029s ]
SQL: SELECT `value` FROM `ysk_config` WHERE ( name='needjifen' ) LIMIT 1   [ RunTime:0.0000s ]
SQL: SHOW COLUMNS FROM `ysk_record` [ RunTime:0.0049s ]
SQL: SELECT * FROM `ysk_record` WHERE `in_uid` = 8803 AND `is_lin` = 0 AND `record_status` = 4  [ RunTime:0.0010s ]
SQL: SELECT `value` FROM `ysk_config` WHERE `name` = 'zhuanrang_max' LIMIT 1   [ RunTime:0.0000s ]
SQL: SELECT `value` FROM `ysk_config` WHERE `name` = 'zhuanrang_min' LIMIT 1   [ RunTime:0.0000s ]
SQL: SELECT * FROM `ysk_record` WHERE ( `in_uid` = '8803' OR `out_uid` = '8803' ) AND `record_status` = 6 AND `pipeitime` <= 1611041402  [ RunTime:0.0010s ]
SQL: SELECT * FROM `ysk_record` WHERE ( `in_uid` = '8803' OR `out_uid` = '8803' ) AND `record_status` = 7 AND `getmoney_time` <= 1611041402  [ RunTime:0.0000s ]
SQL: SHOW COLUMNS FROM `ysk_yuyue` [ RunTime:0.0029s ]
SQL: SELECT * FROM `ysk_yuyue` WHERE `time` <= 1610985600 AND `status` = 1  [ RunTime:0.0010s ]
SQL: SELECT * FROM `ysk_record` WHERE `record_status` = 2 AND `is_chaoshi_lin` = 1  [ RunTime:0.0000s ]
SQL: SHOW COLUMNS FROM `ysk_user_scroll` [ RunTime:0.0039s ]
SQL: SELECT `id`,`uid`,`scroll_id` FROM `ysk_user_scroll` WHERE `overtime` <= 1611048602  [ RunTime:0.0000s ]
SQL: SHOW COLUMNS FROM `ysk_user_level` [ RunTime:0.0049s ]
SQL: SELECT * FROM `ysk_user_level` ORDER BY id asc  [ RunTime:0.0000s ]
SQL: SELECT `vip_grade` FROM `ysk_user_level` WHERE `id` = 0 LIMIT 1   [ RunTime:0.0000s ]
SQL: SELECT COUNT(*) AS tp_count FROM `ysk_user` WHERE `pid` = 8803 AND `vip_grade` = null LIMIT 1   [ RunTime:0.0000s ]
SQL: SELECT `total_active` FROM `ysk_user` WHERE `userid` = 8803 LIMIT 1   [ RunTime:0.0000s ]
SQL: SELECT `vip_grade` FROM `ysk_user` WHERE `userid` = 8803 LIMIT 1   [ RunTime:0.0010s ]
SQL: SELECT `vip_grade` FROM `ysk_user_level` WHERE `id` = 0 LIMIT 1   [ RunTime:0.0000s ]
SQL: SELECT COUNT(*) AS tp_count FROM `ysk_user` WHERE `pid` = 8803 AND `vip_grade` = null LIMIT 1   [ RunTime:0.0000s ]
SQL: SELECT `total_active` FROM `ysk_user` WHERE `userid` = 8803 LIMIT 1   [ RunTime:0.0000s ]
SQL: SELECT `vip_grade` FROM `ysk_user` WHERE `userid` = 8803 LIMIT 1   [ RunTime:0.0000s ]
SQL: SELECT `vip_grade` FROM `ysk_user_level` WHERE `id` = 0 LIMIT 1   [ RunTime:0.0000s ]
SQL: SELECT COUNT(*) AS tp_count FROM `ysk_user` WHERE `pid` = 8803 AND `vip_grade` = null LIMIT 1   [ RunTime:0.0010s ]
SQL: SELECT `total_active` FROM `ysk_user` WHERE `userid` = 8803 LIMIT 1   [ RunTime:0.0000s ]
SQL: SELECT `vip_grade` FROM `ysk_user` WHERE `userid` = 8803 LIMIT 1   [ RunTime:0.0000s ]
SQL: SELECT `vip_grade` FROM `ysk_user_level` WHERE `id` = 0 LIMIT 1   [ RunTime:0.0010s ]
SQL: SELECT COUNT(*) AS tp_count FROM `ysk_user` WHERE `pid` = 8803 AND `vip_grade` = null LIMIT 1   [ RunTime:0.0000s ]
SQL: SELECT `total_active` FROM `ysk_user` WHERE `userid` = 8803 LIMIT 1   [ RunTime:0.0000s ]
SQL: SELECT `vip_grade` FROM `ysk_user` WHERE `userid` = 8803 LIMIT 1   [ RunTime:0.0000s ]
SQL: SHOW COLUMNS FROM `ysk_deal` [ RunTime:0.0049s ]
SQL: SELECT * FROM `ysk_deal` WHERE `status` = 1 AND `expiration_time` <= 1611048602  [ RunTime:0.0000s ]
SQL: SELECT * FROM `ysk_deal` WHERE `status` = 2 AND `expiration_time` <= 1611048602  [ RunTime:0.0010s ]
SQL: SELECT * FROM `ysk_deal` WHERE ( `sell_id` = '8803' OR `pay_id` = '8803' ) AND `status` = 1 ORDER BY id asc  [ RunTime:0.0000s ]
SQL: SELECT * FROM `ysk_deal` WHERE ( `sell_id` = '8803' OR `pay_id` = '8803' ) AND `status` = 2 ORDER BY id asc  [ RunTime:0.0000s ]
SQL: SHOW COLUMNS FROM `ysk_banner` [ RunTime:0.0039s ]
SQL: SELECT * FROM `ysk_banner` ORDER BY sort asc  [ RunTime:0.0000s ]
SQL: SHOW COLUMNS FROM `ysk_news` [ RunTime:0.0029s ]
SQL: SELECT * FROM `ysk_news` WHERE `type` = 1 ORDER BY id desc LIMIT 8   [ RunTime:0.0010s ]
SQL: SHOW COLUMNS FROM `ysk_scroll` [ RunTime:0.0029s ]
SQL: SELECT * FROM `ysk_scroll` WHERE `status` = 1  [ RunTime:0.0000s ]
SQL: SELECT * FROM `ysk_yuyue` WHERE `uid` = 8803 AND `status` = 1  [ RunTime:0.0000s ]
SQL: SELECT * FROM `ysk_record` WHERE ( `record_price` >= '300' AND `record_price` <= '800'  ) AND `record_status` = 2 AND `out_uid` <> '8803'  [ RunTime:0.0010s ]
SQL: SELECT * FROM `ysk_record` WHERE ( `record_price` >= '801' AND `record_price` <= '2000'  ) AND `record_status` = 2 AND `out_uid` <> '8803'  [ RunTime:0.0000s ]
SQL: SELECT * FROM `ysk_record` WHERE ( `record_price` >= '1201' AND `record_price` <= '2000'  ) AND `record_status` = 2 AND `out_uid` <> '8803'  [ RunTime:0.0010s ]
SQL: SELECT * FROM `ysk_record` WHERE ( `record_price` >= '2001' AND `record_price` <= '2500'  ) AND `record_status` = 2 AND `out_uid` <> '8803'  [ RunTime:0.0000s ]
SQL: SELECT * FROM `ysk_record` WHERE ( `record_price` >= '2501' AND `record_price` <= '3500'  ) AND `record_status` = 2 AND `out_uid` <> '8803'  [ RunTime:0.0010s ]
NOTIC: [8] Undefined variable: uinfo E:\xin12\shop\Home\Controller\IndexController.class.php 第 131 行.
NOTIC: [8] Undefined variable: moneyinfo E:\xin12\shop\Home\Controller\IndexController.class.php 第 132 行.
NOTIC: [8] Undefined variable: can_get E:\xin12\shop\Home\Controller\IndexController.class.php 第 133 行.
NOTIC: [8] Undefined variable: is_setnums E:\xin12\shop\Home\Controller\IndexController.class.php 第 134 行.
NOTIC: [8] Undefined variable: pic_array E:\xin12\shop\Home\Controller\IndexController.class.php 第 135 行.
NOTIC: [8] Undefined variable: fUser E:\xin12\shop\Home\Controller\IndexController.class.php 第 136 行.
SQL: SELECT * FROM `ysk_banner` ORDER BY sort asc  [ RunTime:0.0000s ]
SQL: SELECT `img_head`,`userid`,`releas_time`,`is_reward`,`today_releas`,`quanxian`,`vip_grade`,`total_lingshi`,`total_active` FROM `ysk_user` WHERE `userid` = 8803 LIMIT 1   [ RunTime:0.0000s ]
SQL: SHOW COLUMNS FROM `ysk_store` [ RunTime:0.0029s ]
SQL: SELECT `cangku_num`,`fengmi_num` FROM `ysk_store` WHERE `uid` = 8803 LIMIT 1   [ RunTime:0.0000s ]
SQL: SHOW COLUMNS FROM `ysk_user_scroll` [ RunTime:0.0039s ]
SQL: SELECT s.single_num FROM ysk_user_scroll us INNER JOIN ysk_scroll s ON us.scroll_id=s.id  WHERE us.uid = '8803' AND us.status = 1  [ RunTime:0.0000s ]
SQL: SHOW COLUMNS FROM `ysk_user_clock` [ RunTime:0.0039s ]
SQL: SELECT `lasttime`,`get_num` FROM `ysk_user_clock` WHERE `uid` = 8803 ORDER BY id desc LIMIT 1   [ RunTime:0.0000s ]
SQL: SELECT COUNT(*) AS tp_count FROM `ysk_user_scroll` WHERE `uid` = 8803 AND `status` = 1 LIMIT 1   [ RunTime:0.0010s ]
SQL: SELECT `value` FROM `ysk_config` WHERE `name` = 'false_user' LIMIT 1   [ RunTime:0.0000s ]
SQL: SELECT `value` FROM `ysk_config` WHERE `name` = 'add_user' LIMIT 1   [ RunTime:0.0000s ]
SQL: SELECT * FROM `ysk_config` WHERE `name` = 'min_balance' LIMIT 1   [ RunTime:0.0010s ]
NOTIC: [8] Undefined variable: can_get E:\xin12\shop\Home\Controller\IndexController.class.php 第 283 行.
NOTIC: [8] Undefined variable: is_setnums E:\xin12\shop\Home\Controller\IndexController.class.php 第 284 行.
INFO: [ view_parse ] --START--
INFO: [ template_filter ] --START--
INFO: Run Behavior\ContentReplaceBehavior [ RunTime:0.000000s ]
INFO: [ template_filter ] --END-- [ RunTime:0.000000s ]
NOTIC: [8] Undefined index: m E:\xin12\ThinkPHP\Common\functions.php 第 977 行.
NOTIC: [8] Undefined index: m E:\xin12\ThinkPHP\Common\functions.php 第 977 行.
NOTIC: [8] Undefined index: m E:\xin12\ThinkPHP\Common\functions.php 第 977 行.
NOTIC: [8] Undefined index: m E:\xin12\ThinkPHP\Common\functions.php 第 977 行.
NOTIC: [8] Undefined index: m E:\xin12\ThinkPHP\Common\functions.php 第 977 行.
NOTIC: [8] Undefined index: m E:\xin12\ThinkPHP\Common\functions.php 第 977 行.
INFO: Run Behavior\ParseTemplateBehavior [ RunTime:0.009766s ]
INFO: [ view_parse ] --END-- [ RunTime:0.009766s ]
INFO: [ view_filter ] --START--
INFO: Run Behavior\WriteHtmlCacheBehavior [ RunTime:0.000977s ]
INFO: [ view_filter ] --END-- [ RunTime:0.000977s ]
INFO: [ app_end ] --START--
INFO: Run Behavior\ShowPageTraceBehavior [ RunTime:0.000000s ]
INFO: [ app_end ] --END-- [ RunTime:0.000000s ]

[ 2021-01-19T17:40:03+08:00 ] 127.0.0.1 /Public/libs/lyui/dist/js/lyui.min.js.map
INFO: [ app_init ] --START--
INFO: Run Behavior\BuildLiteBehavior [ RunTime:0.000000s ]
INFO: [ app_init ] --END-- [ RunTime:0.000000s ]
INFO: [ app_begin ] --START--
INFO: Run Behavior\ReadHtmlCacheBehavior [ RunTime:0.000976s ]
INFO: Run Common\Behavior\CheckLangBehavior [ RunTime:0.000977s ]
INFO: [ app_begin ] --END-- [ RunTime:0.001953s ]
ERR: 无法加载控制器:Public

[ 2021-01-19T17:40:04+08:00 ] 127.0.0.1 /Public/libs/lyui/dist/js/lyui.extend.min.js.map
INFO: [ app_init ] --START--
INFO: Run Behavior\BuildLiteBehavior [ RunTime:0.000000s ]
INFO: [ app_init ] --END-- [ RunTime:0.000000s ]
INFO: [ app_begin ] --START--
INFO: Run Behavior\ReadHtmlCacheBehavior [ RunTime:0.000976s ]
INFO: Run Common\Behavior\CheckLangBehavior [ RunTime:0.000977s ]
INFO: [ app_begin ] --END-- [ RunTime:0.001953s ]
ERR: 无法加载控制器:Public

[ 2021-01-19T17:40:04+08:00 ] 127.0.0.1 /Public/libs/lyui/dist/css/lyui.min.css.map
INFO: [ app_init ] --START--
INFO: Run Behavior\BuildLiteBehavior [ RunTime:0.000000s ]
INFO: [ app_init ] --END-- [ RunTime:0.000000s ]
INFO: [ app_begin ] --START--
INFO: Run Behavior\ReadHtmlCacheBehavior [ RunTime:0.000976s ]
INFO: Run Common\Behavior\CheckLangBehavior [ RunTime:0.000977s ]
INFO: [ app_begin ] --END-- [ RunTime:0.001953s ]
ERR: 无法加载控制器:Public

[ 2021-01-19T17:40:04+08:00 ] 127.0.0.1 /Public/libs/lyui/dist/css/lyui.extend.min.css.map
INFO: [ app_init ] --START--
INFO: Run Behavior\BuildLiteBehavior [ RunTime:0.000000s ]
INFO: [ app_init ] --END-- [ RunTime:0.000000s ]
INFO: [ app_begin ] --START--
INFO: Run Behavior\ReadHtmlCacheBehavior [ RunTime:0.000976s ]
INFO: Run Common\Behavior\CheckLangBehavior [ RunTime:0.003906s ]
INFO: [ app_begin ] --END-- [ RunTime:0.005859s ]
ERR: 无法加载控制器:Public

[ 2021-01-19T17:40:05+08:00 ] 127.0.0.1 /Home/Index/index.html
INFO: [ app_init ] --START--
INFO: Run Behavior\BuildLiteBehavior [ RunTime:0.000000s ]
INFO: [ app_init ] --END-- [ RunTime:0.000000s ]
INFO: [ app_begin ] --START--
INFO: Run Behavior\ReadHtmlCacheBehavior [ RunTime:0.000000s ]
INFO: Run Common\Behavior\CheckLangBehavior [ RunTime:0.000977s ]
INFO: [ app_begin ] --END-- [ RunTime:0.000977s ]
SQL: SHOW COLUMNS FROM `ysk_config` [ RunTime:0.0039s ]
SQL: SELECT `value`,`tip` FROM `ysk_config` WHERE `name` = 'TOGGLE_WEB_SITE' LIMIT 1   [ RunTime:0.0010s ]
SQL: SHOW COLUMNS FROM `ysk_user` [ RunTime:0.0049s ]
SQL: SHOW COLUMNS FROM `ysk_user` [ RunTime:0.0039s ]
SQL: SELECT `status`,`session_id` FROM `ysk_user` WHERE `userid` = 8803 LIMIT 1   [ RunTime:0.0010s ]
SQL: SELECT * FROM `ysk_user` WHERE ( activate = 0 )  [ RunTime:0.0000s ]
SQL: SHOW COLUMNS FROM `ysk_config` [ RunTime:0.0039s ]
SQL: SELECT `value` FROM `ysk_config` WHERE ( name='needjifen' ) LIMIT 1   [ RunTime:0.0000s ]
SQL: SHOW COLUMNS FROM `ysk_record` [ RunTime:0.0039s ]
SQL: SELECT * FROM `ysk_record` WHERE `in_uid` = 8803 AND `is_lin` = 0 AND `record_status` = 4  [ RunTime:0.0000s ]
SQL: SELECT `value` FROM `ysk_config` WHERE `name` = 'zhuanrang_max' LIMIT 1   [ RunTime:0.0000s ]
SQL: SELECT `value` FROM `ysk_config` WHERE `name` = 'zhuanrang_min' LIMIT 1   [ RunTime:0.0010s ]
SQL: SELECT * FROM `ysk_record` WHERE ( `in_uid` = '8803' OR `out_uid` = '8803' ) AND `record_status` = 6 AND `pipeitime` <= 1611042005  [ RunTime:0.0000s ]
SQL: SELECT * FROM `ysk_record` WHERE ( `in_uid` = '8803' OR `out_uid` = '8803' ) AND `record_status` = 7 AND `getmoney_time` <= 1611042005  [ RunTime:0.0010s ]
SQL: SHOW COLUMNS FROM `ysk_yuyue` [ RunTime:0.0029s ]
SQL: SELECT * FROM `ysk_yuyue` WHERE `time` <= 1610985600 AND `status` = 1  [ RunTime:0.0000s ]
SQL: SELECT * FROM `ysk_record` WHERE `record_status` = 2 AND `is_chaoshi_lin` = 1  [ RunTime:0.0000s ]
SQL: SHOW COLUMNS FROM `ysk_user_scroll` [ RunTime:0.0029s ]
SQL: SELECT `id`,`uid`,`scroll_id` FROM `ysk_user_scroll` WHERE `overtime` <= 1611049205  [ RunTime:0.0010s ]
SQL: SHOW COLUMNS FROM `ysk_user_level` [ RunTime:0.0029s ]
SQL: SELECT * FROM `ysk_user_level` ORDER BY id asc  [ RunTime:0.0000s ]
SQL: SELECT `vip_grade` FROM `ysk_user_level` WHERE `id` = 0 LIMIT 1   [ RunTime:0.0000s ]
SQL: SELECT COUNT(*) AS tp_count FROM `ysk_user` WHERE `pid` = 8803 AND `vip_grade` = null LIMIT 1   [ RunTime:0.0000s ]
SQL: SELECT `total_active` FROM `ysk_user` WHERE `userid` = 8803 LIMIT 1   [ RunTime:0.0000s ]
SQL: SELECT `vip_grade` FROM `ysk_user` WHERE `userid` = 8803 LIMIT 1   [ RunTime:0.0000s ]
SQL: SELECT `vip_grade` FROM `ysk_user_level` WHERE `id` = 0 LIMIT 1   [ RunTime:0.0000s ]
SQL: SELECT COUNT(*) AS tp_count FROM `ysk_user` WHERE `pid` = 8803 AND `vip_grade` = null LIMIT 1   [ RunTime:0.0010s ]
SQL: SELECT `total_active` FROM `ysk_user` WHERE `userid` = 8803 LIMIT 1   [ RunTime:0.0000s ]
SQL: SELECT `vip_grade` FROM `ysk_user` WHERE `userid` = 8803 LIMIT 1   [ RunTime:0.0000s ]
SQL: SELECT `vip_grade` FROM `ysk_user_level` WHERE `id` = 0 LIMIT 1   [ RunTime:0.0000s ]
SQL: SELECT COUNT(*) AS tp_count FROM `ysk_user` WHERE `pid` = 8803 AND `vip_grade` = null LIMIT 1   [ RunTime:0.0000s ]
SQL: SELECT `total_active` FROM `ysk_user` WHERE `userid` = 8803 LIMIT 1   [ RunTime:0.0000s ]
SQL: SELECT `vip_grade` FROM `ysk_user` WHERE `userid` = 8803 LIMIT 1   [ RunTime:0.0000s ]
SQL: SELECT `vip_grade` FROM `ysk_user_level` WHERE `id` = 0 LIMIT 1   [ RunTime:0.0000s ]
SQL: SELECT COUNT(*) AS tp_count FROM `ysk_user` WHERE `pid` = 8803 AND `vip_grade` = null LIMIT 1   [ RunTime:0.0000s ]
SQL: SELECT `total_active` FROM `ysk_user` WHERE `userid` = 8803 LIMIT 1   [ RunTime:0.0010s ]
SQL: SELECT `vip_grade` FROM `ysk_user` WHERE `userid` = 8803 LIMIT 1   [ RunTime:0.0000s ]
SQL: SHOW COLUMNS FROM `ysk_deal` [ RunTime:0.0039s ]
SQL: SELECT * FROM `ysk_deal` WHERE `status` = 1 AND `expiration_time` <= 1611049205  [ RunTime:0.0000s ]
SQL: SELECT * FROM `ysk_deal` WHERE `status` = 2 AND `expiration_time` <= 1611049205  [ RunTime:0.0010s ]
SQL: SELECT * FROM `ysk_deal` WHERE ( `sell_id` = '8803' OR `pay_id` = '8803' ) AND `status` = 1 ORDER BY id asc  [ RunTime:0.0000s ]
SQL: SELECT * FROM `ysk_deal` WHERE ( `sell_id` = '8803' OR `pay_id` = '8803' ) AND `status` = 2 ORDER BY id asc  [ RunTime:0.0000s ]
SQL: SHOW COLUMNS FROM `ysk_banner` [ RunTime:0.0039s ]
SQL: SELECT * FROM `ysk_banner` ORDER BY sort asc  [ RunTime:0.0000s ]
SQL: SHOW COLUMNS FROM `ysk_news` [ RunTime:0.0039s ]
SQL: SELECT * FROM `ysk_news` WHERE `type` = 1 ORDER BY id desc LIMIT 8   [ RunTime:0.0000s ]
SQL: SHOW COLUMNS FROM `ysk_scroll` [ RunTime:0.0039s ]
SQL: SELECT * FROM `ysk_scroll` WHERE `status` = 1  [ RunTime:0.0000s ]
SQL: SELECT * FROM `ysk_yuyue` WHERE `uid` = 8803 AND `status` = 1  [ RunTime:0.0010s ]
SQL: SELECT * FROM `ysk_record` WHERE ( `record_price` >= '300' AND `record_price` <= '800'  ) AND `record_status` = 2 AND `out_uid` <> '8803'  [ RunTime:0.0000s ]
SQL: SELECT * FROM `ysk_record` WHERE ( `record_price` >= '801' AND `record_price` <= '2000'  ) AND `record_status` = 2 AND `out_uid` <> '8803'  [ RunTime:0.0010s ]
SQL: SELECT * FROM `ysk_record` WHERE ( `record_price` >= '1201' AND `record_price` <= '2000'  ) AND `record_status` = 2 AND `out_uid` <> '8803'  [ RunTime:0.0000s ]
SQL: SELECT * FROM `ysk_record` WHERE ( `record_price` >= '2001' AND `record_price` <= '2500'  ) AND `record_status` = 2 AND `out_uid` <> '8803'  [ RunTime:0.0010s ]
SQL: SELECT * FROM `ysk_record` WHERE ( `record_price` >= '2501' AND `record_price` <= '3500'  ) AND `record_status` = 2 AND `out_uid` <> '8803'  [ RunTime:0.0000s ]
NOTIC: [8] Undefined variable: uinfo E:\xin12\shop\Home\Controller\IndexController.class.php 第 131 行.
NOTIC: [8] Undefined variable: moneyinfo E:\xin12\shop\Home\Controller\IndexController.class.php 第 132 行.
NOTIC: [8] Undefined variable: can_get E:\xin12\shop\Home\Controller\IndexController.class.php 第 133 行.
NOTIC: [8] Undefined variable: is_setnums E:\xin12\shop\Home\Controller\IndexController.class.php 第 134 行.
NOTIC: [8] Undefined variable: pic_array E:\xin12\shop\Home\Controller\IndexController.class.php 第 135 行.
NOTIC: [8] Undefined variable: fUser E:\xin12\shop\Home\Controller\IndexController.class.php 第 136 行.
SQL: SELECT * FROM `ysk_banner` ORDER BY sort asc  [ RunTime:0.0000s ]
SQL: SELECT `img_head`,`userid`,`releas_time`,`is_reward`,`today_releas`,`quanxian`,`vip_grade`,`total_lingshi`,`total_active` FROM `ysk_user` WHERE `userid` = 8803 LIMIT 1   [ RunTime:0.0000s ]
SQL: SHOW COLUMNS FROM `ysk_store` [ RunTime:0.0029s ]
SQL: SELECT `cangku_num`,`fengmi_num` FROM `ysk_store` WHERE `uid` = 8803 LIMIT 1   [ RunTime:0.0000s ]
SQL: SHOW COLUMNS FROM `ysk_user_scroll` [ RunTime:0.0029s ]
SQL: SELECT s.single_num FROM ysk_user_scroll us INNER JOIN ysk_scroll s ON us.scroll_id=s.id  WHERE us.uid = '8803' AND us.status = 1  [ RunTime:0.0000s ]
SQL: SHOW COLUMNS FROM `ysk_user_clock` [ RunTime:0.0039s ]
SQL: SELECT `lasttime`,`get_num` FROM `ysk_user_clock` WHERE `uid` = 8803 ORDER BY id desc LIMIT 1   [ RunTime:0.0000s ]
SQL: SELECT COUNT(*) AS tp_count FROM `ysk_user_scroll` WHERE `uid` = 8803 AND `status` = 1 LIMIT 1   [ RunTime:0.0010s ]
SQL: SELECT `value` FROM `ysk_config` WHERE `name` = 'false_user' LIMIT 1   [ RunTime:0.0000s ]
SQL: SELECT `value` FROM `ysk_config` WHERE `name` = 'add_user' LIMIT 1   [ RunTime:0.0000s ]
SQL: SELECT * FROM `ysk_config` WHERE `name` = 'min_balance' LIMIT 1   [ RunTime:0.0010s ]
NOTIC: [8] Undefined variable: can_get E:\xin12\shop\Home\Controller\IndexController.class.php 第 283 行.
NOTIC: [8] Undefined variable: is_setnums E:\xin12\shop\Home\Controller\IndexController.class.php 第 284 行.
INFO: [ view_parse ] --START--
INFO: [ template_filter ] --START--
INFO: Run Behavior\ContentReplaceBehavior [ RunTime:0.000976s ]
INFO: [ template_filter ] --END-- [ RunTime:0.000976s ]
NOTIC: [8] Undefined index: m E:\xin12\ThinkPHP\Common\functions.php 第 977 行.
NOTIC: [8] Undefined index: m E:\xin12\ThinkPHP\Common\functions.php 第 977 行.
NOTIC: [8] Undefined index: m E:\xin12\ThinkPHP\Common\functions.php 第 977 行.
NOTIC: [8] Undefined index: m E:\xin12\ThinkPHP\Common\functions.php 第 977 行.
NOTIC: [8] Undefined index: m E:\xin12\ThinkPHP\Common\functions.php 第 977 行.
NOTIC: [8] Undefined index: m E:\xin12\ThinkPHP\Common\functions.php 第 977 行.
INFO: Run Behavior\ParseTemplateBehavior [ RunTime:0.009766s ]
INFO: [ view_parse ] --END-- [ RunTime:0.009766s ]
INFO: [ view_filter ] --START--
INFO: Run Behavior\WriteHtmlCacheBehavior [ RunTime:0.000976s ]
INFO: [ view_filter ] --END-- [ RunTime:0.000976s ]
INFO: [ app_end ] --START--
INFO: Run Behavior\ShowPageTraceBehavior [ RunTime:0.000000s ]
INFO: [ app_end ] --END-- [ RunTime:0.000000s ]

[ 2021-01-19T17:49:03+08:00 ] 127.0.0.1 /Home/Index/index.html
INFO: [ app_init ] --START--
INFO: Run Behavior\BuildLiteBehavior [ RunTime:0.000000s ]
INFO: [ app_init ] --END-- [ RunTime:0.000000s ]
INFO: [ app_begin ] --START--
INFO: Run Behavior\ReadHtmlCacheBehavior [ RunTime:0.000976s ]
INFO: Run Common\Behavior\CheckLangBehavior [ RunTime:0.000977s ]
INFO: [ app_begin ] --END-- [ RunTime:0.001953s ]
SQL: SHOW COLUMNS FROM `ysk_config` [ RunTime:0.0039s ]
SQL: SELECT `value`,`tip` FROM `ysk_config` WHERE `name` = 'TOGGLE_WEB_SITE' LIMIT 1   [ RunTime:0.0010s ]
SQL: SHOW COLUMNS FROM `ysk_user` [ RunTime:0.0039s ]
SQL: SHOW COLUMNS FROM `ysk_user` [ RunTime:0.0039s ]
SQL: SELECT `status`,`session_id` FROM `ysk_user` WHERE `userid` = 8803 LIMIT 1   [ RunTime:0.0010s ]
SQL: SELECT * FROM `ysk_user` WHERE ( activate = 0 )  [ RunTime:0.0000s ]
SQL: SHOW COLUMNS FROM `ysk_config` [ RunTime:0.0039s ]
SQL: SELECT `value` FROM `ysk_config` WHERE ( name='needjifen' ) LIMIT 1   [ RunTime:0.0000s ]
SQL: SHOW COLUMNS FROM `ysk_record` [ RunTime:0.0039s ]
SQL: SELECT * FROM `ysk_record` WHERE `in_uid` = 8803 AND `is_lin` = 0 AND `record_status` = 4  [ RunTime:0.0000s ]
SQL: SELECT `value` FROM `ysk_config` WHERE `name` = 'zhuanrang_max' LIMIT 1   [ RunTime:0.0010s ]
SQL: SELECT `value` FROM `ysk_config` WHERE `name` = 'zhuanrang_min' LIMIT 1   [ RunTime:0.0000s ]
SQL: SELECT * FROM `ysk_record` WHERE ( `in_uid` = '8803' OR `out_uid` = '8803' ) AND `record_status` = 6 AND `pipeitime` <= 1611042543  [ RunTime:0.0010s ]
SQL: SELECT * FROM `ysk_record` WHERE ( `in_uid` = '8803' OR `out_uid` = '8803' ) AND `record_status` = 7 AND `getmoney_time` <= 1611042543  [ RunTime:0.0000s ]
SQL: SHOW COLUMNS FROM `ysk_yuyue` [ RunTime:0.0039s ]
SQL: SELECT * FROM `ysk_yuyue` WHERE `time` <= 1610985600 AND `status` = 1  [ RunTime:0.0000s ]
SQL: SELECT * FROM `ysk_record` WHERE `record_status` = 2 AND `is_chaoshi_lin` = 1  [ RunTime:0.0010s ]
SQL: SHOW COLUMNS FROM `ysk_user_scroll` [ RunTime:0.0029s ]
SQL: SELECT `id`,`uid`,`scroll_id` FROM `ysk_user_scroll` WHERE `overtime` <= 1611049743  [ RunTime:0.0000s ]
SQL: SHOW COLUMNS FROM `ysk_user_level` [ RunTime:0.0029s ]
SQL: SELECT * FROM `ysk_user_level` ORDER BY id asc  [ RunTime:0.0010s ]
SQL: SELECT `vip_grade` FROM `ysk_user_level` WHERE `id` = 0 LIMIT 1   [ RunTime:0.0000s ]
SQL: SELECT COUNT(*) AS tp_count FROM `ysk_user` WHERE `pid` = 8803 AND `vip_grade` = null LIMIT 1   [ RunTime:0.0000s ]
SQL: SELECT `total_active` FROM `ysk_user` WHERE `userid` = 8803 LIMIT 1   [ RunTime:0.0010s ]
SQL: SELECT `vip_grade` FROM `ysk_user` WHERE `userid` = 8803 LIMIT 1   [ RunTime:0.0020s ]
SQL: SELECT `vip_grade` FROM `ysk_user_level` WHERE `id` = 0 LIMIT 1   [ RunTime:0.0010s ]
SQL: SELECT COUNT(*) AS tp_count FROM `ysk_user` WHERE `pid` = 8803 AND `vip_grade` = null LIMIT 1   [ RunTime:0.0000s ]
SQL: SELECT `total_active` FROM `ysk_user` WHERE `userid` = 8803 LIMIT 1   [ RunTime:0.0010s ]
SQL: SELECT `vip_grade` FROM `ysk_user` WHERE `userid` = 8803 LIMIT 1   [ RunTime:0.0000s ]
SQL: SELECT `vip_grade` FROM `ysk_user_level` WHERE `id` = 0 LIMIT 1   [ RunTime:0.0000s ]
SQL: SELECT COUNT(*) AS tp_count FROM `ysk_user` WHERE `pid` = 8803 AND `vip_grade` = null LIMIT 1   [ RunTime:0.0010s ]
SQL: SELECT `total_active` FROM `ysk_user` WHERE `userid` = 8803 LIMIT 1   [ RunTime:0.0000s ]
SQL: SELECT `vip_grade` FROM `ysk_user` WHERE `userid` = 8803 LIMIT 1   [ RunTime:0.0000s ]
SQL: SELECT `vip_grade` FROM `ysk_user_level` WHERE `id` = 0 LIMIT 1   [ RunTime:0.0010s ]
SQL: SELECT COUNT(*) AS tp_count FROM `ysk_user` WHERE `pid` = 8803 AND `vip_grade` = null LIMIT 1   [ RunTime:0.0000s ]
SQL: SELECT `total_active` FROM `ysk_user` WHERE `userid` = 8803 LIMIT 1   [ RunTime:0.0000s ]
SQL: SELECT `vip_grade` FROM `ysk_user` WHERE `userid` = 8803 LIMIT 1   [ RunTime:0.0010s ]
SQL: SHOW COLUMNS FROM `ysk_deal` [ RunTime:0.0049s ]
SQL: SELECT * FROM `ysk_deal` WHERE `status` = 1 AND `expiration_time` <= 1611049743  [ RunTime:0.0010s ]
SQL: SELECT * FROM `ysk_deal` WHERE `status` = 2 AND `expiration_time` <= 1611049743  [ RunTime:0.0000s ]
SQL: SELECT * FROM `ysk_deal` WHERE ( `sell_id` = '8803' OR `pay_id` = '8803' ) AND `status` = 1 ORDER BY id asc  [ RunTime:0.0010s ]
SQL: SELECT * FROM `ysk_deal` WHERE ( `sell_id` = '8803' OR `pay_id` = '8803' ) AND `status` = 2 ORDER BY id asc  [ RunTime:0.0000s ]
SQL: SHOW COLUMNS FROM `ysk_banner` [ RunTime:0.0039s ]
SQL: SELECT * FROM `ysk_banner` ORDER BY sort asc  [ RunTime:0.0010s ]
SQL: SHOW COLUMNS FROM `ysk_news` [ RunTime:0.0049s ]
SQL: SELECT * FROM `ysk_news` WHERE `type` = 1 ORDER BY id desc LIMIT 8   [ RunTime:0.0000s ]
SQL: SHOW COLUMNS FROM `ysk_scroll` [ RunTime:0.0059s ]
SQL: SELECT * FROM `ysk_scroll` WHERE `status` = 1  [ RunTime:0.0000s ]
SQL: SELECT * FROM `ysk_yuyue` WHERE `uid` = 8803 AND `status` = 1  [ RunTime:0.0000s ]
SQL: SELECT * FROM `ysk_record` WHERE ( `record_price` >= '300' AND `record_price` <= '800'  ) AND `record_status` = 2 AND `out_uid` <> '8803'  [ RunTime:0.0000s ]
SQL: SELECT * FROM `ysk_record` WHERE ( `record_price` >= '801' AND `record_price` <= '2000'  ) AND `record_status` = 2 AND `out_uid` <> '8803'  [ RunTime:0.0010s ]
SQL: SELECT * FROM `ysk_record` WHERE ( `record_price` >= '1201' AND `record_price` <= '2000'  ) AND `record_status` = 2 AND `out_uid` <> '8803'  [ RunTime:0.0000s ]
SQL: SELECT * FROM `ysk_record` WHERE ( `record_price` >= '2001' AND `record_price` <= '2500'  ) AND `record_status` = 2 AND `out_uid` <> '8803'  [ RunTime:0.0000s ]
SQL: SELECT * FROM `ysk_record` WHERE ( `record_price` >= '2501' AND `record_price` <= '3500'  ) AND `record_status` = 2 AND `out_uid` <> '8803'  [ RunTime:0.0010s ]
NOTIC: [8] Undefined variable: uinfo E:\xin12\shop\Home\Controller\IndexController.class.php 第 131 行.
NOTIC: [8] Undefined variable: moneyinfo E:\xin12\shop\Home\Controller\IndexController.class.php 第 132 行.
NOTIC: [8] Undefined variable: can_get E:\xin12\shop\Home\Controller\IndexController.class.php 第 133 行.
NOTIC: [8] Undefined variable: is_setnums E:\xin12\shop\Home\Controller\IndexController.class.php 第 134 行.
NOTIC: [8] Undefined variable: pic_array E:\xin12\shop\Home\Controller\IndexController.class.php 第 135 行.
NOTIC: [8] Undefined variable: fUser E:\xin12\shop\Home\Controller\IndexController.class.php 第 136 行.
SQL: SELECT * FROM `ysk_banner` ORDER BY sort asc  [ RunTime:0.0000s ]
SQL: SELECT `img_head`,`userid`,`releas_time`,`is_reward`,`today_releas`,`quanxian`,`vip_grade`,`total_lingshi`,`total_active` FROM `ysk_user` WHERE `userid` = 8803 LIMIT 1   [ RunTime:0.0000s ]
SQL: SHOW COLUMNS FROM `ysk_store` [ RunTime:0.0049s ]
SQL: SELECT `cangku_num`,`fengmi_num` FROM `ysk_store` WHERE `uid` = 8803 LIMIT 1   [ RunTime:0.0010s ]
SQL: SHOW COLUMNS FROM `ysk_user_scroll` [ RunTime:0.0039s ]
SQL: SELECT s.single_num FROM ysk_user_scroll us INNER JOIN ysk_scroll s ON us.scroll_id=s.id  WHERE us.uid = '8803' AND us.status = 1  [ RunTime:0.0010s ]
SQL: SHOW COLUMNS FROM `ysk_user_clock` [ RunTime:0.0049s ]
SQL: SELECT `lasttime`,`get_num` FROM `ysk_user_clock` WHERE `uid` = 8803 ORDER BY id desc LIMIT 1   [ RunTime:0.0000s ]
SQL: SELECT COUNT(*) AS tp_count FROM `ysk_user_scroll` WHERE `uid` = 8803 AND `status` = 1 LIMIT 1   [ RunTime:0.0010s ]
SQL: SELECT `value` FROM `ysk_config` WHERE `name` = 'false_user' LIMIT 1   [ RunTime:0.0000s ]
SQL: SELECT `value` FROM `ysk_config` WHERE `name` = 'add_user' LIMIT 1   [ RunTime:0.0010s ]
SQL: SELECT * FROM `ysk_config` WHERE `name` = 'min_balance' LIMIT 1   [ RunTime:0.0000s ]
NOTIC: [8] Undefined variable: can_get E:\xin12\shop\Home\Controller\IndexController.class.php 第 283 行.
NOTIC: [8] Undefined variable: is_setnums E:\xin12\shop\Home\Controller\IndexController.class.php 第 284 行.
INFO: [ view_parse ] --START--
INFO: [ template_filter ] --START--
INFO: Run Behavior\ContentReplaceBehavior [ RunTime:0.000000s ]
INFO: [ template_filter ] --END-- [ RunTime:0.000000s ]
NOTIC: [8] Undefined index: m E:\xin12\ThinkPHP\Common\functions.php 第 977 行.
NOTIC: [8] Undefined index: m E:\xin12\ThinkPHP\Common\functions.php 第 977 行.
NOTIC: [8] Undefined index: m E:\xin12\ThinkPHP\Common\functions.php 第 977 行.
NOTIC: [8] Undefined index: m E:\xin12\ThinkPHP\Common\functions.php 第 977 行.
NOTIC: [8] Undefined index: m E:\xin12\ThinkPHP\Common\functions.php 第 977 行.
NOTIC: [8] Undefined index: m E:\xin12\ThinkPHP\Common\functions.php 第 977 行.
INFO: Run Behavior\ParseTemplateBehavior [ RunTime:0.011719s ]
INFO: [ view_parse ] --END-- [ RunTime:0.011719s ]
INFO: [ view_filter ] --START--
INFO: Run Behavior\WriteHtmlCacheBehavior [ RunTime:0.000000s ]
INFO: [ view_filter ] --END-- [ RunTime:0.000977s ]
INFO: [ app_end ] --START--
INFO: Run Behavior\ShowPageTraceBehavior [ RunTime:0.000976s ]
INFO: [ app_end ] --END-- [ RunTime:0.000976s ]

