[ 2021-01-09T17:48:13+08:00 ] 127.0.0.1 /Home/Index/index.html
INFO: [ app_init ] --START--
INFO: Run Behavior\BuildLiteBehavior [ RunTime:0.000000s ]
INFO: [ app_init ] --END-- [ RunTime:0.000000s ]
INFO: [ app_begin ] --START--
INFO: Run Behavior\ReadHtmlCacheBehavior [ RunTime:0.000000s ]
INFO: Run Common\Behavior\CheckLangBehavior [ RunTime:0.000977s ]
INFO: [ app_begin ] --END-- [ RunTime:0.001954s ]
SQL: SHOW COLUMNS FROM `ysk_config` [ RunTime:0.0049s ]
SQL: SELECT `value`,`tip` FROM `ysk_config` WHERE `name` = 'TOGGLE_WEB_SITE' LIMIT 1   [ RunTime:0.0000s ]
SQL: SHOW COLUMNS FROM `ysk_user` [ RunTime:0.0049s ]
SQL: SHOW COLUMNS FROM `ysk_user` [ RunTime:0.0049s ]
SQL: SELECT `status`,`session_id` FROM `ysk_user` WHERE `userid` = 8804 LIMIT 1   [ RunTime:0.0000s ]
SQL: SELECT * FROM `ysk_user` WHERE ( activate = 0 )  [ RunTime:0.0010s ]
SQL: SHOW COLUMNS FROM `ysk_config` [ RunTime:0.0049s ]
SQL: SELECT `value` FROM `ysk_config` WHERE ( name='needjifen' ) LIMIT 1   [ RunTime:0.0000s ]
SQL: SHOW COLUMNS FROM `ysk_record` [ RunTime:0.0049s ]
SQL: SELECT * FROM `ysk_record` WHERE `in_uid` = 8804 AND `is_lin` = 0 AND `record_status` = 4  [ RunTime:0.0000s ]
SQL: SELECT `value` FROM `ysk_config` WHERE `name` = 'zhuanrang_max' LIMIT 1   [ RunTime:0.0000s ]
SQL: SELECT `value` FROM `ysk_config` WHERE `name` = 'zhuanrang_min' LIMIT 1   [ RunTime:0.0000s ]
SQL: SELECT * FROM `ysk_record` WHERE ( `in_uid` = '8804' OR `out_uid` = '8804' ) AND `record_status` = 6 AND `pipeitime` <= 1610178492  [ RunTime:0.0010s ]
SQL: SELECT * FROM `ysk_record` WHERE ( `in_uid` = '8804' OR `out_uid` = '8804' ) AND `record_status` = 7 AND `getmoney_time` <= 1610178492  [ RunTime:0.0000s ]
SQL: SHOW COLUMNS FROM `ysk_yuyue` [ RunTime:0.0049s ]
SQL: SELECT * FROM `ysk_yuyue` WHERE `time` <= 1610121600 AND `status` = 1  [ RunTime:0.0000s ]
SQL: SELECT * FROM `ysk_record` WHERE `record_status` = 2 AND `is_chaoshi_lin` = 1  [ RunTime:0.0010s ]
SQL: SHOW COLUMNS FROM `ysk_user_scroll` [ RunTime:0.0049s ]
SQL: SELECT `id`,`uid`,`scroll_id` FROM `ysk_user_scroll` WHERE `overtime` <= 1610185692  [ RunTime:0.0000s ]
SQL: UPDATE `ysk_user_scroll` SET `status`='0' WHERE `id` = 76 [ RunTime:0.0391s ]
SQL: SHOW COLUMNS FROM `ysk_scroll` [ RunTime:0.0068s ]
SQL: SELECT `active` FROM `ysk_scroll` WHERE `id` = 1 LIMIT 1   [ RunTime:0.0000s ]
SQL: UPDATE `ysk_user_scroll` SET `status`='0' WHERE `id` = 77 [ RunTime:0.0195s ]
SQL: SELECT `active` FROM `ysk_scroll` WHERE `id` = 1 LIMIT 1   [ RunTime:0.0000s ]
SQL: UPDATE `ysk_user_scroll` SET `status`='0' WHERE `id` = 78 [ RunTime:0.0225s ]
SQL: SELECT `active` FROM `ysk_scroll` WHERE `id` = 1 LIMIT 1   [ RunTime:0.0000s ]
SQL: UPDATE `ysk_user_scroll` SET `status`='0' WHERE `id` = 79 [ RunTime:0.0186s ]
SQL: SELECT `active` FROM `ysk_scroll` WHERE `id` = 1 LIMIT 1   [ RunTime:0.0010s ]
SQL: UPDATE `ysk_user_scroll` SET `status`='0' WHERE `id` = 80 [ RunTime:0.0215s ]
SQL: SELECT `active` FROM `ysk_scroll` WHERE `id` = 1 LIMIT 1   [ RunTime:0.0000s ]
SQL: UPDATE `ysk_user_scroll` SET `status`='0' WHERE `id` = 81 [ RunTime:0.0186s ]
SQL: SELECT `active` FROM `ysk_scroll` WHERE `id` = 1 LIMIT 1   [ RunTime:0.0000s ]
SQL: UPDATE `ysk_user_scroll` SET `status`='0' WHERE `id` = 82 [ RunTime:0.0225s ]
SQL: SELECT `active` FROM `ysk_scroll` WHERE `id` = 1 LIMIT 1   [ RunTime:0.0010s ]
SQL: UPDATE `ysk_user_scroll` SET `status`='0' WHERE `id` = 83 [ RunTime:0.0176s ]
SQL: SELECT `active` FROM `ysk_scroll` WHERE `id` = 1 LIMIT 1   [ RunTime:0.0000s ]
SQL: UPDATE `ysk_user_scroll` SET `status`='0' WHERE `id` = 84 [ RunTime:0.0225s ]
SQL: SELECT `active` FROM `ysk_scroll` WHERE `id` = 1 LIMIT 1   [ RunTime:0.0000s ]
SQL: UPDATE `ysk_user_scroll` SET `status`='0' WHERE `id` = 85 [ RunTime:0.0215s ]
SQL: SELECT `active` FROM `ysk_scroll` WHERE `id` = 1 LIMIT 1   [ RunTime:0.0000s ]
SQL: UPDATE `ysk_user_scroll` SET `status`='0' WHERE `id` = 86 [ RunTime:0.0186s ]
SQL: SELECT `active` FROM `ysk_scroll` WHERE `id` = 1 LIMIT 1   [ RunTime:0.0000s ]
SQL: UPDATE `ysk_user_scroll` SET `status`='0' WHERE `id` = 87 [ RunTime:0.0186s ]
SQL: SELECT `active` FROM `ysk_scroll` WHERE `id` = 1 LIMIT 1   [ RunTime:0.0000s ]
SQL: UPDATE `ysk_user_scroll` SET `status`='0' WHERE `id` = 88 [ RunTime:0.0225s ]
SQL: SELECT `active` FROM `ysk_scroll` WHERE `id` = 1 LIMIT 1   [ RunTime:0.0010s ]
SQL: UPDATE `ysk_user_scroll` SET `status`='0' WHERE `id` = 89 [ RunTime:0.0176s ]
SQL: SELECT `active` FROM `ysk_scroll` WHERE `id` = 1 LIMIT 1   [ RunTime:0.0000s ]
SQL: UPDATE `ysk_user_scroll` SET `status`='0' WHERE `id` = 90 [ RunTime:0.0225s ]
SQL: SELECT `active` FROM `ysk_scroll` WHERE `id` = 1 LIMIT 1   [ RunTime:0.0000s ]
SQL: UPDATE `ysk_user_scroll` SET `status`='0' WHERE `id` = 91 [ RunTime:0.1045s ]
SQL: SELECT `active` FROM `ysk_scroll` WHERE `id` = 1 LIMIT 1   [ RunTime:0.0000s ]
SQL: UPDATE `ysk_user_scroll` SET `status`='0' WHERE `id` = 92 [ RunTime:0.1162s ]
SQL: SELECT `active` FROM `ysk_scroll` WHERE `id` = 1 LIMIT 1   [ RunTime:0.0010s ]
SQL: UPDATE `ysk_user_scroll` SET `status`='0' WHERE `id` = 93 [ RunTime:0.0488s ]
SQL: SELECT `active` FROM `ysk_scroll` WHERE `id` = 1 LIMIT 1   [ RunTime:0.0000s ]
SQL: UPDATE `ysk_user_scroll` SET `status`='0' WHERE `id` = 94 [ RunTime:0.1426s ]
SQL: SELECT `active` FROM `ysk_scroll` WHERE `id` = 1 LIMIT 1   [ RunTime:0.0000s ]
SQL: UPDATE `ysk_user_scroll` SET `status`='0' WHERE `id` = 95 [ RunTime:0.0449s ]
SQL: SELECT `active` FROM `ysk_scroll` WHERE `id` = 1 LIMIT 1   [ RunTime:0.0010s ]
SQL: UPDATE `ysk_user_scroll` SET `status`='0' WHERE `id` = 96 [ RunTime:0.0332s ]
SQL: SELECT `active` FROM `ysk_scroll` WHERE `id` = 1 LIMIT 1   [ RunTime:0.0000s ]
SQL: UPDATE `ysk_user_scroll` SET `status`='0' WHERE `id` = 97 [ RunTime:0.0225s ]
SQL: SELECT `active` FROM `ysk_scroll` WHERE `id` = 1 LIMIT 1   [ RunTime:0.0000s ]
SQL: UPDATE `ysk_user_scroll` SET `status`='0' WHERE `id` = 98 [ RunTime:0.0186s ]
SQL: SELECT `active` FROM `ysk_scroll` WHERE `id` = 1 LIMIT 1   [ RunTime:0.0010s ]
SQL: UPDATE `ysk_user_scroll` SET `status`='0' WHERE `id` = 99 [ RunTime:0.0225s ]
SQL: SELECT `active` FROM `ysk_scroll` WHERE `id` = 1 LIMIT 1   [ RunTime:0.0000s ]
SQL: UPDATE `ysk_user_scroll` SET `status`='0' WHERE `id` = 100 [ RunTime:0.0186s ]
SQL: SELECT `active` FROM `ysk_scroll` WHERE `id` = 1 LIMIT 1   [ RunTime:0.0000s ]
SQL: UPDATE `ysk_user_scroll` SET `status`='0' WHERE `id` = 101 [ RunTime:0.0225s ]
SQL: SELECT `active` FROM `ysk_scroll` WHERE `id` = 1 LIMIT 1   [ RunTime:0.0010s ]
SQL: UPDATE `ysk_user_scroll` SET `status`='0' WHERE `id` = 102 [ RunTime:0.0215s ]
SQL: SELECT `active` FROM `ysk_scroll` WHERE `id` = 1 LIMIT 1   [ RunTime:0.0000s ]
SQL: UPDATE `ysk_user_scroll` SET `status`='0' WHERE `id` = 103 [ RunTime:0.0195s ]
SQL: SELECT `active` FROM `ysk_scroll` WHERE `id` = 1 LIMIT 1   [ RunTime:0.0000s ]
SQL: UPDATE `ysk_user_scroll` SET `status`='0' WHERE `id` = 104 [ RunTime:0.0186s ]
SQL: SELECT `active` FROM `ysk_scroll` WHERE `id` = 1 LIMIT 1   [ RunTime:0.0010s ]
SQL: UPDATE `ysk_user_scroll` SET `status`='0' WHERE `id` = 105 [ RunTime:0.0225s ]
SQL: SELECT `active` FROM `ysk_scroll` WHERE `id` = 1 LIMIT 1   [ RunTime:0.0000s ]
SQL: UPDATE `ysk_user_scroll` SET `status`='0' WHERE `id` = 106 [ RunTime:0.0186s ]
SQL: SELECT `active` FROM `ysk_scroll` WHERE `id` = 1 LIMIT 1   [ RunTime:0.0000s ]
SQL: UPDATE `ysk_user_scroll` SET `status`='0' WHERE `id` = 107 [ RunTime:0.0234s ]
SQL: SELECT `active` FROM `ysk_scroll` WHERE `id` = 1 LIMIT 1   [ RunTime:0.0000s ]
SQL: UPDATE `ysk_user_scroll` SET `status`='0' WHERE `id` = 108 [ RunTime:0.0459s ]
SQL: SELECT `active` FROM `ysk_scroll` WHERE `id` = 1 LIMIT 1   [ RunTime:0.0000s ]
SQL: UPDATE `ysk_user_scroll` SET `status`='0' WHERE `id` = 109 [ RunTime:0.0225s ]
SQL: SELECT `active` FROM `ysk_scroll` WHERE `id` = 1 LIMIT 1   [ RunTime:0.0000s ]
SQL: UPDATE `ysk_user_scroll` SET `status`='0' WHERE `id` = 110 [ RunTime:0.0225s ]
SQL: SELECT `active` FROM `ysk_scroll` WHERE `id` = 1 LIMIT 1   [ RunTime:0.0010s ]
SQL: UPDATE `ysk_user_scroll` SET `status`='0' WHERE `id` = 111 [ RunTime:0.0176s ]
SQL: SELECT `active` FROM `ysk_scroll` WHERE `id` = 1 LIMIT 1   [ RunTime:0.0010s ]
SQL: UPDATE `ysk_user_scroll` SET `status`='0' WHERE `id` = 112 [ RunTime:0.0225s ]
SQL: SELECT `active` FROM `ysk_scroll` WHERE `id` = 1 LIMIT 1   [ RunTime:0.0000s ]
SQL: UPDATE `ysk_user_scroll` SET `status`='0' WHERE `id` = 113 [ RunTime:0.0186s ]
SQL: SELECT `active` FROM `ysk_scroll` WHERE `id` = 1 LIMIT 1   [ RunTime:0.0000s ]
SQL: UPDATE `ysk_user_scroll` SET `status`='0' WHERE `id` = 114 [ RunTime:0.0225s ]
SQL: SELECT `active` FROM `ysk_scroll` WHERE `id` = 1 LIMIT 1   [ RunTime:0.0000s ]
SQL: UPDATE `ysk_user_scroll` SET `status`='0' WHERE `id` = 115 [ RunTime:0.0186s ]
SQL: SELECT `active` FROM `ysk_scroll` WHERE `id` = 1 LIMIT 1   [ RunTime:0.0000s ]
SQL: UPDATE `ysk_user_scroll` SET `status`='0' WHERE `id` = 116 [ RunTime:0.0225s ]
SQL: SELECT `active` FROM `ysk_scroll` WHERE `id` = 1 LIMIT 1   [ RunTime:0.0010s ]
SQL: UPDATE `ysk_user_scroll` SET `status`='0' WHERE `id` = 117 [ RunTime:0.0176s ]
SQL: SELECT `active` FROM `ysk_scroll` WHERE `id` = 1 LIMIT 1   [ RunTime:0.0010s ]
SQL: UPDATE `ysk_user_scroll` SET `status`='0' WHERE `id` = 118 [ RunTime:0.0225s ]
SQL: SELECT `active` FROM `ysk_scroll` WHERE `id` = 1 LIMIT 1   [ RunTime:0.0000s ]
SQL: UPDATE `ysk_user_scroll` SET `status`='0' WHERE `id` = 119 [ RunTime:0.0186s ]
SQL: SELECT `active` FROM `ysk_scroll` WHERE `id` = 1 LIMIT 1   [ RunTime:0.0010s ]
SQL: UPDATE `ysk_user_scroll` SET `status`='0' WHERE `id` = 120 [ RunTime:0.0723s ]
SQL: SELECT `active` FROM `ysk_scroll` WHERE `id` = 1 LIMIT 1   [ RunTime:0.0000s ]
SQL: UPDATE `ysk_user_scroll` SET `status`='0' WHERE `id` = 121 [ RunTime:0.0479s ]
SQL: SELECT `active` FROM `ysk_scroll` WHERE `id` = 1 LIMIT 1   [ RunTime:0.0000s ]
SQL: UPDATE `ysk_user_scroll` SET `status`='0' WHERE `id` = 122 [ RunTime:0.0293s ]
SQL: SELECT `active` FROM `ysk_scroll` WHERE `id` = 1 LIMIT 1   [ RunTime:0.0000s ]
SQL: UPDATE `ysk_user_scroll` SET `status`='0' WHERE `id` = 123 [ RunTime:0.0391s ]
SQL: SELECT `active` FROM `ysk_scroll` WHERE `id` = 1 LIMIT 1   [ RunTime:0.0010s ]
SQL: UPDATE `ysk_user_scroll` SET `status`='0' WHERE `id` = 124 [ RunTime:0.0176s ]
SQL: SELECT `active` FROM `ysk_scroll` WHERE `id` = 1 LIMIT 1   [ RunTime:0.0010s ]
SQL: UPDATE `ysk_user_scroll` SET `status`='0' WHERE `id` = 125 [ RunTime:0.0225s ]
SQL: SELECT `active` FROM `ysk_scroll` WHERE `id` = 1 LIMIT 1   [ RunTime:0.0000s ]
SQL: UPDATE `ysk_user_scroll` SET `status`='0' WHERE `id` = 126 [ RunTime:0.0215s ]
SQL: SELECT `active` FROM `ysk_scroll` WHERE `id` = 1 LIMIT 1   [ RunTime:0.0000s ]
SQL: UPDATE `ysk_user_scroll` SET `status`='0' WHERE `id` = 127 [ RunTime:0.0986s ]
SQL: SELECT `active` FROM `ysk_scroll` WHERE `id` = 1 LIMIT 1   [ RunTime:0.0000s ]
SQL: SHOW COLUMNS FROM `ysk_user_level` [ RunTime:0.0068s ]
SQL: SELECT * FROM `ysk_user_level` ORDER BY id asc  [ RunTime:0.0010s ]
SQL: SELECT `vip_grade` FROM `ysk_user_level` WHERE `id` = 0 LIMIT 1   [ RunTime:0.0000s ]
SQL: SELECT COUNT(*) AS tp_count FROM `ysk_user` WHERE `pid` = 8804 AND `vip_grade` = null LIMIT 1   [ RunTime:0.0010s ]
SQL: SELECT `total_active` FROM `ysk_user` WHERE `userid` = 8804 LIMIT 1   [ RunTime:0.0000s ]
SQL: SELECT `vip_grade` FROM `ysk_user` WHERE `userid` = 8804 LIMIT 1   [ RunTime:0.0000s ]
SQL: SELECT `vip_grade` FROM `ysk_user_level` WHERE `id` = 0 LIMIT 1   [ RunTime:0.0000s ]
SQL: SELECT COUNT(*) AS tp_count FROM `ysk_user` WHERE `pid` = 8804 AND `vip_grade` = null LIMIT 1   [ RunTime:0.0000s ]
SQL: SELECT `total_active` FROM `ysk_user` WHERE `userid` = 8804 LIMIT 1   [ RunTime:0.0010s ]
SQL: SELECT `vip_grade` FROM `ysk_user` WHERE `userid` = 8804 LIMIT 1   [ RunTime:0.0000s ]
SQL: SELECT `vip_grade` FROM `ysk_user_level` WHERE `id` = 0 LIMIT 1   [ RunTime:0.0000s ]
SQL: SELECT COUNT(*) AS tp_count FROM `ysk_user` WHERE `pid` = 8804 AND `vip_grade` = null LIMIT 1   [ RunTime:0.0000s ]
SQL: SELECT `total_active` FROM `ysk_user` WHERE `userid` = 8804 LIMIT 1   [ RunTime:0.0000s ]
SQL: SELECT `vip_grade` FROM `ysk_user` WHERE `userid` = 8804 LIMIT 1   [ RunTime:0.0010s ]
SQL: SELECT `vip_grade` FROM `ysk_user_level` WHERE `id` = 0 LIMIT 1   [ RunTime:0.0000s ]
SQL: SELECT COUNT(*) AS tp_count FROM `ysk_user` WHERE `pid` = 8804 AND `vip_grade` = null LIMIT 1   [ RunTime:0.0000s ]
SQL: SELECT `total_active` FROM `ysk_user` WHERE `userid` = 8804 LIMIT 1   [ RunTime:0.0000s ]
SQL: SELECT `vip_grade` FROM `ysk_user` WHERE `userid` = 8804 LIMIT 1   [ RunTime:0.0000s ]
SQL: SHOW COLUMNS FROM `ysk_deal` [ RunTime:0.0068s ]
SQL: SELECT * FROM `ysk_deal` WHERE `status` = 1 AND `expiration_time` <= 1610185693  [ RunTime:0.0010s ]
SQL: SELECT * FROM `ysk_deal` WHERE `status` = 2 AND `expiration_time` <= 1610185693  [ RunTime:0.0000s ]
SQL: SELECT * FROM `ysk_deal` WHERE ( `sell_id` = '8804' OR `pay_id` = '8804' ) AND `status` = 1 ORDER BY id asc  [ RunTime:0.0010s ]
SQL: SELECT * FROM `ysk_deal` WHERE ( `sell_id` = '8804' OR `pay_id` = '8804' ) AND `status` = 2 ORDER BY id asc  [ RunTime:0.0000s ]
SQL: SHOW COLUMNS FROM `ysk_banner` [ RunTime:0.0059s ]
SQL: SELECT * FROM `ysk_banner` ORDER BY sort asc  [ RunTime:0.0000s ]
SQL: SHOW COLUMNS FROM `ysk_news` [ RunTime:0.0068s ]
SQL: SELECT * FROM `ysk_news` WHERE `type` = 1 ORDER BY id desc LIMIT 8   [ RunTime:0.0000s ]
SQL: SELECT * FROM `ysk_scroll` WHERE `status` = 1  [ RunTime:0.0010s ]
SQL: SELECT * FROM `ysk_yuyue` WHERE `uid` = 8804 AND `status` = 1  [ RunTime:0.0000s ]
SQL: SELECT * FROM `ysk_record` WHERE ( `record_price` >= '300' AND `record_price` <= '800'  ) AND `record_status` = 2 AND `out_uid` <> '8804'  [ RunTime:0.0010s ]
SQL: SELECT * FROM `ysk_record` WHERE ( `record_price` >= '801' AND `record_price` <= '2000'  ) AND `record_status` = 2 AND `out_uid` <> '8804'  [ RunTime:0.0010s ]
SQL: SELECT * FROM `ysk_record` WHERE ( `record_price` >= '1201' AND `record_price` <= '2000'  ) AND `record_status` = 2 AND `out_uid` <> '8804'  [ RunTime:0.0010s ]
SQL: SELECT * FROM `ysk_record` WHERE ( `record_price` >= '2001' AND `record_price` <= '2500'  ) AND `record_status` = 2 AND `out_uid` <> '8804'  [ RunTime:0.0000s ]
SQL: SELECT * FROM `ysk_record` WHERE ( `record_price` >= '2501' AND `record_price` <= '3500'  ) AND `record_status` = 2 AND `out_uid` <> '8804'  [ RunTime:0.0010s ]
NOTIC: [8] Undefined variable: uinfo E:\xin12\shop\Home\Controller\IndexController.class.php 第 128 行.
NOTIC: [8] Undefined variable: moneyinfo E:\xin12\shop\Home\Controller\IndexController.class.php 第 129 行.
NOTIC: [8] Undefined variable: can_get E:\xin12\shop\Home\Controller\IndexController.class.php 第 130 行.
NOTIC: [8] Undefined variable: is_setnums E:\xin12\shop\Home\Controller\IndexController.class.php 第 131 行.
NOTIC: [8] Undefined variable: pic_array E:\xin12\shop\Home\Controller\IndexController.class.php 第 132 行.
NOTIC: [8] Undefined variable: fUser E:\xin12\shop\Home\Controller\IndexController.class.php 第 133 行.
SQL: SELECT * FROM `ysk_banner` ORDER BY sort asc  [ RunTime:0.0010s ]
SQL: SELECT `img_head`,`userid`,`releas_time`,`is_reward`,`today_releas`,`quanxian`,`vip_grade`,`total_lingshi`,`total_active` FROM `ysk_user` WHERE `userid` = 8804 LIMIT 1   [ RunTime:0.0000s ]
SQL: SHOW COLUMNS FROM `ysk_store` [ RunTime:0.0059s ]
SQL: SELECT `cangku_num`,`fengmi_num` FROM `ysk_store` WHERE `uid` = 8804 LIMIT 1   [ RunTime:0.0000s ]
SQL: SHOW COLUMNS FROM `ysk_user_scroll` [ RunTime:0.0059s ]
SQL: SELECT s.single_num FROM ysk_user_scroll us INNER JOIN ysk_scroll s ON us.scroll_id=s.id  WHERE us.uid = '8804' AND us.status = 1  [ RunTime:0.0000s ]
SQL: SHOW COLUMNS FROM `ysk_user_clock` [ RunTime:0.0059s ]
SQL: SELECT `lasttime`,`get_num` FROM `ysk_user_clock` WHERE `uid` = 8804 ORDER BY id desc LIMIT 1   [ RunTime:0.0010s ]
SQL: SELECT COUNT(*) AS tp_count FROM `ysk_user_scroll` WHERE `uid` = 8804 AND `status` = 1 LIMIT 1   [ RunTime:0.0000s ]
SQL: SELECT `value` FROM `ysk_config` WHERE `name` = 'false_user' LIMIT 1   [ RunTime:0.0010s ]
SQL: SELECT `value` FROM `ysk_config` WHERE `name` = 'add_user' LIMIT 1   [ RunTime:0.0000s ]
SQL: SELECT * FROM `ysk_config` WHERE `name` = 'min_balance' LIMIT 1   [ RunTime:0.0010s ]
NOTIC: [8] Undefined variable: can_get E:\xin12\shop\Home\Controller\IndexController.class.php 第 280 行.
NOTIC: [8] Undefined variable: is_setnums E:\xin12\shop\Home\Controller\IndexController.class.php 第 281 行.
INFO: [ view_parse ] --START--
INFO: [ template_filter ] --START--
INFO: Run Behavior\ContentReplaceBehavior [ RunTime:0.000000s ]
INFO: [ template_filter ] --END-- [ RunTime:0.000000s ]
NOTIC: [8] Undefined index: m E:\xin12\ThinkPHP\Common\functions.php 第 977 行.
NOTIC: [8] Undefined index: m E:\xin12\ThinkPHP\Common\functions.php 第 977 行.
NOTIC: [8] Undefined index: m E:\xin12\ThinkPHP\Common\functions.php 第 977 行.
NOTIC: [8] Undefined index: m E:\xin12\ThinkPHP\Common\functions.php 第 977 行.
NOTIC: [8] Undefined index: m E:\xin12\ThinkPHP\Common\functions.php 第 977 行.
NOTIC: [8] Undefined index: m E:\xin12\ThinkPHP\Common\functions.php 第 977 行.
INFO: Run Behavior\ParseTemplateBehavior [ RunTime:0.010743s ]
INFO: [ view_parse ] --END-- [ RunTime:0.010743s ]
INFO: [ view_filter ] --START--
INFO: Run Behavior\WriteHtmlCacheBehavior [ RunTime:0.000000s ]
INFO: [ view_filter ] --END-- [ RunTime:0.000976s ]
INFO: [ app_end ] --START--
INFO: Run Behavior\ShowPageTraceBehavior [ RunTime:0.000977s ]
INFO: [ app_end ] --END-- [ RunTime:0.000977s ]

[ 2021-01-09T17:49:02+08:00 ] 127.0.0.1 /Home/Index/index.html
INFO: [ app_init ] --START--
INFO: Run Behavior\BuildLiteBehavior [ RunTime:0.000000s ]
INFO: [ app_init ] --END-- [ RunTime:0.000000s ]
INFO: [ app_begin ] --START--
INFO: Run Behavior\ReadHtmlCacheBehavior [ RunTime:0.000977s ]
INFO: Run Common\Behavior\CheckLangBehavior [ RunTime:0.001953s ]
INFO: [ app_begin ] --END-- [ RunTime:0.002930s ]
SQL: SHOW COLUMNS FROM `ysk_config` [ RunTime:0.0049s ]
SQL: SELECT `value`,`tip` FROM `ysk_config` WHERE `name` = 'TOGGLE_WEB_SITE' LIMIT 1   [ RunTime:0.0000s ]
SQL: SHOW COLUMNS FROM `ysk_user` [ RunTime:0.0049s ]
SQL: SHOW COLUMNS FROM `ysk_user` [ RunTime:0.0049s ]
SQL: SELECT `status`,`session_id` FROM `ysk_user` WHERE `userid` = 8804 LIMIT 1   [ RunTime:0.0010s ]
SQL: SELECT * FROM `ysk_user` WHERE ( activate = 0 )  [ RunTime:0.0000s ]
SQL: SHOW COLUMNS FROM `ysk_config` [ RunTime:0.0049s ]
SQL: SELECT `value` FROM `ysk_config` WHERE ( name='needjifen' ) LIMIT 1   [ RunTime:0.0000s ]
SQL: SHOW COLUMNS FROM `ysk_record` [ RunTime:0.0049s ]
SQL: SELECT * FROM `ysk_record` WHERE `in_uid` = 8804 AND `is_lin` = 0 AND `record_status` = 4  [ RunTime:0.0010s ]
SQL: SELECT `value` FROM `ysk_config` WHERE `name` = 'zhuanrang_max' LIMIT 1   [ RunTime:0.0000s ]
SQL: SELECT `value` FROM `ysk_config` WHERE `name` = 'zhuanrang_min' LIMIT 1   [ RunTime:0.0000s ]
SQL: SELECT * FROM `ysk_record` WHERE ( `in_uid` = '8804' OR `out_uid` = '8804' ) AND `record_status` = 6 AND `pipeitime` <= 1610178541  [ RunTime:0.0010s ]
SQL: SELECT * FROM `ysk_record` WHERE ( `in_uid` = '8804' OR `out_uid` = '8804' ) AND `record_status` = 7 AND `getmoney_time` <= 1610178541  [ RunTime:0.0000s ]
SQL: SHOW COLUMNS FROM `ysk_yuyue` [ RunTime:0.0039s ]
SQL: SELECT * FROM `ysk_yuyue` WHERE `time` <= 1610121600 AND `status` = 1  [ RunTime:0.0000s ]
SQL: SELECT * FROM `ysk_record` WHERE `record_status` = 2 AND `is_chaoshi_lin` = 1  [ RunTime:0.0000s ]
SQL: SHOW COLUMNS FROM `ysk_user_scroll` [ RunTime:0.0049s ]
SQL: SELECT `id`,`uid`,`scroll_id` FROM `ysk_user_scroll` WHERE `overtime` <= 1610185741  [ RunTime:0.0000s ]
SQL: UPDATE `ysk_user_scroll` SET `status`='0' WHERE `id` = 76 [ RunTime:0.0264s ]
SQL: SHOW COLUMNS FROM `ysk_scroll` [ RunTime:0.0049s ]
SQL: SELECT `active` FROM `ysk_scroll` WHERE `id` = 1 LIMIT 1   [ RunTime:0.0000s ]
SQL: UPDATE `ysk_user_scroll` SET `status`='0' WHERE `id` = 77 [ RunTime:0.0225s ]
SQL: SELECT `active` FROM `ysk_scroll` WHERE `id` = 1 LIMIT 1   [ RunTime:0.0000s ]
SQL: UPDATE `ysk_user_scroll` SET `status`='0' WHERE `id` = 78 [ RunTime:0.0186s ]
SQL: SELECT `active` FROM `ysk_scroll` WHERE `id` = 1 LIMIT 1   [ RunTime:0.0000s ]
SQL: UPDATE `ysk_user_scroll` SET `status`='0' WHERE `id` = 79 [ RunTime:0.0225s ]
SQL: SELECT `active` FROM `ysk_scroll` WHERE `id` = 1 LIMIT 1   [ RunTime:0.0010s ]
SQL: UPDATE `ysk_user_scroll` SET `status`='0' WHERE `id` = 80 [ RunTime:0.0176s ]
SQL: SELECT `active` FROM `ysk_scroll` WHERE `id` = 1 LIMIT 1   [ RunTime:0.0010s ]
SQL: UPDATE `ysk_user_scroll` SET `status`='0' WHERE `id` = 81 [ RunTime:0.0225s ]
SQL: SELECT `active` FROM `ysk_scroll` WHERE `id` = 1 LIMIT 1   [ RunTime:0.0000s ]
SQL: UPDATE `ysk_user_scroll` SET `status`='0' WHERE `id` = 82 [ RunTime:0.0225s ]
SQL: SELECT `active` FROM `ysk_scroll` WHERE `id` = 1 LIMIT 1   [ RunTime:0.0000s ]
SQL: UPDATE `ysk_user_scroll` SET `status`='0' WHERE `id` = 83 [ RunTime:0.0215s ]
SQL: SELECT `active` FROM `ysk_scroll` WHERE `id` = 1 LIMIT 1   [ RunTime:0.0000s ]
SQL: UPDATE `ysk_user_scroll` SET `status`='0' WHERE `id` = 84 [ RunTime:0.0225s ]
SQL: SELECT `active` FROM `ysk_scroll` WHERE `id` = 1 LIMIT 1   [ RunTime:0.0010s ]
SQL: UPDATE `ysk_user_scroll` SET `status`='0' WHERE `id` = 85 [ RunTime:0.0176s ]
SQL: SELECT `active` FROM `ysk_scroll` WHERE `id` = 1 LIMIT 1   [ RunTime:0.0010s ]
SQL: UPDATE `ysk_user_scroll` SET `status`='0' WHERE `id` = 86 [ RunTime:0.0225s ]
SQL: SELECT `active` FROM `ysk_scroll` WHERE `id` = 1 LIMIT 1   [ RunTime:0.0000s ]
SQL: UPDATE `ysk_user_scroll` SET `status`='0' WHERE `id` = 87 [ RunTime:0.0186s ]
SQL: SELECT `active` FROM `ysk_scroll` WHERE `id` = 1 LIMIT 1   [ RunTime:0.0000s ]
SQL: UPDATE `ysk_user_scroll` SET `status`='0' WHERE `id` = 88 [ RunTime:0.0225s ]
SQL: SELECT `active` FROM `ysk_scroll` WHERE `id` = 1 LIMIT 1   [ RunTime:0.0000s ]
SQL: UPDATE `ysk_user_scroll` SET `status`='0' WHERE `id` = 89 [ RunTime:0.0186s ]
SQL: SELECT `active` FROM `ysk_scroll` WHERE `id` = 1 LIMIT 1   [ RunTime:0.0000s ]
SQL: UPDATE `ysk_user_scroll` SET `status`='0' WHERE `id` = 90 [ RunTime:0.0225s ]
SQL: SELECT `active` FROM `ysk_scroll` WHERE `id` = 1 LIMIT 1   [ RunTime:0.0010s ]
SQL: UPDATE `ysk_user_scroll` SET `status`='0' WHERE `id` = 91 [ RunTime:0.0176s ]
SQL: SELECT `active` FROM `ysk_scroll` WHERE `id` = 1 LIMIT 1   [ RunTime:0.0010s ]
SQL: UPDATE `ysk_user_scroll` SET `status`='0' WHERE `id` = 92 [ RunTime:0.0225s ]
SQL: SELECT `active` FROM `ysk_scroll` WHERE `id` = 1 LIMIT 1   [ RunTime:0.0000s ]
SQL: UPDATE `ysk_user_scroll` SET `status`='0' WHERE `id` = 93 [ RunTime:0.0225s ]
SQL: SELECT `active` FROM `ysk_scroll` WHERE `id` = 1 LIMIT 1   [ RunTime:0.0000s ]
SQL: UPDATE `ysk_user_scroll` SET `status`='0' WHERE `id` = 94 [ RunTime:0.0205s ]
SQL: SELECT `active` FROM `ysk_scroll` WHERE `id` = 1 LIMIT 1   [ RunTime:0.0000s ]
SQL: UPDATE `ysk_user_scroll` SET `status`='0' WHERE `id` = 95 [ RunTime:0.0225s ]
SQL: SELECT `active` FROM `ysk_scroll` WHERE `id` = 1 LIMIT 1   [ RunTime:0.0000s ]
SQL: UPDATE `ysk_user_scroll` SET `status`='0' WHERE `id` = 96 [ RunTime:0.0176s ]
SQL: SELECT `active` FROM `ysk_scroll` WHERE `id` = 1 LIMIT 1   [ RunTime:0.0010s ]
SQL: UPDATE `ysk_user_scroll` SET `status`='0' WHERE `id` = 97 [ RunTime:0.0225s ]
SQL: SELECT `active` FROM `ysk_scroll` WHERE `id` = 1 LIMIT 1   [ RunTime:0.0000s ]
SQL: UPDATE `ysk_user_scroll` SET `status`='0' WHERE `id` = 98 [ RunTime:0.0186s ]
SQL: SELECT `active` FROM `ysk_scroll` WHERE `id` = 1 LIMIT 1   [ RunTime:0.0000s ]
SQL: UPDATE `ysk_user_scroll` SET `status`='0' WHERE `id` = 99 [ RunTime:0.0225s ]
SQL: SELECT `active` FROM `ysk_scroll` WHERE `id` = 1 LIMIT 1   [ RunTime:0.0000s ]
SQL: UPDATE `ysk_user_scroll` SET `status`='0' WHERE `id` = 100 [ RunTime:0.0176s ]
SQL: SELECT `active` FROM `ysk_scroll` WHERE `id` = 1 LIMIT 1   [ RunTime:0.0000s ]
SQL: UPDATE `ysk_user_scroll` SET `status`='0' WHERE `id` = 101 [ RunTime:0.0225s ]
SQL: SELECT `active` FROM `ysk_scroll` WHERE `id` = 1 LIMIT 1   [ RunTime:0.0000s ]
SQL: UPDATE `ysk_user_scroll` SET `status`='0' WHERE `id` = 102 [ RunTime:0.0176s ]
SQL: SELECT `active` FROM `ysk_scroll` WHERE `id` = 1 LIMIT 1   [ RunTime:0.0010s ]
SQL: UPDATE `ysk_user_scroll` SET `status`='0' WHERE `id` = 103 [ RunTime:0.0225s ]
SQL: SELECT `active` FROM `ysk_scroll` WHERE `id` = 1 LIMIT 1   [ RunTime:0.0000s ]
SQL: UPDATE `ysk_user_scroll` SET `status`='0' WHERE `id` = 104 [ RunTime:0.0186s ]
SQL: SELECT `active` FROM `ysk_scroll` WHERE `id` = 1 LIMIT 1   [ RunTime:0.0000s ]
SQL: UPDATE `ysk_user_scroll` SET `status`='0' WHERE `id` = 105 [ RunTime:0.0225s ]
SQL: SELECT `active` FROM `ysk_scroll` WHERE `id` = 1 LIMIT 1   [ RunTime:0.0000s ]
SQL: UPDATE `ysk_user_scroll` SET `status`='0' WHERE `id` = 106 [ RunTime:0.0186s ]
SQL: SELECT `active` FROM `ysk_scroll` WHERE `id` = 1 LIMIT 1   [ RunTime:0.0000s ]
SQL: UPDATE `ysk_user_scroll` SET `status`='0' WHERE `id` = 107 [ RunTime:0.0225s ]
SQL: SELECT `active` FROM `ysk_scroll` WHERE `id` = 1 LIMIT 1   [ RunTime:0.0010s ]
SQL: UPDATE `ysk_user_scroll` SET `status`='0' WHERE `id` = 108 [ RunTime:0.0947s ]
SQL: SELECT `active` FROM `ysk_scroll` WHERE `id` = 1 LIMIT 1   [ RunTime:0.0000s ]
SQL: UPDATE `ysk_user_scroll` SET `status`='0' WHERE `id` = 109 [ RunTime:0.0996s ]
SQL: SELECT `active` FROM `ysk_scroll` WHERE `id` = 1 LIMIT 1   [ RunTime:0.0010s ]
SQL: UPDATE `ysk_user_scroll` SET `status`='0' WHERE `id` = 110 [ RunTime:0.0371s ]
SQL: SELECT `active` FROM `ysk_scroll` WHERE `id` = 1 LIMIT 1   [ RunTime:0.0010s ]
SQL: UPDATE `ysk_user_scroll` SET `status`='0' WHERE `id` = 111 [ RunTime:0.0215s ]
SQL: SELECT `active` FROM `ysk_scroll` WHERE `id` = 1 LIMIT 1   [ RunTime:0.0000s ]
SQL: UPDATE `ysk_user_scroll` SET `status`='0' WHERE `id` = 112 [ RunTime:0.0215s ]
SQL: SELECT `active` FROM `ysk_scroll` WHERE `id` = 1 LIMIT 1   [ RunTime:0.0000s ]
SQL: UPDATE `ysk_user_scroll` SET `status`='0' WHERE `id` = 113 [ RunTime:0.0225s ]
SQL: SELECT `active` FROM `ysk_scroll` WHERE `id` = 1 LIMIT 1   [ RunTime:0.0010s ]
SQL: UPDATE `ysk_user_scroll` SET `status`='0' WHERE `id` = 114 [ RunTime:0.0176s ]
SQL: SELECT `active` FROM `ysk_scroll` WHERE `id` = 1 LIMIT 1   [ RunTime:0.0010s ]
SQL: UPDATE `ysk_user_scroll` SET `status`='0' WHERE `id` = 115 [ RunTime:0.0225s ]
SQL: SELECT `active` FROM `ysk_scroll` WHERE `id` = 1 LIMIT 1   [ RunTime:0.0000s ]
SQL: UPDATE `ysk_user_scroll` SET `status`='0' WHERE `id` = 116 [ RunTime:0.0215s ]
SQL: SELECT `active` FROM `ysk_scroll` WHERE `id` = 1 LIMIT 1   [ RunTime:0.0000s ]
SQL: UPDATE `ysk_user_scroll` SET `status`='0' WHERE `id` = 117 [ RunTime:0.0215s ]
SQL: SELECT `active` FROM `ysk_scroll` WHERE `id` = 1 LIMIT 1   [ RunTime:0.0000s ]
SQL: UPDATE `ysk_user_scroll` SET `status`='0' WHERE `id` = 118 [ RunTime:0.0225s ]
SQL: SELECT `active` FROM `ysk_scroll` WHERE `id` = 1 LIMIT 1   [ RunTime:0.0010s ]
SQL: UPDATE `ysk_user_scroll` SET `status`='0' WHERE `id` = 119 [ RunTime:0.0176s ]
SQL: SELECT `active` FROM `ysk_scroll` WHERE `id` = 1 LIMIT 1   [ RunTime:0.0010s ]
SQL: UPDATE `ysk_user_scroll` SET `status`='0' WHERE `id` = 120 [ RunTime:0.0225s ]
SQL: SELECT `active` FROM `ysk_scroll` WHERE `id` = 1 LIMIT 1   [ RunTime:0.0000s ]
SQL: UPDATE `ysk_user_scroll` SET `status`='0' WHERE `id` = 121 [ RunTime:0.0186s ]
SQL: SELECT `active` FROM `ysk_scroll` WHERE `id` = 1 LIMIT 1   [ RunTime:0.0000s ]
SQL: UPDATE `ysk_user_scroll` SET `status`='0' WHERE `id` = 122 [ RunTime:0.0234s ]
SQL: SELECT `active` FROM `ysk_scroll` WHERE `id` = 1 LIMIT 1   [ RunTime:0.0000s ]
SQL: UPDATE `ysk_user_scroll` SET `status`='0' WHERE `id` = 123 [ RunTime:0.0186s ]
SQL: SELECT `active` FROM `ysk_scroll` WHERE `id` = 1 LIMIT 1   [ RunTime:0.0000s ]
SQL: UPDATE `ysk_user_scroll` SET `status`='0' WHERE `id` = 124 [ RunTime:0.0225s ]
SQL: SELECT `active` FROM `ysk_scroll` WHERE `id` = 1 LIMIT 1   [ RunTime:0.0010s ]
SQL: UPDATE `ysk_user_scroll` SET `status`='0' WHERE `id` = 125 [ RunTime:0.0176s ]
SQL: SELECT `active` FROM `ysk_scroll` WHERE `id` = 1 LIMIT 1   [ RunTime:0.0010s ]
SQL: UPDATE `ysk_user_scroll` SET `status`='0' WHERE `id` = 126 [ RunTime:0.0225s ]
SQL: SELECT `active` FROM `ysk_scroll` WHERE `id` = 1 LIMIT 1   [ RunTime:0.0000s ]
SQL: UPDATE `ysk_user_scroll` SET `status`='0' WHERE `id` = 127 [ RunTime:0.0186s ]
SQL: SELECT `active` FROM `ysk_scroll` WHERE `id` = 1 LIMIT 1   [ RunTime:0.0000s ]
SQL: SHOW COLUMNS FROM `ysk_user_level` [ RunTime:0.0068s ]
SQL: SELECT * FROM `ysk_user_level` ORDER BY id asc  [ RunTime:0.0010s ]
SQL: SELECT `vip_grade` FROM `ysk_user_level` WHERE `id` = 0 LIMIT 1   [ RunTime:0.0000s ]
SQL: SELECT COUNT(*) AS tp_count FROM `ysk_user` WHERE `pid` = 8804 AND `vip_grade` = null LIMIT 1   [ RunTime:0.0010s ]
SQL: SELECT `total_active` FROM `ysk_user` WHERE `userid` = 8804 LIMIT 1   [ RunTime:0.0000s ]
SQL: SELECT `vip_grade` FROM `ysk_user` WHERE `userid` = 8804 LIMIT 1   [ RunTime:0.0000s ]
SQL: SELECT `vip_grade` FROM `ysk_user_level` WHERE `id` = 0 LIMIT 1   [ RunTime:0.0000s ]
SQL: SELECT COUNT(*) AS tp_count FROM `ysk_user` WHERE `pid` = 8804 AND `vip_grade` = null LIMIT 1   [ RunTime:0.0000s ]
SQL: SELECT `total_active` FROM `ysk_user` WHERE `userid` = 8804 LIMIT 1   [ RunTime:0.0010s ]
SQL: SELECT `vip_grade` FROM `ysk_user` WHERE `userid` = 8804 LIMIT 1   [ RunTime:0.0000s ]
SQL: SELECT `vip_grade` FROM `ysk_user_level` WHERE `id` = 0 LIMIT 1   [ RunTime:0.0000s ]
SQL: SELECT COUNT(*) AS tp_count FROM `ysk_user` WHERE `pid` = 8804 AND `vip_grade` = null LIMIT 1   [ RunTime:0.0000s ]
SQL: SELECT `total_active` FROM `ysk_user` WHERE `userid` = 8804 LIMIT 1   [ RunTime:0.0000s ]
SQL: SELECT `vip_grade` FROM `ysk_user` WHERE `userid` = 8804 LIMIT 1   [ RunTime:0.0010s ]
SQL: SELECT `vip_grade` FROM `ysk_user_level` WHERE `id` = 0 LIMIT 1   [ RunTime:0.0000s ]
SQL: SELECT COUNT(*) AS tp_count FROM `ysk_user` WHERE `pid` = 8804 AND `vip_grade` = null LIMIT 1   [ RunTime:0.0010s ]
SQL: SELECT `total_active` FROM `ysk_user` WHERE `userid` = 8804 LIMIT 1   [ RunTime:0.0000s ]
SQL: SELECT `vip_grade` FROM `ysk_user` WHERE `userid` = 8804 LIMIT 1   [ RunTime:0.0000s ]
SQL: SHOW COLUMNS FROM `ysk_deal` [ RunTime:0.0068s ]
SQL: SELECT * FROM `ysk_deal` WHERE `status` = 1 AND `expiration_time` <= 1610185742  [ RunTime:0.0000s ]
SQL: SELECT * FROM `ysk_deal` WHERE `status` = 2 AND `expiration_time` <= 1610185742  [ RunTime:0.0000s ]
SQL: SELECT * FROM `ysk_deal` WHERE ( `sell_id` = '8804' OR `pay_id` = '8804' ) AND `status` = 1 ORDER BY id asc  [ RunTime:0.0000s ]
SQL: SELECT * FROM `ysk_deal` WHERE ( `sell_id` = '8804' OR `pay_id` = '8804' ) AND `status` = 2 ORDER BY id asc  [ RunTime:0.0000s ]
SQL: SHOW COLUMNS FROM `ysk_banner` [ RunTime:0.0059s ]
SQL: SELECT * FROM `ysk_banner` ORDER BY sort asc  [ RunTime:0.0010s ]
SQL: SHOW COLUMNS FROM `ysk_news` [ RunTime:0.0059s ]
SQL: SELECT * FROM `ysk_news` WHERE `type` = 1 ORDER BY id desc LIMIT 8   [ RunTime:0.0010s ]
SQL: SELECT * FROM `ysk_scroll` WHERE `status` = 1  [ RunTime:0.0000s ]
SQL: SELECT * FROM `ysk_yuyue` WHERE `uid` = 8804 AND `status` = 1  [ RunTime:0.0000s ]
SQL: SELECT * FROM `ysk_record` WHERE ( `record_price` >= '300' AND `record_price` <= '800'  ) AND `record_status` = 2 AND `out_uid` <> '8804'  [ RunTime:0.0010s ]
SQL: SELECT * FROM `ysk_record` WHERE ( `record_price` >= '801' AND `record_price` <= '2000'  ) AND `record_status` = 2 AND `out_uid` <> '8804'  [ RunTime:0.0000s ]
SQL: SELECT * FROM `ysk_record` WHERE ( `record_price` >= '1201' AND `record_price` <= '2000'  ) AND `record_status` = 2 AND `out_uid` <> '8804'  [ RunTime:0.0000s ]
SQL: SELECT * FROM `ysk_record` WHERE ( `record_price` >= '2001' AND `record_price` <= '2500'  ) AND `record_status` = 2 AND `out_uid` <> '8804'  [ RunTime:0.0010s ]
SQL: SELECT * FROM `ysk_record` WHERE ( `record_price` >= '2501' AND `record_price` <= '3500'  ) AND `record_status` = 2 AND `out_uid` <> '8804'  [ RunTime:0.0010s ]
NOTIC: [8] Undefined variable: uinfo E:\xin12\shop\Home\Controller\IndexController.class.php 第 128 行.
NOTIC: [8] Undefined variable: moneyinfo E:\xin12\shop\Home\Controller\IndexController.class.php 第 129 行.
NOTIC: [8] Undefined variable: can_get E:\xin12\shop\Home\Controller\IndexController.class.php 第 130 行.
NOTIC: [8] Undefined variable: is_setnums E:\xin12\shop\Home\Controller\IndexController.class.php 第 131 行.
NOTIC: [8] Undefined variable: pic_array E:\xin12\shop\Home\Controller\IndexController.class.php 第 132 行.
NOTIC: [8] Undefined variable: fUser E:\xin12\shop\Home\Controller\IndexController.class.php 第 133 行.
SQL: SELECT * FROM `ysk_banner` ORDER BY sort asc  [ RunTime:0.0000s ]
SQL: SELECT `img_head`,`userid`,`releas_time`,`is_reward`,`today_releas`,`quanxian`,`vip_grade`,`total_lingshi`,`total_active` FROM `ysk_user` WHERE `userid` = 8804 LIMIT 1   [ RunTime:0.0010s ]
SQL: SHOW COLUMNS FROM `ysk_store` [ RunTime:0.0059s ]
SQL: SELECT `cangku_num`,`fengmi_num` FROM `ysk_store` WHERE `uid` = 8804 LIMIT 1   [ RunTime:0.0010s ]
SQL: SHOW COLUMNS FROM `ysk_user_scroll` [ RunTime:0.0049s ]
SQL: SELECT s.single_num FROM ysk_user_scroll us INNER JOIN ysk_scroll s ON us.scroll_id=s.id  WHERE us.uid = '8804' AND us.status = 1  [ RunTime:0.0000s ]
SQL: SHOW COLUMNS FROM `ysk_user_clock` [ RunTime:0.0039s ]
SQL: SELECT `lasttime`,`get_num` FROM `ysk_user_clock` WHERE `uid` = 8804 ORDER BY id desc LIMIT 1   [ RunTime:0.0000s ]
SQL: SELECT COUNT(*) AS tp_count FROM `ysk_user_scroll` WHERE `uid` = 8804 AND `status` = 1 LIMIT 1   [ RunTime:0.0000s ]
SQL: SELECT `value` FROM `ysk_config` WHERE `name` = 'false_user' LIMIT 1   [ RunTime:0.0000s ]
SQL: SELECT `value` FROM `ysk_config` WHERE `name` = 'add_user' LIMIT 1   [ RunTime:0.0000s ]
SQL: SELECT * FROM `ysk_config` WHERE `name` = 'min_balance' LIMIT 1   [ RunTime:0.0000s ]
NOTIC: [8] Undefined variable: can_get E:\xin12\shop\Home\Controller\IndexController.class.php 第 280 行.
NOTIC: [8] Undefined variable: is_setnums E:\xin12\shop\Home\Controller\IndexController.class.php 第 281 行.
INFO: [ view_parse ] --START--
INFO: [ template_filter ] --START--
INFO: Run Behavior\ContentReplaceBehavior [ RunTime:0.000000s ]
INFO: [ template_filter ] --END-- [ RunTime:0.000000s ]
NOTIC: [8] Undefined index: m E:\xin12\ThinkPHP\Common\functions.php 第 977 行.
NOTIC: [8] Undefined index: m E:\xin12\ThinkPHP\Common\functions.php 第 977 行.
NOTIC: [8] Undefined index: m E:\xin12\ThinkPHP\Common\functions.php 第 977 行.
NOTIC: [8] Undefined index: m E:\xin12\ThinkPHP\Common\functions.php 第 977 行.
NOTIC: [8] Undefined index: m E:\xin12\ThinkPHP\Common\functions.php 第 977 行.
NOTIC: [8] Undefined index: m E:\xin12\ThinkPHP\Common\functions.php 第 977 行.
INFO: Run Behavior\ParseTemplateBehavior [ RunTime:0.008789s ]
INFO: [ view_parse ] --END-- [ RunTime:0.008789s ]
INFO: [ view_filter ] --START--
INFO: Run Behavior\WriteHtmlCacheBehavior [ RunTime:0.000000s ]
INFO: [ view_filter ] --END-- [ RunTime:0.000000s ]
INFO: [ app_end ] --START--
INFO: Run Behavior\ShowPageTraceBehavior [ RunTime:0.000976s ]
INFO: [ app_end ] --END-- [ RunTime:0.000976s ]

