[ 2021-01-23T11:17:46+08:00 ] 127.0.0.1 /logo.png
INFO: [ app_init ] --START--
INFO: Run Behavior\BuildLiteBehavior [ RunTime:0.000000s ]
INFO: [ app_init ] --END-- [ RunTime:0.000000s ]

[ 2021-01-23T11:24:38+08:00 ] 127.0.0.1 /
INFO: [ app_init ] --START--
INFO: Run Behavior\BuildLiteBehavior [ RunTime:0.000000s ]
INFO: [ app_init ] --END-- [ RunTime:0.000000s ]
INFO: [ app_begin ] --START--
INFO: Run Behavior\ReadHtmlCacheBehavior [ RunTime:0.000000s ]
INFO: Run Common\Behavior\CheckLangBehavior [ RunTime:0.001953s ]
INFO: [ app_begin ] --END-- [ RunTime:0.001953s ]
SQL: SHOW COLUMNS FROM `ysk_config` [ RunTime:0.0098s ]
SQL: SELECT `value`,`tip` FROM `ysk_config` WHERE `name` = 'TOGGLE_WEB_SITE' LIMIT 1   [ RunTime:0.0107s ]
SQL: SHOW COLUMNS FROM `ysk_user` [ RunTime:0.0049s ]
SQL: SHOW COLUMNS FROM `ysk_user` [ RunTime:0.0049s ]
NOTIC: [8] Undefined index: m E:\xin12\ThinkPHP\Common\functions.php 第 977 行.

[ 2021-01-23T11:24:39+08:00 ] 127.0.0.1 /Login/login.html
INFO: [ app_init ] --START--
INFO: Run Behavior\BuildLiteBehavior [ RunTime:0.000976s ]
INFO: [ app_init ] --END-- [ RunTime:0.000976s ]
INFO: [ app_begin ] --START--
INFO: Run Behavior\ReadHtmlCacheBehavior [ RunTime:0.000000s ]
INFO: Run Common\Behavior\CheckLangBehavior [ RunTime:0.000976s ]
INFO: [ app_begin ] --END-- [ RunTime:0.000976s ]
SQL: SHOW COLUMNS FROM `ysk_config` [ RunTime:0.0059s ]
SQL: SELECT `value`,`tip` FROM `ysk_config` WHERE `name` = 'TOGGLE_WEB_SITE' LIMIT 1   [ RunTime:0.0000s ]
INFO: [ view_parse ] --START--
INFO: [ template_filter ] --START--
INFO: Run Behavior\ContentReplaceBehavior [ RunTime:0.000000s ]
INFO: [ template_filter ] --END-- [ RunTime:0.000000s ]
NOTIC: [8] Undefined index: m E:\xin12\ThinkPHP\Common\functions.php 第 977 行.
NOTIC: [8] Undefined index: m E:\xin12\ThinkPHP\Common\functions.php 第 977 行.
NOTIC: [8] Undefined index: m E:\xin12\ThinkPHP\Common\functions.php 第 977 行.
INFO: Run Behavior\ParseTemplateBehavior [ RunTime:0.022461s ]
INFO: [ view_parse ] --END-- [ RunTime:0.022461s ]
INFO: [ view_filter ] --START--
INFO: Run Behavior\WriteHtmlCacheBehavior [ RunTime:0.000976s ]
INFO: [ view_filter ] --END-- [ RunTime:0.000976s ]
INFO: [ app_end ] --START--
INFO: Run Behavior\ShowPageTraceBehavior [ RunTime:0.000000s ]
INFO: [ app_end ] --END-- [ RunTime:0.000977s ]

[ 2021-01-23T11:24:39+08:00 ] 127.0.0.1 /favicon.ico
INFO: [ app_init ] --START--
INFO: Run Behavior\BuildLiteBehavior [ RunTime:0.000000s ]
INFO: [ app_init ] --END-- [ RunTime:0.000000s ]

[ 2021-01-23T11:24:45+08:00 ] 127.0.0.1 /Home/Index/index.html
INFO: [ app_init ] --START--
INFO: Run Behavior\BuildLiteBehavior [ RunTime:0.000000s ]
INFO: [ app_init ] --END-- [ RunTime:0.000000s ]
INFO: [ app_begin ] --START--
INFO: Run Behavior\ReadHtmlCacheBehavior [ RunTime:0.000977s ]
INFO: Run Common\Behavior\CheckLangBehavior [ RunTime:0.001953s ]
INFO: [ app_begin ] --END-- [ RunTime:0.002930s ]
SQL: SHOW COLUMNS FROM `ysk_config` [ RunTime:0.0049s ]
SQL: SELECT `value`,`tip` FROM `ysk_config` WHERE `name` = 'TOGGLE_WEB_SITE' LIMIT 1   [ RunTime:0.0000s ]
SQL: SHOW COLUMNS FROM `ysk_user` [ RunTime:0.0088s ]
SQL: SHOW COLUMNS FROM `ysk_user` [ RunTime:0.0078s ]
SQL: SELECT `status`,`session_id` FROM `ysk_user` WHERE `userid` = 8806 LIMIT 1   [ RunTime:0.0010s ]
SQL: SELECT * FROM `ysk_user` WHERE ( activate = 0 )  [ RunTime:0.0010s ]
SQL: SHOW COLUMNS FROM `ysk_config` [ RunTime:0.0049s ]
SQL: SELECT `value` FROM `ysk_config` WHERE ( name='needjifen' ) LIMIT 1   [ RunTime:0.0000s ]
SQL: SHOW COLUMNS FROM `ysk_record` [ RunTime:0.0088s ]
SQL: SELECT * FROM `ysk_record` WHERE `in_uid` = 8806 AND `is_lin` = 0 AND `record_status` = 4  [ RunTime:0.0010s ]
SQL: SELECT `value` FROM `ysk_config` WHERE `name` = 'zhuanrang_max' LIMIT 1   [ RunTime:0.0000s ]
SQL: SELECT `value` FROM `ysk_config` WHERE `name` = 'zhuanrang_min' LIMIT 1   [ RunTime:0.0010s ]
SQL: SELECT * FROM `ysk_record` WHERE ( `in_uid` = '8806' OR `out_uid` = '8806' ) AND `record_status` = 6 AND `pipeitime` <= 1611365084  [ RunTime:0.0000s ]
SQL: SELECT * FROM `ysk_record` WHERE ( `in_uid` = '8806' OR `out_uid` = '8806' ) AND `record_status` = 7 AND `getmoney_time` <= 1611365084  [ RunTime:0.0000s ]
SQL: SHOW COLUMNS FROM `ysk_yuyue` [ RunTime:0.0059s ]
SQL: SELECT * FROM `ysk_yuyue` WHERE `status` = 1  [ RunTime:0.0000s ]
SQL: SELECT * FROM `ysk_record` WHERE `record_status` = 2 AND `is_chaoshi_lin` = 1  [ RunTime:0.0010s ]
SQL: SHOW COLUMNS FROM `ysk_user_scroll` [ RunTime:0.0049s ]
SQL: SELECT `id`,`uid`,`scroll_id` FROM `ysk_user_scroll` WHERE `overtime` <= 1611372284  [ RunTime:0.0000s ]
SQL: SHOW COLUMNS FROM `ysk_user_level` [ RunTime:0.0234s ]
SQL: SELECT * FROM `ysk_user_level` ORDER BY id asc  [ RunTime:0.0117s ]
SQL: SELECT `vip_grade` FROM `ysk_user_level` WHERE `id` = 0 LIMIT 1   [ RunTime:0.0000s ]
SQL: SELECT COUNT(*) AS tp_count FROM `ysk_user` WHERE `pid` = 8806 AND `vip_grade` = null LIMIT 1   [ RunTime:0.0010s ]
SQL: SELECT `total_active` FROM `ysk_user` WHERE `userid` = 8806 LIMIT 1   [ RunTime:0.0000s ]
SQL: SELECT `vip_grade` FROM `ysk_user` WHERE `userid` = 8806 LIMIT 1   [ RunTime:0.0000s ]
SQL: SELECT `vip_grade` FROM `ysk_user_level` WHERE `id` = 0 LIMIT 1   [ RunTime:0.0010s ]
SQL: SELECT COUNT(*) AS tp_count FROM `ysk_user` WHERE `pid` = 8806 AND `vip_grade` = null LIMIT 1   [ RunTime:0.0000s ]
SQL: SELECT `total_active` FROM `ysk_user` WHERE `userid` = 8806 LIMIT 1   [ RunTime:0.0000s ]
SQL: SELECT `vip_grade` FROM `ysk_user` WHERE `userid` = 8806 LIMIT 1   [ RunTime:0.0010s ]
SQL: SELECT `vip_grade` FROM `ysk_user_level` WHERE `id` = 0 LIMIT 1   [ RunTime:0.0000s ]
SQL: SELECT COUNT(*) AS tp_count FROM `ysk_user` WHERE `pid` = 8806 AND `vip_grade` = null LIMIT 1   [ RunTime:0.0000s ]
SQL: SELECT `total_active` FROM `ysk_user` WHERE `userid` = 8806 LIMIT 1   [ RunTime:0.0010s ]
SQL: SELECT `vip_grade` FROM `ysk_user` WHERE `userid` = 8806 LIMIT 1   [ RunTime:0.0000s ]
SQL: SELECT `vip_grade` FROM `ysk_user_level` WHERE `id` = 0 LIMIT 1   [ RunTime:0.0000s ]
SQL: SELECT COUNT(*) AS tp_count FROM `ysk_user` WHERE `pid` = 8806 AND `vip_grade` = null LIMIT 1   [ RunTime:0.0000s ]
SQL: SELECT `total_active` FROM `ysk_user` WHERE `userid` = 8806 LIMIT 1   [ RunTime:0.0010s ]
SQL: SELECT `vip_grade` FROM `ysk_user` WHERE `userid` = 8806 LIMIT 1   [ RunTime:0.0000s ]
SQL: SHOW COLUMNS FROM `ysk_deal` [ RunTime:0.0156s ]
SQL: SELECT * FROM `ysk_deal` WHERE `status` = 1 AND `expiration_time` <= 1611372284  [ RunTime:0.0000s ]
SQL: SELECT * FROM `ysk_deal` WHERE `status` = 2 AND `expiration_time` <= 1611372284  [ RunTime:0.0010s ]
SQL: SELECT * FROM `ysk_deal` WHERE ( `sell_id` = '8806' OR `pay_id` = '8806' ) AND `status` = 1 ORDER BY id asc  [ RunTime:0.0000s ]
SQL: SELECT * FROM `ysk_deal` WHERE ( `sell_id` = '8806' OR `pay_id` = '8806' ) AND `status` = 2 ORDER BY id asc  [ RunTime:0.0000s ]
SQL: SHOW COLUMNS FROM `ysk_banner` [ RunTime:0.0215s ]
SQL: SELECT * FROM `ysk_banner` ORDER BY sort asc  [ RunTime:0.0000s ]
SQL: SHOW COLUMNS FROM `ysk_news` [ RunTime:0.0166s ]
SQL: SELECT * FROM `ysk_news` WHERE `type` = 1 ORDER BY id desc LIMIT 8   [ RunTime:0.0010s ]
SQL: SHOW COLUMNS FROM `ysk_scroll` [ RunTime:0.0059s ]
SQL: SELECT * FROM `ysk_scroll` WHERE `status` = 1  [ RunTime:0.0010s ]
SQL: SELECT * FROM `ysk_yuyue` WHERE `uid` = 8806 AND `status` = 1  [ RunTime:0.0000s ]
SQL: SELECT * FROM `ysk_record` WHERE ( `record_price` >= '300' AND `record_price` <= '800'  ) AND `record_status` = 2 AND `out_uid` <> '8806'  [ RunTime:0.0000s ]
SQL: SELECT * FROM `ysk_record` WHERE ( `record_price` >= '801' AND `record_price` <= '2000'  ) AND `record_status` = 2 AND `out_uid` <> '8806'  [ RunTime:0.0010s ]
SQL: SELECT * FROM `ysk_record` WHERE ( `record_price` >= '1201' AND `record_price` <= '2000'  ) AND `record_status` = 2 AND `out_uid` <> '8806'  [ RunTime:0.0000s ]
SQL: SELECT * FROM `ysk_record` WHERE ( `record_price` >= '2001' AND `record_price` <= '2500'  ) AND `record_status` = 2 AND `out_uid` <> '8806'  [ RunTime:0.0010s ]
SQL: SELECT * FROM `ysk_record` WHERE ( `record_price` >= '2501' AND `record_price` <= '3500'  ) AND `record_status` = 2 AND `out_uid` <> '8806'  [ RunTime:0.0000s ]
NOTIC: [8] Undefined variable: uinfo E:\xin12\shop\Home\Controller\IndexController.class.php 第 131 行.
NOTIC: [8] Undefined variable: moneyinfo E:\xin12\shop\Home\Controller\IndexController.class.php 第 132 行.
NOTIC: [8] Undefined variable: can_get E:\xin12\shop\Home\Controller\IndexController.class.php 第 133 行.
NOTIC: [8] Undefined variable: is_setnums E:\xin12\shop\Home\Controller\IndexController.class.php 第 134 行.
NOTIC: [8] Undefined variable: pic_array E:\xin12\shop\Home\Controller\IndexController.class.php 第 135 行.
NOTIC: [8] Undefined variable: fUser E:\xin12\shop\Home\Controller\IndexController.class.php 第 136 行.
SQL: SELECT * FROM `ysk_banner` ORDER BY sort asc  [ RunTime:0.0000s ]
SQL: SELECT `img_head`,`userid`,`releas_time`,`is_reward`,`today_releas`,`quanxian`,`vip_grade`,`total_lingshi`,`total_active` FROM `ysk_user` WHERE `userid` = 8806 LIMIT 1   [ RunTime:0.0010s ]
SQL: SHOW COLUMNS FROM `ysk_store` [ RunTime:0.0039s ]
SQL: SELECT `cangku_num`,`fengmi_num` FROM `ysk_store` WHERE `uid` = 8806 LIMIT 1   [ RunTime:0.0000s ]
SQL: SHOW COLUMNS FROM `ysk_user_scroll` [ RunTime:0.0059s ]
SQL: SELECT s.single_num FROM ysk_user_scroll us INNER JOIN ysk_scroll s ON us.scroll_id=s.id  WHERE us.uid = '8806' AND us.status = 1  [ RunTime:0.0010s ]
SQL: SHOW COLUMNS FROM `ysk_user_clock` [ RunTime:0.0049s ]
SQL: SELECT `lasttime`,`get_num` FROM `ysk_user_clock` WHERE `uid` = 8806 ORDER BY id desc LIMIT 1   [ RunTime:0.0010s ]
SQL: SELECT COUNT(*) AS tp_count FROM `ysk_user_scroll` WHERE `uid` = 8806 AND `status` = 1 LIMIT 1   [ RunTime:0.0000s ]
SQL: SELECT `value` FROM `ysk_config` WHERE `name` = 'false_user' LIMIT 1   [ RunTime:0.0010s ]
SQL: SELECT `value` FROM `ysk_config` WHERE `name` = 'add_user' LIMIT 1   [ RunTime:0.0000s ]
SQL: SELECT * FROM `ysk_config` WHERE `name` = 'min_balance' LIMIT 1   [ RunTime:0.0000s ]
NOTIC: [8] Undefined variable: can_get E:\xin12\shop\Home\Controller\IndexController.class.php 第 283 行.
NOTIC: [8] Undefined variable: is_setnums E:\xin12\shop\Home\Controller\IndexController.class.php 第 284 行.
INFO: [ view_parse ] --START--
INFO: [ template_filter ] --START--
INFO: Run Behavior\ContentReplaceBehavior [ RunTime:0.000000s ]
INFO: [ template_filter ] --END-- [ RunTime:0.000977s ]
NOTIC: [8] Undefined index: m E:\xin12\ThinkPHP\Common\functions.php 第 977 行.
NOTIC: [8] Undefined index: m E:\xin12\ThinkPHP\Common\functions.php 第 977 行.
NOTIC: [8] Undefined index: m E:\xin12\ThinkPHP\Common\functions.php 第 977 行.
NOTIC: [8] Undefined index: m E:\xin12\ThinkPHP\Common\functions.php 第 977 行.
NOTIC: [8] Undefined index: m E:\xin12\ThinkPHP\Common\functions.php 第 977 行.
NOTIC: [8] Undefined index: m E:\xin12\ThinkPHP\Common\functions.php 第 977 行.
INFO: Run Behavior\ParseTemplateBehavior [ RunTime:0.028320s ]
INFO: [ view_parse ] --END-- [ RunTime:0.028320s ]
INFO: [ view_filter ] --START--
INFO: Run Behavior\WriteHtmlCacheBehavior [ RunTime:0.000000s ]
INFO: [ view_filter ] --END-- [ RunTime:0.000000s ]
INFO: [ app_end ] --START--
INFO: Run Behavior\ShowPageTraceBehavior [ RunTime:0.000976s ]
INFO: [ app_end ] --END-- [ RunTime:0.000976s ]

[ 2021-01-23T12:03:03+08:00 ] 127.0.0.1 /Home/Index/index.html
INFO: [ app_init ] --START--
INFO: Run Behavior\BuildLiteBehavior [ RunTime:0.000000s ]
INFO: [ app_init ] --END-- [ RunTime:0.000000s ]
INFO: [ app_begin ] --START--
INFO: Run Behavior\ReadHtmlCacheBehavior [ RunTime:0.000000s ]
INFO: Run Common\Behavior\CheckLangBehavior [ RunTime:0.000976s ]
INFO: [ app_begin ] --END-- [ RunTime:0.000976s ]
SQL: SHOW COLUMNS FROM `ysk_config` [ RunTime:0.0059s ]
SQL: SELECT `value`,`tip` FROM `ysk_config` WHERE `name` = 'TOGGLE_WEB_SITE' LIMIT 1   [ RunTime:0.0000s ]
SQL: SHOW COLUMNS FROM `ysk_user` [ RunTime:0.0049s ]
SQL: SHOW COLUMNS FROM `ysk_user` [ RunTime:0.0059s ]
SQL: SELECT `status`,`session_id` FROM `ysk_user` WHERE `userid` = 8806 LIMIT 1   [ RunTime:0.0000s ]
SQL: SELECT * FROM `ysk_user` WHERE ( activate = 0 )  [ RunTime:0.0010s ]
SQL: SHOW COLUMNS FROM `ysk_config` [ RunTime:0.0049s ]
SQL: SELECT `value` FROM `ysk_config` WHERE ( name='needjifen' ) LIMIT 1   [ RunTime:0.0000s ]
SQL: SHOW COLUMNS FROM `ysk_record` [ RunTime:0.0059s ]
SQL: SELECT * FROM `ysk_record` WHERE `in_uid` = 8806 AND `is_lin` = 0 AND `record_status` = 4  [ RunTime:0.0000s ]
SQL: SELECT `value` FROM `ysk_config` WHERE `name` = 'zhuanrang_max' LIMIT 1   [ RunTime:0.0010s ]
SQL: SELECT `value` FROM `ysk_config` WHERE `name` = 'zhuanrang_min' LIMIT 1   [ RunTime:0.0000s ]
SQL: SELECT * FROM `ysk_record` WHERE ( `in_uid` = '8806' OR `out_uid` = '8806' ) AND `record_status` = 6 AND `pipeitime` <= 1611367383  [ RunTime:0.0000s ]
SQL: SELECT * FROM `ysk_record` WHERE ( `in_uid` = '8806' OR `out_uid` = '8806' ) AND `record_status` = 7 AND `getmoney_time` <= 1611367383  [ RunTime:0.0010s ]
SQL: SHOW COLUMNS FROM `ysk_yuyue` [ RunTime:0.0049s ]
SQL: SELECT * FROM `ysk_yuyue` WHERE `status` = 1  [ RunTime:0.0000s ]
SQL: SELECT * FROM `ysk_record` WHERE `record_status` = 2 AND `is_chaoshi_lin` = 1  [ RunTime:0.0000s ]
SQL: SHOW COLUMNS FROM `ysk_user_scroll` [ RunTime:0.0049s ]
SQL: SELECT `id`,`uid`,`scroll_id` FROM `ysk_user_scroll` WHERE `overtime` <= 1611374583  [ RunTime:0.0000s ]
SQL: SHOW COLUMNS FROM `ysk_user_level` [ RunTime:0.0049s ]
SQL: SELECT * FROM `ysk_user_level` ORDER BY id asc  [ RunTime:0.0010s ]
SQL: SELECT `vip_grade` FROM `ysk_user_level` WHERE `id` = 0 LIMIT 1   [ RunTime:0.0000s ]
SQL: SELECT COUNT(*) AS tp_count FROM `ysk_user` WHERE `pid` = 8806 AND `vip_grade` = null LIMIT 1   [ RunTime:0.0000s ]
SQL: SELECT `total_active` FROM `ysk_user` WHERE `userid` = 8806 LIMIT 1   [ RunTime:0.0010s ]
SQL: SELECT `vip_grade` FROM `ysk_user` WHERE `userid` = 8806 LIMIT 1   [ RunTime:0.0000s ]
SQL: SELECT `vip_grade` FROM `ysk_user_level` WHERE `id` = 0 LIMIT 1   [ RunTime:0.0000s ]
SQL: SELECT COUNT(*) AS tp_count FROM `ysk_user` WHERE `pid` = 8806 AND `vip_grade` = null LIMIT 1   [ RunTime:0.0010s ]
SQL: SELECT `total_active` FROM `ysk_user` WHERE `userid` = 8806 LIMIT 1   [ RunTime:0.0000s ]
SQL: SELECT `vip_grade` FROM `ysk_user` WHERE `userid` = 8806 LIMIT 1   [ RunTime:0.0010s ]
SQL: SELECT `vip_grade` FROM `ysk_user_level` WHERE `id` = 0 LIMIT 1   [ RunTime:0.0000s ]
SQL: SELECT COUNT(*) AS tp_count FROM `ysk_user` WHERE `pid` = 8806 AND `vip_grade` = null LIMIT 1   [ RunTime:0.0000s ]
SQL: SELECT `total_active` FROM `ysk_user` WHERE `userid` = 8806 LIMIT 1   [ RunTime:0.0000s ]
SQL: SELECT `vip_grade` FROM `ysk_user` WHERE `userid` = 8806 LIMIT 1   [ RunTime:0.0000s ]
SQL: SELECT `vip_grade` FROM `ysk_user_level` WHERE `id` = 0 LIMIT 1   [ RunTime:0.0000s ]
SQL: SELECT COUNT(*) AS tp_count FROM `ysk_user` WHERE `pid` = 8806 AND `vip_grade` = null LIMIT 1   [ RunTime:0.0000s ]
SQL: SELECT `total_active` FROM `ysk_user` WHERE `userid` = 8806 LIMIT 1   [ RunTime:0.0010s ]
SQL: SELECT `vip_grade` FROM `ysk_user` WHERE `userid` = 8806 LIMIT 1   [ RunTime:0.0000s ]
SQL: SHOW COLUMNS FROM `ysk_deal` [ RunTime:0.0049s ]
SQL: SELECT * FROM `ysk_deal` WHERE `status` = 1 AND `expiration_time` <= 1611374583  [ RunTime:0.0000s ]
SQL: SELECT * FROM `ysk_deal` WHERE `status` = 2 AND `expiration_time` <= 1611374583  [ RunTime:0.0000s ]
SQL: SELECT * FROM `ysk_deal` WHERE ( `sell_id` = '8806' OR `pay_id` = '8806' ) AND `status` = 1 ORDER BY id asc  [ RunTime:0.0000s ]
SQL: SELECT * FROM `ysk_deal` WHERE ( `sell_id` = '8806' OR `pay_id` = '8806' ) AND `status` = 2 ORDER BY id asc  [ RunTime:0.0000s ]
SQL: SHOW COLUMNS FROM `ysk_banner` [ RunTime:0.0049s ]
SQL: SELECT * FROM `ysk_banner` ORDER BY sort asc  [ RunTime:0.0010s ]
SQL: SHOW COLUMNS FROM `ysk_news` [ RunTime:0.0049s ]
SQL: SELECT * FROM `ysk_news` WHERE `type` = 1 ORDER BY id desc LIMIT 8   [ RunTime:0.0010s ]
SQL: SHOW COLUMNS FROM `ysk_scroll` [ RunTime:0.0049s ]
SQL: SELECT * FROM `ysk_scroll` WHERE `status` = 1  [ RunTime:0.0000s ]
SQL: SELECT * FROM `ysk_yuyue` WHERE `uid` = 8806 AND `status` = 1  [ RunTime:0.0010s ]
SQL: SELECT * FROM `ysk_record` WHERE ( `record_price` >= '300' AND `record_price` <= '800'  ) AND `record_status` = 2 AND `out_uid` <> '8806'  [ RunTime:0.0000s ]
SQL: SELECT * FROM `ysk_record` WHERE ( `record_price` >= '801' AND `record_price` <= '2000'  ) AND `record_status` = 2 AND `out_uid` <> '8806'  [ RunTime:0.0010s ]
SQL: SELECT * FROM `ysk_record` WHERE ( `record_price` >= '1201' AND `record_price` <= '2000'  ) AND `record_status` = 2 AND `out_uid` <> '8806'  [ RunTime:0.0000s ]
SQL: SELECT * FROM `ysk_record` WHERE ( `record_price` >= '2001' AND `record_price` <= '2500'  ) AND `record_status` = 2 AND `out_uid` <> '8806'  [ RunTime:0.0010s ]
SQL: SELECT * FROM `ysk_record` WHERE ( `record_price` >= '2501' AND `record_price` <= '3500'  ) AND `record_status` = 2 AND `out_uid` <> '8806'  [ RunTime:0.0000s ]
NOTIC: [8] Undefined variable: uinfo E:\xin12\shop\Home\Controller\IndexController.class.php 第 131 行.
NOTIC: [8] Undefined variable: moneyinfo E:\xin12\shop\Home\Controller\IndexController.class.php 第 132 行.
NOTIC: [8] Undefined variable: can_get E:\xin12\shop\Home\Controller\IndexController.class.php 第 133 行.
NOTIC: [8] Undefined variable: is_setnums E:\xin12\shop\Home\Controller\IndexController.class.php 第 134 行.
NOTIC: [8] Undefined variable: pic_array E:\xin12\shop\Home\Controller\IndexController.class.php 第 135 行.
NOTIC: [8] Undefined variable: fUser E:\xin12\shop\Home\Controller\IndexController.class.php 第 136 行.
SQL: SELECT * FROM `ysk_banner` ORDER BY sort asc  [ RunTime:0.0010s ]
SQL: SELECT `img_head`,`userid`,`releas_time`,`is_reward`,`today_releas`,`quanxian`,`vip_grade`,`total_lingshi`,`total_active` FROM `ysk_user` WHERE `userid` = 8806 LIMIT 1   [ RunTime:0.0000s ]
SQL: SHOW COLUMNS FROM `ysk_store` [ RunTime:0.0049s ]
SQL: SELECT `cangku_num`,`fengmi_num` FROM `ysk_store` WHERE `uid` = 8806 LIMIT 1   [ RunTime:0.0010s ]
SQL: SHOW COLUMNS FROM `ysk_user_scroll` [ RunTime:0.0039s ]
SQL: SELECT s.single_num FROM ysk_user_scroll us INNER JOIN ysk_scroll s ON us.scroll_id=s.id  WHERE us.uid = '8806' AND us.status = 1  [ RunTime:0.0000s ]
SQL: SHOW COLUMNS FROM `ysk_user_clock` [ RunTime:0.0049s ]
SQL: SELECT `lasttime`,`get_num` FROM `ysk_user_clock` WHERE `uid` = 8806 ORDER BY id desc LIMIT 1   [ RunTime:0.0010s ]
SQL: SELECT COUNT(*) AS tp_count FROM `ysk_user_scroll` WHERE `uid` = 8806 AND `status` = 1 LIMIT 1   [ RunTime:0.0000s ]
SQL: SELECT `value` FROM `ysk_config` WHERE `name` = 'false_user' LIMIT 1   [ RunTime:0.0010s ]
SQL: SELECT `value` FROM `ysk_config` WHERE `name` = 'add_user' LIMIT 1   [ RunTime:0.0000s ]
SQL: SELECT * FROM `ysk_config` WHERE `name` = 'min_balance' LIMIT 1   [ RunTime:0.0000s ]
NOTIC: [8] Undefined variable: can_get E:\xin12\shop\Home\Controller\IndexController.class.php 第 283 行.
NOTIC: [8] Undefined variable: is_setnums E:\xin12\shop\Home\Controller\IndexController.class.php 第 284 行.
INFO: [ view_parse ] --START--
INFO: [ template_filter ] --START--
INFO: Run Behavior\ContentReplaceBehavior [ RunTime:0.000000s ]
INFO: [ template_filter ] --END-- [ RunTime:0.000000s ]
NOTIC: [8] Undefined index: m E:\xin12\ThinkPHP\Common\functions.php 第 977 行.
NOTIC: [8] Undefined index: m E:\xin12\ThinkPHP\Common\functions.php 第 977 行.
NOTIC: [8] Undefined index: m E:\xin12\ThinkPHP\Common\functions.php 第 977 行.
NOTIC: [8] Undefined index: m E:\xin12\ThinkPHP\Common\functions.php 第 977 行.
NOTIC: [8] Undefined index: m E:\xin12\ThinkPHP\Common\functions.php 第 977 行.
NOTIC: [8] Undefined index: m E:\xin12\ThinkPHP\Common\functions.php 第 977 行.
INFO: Run Behavior\ParseTemplateBehavior [ RunTime:0.009766s ]
INFO: [ view_parse ] --END-- [ RunTime:0.009766s ]
INFO: [ view_filter ] --START--
INFO: Run Behavior\WriteHtmlCacheBehavior [ RunTime:0.000976s ]
INFO: [ view_filter ] --END-- [ RunTime:0.000976s ]
INFO: [ app_end ] --START--
INFO: Run Behavior\ShowPageTraceBehavior [ RunTime:0.000000s ]
INFO: [ app_end ] --END-- [ RunTime:0.000000s ]

[ 2021-01-23T14:03:02+08:00 ] 127.0.0.1 /Home/Index/index.html
INFO: [ app_init ] --START--
INFO: Run Behavior\BuildLiteBehavior [ RunTime:0.000000s ]
INFO: [ app_init ] --END-- [ RunTime:0.000000s ]
INFO: [ app_begin ] --START--
INFO: Run Behavior\ReadHtmlCacheBehavior [ RunTime:0.000000s ]
INFO: Run Common\Behavior\CheckLangBehavior [ RunTime:0.001954s ]
INFO: [ app_begin ] --END-- [ RunTime:0.001954s ]
SQL: SHOW COLUMNS FROM `ysk_config` [ RunTime:0.0039s ]
SQL: SELECT `value`,`tip` FROM `ysk_config` WHERE `name` = 'TOGGLE_WEB_SITE' LIMIT 1   [ RunTime:0.0010s ]
SQL: SHOW COLUMNS FROM `ysk_user` [ RunTime:0.0039s ]
SQL: SHOW COLUMNS FROM `ysk_user` [ RunTime:0.0039s ]
SQL: SELECT `status`,`session_id` FROM `ysk_user` WHERE `userid` = 8806 LIMIT 1   [ RunTime:0.0010s ]
SQL: SELECT * FROM `ysk_user` WHERE ( activate = 0 )  [ RunTime:0.0000s ]
SQL: SHOW COLUMNS FROM `ysk_config` [ RunTime:0.0029s ]
SQL: SELECT `value` FROM `ysk_config` WHERE ( name='needjifen' ) LIMIT 1   [ RunTime:0.0000s ]
SQL: SHOW COLUMNS FROM `ysk_record` [ RunTime:0.0039s ]
SQL: SELECT * FROM `ysk_record` WHERE `in_uid` = 8806 AND `is_lin` = 0 AND `record_status` = 4  [ RunTime:0.0000s ]
SQL: SELECT `value` FROM `ysk_config` WHERE `name` = 'zhuanrang_max' LIMIT 1   [ RunTime:0.0010s ]
SQL: SELECT `value` FROM `ysk_config` WHERE `name` = 'zhuanrang_min' LIMIT 1   [ RunTime:0.0000s ]
SQL: SELECT * FROM `ysk_record` WHERE ( `in_uid` = '8806' OR `out_uid` = '8806' ) AND `record_status` = 6 AND `pipeitime` <= 1611374582  [ RunTime:0.0000s ]
SQL: SELECT * FROM `ysk_record` WHERE ( `in_uid` = '8806' OR `out_uid` = '8806' ) AND `record_status` = 7 AND `getmoney_time` <= 1611374582  [ RunTime:0.0000s ]
SQL: SHOW COLUMNS FROM `ysk_yuyue` [ RunTime:0.0039s ]
SQL: SELECT * FROM `ysk_yuyue` WHERE `status` = 1  [ RunTime:0.0000s ]
SQL: SELECT * FROM `ysk_record` WHERE `record_status` = 2 AND `is_chaoshi_lin` = 1  [ RunTime:0.0000s ]
SQL: SHOW COLUMNS FROM `ysk_user_scroll` [ RunTime:0.0039s ]
SQL: SELECT `id`,`uid`,`scroll_id` FROM `ysk_user_scroll` WHERE `overtime` <= 1611381782  [ RunTime:0.0000s ]
SQL: SHOW COLUMNS FROM `ysk_user_level` [ RunTime:0.0039s ]
SQL: SELECT * FROM `ysk_user_level` ORDER BY id asc  [ RunTime:0.0000s ]
SQL: SELECT `vip_grade` FROM `ysk_user_level` WHERE `id` = 0 LIMIT 1   [ RunTime:0.0000s ]
SQL: SELECT COUNT(*) AS tp_count FROM `ysk_user` WHERE `pid` = 8806 AND `vip_grade` = null LIMIT 1   [ RunTime:0.0000s ]
SQL: SELECT `total_active` FROM `ysk_user` WHERE `userid` = 8806 LIMIT 1   [ RunTime:0.0000s ]
SQL: SELECT `vip_grade` FROM `ysk_user` WHERE `userid` = 8806 LIMIT 1   [ RunTime:0.0000s ]
SQL: SELECT `vip_grade` FROM `ysk_user_level` WHERE `id` = 0 LIMIT 1   [ RunTime:0.0010s ]
SQL: SELECT COUNT(*) AS tp_count FROM `ysk_user` WHERE `pid` = 8806 AND `vip_grade` = null LIMIT 1   [ RunTime:0.0000s ]
SQL: SELECT `total_active` FROM `ysk_user` WHERE `userid` = 8806 LIMIT 1   [ RunTime:0.0000s ]
SQL: SELECT `vip_grade` FROM `ysk_user` WHERE `userid` = 8806 LIMIT 1   [ RunTime:0.0010s ]
SQL: SELECT `vip_grade` FROM `ysk_user_level` WHERE `id` = 0 LIMIT 1   [ RunTime:0.0000s ]
SQL: SELECT COUNT(*) AS tp_count FROM `ysk_user` WHERE `pid` = 8806 AND `vip_grade` = null LIMIT 1   [ RunTime:0.0000s ]
SQL: SELECT `total_active` FROM `ysk_user` WHERE `userid` = 8806 LIMIT 1   [ RunTime:0.0000s ]
SQL: SELECT `vip_grade` FROM `ysk_user` WHERE `userid` = 8806 LIMIT 1   [ RunTime:0.0000s ]
SQL: SELECT `vip_grade` FROM `ysk_user_level` WHERE `id` = 0 LIMIT 1   [ RunTime:0.0000s ]
SQL: SELECT COUNT(*) AS tp_count FROM `ysk_user` WHERE `pid` = 8806 AND `vip_grade` = null LIMIT 1   [ RunTime:0.0000s ]
SQL: SELECT `total_active` FROM `ysk_user` WHERE `userid` = 8806 LIMIT 1   [ RunTime:0.0010s ]
SQL: SELECT `vip_grade` FROM `ysk_user` WHERE `userid` = 8806 LIMIT 1   [ RunTime:0.0000s ]
SQL: SHOW COLUMNS FROM `ysk_deal` [ RunTime:0.0039s ]
SQL: SELECT * FROM `ysk_deal` WHERE `status` = 1 AND `expiration_time` <= 1611381782  [ RunTime:0.0000s ]
SQL: SELECT * FROM `ysk_deal` WHERE `status` = 2 AND `expiration_time` <= 1611381782  [ RunTime:0.0000s ]
SQL: SELECT * FROM `ysk_deal` WHERE ( `sell_id` = '8806' OR `pay_id` = '8806' ) AND `status` = 1 ORDER BY id asc  [ RunTime:0.0010s ]
SQL: SELECT * FROM `ysk_deal` WHERE ( `sell_id` = '8806' OR `pay_id` = '8806' ) AND `status` = 2 ORDER BY id asc  [ RunTime:0.0000s ]
SQL: SHOW COLUMNS FROM `ysk_banner` [ RunTime:0.0039s ]
SQL: SELECT * FROM `ysk_banner` ORDER BY sort asc  [ RunTime:0.0000s ]
SQL: SHOW COLUMNS FROM `ysk_news` [ RunTime:0.0029s ]
SQL: SELECT * FROM `ysk_news` WHERE `type` = 1 ORDER BY id desc LIMIT 8   [ RunTime:0.0000s ]
SQL: SHOW COLUMNS FROM `ysk_scroll` [ RunTime:0.0039s ]
SQL: SELECT * FROM `ysk_scroll` WHERE `status` = 1  [ RunTime:0.0000s ]
SQL: SELECT * FROM `ysk_yuyue` WHERE `uid` = 8806 AND `status` = 1  [ RunTime:0.0000s ]
SQL: SELECT * FROM `ysk_record` WHERE ( `record_price` >= '300' AND `record_price` <= '800'  ) AND `record_status` = 2 AND `out_uid` <> '8806'  [ RunTime:0.0000s ]
SQL: SELECT * FROM `ysk_record` WHERE ( `record_price` >= '801' AND `record_price` <= '2000'  ) AND `record_status` = 2 AND `out_uid` <> '8806'  [ RunTime:0.0010s ]
SQL: SELECT * FROM `ysk_record` WHERE ( `record_price` >= '1201' AND `record_price` <= '2000'  ) AND `record_status` = 2 AND `out_uid` <> '8806'  [ RunTime:0.0000s ]
SQL: SELECT * FROM `ysk_record` WHERE ( `record_price` >= '2001' AND `record_price` <= '2500'  ) AND `record_status` = 2 AND `out_uid` <> '8806'  [ RunTime:0.0010s ]
SQL: SELECT * FROM `ysk_record` WHERE ( `record_price` >= '2501' AND `record_price` <= '3500'  ) AND `record_status` = 2 AND `out_uid` <> '8806'  [ RunTime:0.0000s ]
NOTIC: [8] Undefined variable: uinfo E:\xin12\shop\Home\Controller\IndexController.class.php 第 131 行.
NOTIC: [8] Undefined variable: moneyinfo E:\xin12\shop\Home\Controller\IndexController.class.php 第 132 行.
NOTIC: [8] Undefined variable: can_get E:\xin12\shop\Home\Controller\IndexController.class.php 第 133 行.
NOTIC: [8] Undefined variable: is_setnums E:\xin12\shop\Home\Controller\IndexController.class.php 第 134 行.
NOTIC: [8] Undefined variable: pic_array E:\xin12\shop\Home\Controller\IndexController.class.php 第 135 行.
NOTIC: [8] Undefined variable: fUser E:\xin12\shop\Home\Controller\IndexController.class.php 第 136 行.
SQL: SELECT * FROM `ysk_banner` ORDER BY sort asc  [ RunTime:0.0000s ]
SQL: SELECT `img_head`,`userid`,`releas_time`,`is_reward`,`today_releas`,`quanxian`,`vip_grade`,`total_lingshi`,`total_active` FROM `ysk_user` WHERE `userid` = 8806 LIMIT 1   [ RunTime:0.0000s ]
SQL: SHOW COLUMNS FROM `ysk_store` [ RunTime:0.0029s ]
SQL: SELECT `cangku_num`,`fengmi_num` FROM `ysk_store` WHERE `uid` = 8806 LIMIT 1   [ RunTime:0.0000s ]
SQL: SHOW COLUMNS FROM `ysk_user_scroll` [ RunTime:0.0029s ]
SQL: SELECT s.single_num FROM ysk_user_scroll us INNER JOIN ysk_scroll s ON us.scroll_id=s.id  WHERE us.uid = '8806' AND us.status = 1  [ RunTime:0.0000s ]
SQL: SHOW COLUMNS FROM `ysk_user_clock` [ RunTime:0.0039s ]
SQL: SELECT `lasttime`,`get_num` FROM `ysk_user_clock` WHERE `uid` = 8806 ORDER BY id desc LIMIT 1   [ RunTime:0.0000s ]
SQL: SELECT COUNT(*) AS tp_count FROM `ysk_user_scroll` WHERE `uid` = 8806 AND `status` = 1 LIMIT 1   [ RunTime:0.0000s ]
SQL: SELECT `value` FROM `ysk_config` WHERE `name` = 'false_user' LIMIT 1   [ RunTime:0.0010s ]
SQL: SELECT `value` FROM `ysk_config` WHERE `name` = 'add_user' LIMIT 1   [ RunTime:0.0000s ]
SQL: SELECT * FROM `ysk_config` WHERE `name` = 'min_balance' LIMIT 1   [ RunTime:0.0000s ]
NOTIC: [8] Undefined variable: can_get E:\xin12\shop\Home\Controller\IndexController.class.php 第 283 行.
NOTIC: [8] Undefined variable: is_setnums E:\xin12\shop\Home\Controller\IndexController.class.php 第 284 行.
INFO: [ view_parse ] --START--
INFO: [ template_filter ] --START--
INFO: Run Behavior\ContentReplaceBehavior [ RunTime:0.000000s ]
INFO: [ template_filter ] --END-- [ RunTime:0.000000s ]
NOTIC: [8] Undefined index: m E:\xin12\ThinkPHP\Common\functions.php 第 977 行.
NOTIC: [8] Undefined index: m E:\xin12\ThinkPHP\Common\functions.php 第 977 行.
NOTIC: [8] Undefined index: m E:\xin12\ThinkPHP\Common\functions.php 第 977 行.
NOTIC: [8] Undefined index: m E:\xin12\ThinkPHP\Common\functions.php 第 977 行.
NOTIC: [8] Undefined index: m E:\xin12\ThinkPHP\Common\functions.php 第 977 行.
NOTIC: [8] Undefined index: m E:\xin12\ThinkPHP\Common\functions.php 第 977 行.
INFO: Run Behavior\ParseTemplateBehavior [ RunTime:0.010742s ]
INFO: [ view_parse ] --END-- [ RunTime:0.010742s ]
INFO: [ view_filter ] --START--
INFO: Run Behavior\WriteHtmlCacheBehavior [ RunTime:0.000000s ]
INFO: [ view_filter ] --END-- [ RunTime:0.000000s ]
INFO: [ app_end ] --START--
INFO: Run Behavior\ShowPageTraceBehavior [ RunTime:0.000976s ]
INFO: [ app_end ] --END-- [ RunTime:0.000976s ]

[ 2021-01-23T14:59:10+08:00 ] 127.0.0.1 /Home/Index/index.html
INFO: [ app_init ] --START--
INFO: Run Behavior\BuildLiteBehavior [ RunTime:0.000000s ]
INFO: [ app_init ] --END-- [ RunTime:0.000000s ]
INFO: [ app_begin ] --START--
INFO: Run Behavior\ReadHtmlCacheBehavior [ RunTime:0.000976s ]
INFO: Run Common\Behavior\CheckLangBehavior [ RunTime:0.000977s ]
INFO: [ app_begin ] --END-- [ RunTime:0.001953s ]
SQL: SHOW COLUMNS FROM `ysk_config` [ RunTime:0.0039s ]
SQL: SELECT `value`,`tip` FROM `ysk_config` WHERE `name` = 'TOGGLE_WEB_SITE' LIMIT 1   [ RunTime:0.0000s ]
SQL: SHOW COLUMNS FROM `ysk_user` [ RunTime:0.0059s ]
SQL: SHOW COLUMNS FROM `ysk_user` [ RunTime:0.0039s ]
SQL: SELECT `status`,`session_id` FROM `ysk_user` WHERE `userid` = 8806 LIMIT 1   [ RunTime:0.0000s ]
SQL: SELECT * FROM `ysk_user` WHERE ( activate = 0 )  [ RunTime:0.0010s ]
SQL: SHOW COLUMNS FROM `ysk_config` [ RunTime:0.0039s ]
SQL: SELECT `value` FROM `ysk_config` WHERE ( name='needjifen' ) LIMIT 1   [ RunTime:0.0000s ]
SQL: SHOW COLUMNS FROM `ysk_record` [ RunTime:0.0049s ]
SQL: SELECT * FROM `ysk_record` WHERE `in_uid` = 8806 AND `is_lin` = 0 AND `record_status` = 4  [ RunTime:0.0010s ]
SQL: SELECT `value` FROM `ysk_config` WHERE `name` = 'zhuanrang_max' LIMIT 1   [ RunTime:0.0010s ]
SQL: SELECT `value` FROM `ysk_config` WHERE `name` = 'zhuanrang_min' LIMIT 1   [ RunTime:0.0000s ]
SQL: SELECT * FROM `ysk_record` WHERE ( `in_uid` = '8806' OR `out_uid` = '8806' ) AND `record_status` = 6 AND `pipeitime` <= 1611377950  [ RunTime:0.0010s ]
SQL: SELECT * FROM `ysk_record` WHERE ( `in_uid` = '8806' OR `out_uid` = '8806' ) AND `record_status` = 7 AND `getmoney_time` <= 1611377950  [ RunTime:0.0000s ]
SQL: SHOW COLUMNS FROM `ysk_yuyue` [ RunTime:0.0039s ]
SQL: SELECT * FROM `ysk_yuyue` WHERE `status` = 1  [ RunTime:0.0010s ]
SQL: SELECT * FROM `ysk_record` WHERE `record_status` = 2 AND `is_chaoshi_lin` = 1  [ RunTime:0.0000s ]
SQL: SHOW COLUMNS FROM `ysk_user_scroll` [ RunTime:0.0039s ]
SQL: SELECT `id`,`uid`,`scroll_id` FROM `ysk_user_scroll` WHERE `overtime` <= 1611385150  [ RunTime:0.0000s ]
SQL: SHOW COLUMNS FROM `ysk_user_level` [ RunTime:0.0068s ]
SQL: SELECT * FROM `ysk_user_level` ORDER BY id asc  [ RunTime:0.0010s ]
SQL: SELECT `vip_grade` FROM `ysk_user_level` WHERE `id` = 0 LIMIT 1   [ RunTime:0.0000s ]
SQL: SELECT COUNT(*) AS tp_count FROM `ysk_user` WHERE `pid` = 8806 AND `vip_grade` = null LIMIT 1   [ RunTime:0.0000s ]
SQL: SELECT `total_active` FROM `ysk_user` WHERE `userid` = 8806 LIMIT 1   [ RunTime:0.0010s ]
SQL: SELECT `vip_grade` FROM `ysk_user` WHERE `userid` = 8806 LIMIT 1   [ RunTime:0.0000s ]
SQL: SELECT `vip_grade` FROM `ysk_user_level` WHERE `id` = 0 LIMIT 1   [ RunTime:0.0000s ]
SQL: SELECT COUNT(*) AS tp_count FROM `ysk_user` WHERE `pid` = 8806 AND `vip_grade` = null LIMIT 1   [ RunTime:0.0010s ]
SQL: SELECT `total_active` FROM `ysk_user` WHERE `userid` = 8806 LIMIT 1   [ RunTime:0.0000s ]
SQL: SELECT `vip_grade` FROM `ysk_user` WHERE `userid` = 8806 LIMIT 1   [ RunTime:0.0000s ]
SQL: SELECT `vip_grade` FROM `ysk_user_level` WHERE `id` = 0 LIMIT 1   [ RunTime:0.0000s ]
SQL: SELECT COUNT(*) AS tp_count FROM `ysk_user` WHERE `pid` = 8806 AND `vip_grade` = null LIMIT 1   [ RunTime:0.0010s ]
SQL: SELECT `total_active` FROM `ysk_user` WHERE `userid` = 8806 LIMIT 1   [ RunTime:0.0000s ]
SQL: SELECT `vip_grade` FROM `ysk_user` WHERE `userid` = 8806 LIMIT 1   [ RunTime:0.0000s ]
SQL: SELECT `vip_grade` FROM `ysk_user_level` WHERE `id` = 0 LIMIT 1   [ RunTime:0.0010s ]
SQL: SELECT COUNT(*) AS tp_count FROM `ysk_user` WHERE `pid` = 8806 AND `vip_grade` = null LIMIT 1   [ RunTime:0.0000s ]
SQL: SELECT `total_active` FROM `ysk_user` WHERE `userid` = 8806 LIMIT 1   [ RunTime:0.0000s ]
SQL: SELECT `vip_grade` FROM `ysk_user` WHERE `userid` = 8806 LIMIT 1   [ RunTime:0.0010s ]
SQL: SHOW COLUMNS FROM `ysk_deal` [ RunTime:0.0049s ]
SQL: SELECT * FROM `ysk_deal` WHERE `status` = 1 AND `expiration_time` <= 1611385150  [ RunTime:0.0010s ]
SQL: SELECT * FROM `ysk_deal` WHERE `status` = 2 AND `expiration_time` <= 1611385150  [ RunTime:0.0000s ]
SQL: SELECT * FROM `ysk_deal` WHERE ( `sell_id` = '8806' OR `pay_id` = '8806' ) AND `status` = 1 ORDER BY id asc  [ RunTime:0.0010s ]
SQL: SELECT * FROM `ysk_deal` WHERE ( `sell_id` = '8806' OR `pay_id` = '8806' ) AND `status` = 2 ORDER BY id asc  [ RunTime:0.0000s ]
SQL: SHOW COLUMNS FROM `ysk_banner` [ RunTime:0.0049s ]
SQL: SELECT * FROM `ysk_banner` ORDER BY sort asc  [ RunTime:0.0010s ]
SQL: SHOW COLUMNS FROM `ysk_news` [ RunTime:0.0039s ]
SQL: SELECT * FROM `ysk_news` WHERE `type` = 1 ORDER BY id desc LIMIT 8   [ RunTime:0.0010s ]
SQL: SHOW COLUMNS FROM `ysk_scroll` [ RunTime:0.0049s ]
SQL: SELECT * FROM `ysk_scroll` WHERE `status` = 1  [ RunTime:0.0010s ]
SQL: SELECT * FROM `ysk_yuyue` WHERE `uid` = 8806 AND `status` = 1  [ RunTime:0.0000s ]
SQL: SELECT * FROM `ysk_record` WHERE ( `record_price` >= '300' AND `record_price` <= '800'  ) AND `record_status` = 2 AND `out_uid` <> '8806'  [ RunTime:0.0010s ]
SQL: SELECT * FROM `ysk_record` WHERE ( `record_price` >= '801' AND `record_price` <= '2000'  ) AND `record_status` = 2 AND `out_uid` <> '8806'  [ RunTime:0.0000s ]
SQL: SELECT * FROM `ysk_record` WHERE ( `record_price` >= '1201' AND `record_price` <= '2000'  ) AND `record_status` = 2 AND `out_uid` <> '8806'  [ RunTime:0.0000s ]
SQL: SELECT * FROM `ysk_record` WHERE ( `record_price` >= '2001' AND `record_price` <= '2500'  ) AND `record_status` = 2 AND `out_uid` <> '8806'  [ RunTime:0.0010s ]
SQL: SELECT * FROM `ysk_record` WHERE ( `record_price` >= '2501' AND `record_price` <= '3500'  ) AND `record_status` = 2 AND `out_uid` <> '8806'  [ RunTime:0.0010s ]
NOTIC: [8] Undefined variable: uinfo E:\xin12\shop\Home\Controller\IndexController.class.php 第 131 行.
NOTIC: [8] Undefined variable: moneyinfo E:\xin12\shop\Home\Controller\IndexController.class.php 第 132 行.
NOTIC: [8] Undefined variable: can_get E:\xin12\shop\Home\Controller\IndexController.class.php 第 133 行.
NOTIC: [8] Undefined variable: is_setnums E:\xin12\shop\Home\Controller\IndexController.class.php 第 134 行.
NOTIC: [8] Undefined variable: pic_array E:\xin12\shop\Home\Controller\IndexController.class.php 第 135 行.
NOTIC: [8] Undefined variable: fUser E:\xin12\shop\Home\Controller\IndexController.class.php 第 136 行.
SQL: SELECT * FROM `ysk_banner` ORDER BY sort asc  [ RunTime:0.0000s ]
SQL: SELECT `img_head`,`userid`,`releas_time`,`is_reward`,`today_releas`,`quanxian`,`vip_grade`,`total_lingshi`,`total_active` FROM `ysk_user` WHERE `userid` = 8806 LIMIT 1   [ RunTime:0.0010s ]
SQL: SHOW COLUMNS FROM `ysk_store` [ RunTime:0.0029s ]
SQL: SELECT `cangku_num`,`fengmi_num` FROM `ysk_store` WHERE `uid` = 8806 LIMIT 1   [ RunTime:0.0000s ]
SQL: SHOW COLUMNS FROM `ysk_user_scroll` [ RunTime:0.0039s ]
SQL: SELECT s.single_num FROM ysk_user_scroll us INNER JOIN ysk_scroll s ON us.scroll_id=s.id  WHERE us.uid = '8806' AND us.status = 1  [ RunTime:0.0010s ]
SQL: SHOW COLUMNS FROM `ysk_user_clock` [ RunTime:0.0039s ]
SQL: SELECT `lasttime`,`get_num` FROM `ysk_user_clock` WHERE `uid` = 8806 ORDER BY id desc LIMIT 1   [ RunTime:0.0000s ]
SQL: SELECT COUNT(*) AS tp_count FROM `ysk_user_scroll` WHERE `uid` = 8806 AND `status` = 1 LIMIT 1   [ RunTime:0.0000s ]
SQL: SELECT `value` FROM `ysk_config` WHERE `name` = 'false_user' LIMIT 1   [ RunTime:0.0010s ]
SQL: SELECT `value` FROM `ysk_config` WHERE `name` = 'add_user' LIMIT 1   [ RunTime:0.0000s ]
SQL: SELECT * FROM `ysk_config` WHERE `name` = 'min_balance' LIMIT 1   [ RunTime:0.0000s ]
NOTIC: [8] Undefined variable: can_get E:\xin12\shop\Home\Controller\IndexController.class.php 第 283 行.
NOTIC: [8] Undefined variable: is_setnums E:\xin12\shop\Home\Controller\IndexController.class.php 第 284 行.
INFO: [ view_parse ] --START--
INFO: [ template_filter ] --START--
INFO: Run Behavior\ContentReplaceBehavior [ RunTime:0.000976s ]
INFO: [ template_filter ] --END-- [ RunTime:0.000976s ]
NOTIC: [8] Undefined index: m E:\xin12\ThinkPHP\Common\functions.php 第 977 行.
NOTIC: [8] Undefined index: m E:\xin12\ThinkPHP\Common\functions.php 第 977 行.
NOTIC: [8] Undefined index: m E:\xin12\ThinkPHP\Common\functions.php 第 977 行.
NOTIC: [8] Undefined index: m E:\xin12\ThinkPHP\Common\functions.php 第 977 行.
NOTIC: [8] Undefined index: m E:\xin12\ThinkPHP\Common\functions.php 第 977 行.
NOTIC: [8] Undefined index: m E:\xin12\ThinkPHP\Common\functions.php 第 977 行.
INFO: Run Behavior\ParseTemplateBehavior [ RunTime:0.011719s ]
INFO: [ view_parse ] --END-- [ RunTime:0.011719s ]
INFO: [ view_filter ] --START--
INFO: Run Behavior\WriteHtmlCacheBehavior [ RunTime:0.000977s ]
INFO: [ view_filter ] --END-- [ RunTime:0.000977s ]
INFO: [ app_end ] --START--
INFO: Run Behavior\ShowPageTraceBehavior [ RunTime:0.001953s ]
INFO: [ app_end ] --END-- [ RunTime:0.001953s ]

[ 2021-01-23T14:59:12+08:00 ] 127.0.0.1 /Index/adpot.html
INFO: [ app_init ] --START--
INFO: Run Behavior\BuildLiteBehavior [ RunTime:0.000000s ]
INFO: [ app_init ] --END-- [ RunTime:0.000000s ]
INFO: [ app_begin ] --START--
INFO: Run Behavior\ReadHtmlCacheBehavior [ RunTime:0.000977s ]
INFO: Run Common\Behavior\CheckLangBehavior [ RunTime:0.001953s ]
INFO: [ app_begin ] --END-- [ RunTime:0.002930s ]
SQL: SHOW COLUMNS FROM `ysk_config` [ RunTime:0.0049s ]
SQL: SELECT `value`,`tip` FROM `ysk_config` WHERE `name` = 'TOGGLE_WEB_SITE' LIMIT 1   [ RunTime:0.0000s ]
SQL: SHOW COLUMNS FROM `ysk_user` [ RunTime:0.0059s ]
SQL: SHOW COLUMNS FROM `ysk_user` [ RunTime:0.0049s ]
SQL: SELECT `status`,`session_id` FROM `ysk_user` WHERE `userid` = 8806 LIMIT 1   [ RunTime:0.0000s ]
SQL: SELECT * FROM `ysk_user` WHERE ( activate = 0 )  [ RunTime:0.0010s ]
SQL: SHOW COLUMNS FROM `ysk_config` [ RunTime:0.0029s ]
SQL: SELECT `value` FROM `ysk_config` WHERE ( name='needjifen' ) LIMIT 1   [ RunTime:0.0000s ]
SQL: SHOW COLUMNS FROM `ysk_record` [ RunTime:0.0039s ]
SQL: SELECT * FROM `ysk_record` WHERE `in_uid` = 8806 AND `is_lin` = 0 AND `record_status` = 4  [ RunTime:0.0000s ]
SQL: SELECT `value` FROM `ysk_config` WHERE `name` = 'zhuanrang_max' LIMIT 1   [ RunTime:0.0010s ]
SQL: SELECT `value` FROM `ysk_config` WHERE `name` = 'zhuanrang_min' LIMIT 1   [ RunTime:0.0000s ]
SQL: SELECT * FROM `ysk_record` WHERE ( `in_uid` = '8806' OR `out_uid` = '8806' ) AND `record_status` = 6 AND `pipeitime` <= 1611377952  [ RunTime:0.0000s ]
SQL: SELECT * FROM `ysk_record` WHERE ( `in_uid` = '8806' OR `out_uid` = '8806' ) AND `record_status` = 7 AND `getmoney_time` <= 1611377952  [ RunTime:0.0000s ]
SQL: SHOW COLUMNS FROM `ysk_yuyue` [ RunTime:0.0039s ]
SQL: SELECT * FROM `ysk_yuyue` WHERE `status` = 1  [ RunTime:0.0000s ]
SQL: SELECT * FROM `ysk_record` WHERE `record_status` = 2 AND `is_chaoshi_lin` = 1  [ RunTime:0.0010s ]
SQL: SHOW COLUMNS FROM `ysk_user_scroll` [ RunTime:0.0049s ]
SQL: SELECT `id`,`uid`,`scroll_id` FROM `ysk_user_scroll` WHERE `overtime` <= 1611385152  [ RunTime:0.0000s ]
SQL: SHOW COLUMNS FROM `ysk_user_level` [ RunTime:0.0039s ]
SQL: SELECT * FROM `ysk_user_level` ORDER BY id asc  [ RunTime:0.0000s ]
SQL: SELECT `vip_grade` FROM `ysk_user_level` WHERE `id` = 0 LIMIT 1   [ RunTime:0.0000s ]
SQL: SELECT COUNT(*) AS tp_count FROM `ysk_user` WHERE `pid` = 8806 AND `vip_grade` = null LIMIT 1   [ RunTime:0.0010s ]
SQL: SELECT `total_active` FROM `ysk_user` WHERE `userid` = 8806 LIMIT 1   [ RunTime:0.0000s ]
SQL: SELECT `vip_grade` FROM `ysk_user` WHERE `userid` = 8806 LIMIT 1   [ RunTime:0.0000s ]
SQL: SELECT `vip_grade` FROM `ysk_user_level` WHERE `id` = 0 LIMIT 1   [ RunTime:0.0000s ]
SQL: SELECT COUNT(*) AS tp_count FROM `ysk_user` WHERE `pid` = 8806 AND `vip_grade` = null LIMIT 1   [ RunTime:0.0000s ]
SQL: SELECT `total_active` FROM `ysk_user` WHERE `userid` = 8806 LIMIT 1   [ RunTime:0.0010s ]
SQL: SELECT `vip_grade` FROM `ysk_user` WHERE `userid` = 8806 LIMIT 1   [ RunTime:0.0000s ]
SQL: SELECT `vip_grade` FROM `ysk_user_level` WHERE `id` = 0 LIMIT 1   [ RunTime:0.0000s ]
SQL: SELECT COUNT(*) AS tp_count FROM `ysk_user` WHERE `pid` = 8806 AND `vip_grade` = null LIMIT 1   [ RunTime:0.0010s ]
SQL: SELECT `total_active` FROM `ysk_user` WHERE `userid` = 8806 LIMIT 1   [ RunTime:0.0000s ]
SQL: SELECT `vip_grade` FROM `ysk_user` WHERE `userid` = 8806 LIMIT 1   [ RunTime:0.0010s ]
SQL: SELECT `vip_grade` FROM `ysk_user_level` WHERE `id` = 0 LIMIT 1   [ RunTime:0.0010s ]
SQL: SELECT COUNT(*) AS tp_count FROM `ysk_user` WHERE `pid` = 8806 AND `vip_grade` = null LIMIT 1   [ RunTime:0.0010s ]
SQL: SELECT `total_active` FROM `ysk_user` WHERE `userid` = 8806 LIMIT 1   [ RunTime:0.0000s ]
SQL: SELECT `vip_grade` FROM `ysk_user` WHERE `userid` = 8806 LIMIT 1   [ RunTime:0.0000s ]
SQL: SHOW COLUMNS FROM `ysk_deal` [ RunTime:0.0049s ]
SQL: SELECT * FROM `ysk_deal` WHERE `status` = 1 AND `expiration_time` <= 1611385152  [ RunTime:0.0000s ]
SQL: SELECT * FROM `ysk_deal` WHERE `status` = 2 AND `expiration_time` <= 1611385152  [ RunTime:0.0010s ]
SQL: SELECT `activate` FROM `ysk_user` WHERE ( userid = 8806 ) LIMIT 1   [ RunTime:0.0000s ]
SQL: SHOW COLUMNS FROM `ysk_scroll` [ RunTime:0.0049s ]
SQL: SELECT * FROM `ysk_scroll` WHERE `id` = 1 LIMIT 1   [ RunTime:0.0000s ]
SQL: SELECT `id` FROM `ysk_yuyue` WHERE `scroll_id` = 1 AND `uid` = 8806 AND `status` = 1 LIMIT 1   [ RunTime:0.0000s ]
SQL: SELECT `total_lingshi`,`is_real_name` FROM `ysk_user` WHERE `userid` = 8806 LIMIT 1   [ RunTime:0.0000s ]
SQL: SELECT * FROM `ysk_record` WHERE ( `record_price` >= '300' AND `record_price` <= '800'  ) AND `record_status` = 2 AND `out_uid` <> '8806' ORDER BY generate_time asc LIMIT 1   [ RunTime:0.0000s ]
NOTIC: [8] Undefined variable: today E:\xin12\shop\Home\Controller\IndexController.class.php 第 430 行.
SQL: SELECT COUNT(*) AS tp_count FROM `ysk_record` WHERE `in_uid` = 8806 AND `scroll_id` = 1 AND `generate_time` >= null LIMIT 1   [ RunTime:0.0010s ]
SQL: UPDATE `ysk_record` SET `profit_day`='3',`profit_value`='0.090000',`feed_consume`='1.00',`active_num`='6',`in_uid`='8806',`record_status`='6',`scroll_id`='1',`pipeitime`='1611385152',`title`='白羊座' WHERE `record_id` = 276 [ RunTime:0.0010s ]
SQL: UPDATE `ysk_user` SET `total_lingshi`=total_lingshi-6 WHERE ( userid=8806 ) [ RunTime:0.1260s ]
SQL: SHOW COLUMNS FROM `ysk_tranmoney` [ RunTime:0.0039s ]
SQL: INSERT INTO `ysk_tranmoney` (`pay_id`,`get_id`,`get_nums`,`get_type`,`get_time`,`now_nums`) VALUES ('8806','0','5.00','14','1611385152','91') [ RunTime:0.1123s ]
SQL: INSERT INTO `ysk_tranmoney` (`pay_id`,`get_id`,`get_nums`,`get_type`,`get_time`,`now_nums`) VALUES ('8806','0','1.00','19','1611385152','90') [ RunTime:0.0322s ]
SQL: SELECT COUNT(*) AS tp_count FROM `ysk_user` WHERE `pid` = 8806 AND `is_real_name` = 1 LIMIT 1   [ RunTime:0.0010s ]
SQL: SELECT SUM(get_nums) AS tp_sum FROM `ysk_tranmoney` WHERE `pay_id` = 8806 AND `get_type` IN ('13','14','19') LIMIT 1   [ RunTime:0.0010s ]
NOTIC: [8] Undefined variable: jifen E:\xin12\shop\Home\Common\function.php 第 60 行.
SQL: SELECT `total_tuiguang` FROM `ysk_user` WHERE `userid` = 8806 LIMIT 1   [ RunTime:0.0010s ]
SQL: SELECT * FROM `ysk_user_level` ORDER BY id desc  [ RunTime:0.0000s ]
NOTIC: [8] Undefined variable: save E:\xin12\shop\Home\Common\function.php 第 78 行.

[ 2021-01-23T14:59:14+08:00 ] 127.0.0.1 /Index/adoption.html
INFO: [ app_init ] --START--
INFO: Run Behavior\BuildLiteBehavior [ RunTime:0.000000s ]
INFO: [ app_init ] --END-- [ RunTime:0.000000s ]
INFO: [ app_begin ] --START--
INFO: Run Behavior\ReadHtmlCacheBehavior [ RunTime:0.000000s ]
INFO: Run Common\Behavior\CheckLangBehavior [ RunTime:0.000976s ]
INFO: [ app_begin ] --END-- [ RunTime:0.000976s ]
SQL: SHOW COLUMNS FROM `ysk_config` [ RunTime:0.0039s ]
SQL: SELECT `value`,`tip` FROM `ysk_config` WHERE `name` = 'TOGGLE_WEB_SITE' LIMIT 1   [ RunTime:0.0000s ]
SQL: SHOW COLUMNS FROM `ysk_user` [ RunTime:0.0049s ]
SQL: SHOW COLUMNS FROM `ysk_user` [ RunTime:0.0039s ]
SQL: SELECT `status`,`session_id` FROM `ysk_user` WHERE `userid` = 8806 LIMIT 1   [ RunTime:0.0010s ]
SQL: SELECT * FROM `ysk_user` WHERE ( activate = 0 )  [ RunTime:0.0010s ]
SQL: SHOW COLUMNS FROM `ysk_config` [ RunTime:0.0039s ]
SQL: SELECT `value` FROM `ysk_config` WHERE ( name='needjifen' ) LIMIT 1   [ RunTime:0.0000s ]
SQL: SHOW COLUMNS FROM `ysk_record` [ RunTime:0.0039s ]
SQL: SELECT * FROM `ysk_record` WHERE `in_uid` = 8806 AND `is_lin` = 0 AND `record_status` = 4  [ RunTime:0.0010s ]
SQL: SELECT `value` FROM `ysk_config` WHERE `name` = 'zhuanrang_max' LIMIT 1   [ RunTime:0.0010s ]
SQL: SELECT `value` FROM `ysk_config` WHERE `name` = 'zhuanrang_min' LIMIT 1   [ RunTime:0.0010s ]
SQL: SELECT * FROM `ysk_record` WHERE ( `in_uid` = '8806' OR `out_uid` = '8806' ) AND `record_status` = 6 AND `pipeitime` <= 1611377954  [ RunTime:0.0010s ]
SQL: SELECT * FROM `ysk_record` WHERE ( `in_uid` = '8806' OR `out_uid` = '8806' ) AND `record_status` = 7 AND `getmoney_time` <= 1611377954  [ RunTime:0.0010s ]
SQL: SHOW COLUMNS FROM `ysk_yuyue` [ RunTime:0.0029s ]
SQL: SELECT * FROM `ysk_yuyue` WHERE `status` = 1  [ RunTime:0.0000s ]
SQL: SELECT * FROM `ysk_record` WHERE `record_status` = 2 AND `is_chaoshi_lin` = 1  [ RunTime:0.0000s ]
SQL: SHOW COLUMNS FROM `ysk_user_scroll` [ RunTime:0.0039s ]
SQL: SELECT `id`,`uid`,`scroll_id` FROM `ysk_user_scroll` WHERE `overtime` <= 1611385154  [ RunTime:0.0000s ]
SQL: SHOW COLUMNS FROM `ysk_user_level` [ RunTime:0.0029s ]
SQL: SELECT * FROM `ysk_user_level` ORDER BY id asc  [ RunTime:0.0000s ]
SQL: SELECT `vip_grade` FROM `ysk_user_level` WHERE `id` = 0 LIMIT 1   [ RunTime:0.0000s ]
SQL: SELECT COUNT(*) AS tp_count FROM `ysk_user` WHERE `pid` = 8806 AND `vip_grade` = null LIMIT 1   [ RunTime:0.0010s ]
SQL: SELECT `total_active` FROM `ysk_user` WHERE `userid` = 8806 LIMIT 1   [ RunTime:0.0000s ]
SQL: SELECT `vip_grade` FROM `ysk_user` WHERE `userid` = 8806 LIMIT 1   [ RunTime:0.0000s ]
SQL: SELECT `vip_grade` FROM `ysk_user_level` WHERE `id` = 0 LIMIT 1   [ RunTime:0.0010s ]
SQL: SELECT COUNT(*) AS tp_count FROM `ysk_user` WHERE `pid` = 8806 AND `vip_grade` = null LIMIT 1   [ RunTime:0.0000s ]
SQL: SELECT `total_active` FROM `ysk_user` WHERE `userid` = 8806 LIMIT 1   [ RunTime:0.0000s ]
SQL: SELECT `vip_grade` FROM `ysk_user` WHERE `userid` = 8806 LIMIT 1   [ RunTime:0.0000s ]
SQL: SELECT `vip_grade` FROM `ysk_user_level` WHERE `id` = 0 LIMIT 1   [ RunTime:0.0000s ]
SQL: SELECT COUNT(*) AS tp_count FROM `ysk_user` WHERE `pid` = 8806 AND `vip_grade` = null LIMIT 1   [ RunTime:0.0010s ]
SQL: SELECT `total_active` FROM `ysk_user` WHERE `userid` = 8806 LIMIT 1   [ RunTime:0.0000s ]
SQL: SELECT `vip_grade` FROM `ysk_user` WHERE `userid` = 8806 LIMIT 1   [ RunTime:0.0000s ]
SQL: SELECT `vip_grade` FROM `ysk_user_level` WHERE `id` = 0 LIMIT 1   [ RunTime:0.0010s ]
SQL: SELECT COUNT(*) AS tp_count FROM `ysk_user` WHERE `pid` = 8806 AND `vip_grade` = null LIMIT 1   [ RunTime:0.0010s ]
SQL: SELECT `total_active` FROM `ysk_user` WHERE `userid` = 8806 LIMIT 1   [ RunTime:0.0000s ]
SQL: SELECT `vip_grade` FROM `ysk_user` WHERE `userid` = 8806 LIMIT 1   [ RunTime:0.0000s ]
SQL: SHOW COLUMNS FROM `ysk_deal` [ RunTime:0.0029s ]
SQL: SELECT * FROM `ysk_deal` WHERE `status` = 1 AND `expiration_time` <= 1611385154  [ RunTime:0.0010s ]
SQL: SELECT * FROM `ysk_deal` WHERE `status` = 2 AND `expiration_time` <= 1611385154  [ RunTime:0.0000s ]
SQL: SELECT * FROM `ysk_record` WHERE `in_uid` = 8806 AND `record_status` IN ('6','7','8') ORDER BY pipeitime desc  [ RunTime:0.0010s ]
SQL: SELECT `username` FROM `ysk_user` WHERE ( userid=8803 ) LIMIT 1   [ RunTime:0.0000s ]
SQL: SELECT * FROM `ysk_record` WHERE `in_uid` = 8806 AND `record_status` = 4 ORDER BY complete_time desc  [ RunTime:0.0000s ]
SQL: SELECT * FROM `ysk_record` WHERE `in_uid` = 8806 AND `record_status` = 9 ORDER BY getmoney_time desc  [ RunTime:0.0000s ]
INFO: [ view_parse ] --START--
INFO: [ template_filter ] --START--
INFO: Run Behavior\ContentReplaceBehavior [ RunTime:0.000976s ]
INFO: [ template_filter ] --END-- [ RunTime:0.000976s ]
NOTIC: [8] Use of undefined constant record_no - assumed 'record_no' E:\xin12\shop\Runtime\Cache\Home\238d8597655c9c88dcdce252825d43b1.php 第 55 行.
NOTIC: [8] Use of undefined constant title - assumed 'title' E:\xin12\shop\Runtime\Cache\Home\238d8597655c9c88dcdce252825d43b1.php 第 60 行.
NOTIC: [8] Use of undefined constant record_price - assumed 'record_price' E:\xin12\shop\Runtime\Cache\Home\238d8597655c9c88dcdce252825d43b1.php 第 64 行.
NOTIC: [8] Use of undefined constant profit_day - assumed 'profit_day' E:\xin12\shop\Runtime\Cache\Home\238d8597655c9c88dcdce252825d43b1.php 第 65 行.
NOTIC: [8] Use of undefined constant profit_value - assumed 'profit_value' E:\xin12\shop\Runtime\Cache\Home\238d8597655c9c88dcdce252825d43b1.php 第 65 行.
NOTIC: [8] Use of undefined constant out_username - assumed 'out_username' E:\xin12\shop\Runtime\Cache\Home\238d8597655c9c88dcdce252825d43b1.php 第 66 行.
NOTIC: [8] Undefined index: m E:\xin12\ThinkPHP\Common\functions.php 第 977 行.
INFO: Run Behavior\ParseTemplateBehavior [ RunTime:0.035157s ]
INFO: [ view_parse ] --END-- [ RunTime:0.035157s ]
INFO: [ view_filter ] --START--
INFO: Run Behavior\WriteHtmlCacheBehavior [ RunTime:0.000000s ]
INFO: [ view_filter ] --END-- [ RunTime:0.000000s ]
INFO: [ app_end ] --START--
INFO: Run Behavior\ShowPageTraceBehavior [ RunTime:0.000000s ]
INFO: [ app_end ] --END-- [ RunTime:0.000000s ]

