[ 2020-12-24T10:04:59+08:00 ] 127.0.0.1 /admin/
INFO: [ app_init ] --START--
INFO: Run Behavior\BuildLiteBehavior [ RunTime:0.000000s ]
INFO: [ app_init ] --END-- [ RunTime:0.000000s ]
INFO: [ app_begin ] --START--
INFO: Run Behavior\ReadHtmlCacheBehavior [ RunTime:0.000000s ]
INFO: Run Common\Behavior\CheckLangBehavior [ RunTime:0.001953s ]
INFO: [ app_begin ] --END-- [ RunTime:0.001953s ]
NOTIC: [8] Use of undefined constant MODEL_INSERT - assumed 'MODEL_INSERT' E:\xin12\ThinkPHP\Common\functions.php 第 588 行.
SQL: SHOW COLUMNS FROM `ysk_admin` [ RunTime:0.0166s ]
SQL: SHOW COLUMNS FROM `ysk_menu` [ RunTime:0.0186s ]
SQL: SELECT `pid`,`gid`,`name` FROM `ysk_menu` WHERE `col` = 'Index' AND `status` = 1 AND `level` = 2 LIMIT 1   [ RunTime:0.0049s ]
SQL: SELECT `name` FROM `ysk_menu` WHERE `id` = null LIMIT 1   [ RunTime:0.0000s ]
SQL: SELECT `name` FROM `ysk_menu` WHERE `id` = null LIMIT 1   [ RunTime:0.0000s ]
NOTIC: [8] Undefined index: gid E:\xin12\shop\Admin\Controller\AdminController.class.php 第 51 行.
SQL: SHOW COLUMNS FROM `ysk_admin` [ RunTime:0.0029s ]
SQL: SELECT `auth_id` FROM `ysk_admin` WHERE `id` = 5 LIMIT 1   [ RunTime:0.0000s ]
SQL: SELECT * FROM `ysk_menu` WHERE `status` = 1 AND `level` = 1 AND `gid` = 1 ORDER BY sort asc, id asc  [ RunTime:0.0000s ]
SQL: SELECT * FROM `ysk_menu` WHERE `status` = 1 AND `level` = 2 AND `gid` = 1 ORDER BY sort asc, id asc  [ RunTime:0.0000s ]
SQL: SELECT `auth_id` FROM `ysk_admin` WHERE `id` = 5 LIMIT 1   [ RunTime:0.0010s ]
SQL: SELECT * FROM `ysk_menu` WHERE `status` = 1 AND `level` = 0 ORDER BY sort asc, id asc  [ RunTime:0.0000s ]
SQL: SELECT `col`,`act` FROM `ysk_menu` WHERE `level` = 2 AND `gid` = 1 ORDER BY sort asc, id asc LIMIT 1   [ RunTime:0.0000s ]
SQL: SELECT COUNT(1) AS tp_count FROM `ysk_menu` WHERE `col` = 'Index' AND `act` = 'index' LIMIT 1   [ RunTime:0.0000s ]
SQL: SHOW COLUMNS FROM `ysk_user` [ RunTime:0.0342s ]
SQL: SELECT COUNT(1) AS tp_count FROM `ysk_user` LIMIT 1   [ RunTime:0.0010s ]
SQL: SELECT COUNT(1) AS tp_count FROM `ysk_user` WHERE ( reg_date BETWEEN 1608739200 AND 1608825600 ) LIMIT 1   [ RunTime:0.0000s ]
SQL: SHOW COLUMNS FROM `ysk_trading` [ RunTime:0.0176s ]
SQL: SHOW COLUMNS FROM `ysk_trading_free` [ RunTime:0.0166s ]
SQL: SELECT COUNT(1) AS tp_count FROM `ysk_trading` WHERE ( create_time BETWEEN 1608739200 AND 1608825600 ) LIMIT 1   [ RunTime:0.0000s ]
SQL: SELECT COUNT(1) AS tp_count FROM `ysk_trading` LIMIT 1   [ RunTime:0.0010s ]
SQL: SELECT COUNT(1) AS tp_count FROM `ysk_trading_free` WHERE ( create_time BETWEEN 1608739200 AND 1608825600 ) LIMIT 1   [ RunTime:0.0000s ]
SQL: SELECT COUNT(1) AS tp_count FROM `ysk_trading_free` LIMIT 1   [ RunTime:0.0000s ]
INFO: [ view_parse ] --START--
INFO: [ template_filter ] --START--
INFO: Run Behavior\ContentReplaceBehavior [ RunTime:0.000000s ]
INFO: [ template_filter ] --END-- [ RunTime:0.000976s ]
NOTIC: [8] Undefined variable: _user_auth E:\xin12\shop\Runtime\Cache\Admin\7278058fa3c501c35aba3e8d579773ef.php 第 70 行.
INFO: Run Behavior\ParseTemplateBehavior [ RunTime:0.027343s ]
INFO: [ view_parse ] --END-- [ RunTime:0.027343s ]
INFO: [ view_filter ] --START--
INFO: Run Behavior\WriteHtmlCacheBehavior [ RunTime:0.000977s ]
INFO: [ view_filter ] --END-- [ RunTime:0.000977s ]
INFO: [ app_end ] --START--
INFO: Run Behavior\ShowPageTraceBehavior [ RunTime:0.000000s ]
INFO: [ app_end ] --END-- [ RunTime:0.000000s ]

[ 2020-12-24T10:06:55+08:00 ] 127.0.0.1 /admin/User/index.html
INFO: [ app_init ] --START--
INFO: Run Behavior\BuildLiteBehavior [ RunTime:0.000000s ]
INFO: [ app_init ] --END-- [ RunTime:0.000000s ]
INFO: [ app_begin ] --START--
INFO: Run Behavior\ReadHtmlCacheBehavior [ RunTime:0.000976s ]
INFO: Run Common\Behavior\CheckLangBehavior [ RunTime:0.000977s ]
INFO: [ app_begin ] --END-- [ RunTime:0.001953s ]
NOTIC: [2] Declaration of Admin\Controller\UserController::setStatus($model = Admin\Controller\CONTROLLER_NAME) should be compatible with Admin\Controller\AdminController::setStatus($model = Admin\Controller\CONTROLLER_NAME, $script = false) E:\xin12\shop\Admin\Controller\UserController.class.php 第 10 行.
NOTIC: [8] Use of undefined constant MODEL_INSERT - assumed 'MODEL_INSERT' E:\xin12\ThinkPHP\Common\functions.php 第 588 行.
SQL: SHOW COLUMNS FROM `ysk_admin` [ RunTime:0.0049s ]
SQL: SHOW COLUMNS FROM `ysk_group` [ RunTime:0.0156s ]
SQL: SHOW COLUMNS FROM `ysk_menu` [ RunTime:0.0039s ]
SQL: SHOW COLUMNS FROM `ysk_admin` [ RunTime:0.0039s ]
SQL: SELECT `auth_id` FROM `ysk_admin` WHERE `id` = 5 LIMIT 1   [ RunTime:0.0000s ]
SQL: SELECT `pid`,`gid`,`name` FROM `ysk_menu` WHERE `col` = 'User' AND `status` = 1 AND `level` = 2 LIMIT 1   [ RunTime:0.0000s ]
SQL: SELECT `name` FROM `ysk_menu` WHERE `id` = 7 LIMIT 1   [ RunTime:0.0000s ]
SQL: SELECT `name` FROM `ysk_menu` WHERE `id` = 1 LIMIT 1   [ RunTime:0.0000s ]
SQL: SELECT `auth_id` FROM `ysk_admin` WHERE `id` = 5 LIMIT 1   [ RunTime:0.0000s ]
SQL: SELECT * FROM `ysk_menu` WHERE `status` = 1 AND `level` = 1 AND `gid` = 1 ORDER BY sort asc, id asc  [ RunTime:0.0010s ]
SQL: SELECT * FROM `ysk_menu` WHERE `status` = 1 AND `level` = 2 AND `gid` = 1 ORDER BY sort asc, id asc  [ RunTime:0.0010s ]
SQL: SELECT `auth_id` FROM `ysk_admin` WHERE `id` = 5 LIMIT 1   [ RunTime:0.0000s ]
SQL: SELECT * FROM `ysk_menu` WHERE `status` = 1 AND `level` = 0 ORDER BY sort asc, id asc  [ RunTime:0.0010s ]
SQL: SELECT `col`,`act` FROM `ysk_menu` WHERE `level` = 2 AND `gid` = 1 ORDER BY sort asc, id asc LIMIT 1   [ RunTime:0.0000s ]
SQL: SELECT COUNT(1) AS tp_count FROM `ysk_menu` WHERE `col` = 'User' AND `act` = 'index' LIMIT 1   [ RunTime:0.0010s ]
NOTIC: [8] Undefined variable: map E:\xin12\shop\Admin\Common\function.php 第 106 行.
NOTIC: [8] Undefined variable: level E:\xin12\shop\Admin\Controller\UserController.class.php 第 42 行.
SQL: SHOW COLUMNS FROM `ysk_user` [ RunTime:0.0049s ]
NOTIC: [2] Invalid argument supplied for foreach() E:\xin12\ThinkPHP\Library\Think\Db\Driver.class.php 第 504 行.
SQL: SELECT COUNT(*) AS tp_count FROM ysk_user a left JOIN ysk_store b on a.userid=b.uid  LIMIT 1   [ RunTime:0.0078s ]
NOTIC: [2] Invalid argument supplied for foreach() E:\xin12\ThinkPHP\Library\Think\Db\Driver.class.php 第 504 行.
SQL: SELECT a.userid,a.username,a.email,a.yinbi,a.account,a.mobile,a.reg_date,a.status,a.pid,a.total_lingshi,a.total_active,a.total_tuiguang FROM ysk_user a left JOIN ysk_store b on a.userid=b.uid  ORDER BY a.userid desc LIMIT 0,15   [ RunTime:0.0000s ]
SQL: SHOW COLUMNS FROM `ysk_store` [ RunTime:0.0049s ]
SQL: SELECT COUNT(*) AS tp_count FROM ysk_user a LIMIT 1   [ RunTime:0.0000s ]
SQL: SELECT SUM(cangku_num) AS tp_sum FROM `ysk_store` LIMIT 1   [ RunTime:0.0068s ]
SQL: SELECT SUM(fengmi_num) AS tp_sum FROM `ysk_store` LIMIT 1   [ RunTime:0.0010s ]
SQL: SELECT `auth_id` FROM `ysk_admin` WHERE `id` = 5 LIMIT 1   [ RunTime:0.0000s ]
INFO: [ view_parse ] --START--
INFO: [ template_filter ] --START--
INFO: Run Behavior\ContentReplaceBehavior [ RunTime:0.000977s ]
INFO: [ template_filter ] --END-- [ RunTime:0.000977s ]
NOTIC: [8] Undefined variable: meta_title E:\xin12\shop\Runtime\Cache\Admin\9a111d1ff7e1d627679d543589aa53f1.php 第 5 行.
NOTIC: [8] Undefined variable: _user_auth E:\xin12\shop\Runtime\Cache\Admin\9a111d1ff7e1d627679d543589aa53f1.php 第 78 行.
NOTIC: [8] Undefined index: date_start E:\xin12\shop\Runtime\Cache\Admin\9a111d1ff7e1d627679d543589aa53f1.php 第 159 行.
NOTIC: [8] Undefined index: date_end E:\xin12\shop\Runtime\Cache\Admin\9a111d1ff7e1d627679d543589aa53f1.php 第 162 行.
NOTIC: [8] Undefined index: keyword E:\xin12\shop\Runtime\Cache\Admin\9a111d1ff7e1d627679d543589aa53f1.php 第 175 行.
SQL: SHOW COLUMNS FROM `ysk_user` [ RunTime:0.0049s ]
SQL: SELECT `account` FROM `ysk_user` WHERE ( userid =8803 ) LIMIT 1   [ RunTime:0.0010s ]
SQL: SHOW COLUMNS FROM `ysk_user` [ RunTime:0.0049s ]
SQL: SELECT COUNT(1) AS tp_count FROM `ysk_user` WHERE `pid` = 8804 AND `is_real_name` = 1 LIMIT 1   [ RunTime:0.0010s ]
NOTIC: [8] Use of undefined constant forbid - assumed 'forbid' E:\xin12\shop\Runtime\Cache\Admin\9a111d1ff7e1d627679d543589aa53f1.php 第 260 行.
SQL: SELECT `account` FROM `ysk_user` WHERE ( userid =8802 ) LIMIT 1   [ RunTime:0.0000s ]
SQL: SELECT COUNT(1) AS tp_count FROM `ysk_user` WHERE `pid` = 8803 AND `is_real_name` = 1 LIMIT 1   [ RunTime:0.0000s ]
NOTIC: [8] Use of undefined constant forbid - assumed 'forbid' E:\xin12\shop\Runtime\Cache\Admin\9a111d1ff7e1d627679d543589aa53f1.php 第 260 行.
INFO: Run Behavior\ParseTemplateBehavior [ RunTime:0.031250s ]
INFO: [ view_parse ] --END-- [ RunTime:0.031250s ]
INFO: [ view_filter ] --START--
INFO: Run Behavior\WriteHtmlCacheBehavior [ RunTime:0.000976s ]
INFO: [ view_filter ] --END-- [ RunTime:0.000976s ]
INFO: [ app_end ] --START--
INFO: Run Behavior\ShowPageTraceBehavior [ RunTime:0.000000s ]
INFO: [ app_end ] --END-- [ RunTime:0.000000s ]

[ 2020-12-24T10:06:58+08:00 ] 127.0.0.1 /admin/User/userlogin/userid/8803.html
INFO: [ app_init ] --START--
INFO: Run Behavior\BuildLiteBehavior [ RunTime:0.000000s ]
INFO: [ app_init ] --END-- [ RunTime:0.000000s ]
INFO: [ app_begin ] --START--
INFO: Run Behavior\ReadHtmlCacheBehavior [ RunTime:0.000000s ]
INFO: Run Common\Behavior\CheckLangBehavior [ RunTime:0.001953s ]
INFO: [ app_begin ] --END-- [ RunTime:0.001953s ]
NOTIC: [2] Declaration of Admin\Controller\UserController::setStatus($model = Admin\Controller\CONTROLLER_NAME) should be compatible with Admin\Controller\AdminController::setStatus($model = Admin\Controller\CONTROLLER_NAME, $script = false) E:\xin12\shop\Admin\Controller\UserController.class.php 第 10 行.
NOTIC: [8] Use of undefined constant MODEL_INSERT - assumed 'MODEL_INSERT' E:\xin12\ThinkPHP\Common\functions.php 第 588 行.
SQL: SHOW COLUMNS FROM `ysk_admin` [ RunTime:0.0029s ]
SQL: SHOW COLUMNS FROM `ysk_group` [ RunTime:0.0039s ]
SQL: SHOW COLUMNS FROM `ysk_menu` [ RunTime:0.0039s ]
SQL: SHOW COLUMNS FROM `ysk_admin` [ RunTime:0.0029s ]
SQL: SELECT `auth_id` FROM `ysk_admin` WHERE `id` = 5 LIMIT 1   [ RunTime:0.0010s ]
SQL: SELECT `pid`,`gid`,`name` FROM `ysk_menu` WHERE `col` = 'User' AND `status` = 1 AND `level` = 2 LIMIT 1   [ RunTime:0.0000s ]
SQL: SELECT `name` FROM `ysk_menu` WHERE `id` = 7 LIMIT 1   [ RunTime:0.0000s ]
SQL: SELECT `name` FROM `ysk_menu` WHERE `id` = 1 LIMIT 1   [ RunTime:0.0000s ]
SQL: SELECT `auth_id` FROM `ysk_admin` WHERE `id` = 5 LIMIT 1   [ RunTime:0.0000s ]
SQL: SELECT * FROM `ysk_menu` WHERE `status` = 1 AND `level` = 1 AND `gid` = 1 ORDER BY sort asc, id asc  [ RunTime:0.0000s ]
SQL: SELECT * FROM `ysk_menu` WHERE `status` = 1 AND `level` = 2 AND `gid` = 1 ORDER BY sort asc, id asc  [ RunTime:0.0010s ]
SQL: SELECT `auth_id` FROM `ysk_admin` WHERE `id` = 5 LIMIT 1   [ RunTime:0.0000s ]
SQL: SELECT * FROM `ysk_menu` WHERE `status` = 1 AND `level` = 0 ORDER BY sort asc, id asc  [ RunTime:0.0000s ]
SQL: SELECT `col`,`act` FROM `ysk_menu` WHERE `level` = 2 AND `gid` = 1 ORDER BY sort asc, id asc LIMIT 1   [ RunTime:0.0010s ]
SQL: SELECT COUNT(1) AS tp_count FROM `ysk_menu` WHERE `col` = 'User' AND `act` = 'userlogin' LIMIT 1   [ RunTime:0.0000s ]
SQL: SHOW COLUMNS FROM `ysk_user` [ RunTime:0.0039s ]
SQL: SELECT * FROM `ysk_user` WHERE `userid` = 8803 LIMIT 1   [ RunTime:0.0000s ]

[ 2020-12-24T17:03:05+08:00 ] 127.0.0.1 /admin/Config/group.html
INFO: [ app_init ] --START--
INFO: Run Behavior\BuildLiteBehavior [ RunTime:0.000000s ]
INFO: [ app_init ] --END-- [ RunTime:0.000000s ]
INFO: [ app_begin ] --START--
INFO: Run Behavior\ReadHtmlCacheBehavior [ RunTime:0.000977s ]
INFO: Run Common\Behavior\CheckLangBehavior [ RunTime:0.000976s ]
INFO: [ app_begin ] --END-- [ RunTime:0.001953s ]
NOTIC: [8] Use of undefined constant MODEL_INSERT - assumed 'MODEL_INSERT' E:\xin12\ThinkPHP\Common\functions.php 第 588 行.
SQL: SHOW COLUMNS FROM `ysk_admin` [ RunTime:0.0059s ]
SQL: SHOW COLUMNS FROM `ysk_group` [ RunTime:0.0059s ]
SQL: SHOW COLUMNS FROM `ysk_menu` [ RunTime:0.0049s ]
SQL: SHOW COLUMNS FROM `ysk_admin` [ RunTime:0.0039s ]
SQL: SELECT `auth_id` FROM `ysk_admin` WHERE `id` = 5 LIMIT 1   [ RunTime:0.0000s ]
SQL: SELECT `pid`,`gid`,`name` FROM `ysk_menu` WHERE `col` = 'Config' AND `status` = 1 AND `level` = 2 LIMIT 1   [ RunTime:0.0000s ]
SQL: SELECT `name` FROM `ysk_menu` WHERE `id` = 3 LIMIT 1   [ RunTime:0.0000s ]
SQL: SELECT `name` FROM `ysk_menu` WHERE `id` = 1 LIMIT 1   [ RunTime:0.0000s ]
SQL: SELECT `auth_id` FROM `ysk_admin` WHERE `id` = 5 LIMIT 1   [ RunTime:0.0000s ]
SQL: SELECT * FROM `ysk_menu` WHERE `status` = 1 AND `level` = 1 AND `gid` = 1 ORDER BY sort asc, id asc  [ RunTime:0.0000s ]
SQL: SELECT * FROM `ysk_menu` WHERE `status` = 1 AND `level` = 2 AND `gid` = 1 ORDER BY sort asc, id asc  [ RunTime:0.0000s ]
SQL: SELECT `auth_id` FROM `ysk_admin` WHERE `id` = 5 LIMIT 1   [ RunTime:0.0010s ]
SQL: SELECT * FROM `ysk_menu` WHERE `status` = 1 AND `level` = 0 ORDER BY sort asc, id asc  [ RunTime:0.0000s ]
SQL: SELECT `col`,`act` FROM `ysk_menu` WHERE `level` = 2 AND `gid` = 1 ORDER BY sort asc, id asc LIMIT 1   [ RunTime:0.0010s ]
SQL: SELECT COUNT(1) AS tp_count FROM `ysk_menu` WHERE `col` = 'Config' AND `act` = 'group' LIMIT 1   [ RunTime:0.0000s ]
SQL: SHOW COLUMNS FROM `ysk_config` [ RunTime:0.0049s ]
SQL: SELECT `name`,`value`,`tip`,`type` FROM `ysk_config` WHERE `group` = 3 AND `status` = 1  [ RunTime:0.0010s ]
INFO: [ view_parse ] --START--
INFO: [ template_filter ] --START--
INFO: Run Behavior\ContentReplaceBehavior [ RunTime:0.000000s ]
INFO: [ template_filter ] --END-- [ RunTime:0.000000s ]
NOTIC: [8] Undefined variable: meta_title E:\xin12\shop\Runtime\Cache\Admin\9643c643c1493472e2df91d955008522.php 第 5 行.
NOTIC: [8] Undefined variable: _user_auth E:\xin12\shop\Runtime\Cache\Admin\9643c643c1493472e2df91d955008522.php 第 73 行.
INFO: Run Behavior\ParseTemplateBehavior [ RunTime:0.031250s ]
INFO: [ view_parse ] --END-- [ RunTime:0.031250s ]
INFO: [ view_filter ] --START--
INFO: Run Behavior\WriteHtmlCacheBehavior [ RunTime:0.000000s ]
INFO: [ view_filter ] --END-- [ RunTime:0.000000s ]
INFO: [ app_end ] --START--
INFO: Run Behavior\ShowPageTraceBehavior [ RunTime:0.000976s ]
INFO: [ app_end ] --END-- [ RunTime:0.000976s ]

[ 2020-12-24T17:03:06+08:00 ] 127.0.0.1 /admin/Config/group2/group/1.html
INFO: [ app_init ] --START--
INFO: Run Behavior\BuildLiteBehavior [ RunTime:0.000000s ]
INFO: [ app_init ] --END-- [ RunTime:0.000000s ]
INFO: [ app_begin ] --START--
INFO: Run Behavior\ReadHtmlCacheBehavior [ RunTime:0.000977s ]
INFO: Run Common\Behavior\CheckLangBehavior [ RunTime:0.001953s ]
INFO: [ app_begin ] --END-- [ RunTime:0.002930s ]
NOTIC: [8] Use of undefined constant MODEL_INSERT - assumed 'MODEL_INSERT' E:\xin12\ThinkPHP\Common\functions.php 第 588 行.
SQL: SHOW COLUMNS FROM `ysk_admin` [ RunTime:0.0049s ]
SQL: SHOW COLUMNS FROM `ysk_group` [ RunTime:0.0059s ]
SQL: SHOW COLUMNS FROM `ysk_menu` [ RunTime:0.0049s ]
SQL: SHOW COLUMNS FROM `ysk_admin` [ RunTime:0.0049s ]
SQL: SELECT `auth_id` FROM `ysk_admin` WHERE `id` = 5 LIMIT 1   [ RunTime:0.0000s ]
SQL: SELECT `pid`,`gid`,`name` FROM `ysk_menu` WHERE `col` = 'Config' AND `status` = 1 AND `level` = 2 LIMIT 1   [ RunTime:0.0010s ]
SQL: SELECT `name` FROM `ysk_menu` WHERE `id` = 3 LIMIT 1   [ RunTime:0.0000s ]
SQL: SELECT `name` FROM `ysk_menu` WHERE `id` = 1 LIMIT 1   [ RunTime:0.0000s ]
SQL: SELECT `auth_id` FROM `ysk_admin` WHERE `id` = 5 LIMIT 1   [ RunTime:0.0010s ]
SQL: SELECT * FROM `ysk_menu` WHERE `status` = 1 AND `level` = 1 AND `gid` = 1 ORDER BY sort asc, id asc  [ RunTime:0.0000s ]
SQL: SELECT * FROM `ysk_menu` WHERE `status` = 1 AND `level` = 2 AND `gid` = 1 ORDER BY sort asc, id asc  [ RunTime:0.0010s ]
SQL: SELECT `auth_id` FROM `ysk_admin` WHERE `id` = 5 LIMIT 1   [ RunTime:0.0000s ]
SQL: SELECT * FROM `ysk_menu` WHERE `status` = 1 AND `level` = 0 ORDER BY sort asc, id asc  [ RunTime:0.0010s ]
SQL: SELECT `col`,`act` FROM `ysk_menu` WHERE `level` = 2 AND `gid` = 1 ORDER BY sort asc, id asc LIMIT 1   [ RunTime:0.0000s ]
SQL: SELECT COUNT(1) AS tp_count FROM `ysk_menu` WHERE `col` = 'Config' AND `act` = 'group2' LIMIT 1   [ RunTime:0.0000s ]
SQL: SHOW COLUMNS FROM `ysk_config` [ RunTime:0.0059s ]
SQL: SELECT `value` FROM `ysk_config` WHERE ( name='zhuanrang_min' ) LIMIT 1   [ RunTime:0.0000s ]
SQL: SELECT `value` FROM `ysk_config` WHERE ( name='zhuanrang_max' ) LIMIT 1   [ RunTime:0.0000s ]
SQL: SELECT `value` FROM `ysk_config` WHERE ( name='tzhuanrang_min' ) LIMIT 1   [ RunTime:0.0000s ]
SQL: SELECT `value` FROM `ysk_config` WHERE ( name='tzhuanrang_max' ) LIMIT 1   [ RunTime:0.0010s ]
SQL: SELECT `value` FROM `ysk_config` WHERE ( name='rens' ) LIMIT 1   [ RunTime:0.0000s ]
SQL: SELECT `value` FROM `ysk_config` WHERE ( name='b_drills' ) LIMIT 1   [ RunTime:0.0000s ]
SQL: SELECT `value` FROM `ysk_config` WHERE ( name='b_num' ) LIMIT 1   [ RunTime:0.0010s ]
SQL: SELECT `value` FROM `ysk_config` WHERE ( name='g_drills' ) LIMIT 1   [ RunTime:0.0000s ]
SQL: SELECT `value` FROM `ysk_config` WHERE ( name='g_num' ) LIMIT 1   [ RunTime:0.0000s ]
SQL: SELECT `value` FROM `ysk_config` WHERE ( name='false_user' ) LIMIT 1   [ RunTime:0.0000s ]
SQL: SELECT `value` FROM `ysk_config` WHERE ( name='add_user' ) LIMIT 1   [ RunTime:0.0010s ]
SQL: SELECT `value` FROM `ysk_config` WHERE ( name='min_balance' ) LIMIT 1   [ RunTime:0.0000s ]
SQL: SELECT `status` FROM `ysk_config` WHERE ( name='min_balance' ) LIMIT 1   [ RunTime:0.0000s ]
INFO: [ view_parse ] --START--
INFO: [ template_filter ] --START--
INFO: Run Behavior\ContentReplaceBehavior [ RunTime:0.000000s ]
INFO: [ template_filter ] --END-- [ RunTime:0.000000s ]
NOTIC: [8] Undefined variable: meta_title E:\xin12\shop\Runtime\Cache\Admin\29a12b21c8ce3b06807715987849d374.php 第 5 行.
NOTIC: [8] Undefined variable: _user_auth E:\xin12\shop\Runtime\Cache\Admin\29a12b21c8ce3b06807715987849d374.php 第 73 行.
INFO: Run Behavior\ParseTemplateBehavior [ RunTime:0.023437s ]
INFO: [ view_parse ] --END-- [ RunTime:0.023437s ]
INFO: [ view_filter ] --START--
INFO: Run Behavior\WriteHtmlCacheBehavior [ RunTime:0.000977s ]
INFO: [ view_filter ] --END-- [ RunTime:0.000977s ]
INFO: [ app_end ] --START--
INFO: Run Behavior\ShowPageTraceBehavior [ RunTime:0.000976s ]
INFO: [ app_end ] --END-- [ RunTime:0.000976s ]

