[ 2021-01-07T09:54:35+08:00 ] 127.0.0.1 /admin
INFO: [ app_init ] --START--
INFO: Run Behavior\BuildLiteBehavior [ RunTime:0.000000s ]
INFO: [ app_init ] --END-- [ RunTime:0.000000s ]
INFO: [ app_begin ] --START--
INFO: Run Behavior\ReadHtmlCacheBehavior [ RunTime:0.001001s ]
INFO: Run Common\Behavior\CheckLangBehavior [ RunTime:0.002000s ]
INFO: [ app_begin ] --END-- [ RunTime:0.003001s ]
NOTIC: [8] Use of undefined constant MODEL_INSERT - assumed 'MODEL_INSERT' F:\web\12xin\ThinkPHP\Common\functions.php 第 588 行.
SQL: SHOW COLUMNS FROM `ysk_admin` [ RunTime:0.0060s ]

[ 2021-01-07T09:54:35+08:00 ] 127.0.0.1 /admin/Pubss/login.html
INFO: [ app_init ] --START--
INFO: Run Behavior\BuildLiteBehavior [ RunTime:0.000000s ]
INFO: [ app_init ] --END-- [ RunTime:0.001000s ]
INFO: [ app_begin ] --START--
INFO: Run Behavior\ReadHtmlCacheBehavior [ RunTime:0.000000s ]
INFO: Run Common\Behavior\CheckLangBehavior [ RunTime:0.001000s ]
INFO: [ app_begin ] --END-- [ RunTime:0.002000s ]
INFO: [ view_parse ] --START--
INFO: [ template_filter ] --START--
INFO: Run Behavior\ContentReplaceBehavior [ RunTime:0.000000s ]
INFO: [ template_filter ] --END-- [ RunTime:0.000000s ]
INFO: Run Behavior\ParseTemplateBehavior [ RunTime:0.011001s ]
INFO: [ view_parse ] --END-- [ RunTime:0.011001s ]
INFO: [ view_filter ] --START--
INFO: Run Behavior\WriteHtmlCacheBehavior [ RunTime:0.001000s ]
INFO: [ view_filter ] --END-- [ RunTime:0.001000s ]
INFO: [ app_end ] --START--
INFO: Run Behavior\ShowPageTraceBehavior [ RunTime:0.001000s ]
INFO: [ app_end ] --END-- [ RunTime:0.001000s ]

[ 2021-01-07T09:54:39+08:00 ] 127.0.0.1 /admin/pubss/login.html
INFO: [ app_init ] --START--
INFO: Run Behavior\BuildLiteBehavior [ RunTime:0.000000s ]
INFO: [ app_init ] --END-- [ RunTime:0.000000s ]
INFO: [ app_begin ] --START--
INFO: Run Behavior\ReadHtmlCacheBehavior [ RunTime:0.001000s ]
INFO: Run Common\Behavior\CheckLangBehavior [ RunTime:0.001001s ]
INFO: [ app_begin ] --END-- [ RunTime:0.002001s ]
NOTIC: [8] Use of undefined constant MODEL_INSERT - assumed 'MODEL_INSERT' F:\web\12xin\ThinkPHP\Common\functions.php 第 588 行.
SQL: SHOW COLUMNS FROM `ysk_admin` [ RunTime:0.0040s ]
SQL: SELECT * FROM `ysk_admin` WHERE `username` = 'admin' AND `status` = 1 LIMIT 1   [ RunTime:0.0010s ]
NOTIC: [8] Undefined index: avatar F:\web\12xin\shop\Admin\Model\ManageModel.class.php 第 87 行.
SQL: SHOW COLUMNS FROM `ysk_upload` [ RunTime:0.0420s ]
NOTIC: [8] Undefined index: email F:\web\12xin\shop\Admin\Model\ManageModel.class.php 第 90 行.

[ 2021-01-07T09:54:43+08:00 ] 127.0.0.1 /admin/pubss/login.html
INFO: [ app_init ] --START--
INFO: Run Behavior\BuildLiteBehavior [ RunTime:0.001000s ]
INFO: [ app_init ] --END-- [ RunTime:0.001000s ]
INFO: [ app_begin ] --START--
INFO: Run Behavior\ReadHtmlCacheBehavior [ RunTime:0.000000s ]
INFO: Run Common\Behavior\CheckLangBehavior [ RunTime:0.002000s ]
INFO: [ app_begin ] --END-- [ RunTime:0.002000s ]
NOTIC: [8] Use of undefined constant MODEL_INSERT - assumed 'MODEL_INSERT' F:\web\12xin\ThinkPHP\Common\functions.php 第 588 行.
SQL: SHOW COLUMNS FROM `ysk_admin` [ RunTime:0.0040s ]
SQL: SELECT * FROM `ysk_admin` WHERE `username` = 'admin' AND `status` = 1 LIMIT 1   [ RunTime:0.0000s ]
NOTIC: [8] Undefined index: avatar F:\web\12xin\shop\Admin\Model\ManageModel.class.php 第 87 行.
SQL: SHOW COLUMNS FROM `ysk_upload` [ RunTime:0.0040s ]
NOTIC: [8] Undefined index: email F:\web\12xin\shop\Admin\Model\ManageModel.class.php 第 90 行.
SQL: SHOW COLUMNS FROM `ysk_group` [ RunTime:0.0060s ]
SQL: SELECT * FROM `ysk_group` WHERE `id` = 1 LIMIT 1   [ RunTime:0.0010s ]
NOTIC: [8] Undefined index: avatar F:\web\12xin\shop\Admin\Model\ManageModel.class.php 第 185 行.

[ 2021-01-07T09:54:53+08:00 ] 127.0.0.1 /admin/Index/index.html
INFO: [ app_init ] --START--
INFO: Run Behavior\BuildLiteBehavior [ RunTime:0.000000s ]
INFO: [ app_init ] --END-- [ RunTime:0.000000s ]
INFO: [ app_begin ] --START--
INFO: Run Behavior\ReadHtmlCacheBehavior [ RunTime:0.001000s ]
INFO: Run Common\Behavior\CheckLangBehavior [ RunTime:0.001001s ]
INFO: [ app_begin ] --END-- [ RunTime:0.002001s ]
NOTIC: [8] Use of undefined constant MODEL_INSERT - assumed 'MODEL_INSERT' F:\web\12xin\ThinkPHP\Common\functions.php 第 588 行.
SQL: SHOW COLUMNS FROM `ysk_admin` [ RunTime:0.0050s ]
SQL: SHOW COLUMNS FROM `ysk_menu` [ RunTime:0.0070s ]
SQL: SELECT `pid`,`gid`,`name` FROM `ysk_menu` WHERE `col` = 'Index' AND `status` = 1 AND `level` = 2 LIMIT 1   [ RunTime:0.0010s ]
SQL: SELECT `name` FROM `ysk_menu` WHERE `id` = null LIMIT 1   [ RunTime:0.0000s ]
SQL: SELECT `name` FROM `ysk_menu` WHERE `id` = null LIMIT 1   [ RunTime:0.0010s ]
NOTIC: [8] Undefined index: gid F:\web\12xin\shop\Admin\Controller\AdminController.class.php 第 51 行.
SQL: SHOW COLUMNS FROM `ysk_admin` [ RunTime:0.0040s ]
SQL: SELECT `auth_id` FROM `ysk_admin` WHERE `id` = 5 LIMIT 1   [ RunTime:0.0000s ]
SQL: SELECT * FROM `ysk_menu` WHERE `status` = 1 AND `level` = 1 AND `gid` = 1 ORDER BY sort asc, id asc  [ RunTime:0.0010s ]
SQL: SELECT * FROM `ysk_menu` WHERE `status` = 1 AND `level` = 2 AND `gid` = 1 ORDER BY sort asc, id asc  [ RunTime:0.0000s ]
SQL: SELECT `auth_id` FROM `ysk_admin` WHERE `id` = 5 LIMIT 1   [ RunTime:0.0010s ]
SQL: SELECT * FROM `ysk_menu` WHERE `status` = 1 AND `level` = 0 ORDER BY sort asc, id asc  [ RunTime:0.0000s ]
SQL: SELECT `col`,`act` FROM `ysk_menu` WHERE `level` = 2 AND `gid` = 1 ORDER BY sort asc, id asc LIMIT 1   [ RunTime:0.0010s ]
SQL: SELECT COUNT(1) AS tp_count FROM `ysk_menu` WHERE `col` = 'Index' AND `act` = 'index' LIMIT 1   [ RunTime:0.0000s ]
SQL: SHOW COLUMNS FROM `ysk_user` [ RunTime:0.0060s ]
SQL: SELECT COUNT(1) AS tp_count FROM `ysk_user` LIMIT 1   [ RunTime:0.0000s ]
SQL: SELECT COUNT(1) AS tp_count FROM `ysk_user` WHERE ( reg_date BETWEEN 1609948800 AND 1610035200 ) LIMIT 1   [ RunTime:0.0010s ]
SQL: SHOW COLUMNS FROM `ysk_trading` [ RunTime:0.0070s ]
SQL: SHOW COLUMNS FROM `ysk_trading_free` [ RunTime:0.0060s ]
SQL: SELECT COUNT(1) AS tp_count FROM `ysk_trading` WHERE ( create_time BETWEEN 1609948800 AND 1610035200 ) LIMIT 1   [ RunTime:0.0010s ]
SQL: SELECT COUNT(1) AS tp_count FROM `ysk_trading` LIMIT 1   [ RunTime:0.0000s ]
SQL: SELECT COUNT(1) AS tp_count FROM `ysk_trading_free` WHERE ( create_time BETWEEN 1609948800 AND 1610035200 ) LIMIT 1   [ RunTime:0.0000s ]
SQL: SELECT COUNT(1) AS tp_count FROM `ysk_trading_free` LIMIT 1   [ RunTime:0.0000s ]
INFO: [ view_parse ] --START--
INFO: [ template_filter ] --START--
INFO: Run Behavior\ContentReplaceBehavior [ RunTime:0.000000s ]
INFO: [ template_filter ] --END-- [ RunTime:0.000000s ]
NOTIC: [8] Undefined variable: _user_auth F:\web\12xin\shop\Runtime\Cache\Admin\7278058fa3c501c35aba3e8d579773ef.php 第 70 行.
INFO: Run Behavior\ParseTemplateBehavior [ RunTime:0.016001s ]
INFO: [ view_parse ] --END-- [ RunTime:0.016001s ]
INFO: [ view_filter ] --START--
INFO: Run Behavior\WriteHtmlCacheBehavior [ RunTime:0.000000s ]
INFO: [ view_filter ] --END-- [ RunTime:0.000000s ]
INFO: [ app_end ] --START--
INFO: Run Behavior\ShowPageTraceBehavior [ RunTime:0.001000s ]
INFO: [ app_end ] --END-- [ RunTime:0.001000s ]

[ 2021-01-07T09:54:57+08:00 ] 127.0.0.1 /admin/User/index.html
INFO: [ app_init ] --START--
INFO: Run Behavior\BuildLiteBehavior [ RunTime:0.000000s ]
INFO: [ app_init ] --END-- [ RunTime:0.000000s ]
INFO: [ app_begin ] --START--
INFO: Run Behavior\ReadHtmlCacheBehavior [ RunTime:0.001000s ]
INFO: Run Common\Behavior\CheckLangBehavior [ RunTime:0.001000s ]
INFO: [ app_begin ] --END-- [ RunTime:0.002000s ]
NOTIC: [2048] Declaration of Admin\Controller\UserController::setStatus() should be compatible with Admin\Controller\AdminController::setStatus($model = Admin\Controller\CONTROLLER_NAME, $script = false) F:\web\12xin\shop\Admin\Controller\UserController.class.php 第 11 行.
NOTIC: [8] Use of undefined constant MODEL_INSERT - assumed 'MODEL_INSERT' F:\web\12xin\ThinkPHP\Common\functions.php 第 588 行.
SQL: SHOW COLUMNS FROM `ysk_admin` [ RunTime:0.0050s ]
SQL: SHOW COLUMNS FROM `ysk_group` [ RunTime:0.0040s ]
SQL: SHOW COLUMNS FROM `ysk_menu` [ RunTime:0.0060s ]
SQL: SHOW COLUMNS FROM `ysk_admin` [ RunTime:0.0040s ]
SQL: SELECT `auth_id` FROM `ysk_admin` WHERE `id` = 5 LIMIT 1   [ RunTime:0.0000s ]
SQL: SELECT `pid`,`gid`,`name` FROM `ysk_menu` WHERE `col` = 'User' AND `status` = 1 AND `level` = 2 LIMIT 1   [ RunTime:0.0000s ]
SQL: SELECT `name` FROM `ysk_menu` WHERE `id` = 7 LIMIT 1   [ RunTime:0.0000s ]
SQL: SELECT `name` FROM `ysk_menu` WHERE `id` = 1 LIMIT 1   [ RunTime:0.0000s ]
SQL: SELECT `auth_id` FROM `ysk_admin` WHERE `id` = 5 LIMIT 1   [ RunTime:0.0010s ]
SQL: SELECT * FROM `ysk_menu` WHERE `status` = 1 AND `level` = 1 AND `gid` = 1 ORDER BY sort asc, id asc  [ RunTime:0.0010s ]
SQL: SELECT * FROM `ysk_menu` WHERE `status` = 1 AND `level` = 2 AND `gid` = 1 ORDER BY sort asc, id asc  [ RunTime:0.0010s ]
SQL: SELECT `auth_id` FROM `ysk_admin` WHERE `id` = 5 LIMIT 1   [ RunTime:0.0010s ]
SQL: SELECT * FROM `ysk_menu` WHERE `status` = 1 AND `level` = 0 ORDER BY sort asc, id asc  [ RunTime:0.0000s ]
SQL: SELECT `col`,`act` FROM `ysk_menu` WHERE `level` = 2 AND `gid` = 1 ORDER BY sort asc, id asc LIMIT 1   [ RunTime:0.0010s ]
SQL: SELECT COUNT(1) AS tp_count FROM `ysk_menu` WHERE `col` = 'User' AND `act` = 'index' LIMIT 1   [ RunTime:0.0010s ]
NOTIC: [8] Undefined variable: map F:\web\12xin\shop\Admin\Common\function.php 第 107 行.
NOTIC: [8] Undefined variable: level F:\web\12xin\shop\Admin\Controller\UserController.class.php 第 42 行.
SQL: SHOW COLUMNS FROM `ysk_user` [ RunTime:0.0070s ]
NOTIC: [2] Invalid argument supplied for foreach() F:\web\12xin\ThinkPHP\Library\Think\Db\Driver.class.php 第 504 行.
SQL: SELECT COUNT(*) AS tp_count FROM ysk_user a left JOIN ysk_store b on a.userid=b.uid  LIMIT 1   [ RunTime:0.0030s ]
NOTIC: [2] Invalid argument supplied for foreach() F:\web\12xin\ThinkPHP\Library\Think\Db\Driver.class.php 第 504 行.
SQL: SELECT a.userid,a.username,a.email,a.yinbi,a.account,a.mobile,a.reg_date,a.status,a.pid,a.total_lingshi,a.total_active,a.total_tuiguang FROM ysk_user a left JOIN ysk_store b on a.userid=b.uid  ORDER BY a.userid desc LIMIT 0,15   [ RunTime:0.0010s ]
SQL: SHOW COLUMNS FROM `ysk_store` [ RunTime:0.0060s ]
SQL: SELECT COUNT(*) AS tp_count FROM ysk_user a LIMIT 1   [ RunTime:0.0000s ]
SQL: SELECT SUM(cangku_num) AS tp_sum FROM `ysk_store` LIMIT 1   [ RunTime:0.0010s ]
SQL: SELECT SUM(fengmi_num) AS tp_sum FROM `ysk_store` LIMIT 1   [ RunTime:0.0000s ]
SQL: SELECT `auth_id` FROM `ysk_admin` WHERE `id` = 5 LIMIT 1   [ RunTime:0.0010s ]
INFO: [ view_parse ] --START--
INFO: [ template_filter ] --START--
INFO: Run Behavior\ContentReplaceBehavior [ RunTime:0.001000s ]
INFO: [ template_filter ] --END-- [ RunTime:0.001000s ]
NOTIC: [8] Undefined variable: meta_title F:\web\12xin\shop\Runtime\Cache\Admin\9a111d1ff7e1d627679d543589aa53f1.php 第 5 行.
NOTIC: [8] Undefined variable: _user_auth F:\web\12xin\shop\Runtime\Cache\Admin\9a111d1ff7e1d627679d543589aa53f1.php 第 78 行.
NOTIC: [8] Undefined index: date_start F:\web\12xin\shop\Runtime\Cache\Admin\9a111d1ff7e1d627679d543589aa53f1.php 第 159 行.
NOTIC: [8] Undefined index: date_end F:\web\12xin\shop\Runtime\Cache\Admin\9a111d1ff7e1d627679d543589aa53f1.php 第 162 行.
NOTIC: [8] Undefined index: keyword F:\web\12xin\shop\Runtime\Cache\Admin\9a111d1ff7e1d627679d543589aa53f1.php 第 175 行.
SQL: SHOW COLUMNS FROM `ysk_user` [ RunTime:0.0060s ]
SQL: SELECT `account` FROM `ysk_user` WHERE ( userid =8805 ) LIMIT 1   [ RunTime:0.0000s ]
SQL: SHOW COLUMNS FROM `ysk_user` [ RunTime:0.0070s ]
SQL: SELECT COUNT(1) AS tp_count FROM `ysk_user` WHERE `pid` = 8806 AND `is_real_name` = 1 LIMIT 1   [ RunTime:0.0000s ]
NOTIC: [8] Use of undefined constant forbid - assumed 'forbid' F:\web\12xin\shop\Runtime\Cache\Admin\9a111d1ff7e1d627679d543589aa53f1.php 第 260 行.
SQL: SELECT `account` FROM `ysk_user` WHERE ( userid =8803 ) LIMIT 1   [ RunTime:0.0000s ]
SQL: SELECT COUNT(1) AS tp_count FROM `ysk_user` WHERE `pid` = 8805 AND `is_real_name` = 1 LIMIT 1   [ RunTime:0.0000s ]
NOTIC: [8] Use of undefined constant forbid - assumed 'forbid' F:\web\12xin\shop\Runtime\Cache\Admin\9a111d1ff7e1d627679d543589aa53f1.php 第 260 行.
SQL: SELECT `account` FROM `ysk_user` WHERE ( userid =8803 ) LIMIT 1   [ RunTime:0.0000s ]
SQL: SELECT COUNT(1) AS tp_count FROM `ysk_user` WHERE `pid` = 8804 AND `is_real_name` = 1 LIMIT 1   [ RunTime:0.0000s ]
NOTIC: [8] Use of undefined constant forbid - assumed 'forbid' F:\web\12xin\shop\Runtime\Cache\Admin\9a111d1ff7e1d627679d543589aa53f1.php 第 260 行.
SQL: SELECT `account` FROM `ysk_user` WHERE ( userid =8802 ) LIMIT 1   [ RunTime:0.0000s ]
SQL: SELECT COUNT(1) AS tp_count FROM `ysk_user` WHERE `pid` = 8803 AND `is_real_name` = 1 LIMIT 1   [ RunTime:0.0000s ]
NOTIC: [8] Use of undefined constant forbid - assumed 'forbid' F:\web\12xin\shop\Runtime\Cache\Admin\9a111d1ff7e1d627679d543589aa53f1.php 第 260 行.
INFO: Run Behavior\ParseTemplateBehavior [ RunTime:0.046003s ]
INFO: [ view_parse ] --END-- [ RunTime:0.046003s ]
INFO: [ view_filter ] --START--
INFO: Run Behavior\WriteHtmlCacheBehavior [ RunTime:0.000000s ]
INFO: [ view_filter ] --END-- [ RunTime:0.000000s ]
INFO: [ app_end ] --START--
INFO: Run Behavior\ShowPageTraceBehavior [ RunTime:0.000000s ]
INFO: [ app_end ] --END-- [ RunTime:0.001000s ]

[ 2021-01-07T10:26:48+08:00 ] 127.0.0.1 /admin/User/userlogin/userid/8803.html
INFO: [ app_init ] --START--
INFO: Run Behavior\BuildLiteBehavior [ RunTime:0.000000s ]
INFO: [ app_init ] --END-- [ RunTime:0.000000s ]
INFO: [ app_begin ] --START--
INFO: Run Behavior\ReadHtmlCacheBehavior [ RunTime:0.001000s ]
INFO: Run Common\Behavior\CheckLangBehavior [ RunTime:0.001000s ]
INFO: [ app_begin ] --END-- [ RunTime:0.002000s ]
NOTIC: [2048] Declaration of Admin\Controller\UserController::setStatus() should be compatible with Admin\Controller\AdminController::setStatus($model = Admin\Controller\CONTROLLER_NAME, $script = false) F:\web\12xin\shop\Admin\Controller\UserController.class.php 第 11 行.
NOTIC: [8] Use of undefined constant MODEL_INSERT - assumed 'MODEL_INSERT' F:\web\12xin\ThinkPHP\Common\functions.php 第 588 行.
SQL: SHOW COLUMNS FROM `ysk_admin` [ RunTime:0.0050s ]
SQL: SHOW COLUMNS FROM `ysk_group` [ RunTime:0.0050s ]
SQL: SHOW COLUMNS FROM `ysk_menu` [ RunTime:0.0090s ]
SQL: SHOW COLUMNS FROM `ysk_admin` [ RunTime:0.0050s ]
SQL: SELECT `auth_id` FROM `ysk_admin` WHERE `id` = 5 LIMIT 1   [ RunTime:0.0000s ]
SQL: SELECT `pid`,`gid`,`name` FROM `ysk_menu` WHERE `col` = 'User' AND `status` = 1 AND `level` = 2 LIMIT 1   [ RunTime:0.0010s ]
SQL: SELECT `name` FROM `ysk_menu` WHERE `id` = 7 LIMIT 1   [ RunTime:0.0010s ]
SQL: SELECT `name` FROM `ysk_menu` WHERE `id` = 1 LIMIT 1   [ RunTime:0.0010s ]
SQL: SELECT `auth_id` FROM `ysk_admin` WHERE `id` = 5 LIMIT 1   [ RunTime:0.0000s ]
SQL: SELECT * FROM `ysk_menu` WHERE `status` = 1 AND `level` = 1 AND `gid` = 1 ORDER BY sort asc, id asc  [ RunTime:0.0010s ]
SQL: SELECT * FROM `ysk_menu` WHERE `status` = 1 AND `level` = 2 AND `gid` = 1 ORDER BY sort asc, id asc  [ RunTime:0.0000s ]
SQL: SELECT `auth_id` FROM `ysk_admin` WHERE `id` = 5 LIMIT 1   [ RunTime:0.0000s ]
SQL: SELECT * FROM `ysk_menu` WHERE `status` = 1 AND `level` = 0 ORDER BY sort asc, id asc  [ RunTime:0.0000s ]
SQL: SELECT `col`,`act` FROM `ysk_menu` WHERE `level` = 2 AND `gid` = 1 ORDER BY sort asc, id asc LIMIT 1   [ RunTime:0.0000s ]
SQL: SELECT COUNT(1) AS tp_count FROM `ysk_menu` WHERE `col` = 'User' AND `act` = 'userlogin' LIMIT 1   [ RunTime:0.0010s ]
SQL: SHOW COLUMNS FROM `ysk_user` [ RunTime:0.0080s ]
SQL: SELECT * FROM `ysk_user` WHERE `userid` = 8803 LIMIT 1   [ RunTime:0.0030s ]

[ 2021-01-07T10:31:01+08:00 ] 127.0.0.1 /admin/Scroll/index.html
INFO: [ app_init ] --START--
INFO: Run Behavior\BuildLiteBehavior [ RunTime:0.000000s ]
INFO: [ app_init ] --END-- [ RunTime:0.000000s ]
INFO: [ app_begin ] --START--
INFO: Run Behavior\ReadHtmlCacheBehavior [ RunTime:0.000000s ]
INFO: Run Common\Behavior\CheckLangBehavior [ RunTime:0.001000s ]
INFO: [ app_begin ] --END-- [ RunTime:0.001000s ]
NOTIC: [2048] Declaration of Admin\Controller\ScrollController::setStatus() should be compatible with Admin\Controller\AdminController::setStatus($model = Admin\Controller\CONTROLLER_NAME, $script = false) F:\web\12xin\shop\Admin\Controller\ScrollController.class.php 第 10 行.
NOTIC: [8] Use of undefined constant MODEL_INSERT - assumed 'MODEL_INSERT' F:\web\12xin\ThinkPHP\Common\functions.php 第 588 行.
SQL: SHOW COLUMNS FROM `ysk_admin` [ RunTime:0.0040s ]
SQL: SHOW COLUMNS FROM `ysk_group` [ RunTime:0.0040s ]
SQL: SHOW COLUMNS FROM `ysk_menu` [ RunTime:0.0040s ]
SQL: SHOW COLUMNS FROM `ysk_admin` [ RunTime:0.0040s ]
SQL: SELECT `auth_id` FROM `ysk_admin` WHERE `id` = 5 LIMIT 1   [ RunTime:0.0000s ]
SQL: SELECT `pid`,`gid`,`name` FROM `ysk_menu` WHERE `col` = 'Scroll' AND `status` = 1 AND `level` = 2 LIMIT 1   [ RunTime:0.0010s ]
SQL: SELECT `name` FROM `ysk_menu` WHERE `id` = 341 LIMIT 1   [ RunTime:0.0000s ]
SQL: SELECT `name` FROM `ysk_menu` WHERE `id` = 1 LIMIT 1   [ RunTime:0.0000s ]
SQL: SELECT `auth_id` FROM `ysk_admin` WHERE `id` = 5 LIMIT 1   [ RunTime:0.0010s ]
SQL: SELECT * FROM `ysk_menu` WHERE `status` = 1 AND `level` = 1 AND `gid` = 1 ORDER BY sort asc, id asc  [ RunTime:0.0000s ]
SQL: SELECT * FROM `ysk_menu` WHERE `status` = 1 AND `level` = 2 AND `gid` = 1 ORDER BY sort asc, id asc  [ RunTime:0.0010s ]
SQL: SELECT `auth_id` FROM `ysk_admin` WHERE `id` = 5 LIMIT 1   [ RunTime:0.0010s ]
SQL: SELECT * FROM `ysk_menu` WHERE `status` = 1 AND `level` = 0 ORDER BY sort asc, id asc  [ RunTime:0.0010s ]
SQL: SELECT `col`,`act` FROM `ysk_menu` WHERE `level` = 2 AND `gid` = 1 ORDER BY sort asc, id asc LIMIT 1   [ RunTime:0.0000s ]
SQL: SELECT COUNT(1) AS tp_count FROM `ysk_menu` WHERE `col` = 'Scroll' AND `act` = 'index' LIMIT 1   [ RunTime:0.0000s ]
SQL: SHOW COLUMNS FROM `ysk_scroll` [ RunTime:0.0040s ]
SQL: SELECT * FROM `ysk_scroll` ORDER BY id asc  [ RunTime:0.0010s ]
INFO: [ view_parse ] --START--
INFO: [ template_filter ] --START--
INFO: Run Behavior\ContentReplaceBehavior [ RunTime:0.001000s ]
INFO: [ template_filter ] --END-- [ RunTime:0.001000s ]
NOTIC: [8] Undefined variable: meta_title F:\web\12xin\shop\Runtime\Cache\Admin\8550d6b23ad502cb13993a6ef67a797c.php 第 5 行.
NOTIC: [8] Undefined variable: _user_auth F:\web\12xin\shop\Runtime\Cache\Admin\8550d6b23ad502cb13993a6ef67a797c.php 第 86 行.
NOTIC: [8] Use of undefined constant forbid - assumed 'forbid' F:\web\12xin\shop\Runtime\Cache\Admin\8550d6b23ad502cb13993a6ef67a797c.php 第 237 行.
NOTIC: [8] Use of undefined constant forbid - assumed 'forbid' F:\web\12xin\shop\Runtime\Cache\Admin\8550d6b23ad502cb13993a6ef67a797c.php 第 237 行.
NOTIC: [8] Use of undefined constant forbid - assumed 'forbid' F:\web\12xin\shop\Runtime\Cache\Admin\8550d6b23ad502cb13993a6ef67a797c.php 第 237 行.
NOTIC: [8] Use of undefined constant forbid - assumed 'forbid' F:\web\12xin\shop\Runtime\Cache\Admin\8550d6b23ad502cb13993a6ef67a797c.php 第 237 行.
NOTIC: [8] Use of undefined constant forbid - assumed 'forbid' F:\web\12xin\shop\Runtime\Cache\Admin\8550d6b23ad502cb13993a6ef67a797c.php 第 237 行.
NOTIC: [8] Use of undefined constant resume - assumed 'resume' F:\web\12xin\shop\Runtime\Cache\Admin\8550d6b23ad502cb13993a6ef67a797c.php 第 239 行.
NOTIC: [8] Use of undefined constant resume - assumed 'resume' F:\web\12xin\shop\Runtime\Cache\Admin\8550d6b23ad502cb13993a6ef67a797c.php 第 239 行.
NOTIC: [8] Use of undefined constant resume - assumed 'resume' F:\web\12xin\shop\Runtime\Cache\Admin\8550d6b23ad502cb13993a6ef67a797c.php 第 239 行.
INFO: Run Behavior\ParseTemplateBehavior [ RunTime:0.018001s ]
INFO: [ view_parse ] --END-- [ RunTime:0.018001s ]
INFO: [ view_filter ] --START--
INFO: Run Behavior\WriteHtmlCacheBehavior [ RunTime:0.001000s ]
INFO: [ view_filter ] --END-- [ RunTime:0.001000s ]
INFO: [ app_end ] --START--
INFO: Run Behavior\ShowPageTraceBehavior [ RunTime:0.001000s ]
INFO: [ app_end ] --END-- [ RunTime:0.001000s ]

[ 2021-01-07T10:31:03+08:00 ] 127.0.0.1 /admin/Scroll/edit/id/1.html
INFO: [ app_init ] --START--
INFO: Run Behavior\BuildLiteBehavior [ RunTime:0.000000s ]
INFO: [ app_init ] --END-- [ RunTime:0.000000s ]
INFO: [ app_begin ] --START--
INFO: Run Behavior\ReadHtmlCacheBehavior [ RunTime:0.001000s ]
INFO: Run Common\Behavior\CheckLangBehavior [ RunTime:0.001000s ]
INFO: [ app_begin ] --END-- [ RunTime:0.002000s ]
NOTIC: [2048] Declaration of Admin\Controller\ScrollController::setStatus() should be compatible with Admin\Controller\AdminController::setStatus($model = Admin\Controller\CONTROLLER_NAME, $script = false) F:\web\12xin\shop\Admin\Controller\ScrollController.class.php 第 10 行.
NOTIC: [8] Use of undefined constant MODEL_INSERT - assumed 'MODEL_INSERT' F:\web\12xin\ThinkPHP\Common\functions.php 第 588 行.
SQL: SHOW COLUMNS FROM `ysk_admin` [ RunTime:0.0040s ]
SQL: SHOW COLUMNS FROM `ysk_group` [ RunTime:0.0050s ]
SQL: SHOW COLUMNS FROM `ysk_menu` [ RunTime:0.0050s ]
SQL: SHOW COLUMNS FROM `ysk_admin` [ RunTime:0.0040s ]
SQL: SELECT `auth_id` FROM `ysk_admin` WHERE `id` = 5 LIMIT 1   [ RunTime:0.0010s ]
SQL: SELECT `pid`,`gid`,`name` FROM `ysk_menu` WHERE `col` = 'Scroll' AND `status` = 1 AND `level` = 2 LIMIT 1   [ RunTime:0.0000s ]
SQL: SELECT `name` FROM `ysk_menu` WHERE `id` = 341 LIMIT 1   [ RunTime:0.0000s ]
SQL: SELECT `name` FROM `ysk_menu` WHERE `id` = 1 LIMIT 1   [ RunTime:0.0000s ]
SQL: SELECT `auth_id` FROM `ysk_admin` WHERE `id` = 5 LIMIT 1   [ RunTime:0.0000s ]
SQL: SELECT * FROM `ysk_menu` WHERE `status` = 1 AND `level` = 1 AND `gid` = 1 ORDER BY sort asc, id asc  [ RunTime:0.0010s ]
SQL: SELECT * FROM `ysk_menu` WHERE `status` = 1 AND `level` = 2 AND `gid` = 1 ORDER BY sort asc, id asc  [ RunTime:0.0000s ]
SQL: SELECT `auth_id` FROM `ysk_admin` WHERE `id` = 5 LIMIT 1   [ RunTime:0.0000s ]
SQL: SELECT * FROM `ysk_menu` WHERE `status` = 1 AND `level` = 0 ORDER BY sort asc, id asc  [ RunTime:0.0000s ]
SQL: SELECT `col`,`act` FROM `ysk_menu` WHERE `level` = 2 AND `gid` = 1 ORDER BY sort asc, id asc LIMIT 1   [ RunTime:0.0000s ]
SQL: SELECT COUNT(1) AS tp_count FROM `ysk_menu` WHERE `col` = 'Scroll' AND `act` = 'edit' LIMIT 1   [ RunTime:0.0000s ]
SQL: SHOW COLUMNS FROM `ysk_scroll` [ RunTime:0.0050s ]
SQL: SELECT COUNT(*) AS tp_count FROM `ysk_scroll` WHERE `id` = 1 LIMIT 1   [ RunTime:0.0000s ]
SQL: SELECT * FROM `ysk_scroll` WHERE `id` = 1 LIMIT 1   [ RunTime:0.0010s ]
INFO: [ view_parse ] --START--
INFO: [ template_filter ] --START--
INFO: Run Behavior\ContentReplaceBehavior [ RunTime:0.000000s ]
INFO: [ template_filter ] --END-- [ RunTime:0.000000s ]
NOTIC: [8] Undefined variable: meta_title F:\web\12xin\shop\Runtime\Cache\Admin\b660d9203f30572896933ca648973fdb.php 第 5 行.
NOTIC: [8] Undefined variable: _user_auth F:\web\12xin\shop\Runtime\Cache\Admin\b660d9203f30572896933ca648973fdb.php 第 73 行.
NOTIC: [8] Use of undefined constant 新增 - assumed '新增' F:\web\12xin\shop\Runtime\Cache\Admin\b660d9203f30572896933ca648973fdb.php 第 129 行.
INFO: Run Behavior\ParseTemplateBehavior [ RunTime:0.016001s ]
INFO: [ view_parse ] --END-- [ RunTime:0.016001s ]
INFO: [ view_filter ] --START--
INFO: Run Behavior\WriteHtmlCacheBehavior [ RunTime:0.000000s ]
INFO: [ view_filter ] --END-- [ RunTime:0.000000s ]
INFO: [ app_end ] --START--
INFO: Run Behavior\ShowPageTraceBehavior [ RunTime:0.001000s ]
INFO: [ app_end ] --END-- [ RunTime:0.001000s ]

[ 2021-01-07T10:31:36+08:00 ] 127.0.0.1 /admin/Scroll/edit/id/1.html
INFO: [ app_init ] --START--
INFO: Run Behavior\BuildLiteBehavior [ RunTime:0.000000s ]
INFO: [ app_init ] --END-- [ RunTime:0.000000s ]
INFO: [ app_begin ] --START--
INFO: Run Behavior\ReadHtmlCacheBehavior [ RunTime:0.002000s ]
INFO: Run Common\Behavior\CheckLangBehavior [ RunTime:0.001000s ]
INFO: [ app_begin ] --END-- [ RunTime:0.003000s ]
NOTIC: [2048] Declaration of Admin\Controller\ScrollController::setStatus() should be compatible with Admin\Controller\AdminController::setStatus($model = Admin\Controller\CONTROLLER_NAME, $script = false) F:\web\12xin\shop\Admin\Controller\ScrollController.class.php 第 10 行.
NOTIC: [8] Use of undefined constant MODEL_INSERT - assumed 'MODEL_INSERT' F:\web\12xin\ThinkPHP\Common\functions.php 第 588 行.
SQL: SHOW COLUMNS FROM `ysk_admin` [ RunTime:0.0050s ]
SQL: SHOW COLUMNS FROM `ysk_group` [ RunTime:0.0040s ]
SQL: SHOW COLUMNS FROM `ysk_menu` [ RunTime:0.0050s ]
SQL: SHOW COLUMNS FROM `ysk_admin` [ RunTime:0.0040s ]
SQL: SELECT `auth_id` FROM `ysk_admin` WHERE `id` = 5 LIMIT 1   [ RunTime:0.0000s ]
SQL: SELECT `pid`,`gid`,`name` FROM `ysk_menu` WHERE `col` = 'Scroll' AND `status` = 1 AND `level` = 2 LIMIT 1   [ RunTime:0.0000s ]
SQL: SELECT `name` FROM `ysk_menu` WHERE `id` = 341 LIMIT 1   [ RunTime:0.0010s ]
SQL: SELECT `name` FROM `ysk_menu` WHERE `id` = 1 LIMIT 1   [ RunTime:0.0000s ]
SQL: SELECT `auth_id` FROM `ysk_admin` WHERE `id` = 5 LIMIT 1   [ RunTime:0.0000s ]
SQL: SELECT * FROM `ysk_menu` WHERE `status` = 1 AND `level` = 1 AND `gid` = 1 ORDER BY sort asc, id asc  [ RunTime:0.0010s ]
SQL: SELECT * FROM `ysk_menu` WHERE `status` = 1 AND `level` = 2 AND `gid` = 1 ORDER BY sort asc, id asc  [ RunTime:0.0000s ]
SQL: SELECT `auth_id` FROM `ysk_admin` WHERE `id` = 5 LIMIT 1   [ RunTime:0.0010s ]
SQL: SELECT * FROM `ysk_menu` WHERE `status` = 1 AND `level` = 0 ORDER BY sort asc, id asc  [ RunTime:0.0000s ]
SQL: SELECT `col`,`act` FROM `ysk_menu` WHERE `level` = 2 AND `gid` = 1 ORDER BY sort asc, id asc LIMIT 1   [ RunTime:0.0000s ]
SQL: SELECT COUNT(1) AS tp_count FROM `ysk_menu` WHERE `col` = 'Scroll' AND `act` = 'edit' LIMIT 1   [ RunTime:0.0000s ]
SQL: SHOW COLUMNS FROM `ysk_scroll` [ RunTime:0.0050s ]
SQL: SELECT COUNT(*) AS tp_count FROM `ysk_scroll` WHERE `id` = 1 LIMIT 1   [ RunTime:0.0000s ]
SQL: SELECT * FROM `ysk_scroll` WHERE `id` = 1 LIMIT 1   [ RunTime:0.0010s ]
INFO: [ view_parse ] --START--
INFO: [ template_filter ] --START--
INFO: Run Behavior\ContentReplaceBehavior [ RunTime:0.000000s ]
INFO: [ template_filter ] --END-- [ RunTime:0.000000s ]
NOTIC: [8] Undefined variable: meta_title F:\web\12xin\shop\Runtime\Cache\Admin\b660d9203f30572896933ca648973fdb.php 第 5 行.
NOTIC: [8] Undefined variable: _user_auth F:\web\12xin\shop\Runtime\Cache\Admin\b660d9203f30572896933ca648973fdb.php 第 73 行.
NOTIC: [8] Use of undefined constant 新增 - assumed '新增' F:\web\12xin\shop\Runtime\Cache\Admin\b660d9203f30572896933ca648973fdb.php 第 129 行.
INFO: Run Behavior\ParseTemplateBehavior [ RunTime:0.015001s ]
INFO: [ view_parse ] --END-- [ RunTime:0.015001s ]
INFO: [ view_filter ] --START--
INFO: Run Behavior\WriteHtmlCacheBehavior [ RunTime:0.001000s ]
INFO: [ view_filter ] --END-- [ RunTime:0.001000s ]
INFO: [ app_end ] --START--
INFO: Run Behavior\ShowPageTraceBehavior [ RunTime:0.001000s ]
INFO: [ app_end ] --END-- [ RunTime:0.001000s ]

[ 2021-01-07T10:31:42+08:00 ] 127.0.0.1 /admin/Scroll/index.html
INFO: [ app_init ] --START--
INFO: Run Behavior\BuildLiteBehavior [ RunTime:0.000000s ]
INFO: [ app_init ] --END-- [ RunTime:0.000000s ]
INFO: [ app_begin ] --START--
INFO: Run Behavior\ReadHtmlCacheBehavior [ RunTime:0.001000s ]
INFO: Run Common\Behavior\CheckLangBehavior [ RunTime:0.001000s ]
INFO: [ app_begin ] --END-- [ RunTime:0.002000s ]
NOTIC: [2048] Declaration of Admin\Controller\ScrollController::setStatus() should be compatible with Admin\Controller\AdminController::setStatus($model = Admin\Controller\CONTROLLER_NAME, $script = false) F:\web\12xin\shop\Admin\Controller\ScrollController.class.php 第 10 行.
NOTIC: [8] Use of undefined constant MODEL_INSERT - assumed 'MODEL_INSERT' F:\web\12xin\ThinkPHP\Common\functions.php 第 588 行.
SQL: SHOW COLUMNS FROM `ysk_admin` [ RunTime:0.0050s ]
SQL: SHOW COLUMNS FROM `ysk_group` [ RunTime:0.0050s ]
SQL: SHOW COLUMNS FROM `ysk_menu` [ RunTime:0.0050s ]
SQL: SHOW COLUMNS FROM `ysk_admin` [ RunTime:0.0050s ]
SQL: SELECT `auth_id` FROM `ysk_admin` WHERE `id` = 5 LIMIT 1   [ RunTime:0.0010s ]
SQL: SELECT `pid`,`gid`,`name` FROM `ysk_menu` WHERE `col` = 'Scroll' AND `status` = 1 AND `level` = 2 LIMIT 1   [ RunTime:0.0000s ]
SQL: SELECT `name` FROM `ysk_menu` WHERE `id` = 341 LIMIT 1   [ RunTime:0.0000s ]
SQL: SELECT `name` FROM `ysk_menu` WHERE `id` = 1 LIMIT 1   [ RunTime:0.0000s ]
SQL: SELECT `auth_id` FROM `ysk_admin` WHERE `id` = 5 LIMIT 1   [ RunTime:0.0000s ]
SQL: SELECT * FROM `ysk_menu` WHERE `status` = 1 AND `level` = 1 AND `gid` = 1 ORDER BY sort asc, id asc  [ RunTime:0.0000s ]
SQL: SELECT * FROM `ysk_menu` WHERE `status` = 1 AND `level` = 2 AND `gid` = 1 ORDER BY sort asc, id asc  [ RunTime:0.0000s ]
SQL: SELECT `auth_id` FROM `ysk_admin` WHERE `id` = 5 LIMIT 1   [ RunTime:0.0010s ]
SQL: SELECT * FROM `ysk_menu` WHERE `status` = 1 AND `level` = 0 ORDER BY sort asc, id asc  [ RunTime:0.0000s ]
SQL: SELECT `col`,`act` FROM `ysk_menu` WHERE `level` = 2 AND `gid` = 1 ORDER BY sort asc, id asc LIMIT 1   [ RunTime:0.0010s ]
SQL: SELECT COUNT(1) AS tp_count FROM `ysk_menu` WHERE `col` = 'Scroll' AND `act` = 'index' LIMIT 1   [ RunTime:0.0000s ]
SQL: SHOW COLUMNS FROM `ysk_scroll` [ RunTime:0.0050s ]
SQL: SELECT * FROM `ysk_scroll` ORDER BY id asc  [ RunTime:0.0010s ]
INFO: [ view_parse ] --START--
INFO: [ template_filter ] --START--
INFO: Run Behavior\ContentReplaceBehavior [ RunTime:0.000000s ]
INFO: [ template_filter ] --END-- [ RunTime:0.001000s ]
NOTIC: [8] Undefined variable: meta_title F:\web\12xin\shop\Runtime\Cache\Admin\8550d6b23ad502cb13993a6ef67a797c.php 第 5 行.
NOTIC: [8] Undefined variable: _user_auth F:\web\12xin\shop\Runtime\Cache\Admin\8550d6b23ad502cb13993a6ef67a797c.php 第 86 行.
NOTIC: [8] Use of undefined constant forbid - assumed 'forbid' F:\web\12xin\shop\Runtime\Cache\Admin\8550d6b23ad502cb13993a6ef67a797c.php 第 237 行.
NOTIC: [8] Use of undefined constant forbid - assumed 'forbid' F:\web\12xin\shop\Runtime\Cache\Admin\8550d6b23ad502cb13993a6ef67a797c.php 第 237 行.
NOTIC: [8] Use of undefined constant forbid - assumed 'forbid' F:\web\12xin\shop\Runtime\Cache\Admin\8550d6b23ad502cb13993a6ef67a797c.php 第 237 行.
NOTIC: [8] Use of undefined constant forbid - assumed 'forbid' F:\web\12xin\shop\Runtime\Cache\Admin\8550d6b23ad502cb13993a6ef67a797c.php 第 237 行.
NOTIC: [8] Use of undefined constant forbid - assumed 'forbid' F:\web\12xin\shop\Runtime\Cache\Admin\8550d6b23ad502cb13993a6ef67a797c.php 第 237 行.
NOTIC: [8] Use of undefined constant resume - assumed 'resume' F:\web\12xin\shop\Runtime\Cache\Admin\8550d6b23ad502cb13993a6ef67a797c.php 第 239 行.
NOTIC: [8] Use of undefined constant resume - assumed 'resume' F:\web\12xin\shop\Runtime\Cache\Admin\8550d6b23ad502cb13993a6ef67a797c.php 第 239 行.
NOTIC: [8] Use of undefined constant resume - assumed 'resume' F:\web\12xin\shop\Runtime\Cache\Admin\8550d6b23ad502cb13993a6ef67a797c.php 第 239 行.
INFO: Run Behavior\ParseTemplateBehavior [ RunTime:0.019002s ]
INFO: [ view_parse ] --END-- [ RunTime:0.019002s ]
INFO: [ view_filter ] --START--
INFO: Run Behavior\WriteHtmlCacheBehavior [ RunTime:0.000000s ]
INFO: [ view_filter ] --END-- [ RunTime:0.000000s ]
INFO: [ app_end ] --START--
INFO: Run Behavior\ShowPageTraceBehavior [ RunTime:0.001000s ]
INFO: [ app_end ] --END-- [ RunTime:0.001000s ]

[ 2021-01-07T10:32:11+08:00 ] 127.0.0.1 /admin/Scroll/index.html
INFO: [ app_init ] --START--
INFO: Run Behavior\BuildLiteBehavior [ RunTime:0.000000s ]
INFO: [ app_init ] --END-- [ RunTime:0.000000s ]
INFO: [ app_begin ] --START--
INFO: Run Behavior\ReadHtmlCacheBehavior [ RunTime:0.000000s ]
INFO: Run Common\Behavior\CheckLangBehavior [ RunTime:0.002000s ]
INFO: [ app_begin ] --END-- [ RunTime:0.002000s ]
NOTIC: [2048] Declaration of Admin\Controller\ScrollController::setStatus() should be compatible with Admin\Controller\AdminController::setStatus($model = Admin\Controller\CONTROLLER_NAME, $script = false) F:\web\12xin\shop\Admin\Controller\ScrollController.class.php 第 10 行.
NOTIC: [8] Use of undefined constant MODEL_INSERT - assumed 'MODEL_INSERT' F:\web\12xin\ThinkPHP\Common\functions.php 第 588 行.
SQL: SHOW COLUMNS FROM `ysk_admin` [ RunTime:0.0050s ]
SQL: SHOW COLUMNS FROM `ysk_group` [ RunTime:0.0050s ]
SQL: SHOW COLUMNS FROM `ysk_menu` [ RunTime:0.0050s ]
SQL: SHOW COLUMNS FROM `ysk_admin` [ RunTime:0.0040s ]
SQL: SELECT `auth_id` FROM `ysk_admin` WHERE `id` = 5 LIMIT 1   [ RunTime:0.0010s ]
SQL: SELECT `pid`,`gid`,`name` FROM `ysk_menu` WHERE `col` = 'Scroll' AND `status` = 1 AND `level` = 2 LIMIT 1   [ RunTime:0.0000s ]
SQL: SELECT `name` FROM `ysk_menu` WHERE `id` = 341 LIMIT 1   [ RunTime:0.0010s ]
SQL: SELECT `name` FROM `ysk_menu` WHERE `id` = 1 LIMIT 1   [ RunTime:0.0000s ]
SQL: SELECT `auth_id` FROM `ysk_admin` WHERE `id` = 5 LIMIT 1   [ RunTime:0.0000s ]
SQL: SELECT * FROM `ysk_menu` WHERE `status` = 1 AND `level` = 1 AND `gid` = 1 ORDER BY sort asc, id asc  [ RunTime:0.0010s ]
SQL: SELECT * FROM `ysk_menu` WHERE `status` = 1 AND `level` = 2 AND `gid` = 1 ORDER BY sort asc, id asc  [ RunTime:0.0000s ]
SQL: SELECT `auth_id` FROM `ysk_admin` WHERE `id` = 5 LIMIT 1   [ RunTime:0.0010s ]
SQL: SELECT * FROM `ysk_menu` WHERE `status` = 1 AND `level` = 0 ORDER BY sort asc, id asc  [ RunTime:0.0010s ]
SQL: SELECT `col`,`act` FROM `ysk_menu` WHERE `level` = 2 AND `gid` = 1 ORDER BY sort asc, id asc LIMIT 1   [ RunTime:0.0000s ]
SQL: SELECT COUNT(1) AS tp_count FROM `ysk_menu` WHERE `col` = 'Scroll' AND `act` = 'index' LIMIT 1   [ RunTime:0.0010s ]
SQL: SHOW COLUMNS FROM `ysk_scroll` [ RunTime:0.0050s ]
SQL: SELECT * FROM `ysk_scroll` ORDER BY id asc  [ RunTime:0.0000s ]
INFO: [ view_parse ] --START--
INFO: [ template_filter ] --START--
INFO: Run Behavior\ContentReplaceBehavior [ RunTime:0.000000s ]
INFO: [ template_filter ] --END-- [ RunTime:0.000000s ]
NOTIC: [8] Undefined variable: meta_title F:\web\12xin\shop\Runtime\Cache\Admin\8550d6b23ad502cb13993a6ef67a797c.php 第 5 行.
NOTIC: [8] Undefined variable: _user_auth F:\web\12xin\shop\Runtime\Cache\Admin\8550d6b23ad502cb13993a6ef67a797c.php 第 86 行.
NOTIC: [8] Use of undefined constant forbid - assumed 'forbid' F:\web\12xin\shop\Runtime\Cache\Admin\8550d6b23ad502cb13993a6ef67a797c.php 第 237 行.
NOTIC: [8] Use of undefined constant forbid - assumed 'forbid' F:\web\12xin\shop\Runtime\Cache\Admin\8550d6b23ad502cb13993a6ef67a797c.php 第 237 行.
NOTIC: [8] Use of undefined constant forbid - assumed 'forbid' F:\web\12xin\shop\Runtime\Cache\Admin\8550d6b23ad502cb13993a6ef67a797c.php 第 237 行.
NOTIC: [8] Use of undefined constant forbid - assumed 'forbid' F:\web\12xin\shop\Runtime\Cache\Admin\8550d6b23ad502cb13993a6ef67a797c.php 第 237 行.
NOTIC: [8] Use of undefined constant forbid - assumed 'forbid' F:\web\12xin\shop\Runtime\Cache\Admin\8550d6b23ad502cb13993a6ef67a797c.php 第 237 行.
NOTIC: [8] Use of undefined constant resume - assumed 'resume' F:\web\12xin\shop\Runtime\Cache\Admin\8550d6b23ad502cb13993a6ef67a797c.php 第 239 行.
NOTIC: [8] Use of undefined constant resume - assumed 'resume' F:\web\12xin\shop\Runtime\Cache\Admin\8550d6b23ad502cb13993a6ef67a797c.php 第 239 行.
NOTIC: [8] Use of undefined constant resume - assumed 'resume' F:\web\12xin\shop\Runtime\Cache\Admin\8550d6b23ad502cb13993a6ef67a797c.php 第 239 行.
INFO: Run Behavior\ParseTemplateBehavior [ RunTime:0.018001s ]
INFO: [ view_parse ] --END-- [ RunTime:0.018001s ]
INFO: [ view_filter ] --START--
INFO: Run Behavior\WriteHtmlCacheBehavior [ RunTime:0.001000s ]
INFO: [ view_filter ] --END-- [ RunTime:0.001000s ]
INFO: [ app_end ] --START--
INFO: Run Behavior\ShowPageTraceBehavior [ RunTime:0.001000s ]
INFO: [ app_end ] --END-- [ RunTime:0.001000s ]

[ 2021-01-07T10:32:14+08:00 ] 127.0.0.1 /admin/Scroll/add.html
INFO: [ app_init ] --START--
INFO: Run Behavior\BuildLiteBehavior [ RunTime:0.000000s ]
INFO: [ app_init ] --END-- [ RunTime:0.000000s ]
INFO: [ app_begin ] --START--
INFO: Run Behavior\ReadHtmlCacheBehavior [ RunTime:0.000000s ]
INFO: Run Common\Behavior\CheckLangBehavior [ RunTime:0.001000s ]
INFO: [ app_begin ] --END-- [ RunTime:0.001000s ]
NOTIC: [2048] Declaration of Admin\Controller\ScrollController::setStatus() should be compatible with Admin\Controller\AdminController::setStatus($model = Admin\Controller\CONTROLLER_NAME, $script = false) F:\web\12xin\shop\Admin\Controller\ScrollController.class.php 第 10 行.
NOTIC: [8] Use of undefined constant MODEL_INSERT - assumed 'MODEL_INSERT' F:\web\12xin\ThinkPHP\Common\functions.php 第 588 行.
SQL: SHOW COLUMNS FROM `ysk_admin` [ RunTime:0.0060s ]
SQL: SHOW COLUMNS FROM `ysk_group` [ RunTime:0.0060s ]
SQL: SHOW COLUMNS FROM `ysk_menu` [ RunTime:0.0060s ]
SQL: SHOW COLUMNS FROM `ysk_admin` [ RunTime:0.0060s ]
SQL: SELECT `auth_id` FROM `ysk_admin` WHERE `id` = 5 LIMIT 1   [ RunTime:0.0010s ]
SQL: SELECT `pid`,`gid`,`name` FROM `ysk_menu` WHERE `col` = 'Scroll' AND `status` = 1 AND `level` = 2 LIMIT 1   [ RunTime:0.0000s ]
SQL: SELECT `name` FROM `ysk_menu` WHERE `id` = 341 LIMIT 1   [ RunTime:0.0010s ]
SQL: SELECT `name` FROM `ysk_menu` WHERE `id` = 1 LIMIT 1   [ RunTime:0.0000s ]
SQL: SELECT `auth_id` FROM `ysk_admin` WHERE `id` = 5 LIMIT 1   [ RunTime:0.0010s ]
SQL: SELECT * FROM `ysk_menu` WHERE `status` = 1 AND `level` = 1 AND `gid` = 1 ORDER BY sort asc, id asc  [ RunTime:0.0000s ]
SQL: SELECT * FROM `ysk_menu` WHERE `status` = 1 AND `level` = 2 AND `gid` = 1 ORDER BY sort asc, id asc  [ RunTime:0.0010s ]
SQL: SELECT `auth_id` FROM `ysk_admin` WHERE `id` = 5 LIMIT 1   [ RunTime:0.0010s ]
SQL: SELECT * FROM `ysk_menu` WHERE `status` = 1 AND `level` = 0 ORDER BY sort asc, id asc  [ RunTime:0.0010s ]
SQL: SELECT `col`,`act` FROM `ysk_menu` WHERE `level` = 2 AND `gid` = 1 ORDER BY sort asc, id asc LIMIT 1   [ RunTime:0.0010s ]
SQL: SELECT COUNT(1) AS tp_count FROM `ysk_menu` WHERE `col` = 'Scroll' AND `act` = 'add' LIMIT 1   [ RunTime:0.0000s ]
INFO: [ view_parse ] --START--
INFO: [ template_filter ] --START--
INFO: Run Behavior\ContentReplaceBehavior [ RunTime:0.000000s ]
INFO: [ template_filter ] --END-- [ RunTime:0.000000s ]
NOTIC: [8] Undefined variable: meta_title F:\web\12xin\shop\Runtime\Cache\Admin\7dbaf0fc9f582d256c94c65d0a1d987d.php 第 5 行.
NOTIC: [8] Undefined variable: _user_auth F:\web\12xin\shop\Runtime\Cache\Admin\7dbaf0fc9f582d256c94c65d0a1d987d.php 第 73 行.
NOTIC: [8] Use of undefined constant 新增 - assumed '新增' F:\web\12xin\shop\Runtime\Cache\Admin\7dbaf0fc9f582d256c94c65d0a1d987d.php 第 129 行.
NOTIC: [8] Undefined variable: scroll F:\web\12xin\shop\Runtime\Cache\Admin\7dbaf0fc9f582d256c94c65d0a1d987d.php 第 154 行.
INFO: Run Behavior\ParseTemplateBehavior [ RunTime:0.018001s ]
INFO: [ view_parse ] --END-- [ RunTime:0.018001s ]
INFO: [ view_filter ] --START--
INFO: Run Behavior\WriteHtmlCacheBehavior [ RunTime:0.000000s ]
INFO: [ view_filter ] --END-- [ RunTime:0.000000s ]
INFO: [ app_end ] --START--
INFO: Run Behavior\ShowPageTraceBehavior [ RunTime:0.001000s ]
INFO: [ app_end ] --END-- [ RunTime:0.001000s ]

[ 2021-01-07T10:32:19+08:00 ] 127.0.0.1 /admin/Scroll/edit/id/1.html
INFO: [ app_init ] --START--
INFO: Run Behavior\BuildLiteBehavior [ RunTime:0.000000s ]
INFO: [ app_init ] --END-- [ RunTime:0.000000s ]
INFO: [ app_begin ] --START--
INFO: Run Behavior\ReadHtmlCacheBehavior [ RunTime:0.001000s ]
INFO: Run Common\Behavior\CheckLangBehavior [ RunTime:0.001000s ]
INFO: [ app_begin ] --END-- [ RunTime:0.002000s ]
NOTIC: [2048] Declaration of Admin\Controller\ScrollController::setStatus() should be compatible with Admin\Controller\AdminController::setStatus($model = Admin\Controller\CONTROLLER_NAME, $script = false) F:\web\12xin\shop\Admin\Controller\ScrollController.class.php 第 10 行.
NOTIC: [8] Use of undefined constant MODEL_INSERT - assumed 'MODEL_INSERT' F:\web\12xin\ThinkPHP\Common\functions.php 第 588 行.
SQL: SHOW COLUMNS FROM `ysk_admin` [ RunTime:0.0060s ]
SQL: SHOW COLUMNS FROM `ysk_group` [ RunTime:0.0050s ]
SQL: SHOW COLUMNS FROM `ysk_menu` [ RunTime:0.0060s ]
SQL: SHOW COLUMNS FROM `ysk_admin` [ RunTime:0.0050s ]
SQL: SELECT `auth_id` FROM `ysk_admin` WHERE `id` = 5 LIMIT 1   [ RunTime:0.0010s ]
SQL: SELECT `pid`,`gid`,`name` FROM `ysk_menu` WHERE `col` = 'Scroll' AND `status` = 1 AND `level` = 2 LIMIT 1   [ RunTime:0.0010s ]
SQL: SELECT `name` FROM `ysk_menu` WHERE `id` = 341 LIMIT 1   [ RunTime:0.0000s ]
SQL: SELECT `name` FROM `ysk_menu` WHERE `id` = 1 LIMIT 1   [ RunTime:0.0010s ]
SQL: SELECT `auth_id` FROM `ysk_admin` WHERE `id` = 5 LIMIT 1   [ RunTime:0.0000s ]
SQL: SELECT * FROM `ysk_menu` WHERE `status` = 1 AND `level` = 1 AND `gid` = 1 ORDER BY sort asc, id asc  [ RunTime:0.0010s ]
SQL: SELECT * FROM `ysk_menu` WHERE `status` = 1 AND `level` = 2 AND `gid` = 1 ORDER BY sort asc, id asc  [ RunTime:0.0010s ]
SQL: SELECT `auth_id` FROM `ysk_admin` WHERE `id` = 5 LIMIT 1   [ RunTime:0.0000s ]
SQL: SELECT * FROM `ysk_menu` WHERE `status` = 1 AND `level` = 0 ORDER BY sort asc, id asc  [ RunTime:0.0010s ]
SQL: SELECT `col`,`act` FROM `ysk_menu` WHERE `level` = 2 AND `gid` = 1 ORDER BY sort asc, id asc LIMIT 1   [ RunTime:0.0020s ]
SQL: SELECT COUNT(1) AS tp_count FROM `ysk_menu` WHERE `col` = 'Scroll' AND `act` = 'edit' LIMIT 1   [ RunTime:0.0000s ]
SQL: SHOW COLUMNS FROM `ysk_scroll` [ RunTime:0.0050s ]
SQL: SELECT COUNT(*) AS tp_count FROM `ysk_scroll` WHERE `id` = 1 LIMIT 1   [ RunTime:0.0020s ]
SQL: SELECT * FROM `ysk_scroll` WHERE `id` = 1 LIMIT 1   [ RunTime:0.0010s ]
INFO: [ view_parse ] --START--
INFO: [ template_filter ] --START--
INFO: Run Behavior\ContentReplaceBehavior [ RunTime:0.000000s ]
INFO: [ template_filter ] --END-- [ RunTime:0.000000s ]
NOTIC: [8] Undefined variable: meta_title F:\web\12xin\shop\Runtime\Cache\Admin\b660d9203f30572896933ca648973fdb.php 第 5 行.
NOTIC: [8] Undefined variable: _user_auth F:\web\12xin\shop\Runtime\Cache\Admin\b660d9203f30572896933ca648973fdb.php 第 73 行.
NOTIC: [8] Use of undefined constant 新增 - assumed '新增' F:\web\12xin\shop\Runtime\Cache\Admin\b660d9203f30572896933ca648973fdb.php 第 129 行.
INFO: Run Behavior\ParseTemplateBehavior [ RunTime:0.023001s ]
INFO: [ view_parse ] --END-- [ RunTime:0.023001s ]
INFO: [ view_filter ] --START--
INFO: Run Behavior\WriteHtmlCacheBehavior [ RunTime:0.001000s ]
INFO: [ view_filter ] --END-- [ RunTime:0.001000s ]
INFO: [ app_end ] --START--
INFO: Run Behavior\ShowPageTraceBehavior [ RunTime:0.001000s ]
INFO: [ app_end ] --END-- [ RunTime:0.001000s ]

[ 2021-01-07T10:36:35+08:00 ] 127.0.0.1 /admin/User/index.html
INFO: [ app_init ] --START--
INFO: Run Behavior\BuildLiteBehavior [ RunTime:0.000000s ]
INFO: [ app_init ] --END-- [ RunTime:0.000000s ]
INFO: [ app_begin ] --START--
INFO: Run Behavior\ReadHtmlCacheBehavior [ RunTime:0.001000s ]
INFO: Run Common\Behavior\CheckLangBehavior [ RunTime:0.003000s ]
INFO: [ app_begin ] --END-- [ RunTime:0.004000s ]
NOTIC: [2048] Declaration of Admin\Controller\UserController::setStatus() should be compatible with Admin\Controller\AdminController::setStatus($model = Admin\Controller\CONTROLLER_NAME, $script = false) F:\web\12xin\shop\Admin\Controller\UserController.class.php 第 11 行.
NOTIC: [8] Use of undefined constant MODEL_INSERT - assumed 'MODEL_INSERT' F:\web\12xin\ThinkPHP\Common\functions.php 第 588 行.
SQL: SHOW COLUMNS FROM `ysk_admin` [ RunTime:0.0060s ]
SQL: SHOW COLUMNS FROM `ysk_group` [ RunTime:0.0040s ]
SQL: SHOW COLUMNS FROM `ysk_menu` [ RunTime:0.0040s ]
SQL: SHOW COLUMNS FROM `ysk_admin` [ RunTime:0.0050s ]
SQL: SELECT `auth_id` FROM `ysk_admin` WHERE `id` = 5 LIMIT 1   [ RunTime:0.0010s ]
SQL: SELECT `pid`,`gid`,`name` FROM `ysk_menu` WHERE `col` = 'User' AND `status` = 1 AND `level` = 2 LIMIT 1   [ RunTime:0.0000s ]
SQL: SELECT `name` FROM `ysk_menu` WHERE `id` = 7 LIMIT 1   [ RunTime:0.0010s ]
SQL: SELECT `name` FROM `ysk_menu` WHERE `id` = 1 LIMIT 1   [ RunTime:0.0000s ]
SQL: SELECT `auth_id` FROM `ysk_admin` WHERE `id` = 5 LIMIT 1   [ RunTime:0.0000s ]
SQL: SELECT * FROM `ysk_menu` WHERE `status` = 1 AND `level` = 1 AND `gid` = 1 ORDER BY sort asc, id asc  [ RunTime:0.0010s ]
SQL: SELECT * FROM `ysk_menu` WHERE `status` = 1 AND `level` = 2 AND `gid` = 1 ORDER BY sort asc, id asc  [ RunTime:0.0000s ]
SQL: SELECT `auth_id` FROM `ysk_admin` WHERE `id` = 5 LIMIT 1   [ RunTime:0.0000s ]
SQL: SELECT * FROM `ysk_menu` WHERE `status` = 1 AND `level` = 0 ORDER BY sort asc, id asc  [ RunTime:0.0000s ]
SQL: SELECT `col`,`act` FROM `ysk_menu` WHERE `level` = 2 AND `gid` = 1 ORDER BY sort asc, id asc LIMIT 1   [ RunTime:0.0010s ]
SQL: SELECT COUNT(1) AS tp_count FROM `ysk_menu` WHERE `col` = 'User' AND `act` = 'index' LIMIT 1   [ RunTime:0.0000s ]
NOTIC: [8] Undefined variable: map F:\web\12xin\shop\Admin\Common\function.php 第 107 行.
NOTIC: [8] Undefined variable: level F:\web\12xin\shop\Admin\Controller\UserController.class.php 第 42 行.
SQL: SHOW COLUMNS FROM `ysk_user` [ RunTime:0.0060s ]
NOTIC: [2] Invalid argument supplied for foreach() F:\web\12xin\ThinkPHP\Library\Think\Db\Driver.class.php 第 504 行.
SQL: SELECT COUNT(*) AS tp_count FROM ysk_user a left JOIN ysk_store b on a.userid=b.uid  LIMIT 1   [ RunTime:0.0000s ]
NOTIC: [2] Invalid argument supplied for foreach() F:\web\12xin\ThinkPHP\Library\Think\Db\Driver.class.php 第 504 行.
SQL: SELECT a.userid,a.username,a.email,a.yinbi,a.account,a.mobile,a.reg_date,a.status,a.pid,a.total_lingshi,a.total_active,a.total_tuiguang FROM ysk_user a left JOIN ysk_store b on a.userid=b.uid  ORDER BY a.userid desc LIMIT 0,15   [ RunTime:0.0000s ]
SQL: SHOW COLUMNS FROM `ysk_store` [ RunTime:0.0050s ]
SQL: SELECT COUNT(*) AS tp_count FROM ysk_user a LIMIT 1   [ RunTime:0.0000s ]
SQL: SELECT SUM(cangku_num) AS tp_sum FROM `ysk_store` LIMIT 1   [ RunTime:0.0010s ]
SQL: SELECT SUM(fengmi_num) AS tp_sum FROM `ysk_store` LIMIT 1   [ RunTime:0.0000s ]
SQL: SELECT `auth_id` FROM `ysk_admin` WHERE `id` = 5 LIMIT 1   [ RunTime:0.0000s ]
INFO: [ view_parse ] --START--
INFO: [ template_filter ] --START--
INFO: Run Behavior\ContentReplaceBehavior [ RunTime:0.000000s ]
INFO: [ template_filter ] --END-- [ RunTime:0.000000s ]
NOTIC: [8] Undefined variable: meta_title F:\web\12xin\shop\Runtime\Cache\Admin\9a111d1ff7e1d627679d543589aa53f1.php 第 5 行.
NOTIC: [8] Undefined variable: _user_auth F:\web\12xin\shop\Runtime\Cache\Admin\9a111d1ff7e1d627679d543589aa53f1.php 第 78 行.
NOTIC: [8] Undefined index: date_start F:\web\12xin\shop\Runtime\Cache\Admin\9a111d1ff7e1d627679d543589aa53f1.php 第 159 行.
NOTIC: [8] Undefined index: date_end F:\web\12xin\shop\Runtime\Cache\Admin\9a111d1ff7e1d627679d543589aa53f1.php 第 162 行.
NOTIC: [8] Undefined index: keyword F:\web\12xin\shop\Runtime\Cache\Admin\9a111d1ff7e1d627679d543589aa53f1.php 第 175 行.
SQL: SHOW COLUMNS FROM `ysk_user` [ RunTime:0.0060s ]
SQL: SELECT `account` FROM `ysk_user` WHERE ( userid =8805 ) LIMIT 1   [ RunTime:0.0000s ]
SQL: SHOW COLUMNS FROM `ysk_user` [ RunTime:0.0050s ]
SQL: SELECT COUNT(1) AS tp_count FROM `ysk_user` WHERE `pid` = 8806 AND `is_real_name` = 1 LIMIT 1   [ RunTime:0.0000s ]
NOTIC: [8] Use of undefined constant forbid - assumed 'forbid' F:\web\12xin\shop\Runtime\Cache\Admin\9a111d1ff7e1d627679d543589aa53f1.php 第 260 行.
SQL: SELECT `account` FROM `ysk_user` WHERE ( userid =8803 ) LIMIT 1   [ RunTime:0.0010s ]
SQL: SELECT COUNT(1) AS tp_count FROM `ysk_user` WHERE `pid` = 8805 AND `is_real_name` = 1 LIMIT 1   [ RunTime:0.0000s ]
NOTIC: [8] Use of undefined constant forbid - assumed 'forbid' F:\web\12xin\shop\Runtime\Cache\Admin\9a111d1ff7e1d627679d543589aa53f1.php 第 260 行.
SQL: SELECT `account` FROM `ysk_user` WHERE ( userid =8803 ) LIMIT 1   [ RunTime:0.0010s ]
SQL: SELECT COUNT(1) AS tp_count FROM `ysk_user` WHERE `pid` = 8804 AND `is_real_name` = 1 LIMIT 1   [ RunTime:0.0000s ]
NOTIC: [8] Use of undefined constant forbid - assumed 'forbid' F:\web\12xin\shop\Runtime\Cache\Admin\9a111d1ff7e1d627679d543589aa53f1.php 第 260 行.
SQL: SELECT `account` FROM `ysk_user` WHERE ( userid =8802 ) LIMIT 1   [ RunTime:0.0000s ]
SQL: SELECT COUNT(1) AS tp_count FROM `ysk_user` WHERE `pid` = 8803 AND `is_real_name` = 1 LIMIT 1   [ RunTime:0.0000s ]
NOTIC: [8] Use of undefined constant forbid - assumed 'forbid' F:\web\12xin\shop\Runtime\Cache\Admin\9a111d1ff7e1d627679d543589aa53f1.php 第 260 行.
INFO: Run Behavior\ParseTemplateBehavior [ RunTime:0.038002s ]
INFO: [ view_parse ] --END-- [ RunTime:0.038002s ]
INFO: [ view_filter ] --START--
INFO: Run Behavior\WriteHtmlCacheBehavior [ RunTime:0.001000s ]
INFO: [ view_filter ] --END-- [ RunTime:0.001000s ]
INFO: [ app_end ] --START--
INFO: Run Behavior\ShowPageTraceBehavior [ RunTime:0.000000s ]
INFO: [ app_end ] --END-- [ RunTime:0.000000s ]

[ 2021-01-07T10:36:38+08:00 ] 127.0.0.1 /admin/User/userlogin/userid/8804.html
INFO: [ app_init ] --START--
INFO: Run Behavior\BuildLiteBehavior [ RunTime:0.000000s ]
INFO: [ app_init ] --END-- [ RunTime:0.000000s ]
INFO: [ app_begin ] --START--
INFO: Run Behavior\ReadHtmlCacheBehavior [ RunTime:0.001000s ]
INFO: Run Common\Behavior\CheckLangBehavior [ RunTime:0.001000s ]
INFO: [ app_begin ] --END-- [ RunTime:0.002000s ]
NOTIC: [2048] Declaration of Admin\Controller\UserController::setStatus() should be compatible with Admin\Controller\AdminController::setStatus($model = Admin\Controller\CONTROLLER_NAME, $script = false) F:\web\12xin\shop\Admin\Controller\UserController.class.php 第 11 行.
NOTIC: [8] Use of undefined constant MODEL_INSERT - assumed 'MODEL_INSERT' F:\web\12xin\ThinkPHP\Common\functions.php 第 588 行.
SQL: SHOW COLUMNS FROM `ysk_admin` [ RunTime:0.0050s ]
SQL: SHOW COLUMNS FROM `ysk_group` [ RunTime:0.0050s ]
SQL: SHOW COLUMNS FROM `ysk_menu` [ RunTime:0.0040s ]
SQL: SHOW COLUMNS FROM `ysk_admin` [ RunTime:0.0050s ]
SQL: SELECT `auth_id` FROM `ysk_admin` WHERE `id` = 5 LIMIT 1   [ RunTime:0.0000s ]
SQL: SELECT `pid`,`gid`,`name` FROM `ysk_menu` WHERE `col` = 'User' AND `status` = 1 AND `level` = 2 LIMIT 1   [ RunTime:0.0010s ]
SQL: SELECT `name` FROM `ysk_menu` WHERE `id` = 7 LIMIT 1   [ RunTime:0.0000s ]
SQL: SELECT `name` FROM `ysk_menu` WHERE `id` = 1 LIMIT 1   [ RunTime:0.0020s ]
SQL: SELECT `auth_id` FROM `ysk_admin` WHERE `id` = 5 LIMIT 1   [ RunTime:0.0010s ]
SQL: SELECT * FROM `ysk_menu` WHERE `status` = 1 AND `level` = 1 AND `gid` = 1 ORDER BY sort asc, id asc  [ RunTime:0.0020s ]
SQL: SELECT * FROM `ysk_menu` WHERE `status` = 1 AND `level` = 2 AND `gid` = 1 ORDER BY sort asc, id asc  [ RunTime:0.0000s ]
SQL: SELECT `auth_id` FROM `ysk_admin` WHERE `id` = 5 LIMIT 1   [ RunTime:0.0010s ]
SQL: SELECT * FROM `ysk_menu` WHERE `status` = 1 AND `level` = 0 ORDER BY sort asc, id asc  [ RunTime:0.0000s ]
SQL: SELECT `col`,`act` FROM `ysk_menu` WHERE `level` = 2 AND `gid` = 1 ORDER BY sort asc, id asc LIMIT 1   [ RunTime:0.0000s ]
SQL: SELECT COUNT(1) AS tp_count FROM `ysk_menu` WHERE `col` = 'User' AND `act` = 'userlogin' LIMIT 1   [ RunTime:0.0010s ]
SQL: SHOW COLUMNS FROM `ysk_user` [ RunTime:0.0060s ]
SQL: SELECT * FROM `ysk_user` WHERE `userid` = 8804 LIMIT 1   [ RunTime:0.0020s ]

[ 2021-01-07T11:35:43+08:00 ] 127.0.0.1 /admin/Config/group.html
INFO: [ app_init ] --START--
INFO: Run Behavior\BuildLiteBehavior [ RunTime:0.000000s ]
INFO: [ app_init ] --END-- [ RunTime:0.000000s ]
INFO: [ app_begin ] --START--
INFO: Run Behavior\ReadHtmlCacheBehavior [ RunTime:0.000000s ]
INFO: Run Common\Behavior\CheckLangBehavior [ RunTime:0.001000s ]
INFO: [ app_begin ] --END-- [ RunTime:0.001000s ]
NOTIC: [8] Use of undefined constant MODEL_INSERT - assumed 'MODEL_INSERT' F:\web\12xin\ThinkPHP\Common\functions.php 第 588 行.
SQL: SHOW COLUMNS FROM `ysk_admin` [ RunTime:0.0050s ]
SQL: SHOW COLUMNS FROM `ysk_group` [ RunTime:0.0050s ]
SQL: SHOW COLUMNS FROM `ysk_menu` [ RunTime:0.0060s ]
SQL: SHOW COLUMNS FROM `ysk_admin` [ RunTime:0.0040s ]
SQL: SELECT `auth_id` FROM `ysk_admin` WHERE `id` = 5 LIMIT 1   [ RunTime:0.0000s ]
SQL: SELECT `pid`,`gid`,`name` FROM `ysk_menu` WHERE `col` = 'Config' AND `status` = 1 AND `level` = 2 LIMIT 1   [ RunTime:0.0000s ]
SQL: SELECT `name` FROM `ysk_menu` WHERE `id` = 3 LIMIT 1   [ RunTime:0.0000s ]
SQL: SELECT `name` FROM `ysk_menu` WHERE `id` = 1 LIMIT 1   [ RunTime:0.0000s ]
SQL: SELECT `auth_id` FROM `ysk_admin` WHERE `id` = 5 LIMIT 1   [ RunTime:0.0000s ]
SQL: SELECT * FROM `ysk_menu` WHERE `status` = 1 AND `level` = 1 AND `gid` = 1 ORDER BY sort asc, id asc  [ RunTime:0.0000s ]
SQL: SELECT * FROM `ysk_menu` WHERE `status` = 1 AND `level` = 2 AND `gid` = 1 ORDER BY sort asc, id asc  [ RunTime:0.0000s ]
SQL: SELECT `auth_id` FROM `ysk_admin` WHERE `id` = 5 LIMIT 1   [ RunTime:0.0000s ]
SQL: SELECT * FROM `ysk_menu` WHERE `status` = 1 AND `level` = 0 ORDER BY sort asc, id asc  [ RunTime:0.0000s ]
SQL: SELECT `col`,`act` FROM `ysk_menu` WHERE `level` = 2 AND `gid` = 1 ORDER BY sort asc, id asc LIMIT 1   [ RunTime:0.0010s ]
SQL: SELECT COUNT(1) AS tp_count FROM `ysk_menu` WHERE `col` = 'Config' AND `act` = 'group' LIMIT 1   [ RunTime:0.0000s ]
SQL: SHOW COLUMNS FROM `ysk_config` [ RunTime:0.0050s ]
SQL: SELECT `name`,`value`,`tip`,`type` FROM `ysk_config` WHERE `group` = 3 AND `status` = 1  [ RunTime:0.0010s ]
INFO: [ view_parse ] --START--
INFO: [ template_filter ] --START--
INFO: Run Behavior\ContentReplaceBehavior [ RunTime:0.000000s ]
INFO: [ template_filter ] --END-- [ RunTime:0.000000s ]
NOTIC: [8] Undefined variable: meta_title F:\web\12xin\shop\Runtime\Cache\Admin\9643c643c1493472e2df91d955008522.php 第 5 行.
NOTIC: [8] Undefined variable: _user_auth F:\web\12xin\shop\Runtime\Cache\Admin\9643c643c1493472e2df91d955008522.php 第 73 行.
INFO: Run Behavior\ParseTemplateBehavior [ RunTime:0.018001s ]
INFO: [ view_parse ] --END-- [ RunTime:0.018001s ]
INFO: [ view_filter ] --START--
INFO: Run Behavior\WriteHtmlCacheBehavior [ RunTime:0.000000s ]
INFO: [ view_filter ] --END-- [ RunTime:0.000000s ]
INFO: [ app_end ] --START--
INFO: Run Behavior\ShowPageTraceBehavior [ RunTime:0.000000s ]
INFO: [ app_end ] --END-- [ RunTime:0.000000s ]

[ 2021-01-07T11:35:45+08:00 ] 127.0.0.1 /admin/Config/group2/group/1.html
INFO: [ app_init ] --START--
INFO: Run Behavior\BuildLiteBehavior [ RunTime:0.000000s ]
INFO: [ app_init ] --END-- [ RunTime:0.000000s ]
INFO: [ app_begin ] --START--
INFO: Run Behavior\ReadHtmlCacheBehavior [ RunTime:0.000000s ]
INFO: Run Common\Behavior\CheckLangBehavior [ RunTime:0.001000s ]
INFO: [ app_begin ] --END-- [ RunTime:0.001000s ]
NOTIC: [8] Use of undefined constant MODEL_INSERT - assumed 'MODEL_INSERT' F:\web\12xin\ThinkPHP\Common\functions.php 第 588 行.
SQL: SHOW COLUMNS FROM `ysk_admin` [ RunTime:0.0050s ]
SQL: SHOW COLUMNS FROM `ysk_group` [ RunTime:0.0040s ]
SQL: SHOW COLUMNS FROM `ysk_menu` [ RunTime:0.0040s ]
SQL: SHOW COLUMNS FROM `ysk_admin` [ RunTime:0.0050s ]
SQL: SELECT `auth_id` FROM `ysk_admin` WHERE `id` = 5 LIMIT 1   [ RunTime:0.0010s ]
SQL: SELECT `pid`,`gid`,`name` FROM `ysk_menu` WHERE `col` = 'Config' AND `status` = 1 AND `level` = 2 LIMIT 1   [ RunTime:0.0000s ]
SQL: SELECT `name` FROM `ysk_menu` WHERE `id` = 3 LIMIT 1   [ RunTime:0.0010s ]
SQL: SELECT `name` FROM `ysk_menu` WHERE `id` = 1 LIMIT 1   [ RunTime:0.0000s ]
SQL: SELECT `auth_id` FROM `ysk_admin` WHERE `id` = 5 LIMIT 1   [ RunTime:0.0010s ]
SQL: SELECT * FROM `ysk_menu` WHERE `status` = 1 AND `level` = 1 AND `gid` = 1 ORDER BY sort asc, id asc  [ RunTime:0.0000s ]
SQL: SELECT * FROM `ysk_menu` WHERE `status` = 1 AND `level` = 2 AND `gid` = 1 ORDER BY sort asc, id asc  [ RunTime:0.0000s ]
SQL: SELECT `auth_id` FROM `ysk_admin` WHERE `id` = 5 LIMIT 1   [ RunTime:0.0010s ]
SQL: SELECT * FROM `ysk_menu` WHERE `status` = 1 AND `level` = 0 ORDER BY sort asc, id asc  [ RunTime:0.0000s ]
SQL: SELECT `col`,`act` FROM `ysk_menu` WHERE `level` = 2 AND `gid` = 1 ORDER BY sort asc, id asc LIMIT 1   [ RunTime:0.0000s ]
SQL: SELECT COUNT(1) AS tp_count FROM `ysk_menu` WHERE `col` = 'Config' AND `act` = 'group2' LIMIT 1   [ RunTime:0.0010s ]
SQL: SHOW COLUMNS FROM `ysk_config` [ RunTime:0.0040s ]
SQL: SELECT `value` FROM `ysk_config` WHERE ( name='zhuanrang_min' ) LIMIT 1   [ RunTime:0.0000s ]
SQL: SELECT `value` FROM `ysk_config` WHERE ( name='zhuanrang_max' ) LIMIT 1   [ RunTime:0.0010s ]
SQL: SELECT `value` FROM `ysk_config` WHERE ( name='tzhuanrang_min' ) LIMIT 1   [ RunTime:0.0000s ]
SQL: SELECT `value` FROM `ysk_config` WHERE ( name='tzhuanrang_max' ) LIMIT 1   [ RunTime:0.0000s ]
SQL: SELECT `value` FROM `ysk_config` WHERE ( name='rens' ) LIMIT 1   [ RunTime:0.0000s ]
SQL: SELECT `value` FROM `ysk_config` WHERE ( name='b_drills' ) LIMIT 1   [ RunTime:0.0000s ]
SQL: SELECT `value` FROM `ysk_config` WHERE ( name='b_num' ) LIMIT 1   [ RunTime:0.0000s ]
SQL: SELECT `value` FROM `ysk_config` WHERE ( name='g_drills' ) LIMIT 1   [ RunTime:0.0000s ]
SQL: SELECT `value` FROM `ysk_config` WHERE ( name='g_num' ) LIMIT 1   [ RunTime:0.0000s ]
SQL: SELECT `value` FROM `ysk_config` WHERE ( name='false_user' ) LIMIT 1   [ RunTime:0.0000s ]
SQL: SELECT `value` FROM `ysk_config` WHERE ( name='add_user' ) LIMIT 1   [ RunTime:0.0000s ]
SQL: SELECT `value` FROM `ysk_config` WHERE ( name='min_balance' ) LIMIT 1   [ RunTime:0.0010s ]
SQL: SELECT `status` FROM `ysk_config` WHERE ( name='min_balance' ) LIMIT 1   [ RunTime:0.0000s ]
INFO: [ view_parse ] --START--
INFO: [ template_filter ] --START--
INFO: Run Behavior\ContentReplaceBehavior [ RunTime:0.000000s ]
INFO: [ template_filter ] --END-- [ RunTime:0.000000s ]
NOTIC: [8] Undefined variable: meta_title F:\web\12xin\shop\Runtime\Cache\Admin\29a12b21c8ce3b06807715987849d374.php 第 5 行.
NOTIC: [8] Undefined variable: _user_auth F:\web\12xin\shop\Runtime\Cache\Admin\29a12b21c8ce3b06807715987849d374.php 第 73 行.
INFO: Run Behavior\ParseTemplateBehavior [ RunTime:0.015001s ]
INFO: [ view_parse ] --END-- [ RunTime:0.015001s ]
INFO: [ view_filter ] --START--
INFO: Run Behavior\WriteHtmlCacheBehavior [ RunTime:0.001000s ]
INFO: [ view_filter ] --END-- [ RunTime:0.001000s ]
INFO: [ app_end ] --START--
INFO: Run Behavior\ShowPageTraceBehavior [ RunTime:0.000000s ]
INFO: [ app_end ] --END-- [ RunTime:0.000000s ]

[ 2021-01-07T11:58:05+08:00 ] 127.0.0.1 /admin/User/index.html
INFO: [ app_init ] --START--
INFO: Run Behavior\BuildLiteBehavior [ RunTime:0.000000s ]
INFO: [ app_init ] --END-- [ RunTime:0.000000s ]
INFO: [ app_begin ] --START--
INFO: Run Behavior\ReadHtmlCacheBehavior [ RunTime:0.001000s ]
INFO: Run Common\Behavior\CheckLangBehavior [ RunTime:0.003000s ]
INFO: [ app_begin ] --END-- [ RunTime:0.004000s ]
NOTIC: [2048] Declaration of Admin\Controller\UserController::setStatus() should be compatible with Admin\Controller\AdminController::setStatus($model = Admin\Controller\CONTROLLER_NAME, $script = false) F:\web\12xin\shop\Admin\Controller\UserController.class.php 第 11 行.
NOTIC: [8] Use of undefined constant MODEL_INSERT - assumed 'MODEL_INSERT' F:\web\12xin\ThinkPHP\Common\functions.php 第 588 行.
SQL: SHOW COLUMNS FROM `ysk_admin` [ RunTime:0.0050s ]
SQL: SHOW COLUMNS FROM `ysk_group` [ RunTime:0.0050s ]
SQL: SHOW COLUMNS FROM `ysk_menu` [ RunTime:0.0050s ]
SQL: SHOW COLUMNS FROM `ysk_admin` [ RunTime:0.0050s ]
SQL: SELECT `auth_id` FROM `ysk_admin` WHERE `id` = 5 LIMIT 1   [ RunTime:0.0010s ]
SQL: SELECT `pid`,`gid`,`name` FROM `ysk_menu` WHERE `col` = 'User' AND `status` = 1 AND `level` = 2 LIMIT 1   [ RunTime:0.0000s ]
SQL: SELECT `name` FROM `ysk_menu` WHERE `id` = 7 LIMIT 1   [ RunTime:0.0010s ]
SQL: SELECT `name` FROM `ysk_menu` WHERE `id` = 1 LIMIT 1   [ RunTime:0.0000s ]
SQL: SELECT `auth_id` FROM `ysk_admin` WHERE `id` = 5 LIMIT 1   [ RunTime:0.0000s ]
SQL: SELECT * FROM `ysk_menu` WHERE `status` = 1 AND `level` = 1 AND `gid` = 1 ORDER BY sort asc, id asc  [ RunTime:0.0010s ]
SQL: SELECT * FROM `ysk_menu` WHERE `status` = 1 AND `level` = 2 AND `gid` = 1 ORDER BY sort asc, id asc  [ RunTime:0.0000s ]
SQL: SELECT `auth_id` FROM `ysk_admin` WHERE `id` = 5 LIMIT 1   [ RunTime:0.0000s ]
SQL: SELECT * FROM `ysk_menu` WHERE `status` = 1 AND `level` = 0 ORDER BY sort asc, id asc  [ RunTime:0.0000s ]
SQL: SELECT `col`,`act` FROM `ysk_menu` WHERE `level` = 2 AND `gid` = 1 ORDER BY sort asc, id asc LIMIT 1   [ RunTime:0.0000s ]
SQL: SELECT COUNT(1) AS tp_count FROM `ysk_menu` WHERE `col` = 'User' AND `act` = 'index' LIMIT 1   [ RunTime:0.0000s ]
NOTIC: [8] Undefined variable: map F:\web\12xin\shop\Admin\Common\function.php 第 107 行.
NOTIC: [8] Undefined variable: level F:\web\12xin\shop\Admin\Controller\UserController.class.php 第 42 行.
SQL: SHOW COLUMNS FROM `ysk_user` [ RunTime:0.0050s ]
NOTIC: [2] Invalid argument supplied for foreach() F:\web\12xin\ThinkPHP\Library\Think\Db\Driver.class.php 第 504 行.
SQL: SELECT COUNT(*) AS tp_count FROM ysk_user a left JOIN ysk_store b on a.userid=b.uid  LIMIT 1   [ RunTime:0.0020s ]
NOTIC: [2] Invalid argument supplied for foreach() F:\web\12xin\ThinkPHP\Library\Think\Db\Driver.class.php 第 504 行.
SQL: SELECT a.userid,a.username,a.email,a.yinbi,a.account,a.mobile,a.reg_date,a.status,a.pid,a.total_lingshi,a.total_active,a.total_tuiguang FROM ysk_user a left JOIN ysk_store b on a.userid=b.uid  ORDER BY a.userid desc LIMIT 0,15   [ RunTime:0.0010s ]
SQL: SHOW COLUMNS FROM `ysk_store` [ RunTime:0.0040s ]
SQL: SELECT COUNT(*) AS tp_count FROM ysk_user a LIMIT 1   [ RunTime:0.0000s ]
SQL: SELECT SUM(cangku_num) AS tp_sum FROM `ysk_store` LIMIT 1   [ RunTime:0.0000s ]
SQL: SELECT SUM(fengmi_num) AS tp_sum FROM `ysk_store` LIMIT 1   [ RunTime:0.0000s ]
SQL: SELECT `auth_id` FROM `ysk_admin` WHERE `id` = 5 LIMIT 1   [ RunTime:0.0010s ]
INFO: [ view_parse ] --START--
INFO: [ template_filter ] --START--
INFO: Run Behavior\ContentReplaceBehavior [ RunTime:0.000000s ]
INFO: [ template_filter ] --END-- [ RunTime:0.000000s ]
NOTIC: [8] Undefined variable: meta_title F:\web\12xin\shop\Runtime\Cache\Admin\9a111d1ff7e1d627679d543589aa53f1.php 第 5 行.
NOTIC: [8] Undefined variable: _user_auth F:\web\12xin\shop\Runtime\Cache\Admin\9a111d1ff7e1d627679d543589aa53f1.php 第 78 行.
NOTIC: [8] Undefined index: date_start F:\web\12xin\shop\Runtime\Cache\Admin\9a111d1ff7e1d627679d543589aa53f1.php 第 159 行.
NOTIC: [8] Undefined index: date_end F:\web\12xin\shop\Runtime\Cache\Admin\9a111d1ff7e1d627679d543589aa53f1.php 第 162 行.
NOTIC: [8] Undefined index: keyword F:\web\12xin\shop\Runtime\Cache\Admin\9a111d1ff7e1d627679d543589aa53f1.php 第 175 行.
SQL: SHOW COLUMNS FROM `ysk_user` [ RunTime:0.0060s ]
SQL: SELECT `account` FROM `ysk_user` WHERE ( userid =8805 ) LIMIT 1   [ RunTime:0.0000s ]
SQL: SHOW COLUMNS FROM `ysk_user` [ RunTime:0.0040s ]
SQL: SELECT COUNT(1) AS tp_count FROM `ysk_user` WHERE `pid` = 8806 AND `is_real_name` = 1 LIMIT 1   [ RunTime:0.0000s ]
NOTIC: [8] Use of undefined constant forbid - assumed 'forbid' F:\web\12xin\shop\Runtime\Cache\Admin\9a111d1ff7e1d627679d543589aa53f1.php 第 260 行.
SQL: SELECT `account` FROM `ysk_user` WHERE ( userid =8803 ) LIMIT 1   [ RunTime:0.0000s ]
SQL: SELECT COUNT(1) AS tp_count FROM `ysk_user` WHERE `pid` = 8805 AND `is_real_name` = 1 LIMIT 1   [ RunTime:0.0000s ]
NOTIC: [8] Use of undefined constant forbid - assumed 'forbid' F:\web\12xin\shop\Runtime\Cache\Admin\9a111d1ff7e1d627679d543589aa53f1.php 第 260 行.
SQL: SELECT `account` FROM `ysk_user` WHERE ( userid =8803 ) LIMIT 1   [ RunTime:0.0010s ]
SQL: SELECT COUNT(1) AS tp_count FROM `ysk_user` WHERE `pid` = 8804 AND `is_real_name` = 1 LIMIT 1   [ RunTime:0.0000s ]
NOTIC: [8] Use of undefined constant forbid - assumed 'forbid' F:\web\12xin\shop\Runtime\Cache\Admin\9a111d1ff7e1d627679d543589aa53f1.php 第 260 行.
SQL: SELECT `account` FROM `ysk_user` WHERE ( userid =8802 ) LIMIT 1   [ RunTime:0.0010s ]
SQL: SELECT COUNT(1) AS tp_count FROM `ysk_user` WHERE `pid` = 8803 AND `is_real_name` = 1 LIMIT 1   [ RunTime:0.0010s ]
NOTIC: [8] Use of undefined constant forbid - assumed 'forbid' F:\web\12xin\shop\Runtime\Cache\Admin\9a111d1ff7e1d627679d543589aa53f1.php 第 260 行.
INFO: Run Behavior\ParseTemplateBehavior [ RunTime:0.040002s ]
INFO: [ view_parse ] --END-- [ RunTime:0.040002s ]
INFO: [ view_filter ] --START--
INFO: Run Behavior\WriteHtmlCacheBehavior [ RunTime:0.001000s ]
INFO: [ view_filter ] --END-- [ RunTime:0.001000s ]
INFO: [ app_end ] --START--
INFO: Run Behavior\ShowPageTraceBehavior [ RunTime:0.002000s ]
INFO: [ app_end ] --END-- [ RunTime:0.002000s ]

[ 2021-01-07T11:58:07+08:00 ] 127.0.0.1 /admin/User/userlogin/userid/8806.html
INFO: [ app_init ] --START--
INFO: Run Behavior\BuildLiteBehavior [ RunTime:0.000000s ]
INFO: [ app_init ] --END-- [ RunTime:0.000000s ]
INFO: [ app_begin ] --START--
INFO: Run Behavior\ReadHtmlCacheBehavior [ RunTime:0.001000s ]
INFO: Run Common\Behavior\CheckLangBehavior [ RunTime:0.003000s ]
INFO: [ app_begin ] --END-- [ RunTime:0.004000s ]
NOTIC: [2048] Declaration of Admin\Controller\UserController::setStatus() should be compatible with Admin\Controller\AdminController::setStatus($model = Admin\Controller\CONTROLLER_NAME, $script = false) F:\web\12xin\shop\Admin\Controller\UserController.class.php 第 11 行.
NOTIC: [8] Use of undefined constant MODEL_INSERT - assumed 'MODEL_INSERT' F:\web\12xin\ThinkPHP\Common\functions.php 第 588 行.
SQL: SHOW COLUMNS FROM `ysk_admin` [ RunTime:0.0040s ]
SQL: SHOW COLUMNS FROM `ysk_group` [ RunTime:0.0040s ]
SQL: SHOW COLUMNS FROM `ysk_menu` [ RunTime:0.0040s ]
SQL: SHOW COLUMNS FROM `ysk_admin` [ RunTime:0.0080s ]
SQL: SELECT `auth_id` FROM `ysk_admin` WHERE `id` = 5 LIMIT 1   [ RunTime:0.0000s ]
SQL: SELECT `pid`,`gid`,`name` FROM `ysk_menu` WHERE `col` = 'User' AND `status` = 1 AND `level` = 2 LIMIT 1   [ RunTime:0.0000s ]
SQL: SELECT `name` FROM `ysk_menu` WHERE `id` = 7 LIMIT 1   [ RunTime:0.0000s ]
SQL: SELECT `name` FROM `ysk_menu` WHERE `id` = 1 LIMIT 1   [ RunTime:0.0000s ]
SQL: SELECT `auth_id` FROM `ysk_admin` WHERE `id` = 5 LIMIT 1   [ RunTime:0.0000s ]
SQL: SELECT * FROM `ysk_menu` WHERE `status` = 1 AND `level` = 1 AND `gid` = 1 ORDER BY sort asc, id asc  [ RunTime:0.0000s ]
SQL: SELECT * FROM `ysk_menu` WHERE `status` = 1 AND `level` = 2 AND `gid` = 1 ORDER BY sort asc, id asc  [ RunTime:0.0010s ]
SQL: SELECT `auth_id` FROM `ysk_admin` WHERE `id` = 5 LIMIT 1   [ RunTime:0.0000s ]
SQL: SELECT * FROM `ysk_menu` WHERE `status` = 1 AND `level` = 0 ORDER BY sort asc, id asc  [ RunTime:0.0000s ]
SQL: SELECT `col`,`act` FROM `ysk_menu` WHERE `level` = 2 AND `gid` = 1 ORDER BY sort asc, id asc LIMIT 1   [ RunTime:0.0010s ]
SQL: SELECT COUNT(1) AS tp_count FROM `ysk_menu` WHERE `col` = 'User' AND `act` = 'userlogin' LIMIT 1   [ RunTime:0.0000s ]
SQL: SHOW COLUMNS FROM `ysk_user` [ RunTime:0.0070s ]
SQL: SELECT * FROM `ysk_user` WHERE `userid` = 8806 LIMIT 1   [ RunTime:0.0020s ]

[ 2021-01-07T12:06:56+08:00 ] 127.0.0.1 /admin/User/index.html
INFO: [ app_init ] --START--
INFO: Run Behavior\BuildLiteBehavior [ RunTime:0.000000s ]
INFO: [ app_init ] --END-- [ RunTime:0.000000s ]
INFO: [ app_begin ] --START--
INFO: Run Behavior\ReadHtmlCacheBehavior [ RunTime:0.001000s ]
INFO: Run Common\Behavior\CheckLangBehavior [ RunTime:0.003000s ]
INFO: [ app_begin ] --END-- [ RunTime:0.004000s ]
NOTIC: [2048] Declaration of Admin\Controller\UserController::setStatus() should be compatible with Admin\Controller\AdminController::setStatus($model = Admin\Controller\CONTROLLER_NAME, $script = false) F:\web\12xin\shop\Admin\Controller\UserController.class.php 第 11 行.
NOTIC: [8] Use of undefined constant MODEL_INSERT - assumed 'MODEL_INSERT' F:\web\12xin\ThinkPHP\Common\functions.php 第 588 行.
SQL: SHOW COLUMNS FROM `ysk_admin` [ RunTime:0.0040s ]
SQL: SHOW COLUMNS FROM `ysk_group` [ RunTime:0.0040s ]
SQL: SHOW COLUMNS FROM `ysk_menu` [ RunTime:0.0040s ]
SQL: SHOW COLUMNS FROM `ysk_admin` [ RunTime:0.0040s ]
SQL: SELECT `auth_id` FROM `ysk_admin` WHERE `id` = 5 LIMIT 1   [ RunTime:0.0000s ]
SQL: SELECT `pid`,`gid`,`name` FROM `ysk_menu` WHERE `col` = 'User' AND `status` = 1 AND `level` = 2 LIMIT 1   [ RunTime:0.0000s ]
SQL: SELECT `name` FROM `ysk_menu` WHERE `id` = 7 LIMIT 1   [ RunTime:0.0010s ]
SQL: SELECT `name` FROM `ysk_menu` WHERE `id` = 1 LIMIT 1   [ RunTime:0.0000s ]
SQL: SELECT `auth_id` FROM `ysk_admin` WHERE `id` = 5 LIMIT 1   [ RunTime:0.0000s ]
SQL: SELECT * FROM `ysk_menu` WHERE `status` = 1 AND `level` = 1 AND `gid` = 1 ORDER BY sort asc, id asc  [ RunTime:0.0000s ]
SQL: SELECT * FROM `ysk_menu` WHERE `status` = 1 AND `level` = 2 AND `gid` = 1 ORDER BY sort asc, id asc  [ RunTime:0.0010s ]
SQL: SELECT `auth_id` FROM `ysk_admin` WHERE `id` = 5 LIMIT 1   [ RunTime:0.0000s ]
SQL: SELECT * FROM `ysk_menu` WHERE `status` = 1 AND `level` = 0 ORDER BY sort asc, id asc  [ RunTime:0.0010s ]
SQL: SELECT `col`,`act` FROM `ysk_menu` WHERE `level` = 2 AND `gid` = 1 ORDER BY sort asc, id asc LIMIT 1   [ RunTime:0.0000s ]
SQL: SELECT COUNT(1) AS tp_count FROM `ysk_menu` WHERE `col` = 'User' AND `act` = 'index' LIMIT 1   [ RunTime:0.0010s ]
NOTIC: [8] Undefined variable: map F:\web\12xin\shop\Admin\Common\function.php 第 107 行.
NOTIC: [8] Undefined variable: level F:\web\12xin\shop\Admin\Controller\UserController.class.php 第 42 行.
SQL: SHOW COLUMNS FROM `ysk_user` [ RunTime:0.0050s ]
NOTIC: [2] Invalid argument supplied for foreach() F:\web\12xin\ThinkPHP\Library\Think\Db\Driver.class.php 第 504 行.
SQL: SELECT COUNT(*) AS tp_count FROM ysk_user a left JOIN ysk_store b on a.userid=b.uid  LIMIT 1   [ RunTime:0.0010s ]
NOTIC: [2] Invalid argument supplied for foreach() F:\web\12xin\ThinkPHP\Library\Think\Db\Driver.class.php 第 504 行.
SQL: SELECT a.userid,a.username,a.email,a.yinbi,a.account,a.mobile,a.reg_date,a.status,a.pid,a.total_lingshi,a.total_active,a.total_tuiguang FROM ysk_user a left JOIN ysk_store b on a.userid=b.uid  ORDER BY a.userid desc LIMIT 0,15   [ RunTime:0.0000s ]
SQL: SHOW COLUMNS FROM `ysk_store` [ RunTime:0.0030s ]
SQL: SELECT COUNT(*) AS tp_count FROM ysk_user a LIMIT 1   [ RunTime:0.0000s ]
SQL: SELECT SUM(cangku_num) AS tp_sum FROM `ysk_store` LIMIT 1   [ RunTime:0.0000s ]
SQL: SELECT SUM(fengmi_num) AS tp_sum FROM `ysk_store` LIMIT 1   [ RunTime:0.0010s ]
SQL: SELECT `auth_id` FROM `ysk_admin` WHERE `id` = 5 LIMIT 1   [ RunTime:0.0000s ]
INFO: [ view_parse ] --START--
INFO: [ template_filter ] --START--
INFO: Run Behavior\ContentReplaceBehavior [ RunTime:0.001000s ]
INFO: [ template_filter ] --END-- [ RunTime:0.001000s ]
NOTIC: [8] Undefined variable: meta_title F:\web\12xin\shop\Runtime\Cache\Admin\9a111d1ff7e1d627679d543589aa53f1.php 第 5 行.
NOTIC: [8] Undefined variable: _user_auth F:\web\12xin\shop\Runtime\Cache\Admin\9a111d1ff7e1d627679d543589aa53f1.php 第 78 行.
NOTIC: [8] Undefined index: date_start F:\web\12xin\shop\Runtime\Cache\Admin\9a111d1ff7e1d627679d543589aa53f1.php 第 159 行.
NOTIC: [8] Undefined index: date_end F:\web\12xin\shop\Runtime\Cache\Admin\9a111d1ff7e1d627679d543589aa53f1.php 第 162 行.
NOTIC: [8] Undefined index: keyword F:\web\12xin\shop\Runtime\Cache\Admin\9a111d1ff7e1d627679d543589aa53f1.php 第 175 行.
SQL: SHOW COLUMNS FROM `ysk_user` [ RunTime:0.0050s ]
SQL: SELECT `account` FROM `ysk_user` WHERE ( userid =8805 ) LIMIT 1   [ RunTime:0.0010s ]
SQL: SHOW COLUMNS FROM `ysk_user` [ RunTime:0.0060s ]
SQL: SELECT COUNT(1) AS tp_count FROM `ysk_user` WHERE `pid` = 8806 AND `is_real_name` = 1 LIMIT 1   [ RunTime:0.0000s ]
NOTIC: [8] Use of undefined constant forbid - assumed 'forbid' F:\web\12xin\shop\Runtime\Cache\Admin\9a111d1ff7e1d627679d543589aa53f1.php 第 260 行.
SQL: SELECT `account` FROM `ysk_user` WHERE ( userid =8803 ) LIMIT 1   [ RunTime:0.0000s ]
SQL: SELECT COUNT(1) AS tp_count FROM `ysk_user` WHERE `pid` = 8805 AND `is_real_name` = 1 LIMIT 1   [ RunTime:0.0000s ]
NOTIC: [8] Use of undefined constant forbid - assumed 'forbid' F:\web\12xin\shop\Runtime\Cache\Admin\9a111d1ff7e1d627679d543589aa53f1.php 第 260 行.
SQL: SELECT `account` FROM `ysk_user` WHERE ( userid =8803 ) LIMIT 1   [ RunTime:0.0000s ]
SQL: SELECT COUNT(1) AS tp_count FROM `ysk_user` WHERE `pid` = 8804 AND `is_real_name` = 1 LIMIT 1   [ RunTime:0.0010s ]
NOTIC: [8] Use of undefined constant forbid - assumed 'forbid' F:\web\12xin\shop\Runtime\Cache\Admin\9a111d1ff7e1d627679d543589aa53f1.php 第 260 行.
SQL: SELECT `account` FROM `ysk_user` WHERE ( userid =8802 ) LIMIT 1   [ RunTime:0.0000s ]
SQL: SELECT COUNT(1) AS tp_count FROM `ysk_user` WHERE `pid` = 8803 AND `is_real_name` = 1 LIMIT 1   [ RunTime:0.0010s ]
NOTIC: [8] Use of undefined constant forbid - assumed 'forbid' F:\web\12xin\shop\Runtime\Cache\Admin\9a111d1ff7e1d627679d543589aa53f1.php 第 260 行.
INFO: Run Behavior\ParseTemplateBehavior [ RunTime:0.039002s ]
INFO: [ view_parse ] --END-- [ RunTime:0.039002s ]
INFO: [ view_filter ] --START--
INFO: Run Behavior\WriteHtmlCacheBehavior [ RunTime:0.001000s ]
INFO: [ view_filter ] --END-- [ RunTime:0.001000s ]
INFO: [ app_end ] --START--
INFO: Run Behavior\ShowPageTraceBehavior [ RunTime:0.001000s ]
INFO: [ app_end ] --END-- [ RunTime:0.001000s ]

[ 2021-01-07T12:21:54+08:00 ] 127.0.0.1 /admin/Scroll/index.html
INFO: [ app_init ] --START--
INFO: Run Behavior\BuildLiteBehavior [ RunTime:0.001000s ]
INFO: [ app_init ] --END-- [ RunTime:0.001000s ]
INFO: [ app_begin ] --START--
INFO: Run Behavior\ReadHtmlCacheBehavior [ RunTime:0.001000s ]
INFO: Run Common\Behavior\CheckLangBehavior [ RunTime:0.002000s ]
INFO: [ app_begin ] --END-- [ RunTime:0.003000s ]
NOTIC: [2048] Declaration of Admin\Controller\ScrollController::setStatus() should be compatible with Admin\Controller\AdminController::setStatus($model = Admin\Controller\CONTROLLER_NAME, $script = false) F:\web\12xin\shop\Admin\Controller\ScrollController.class.php 第 10 行.
NOTIC: [8] Use of undefined constant MODEL_INSERT - assumed 'MODEL_INSERT' F:\web\12xin\ThinkPHP\Common\functions.php 第 588 行.
SQL: SHOW COLUMNS FROM `ysk_admin` [ RunTime:0.0040s ]
SQL: SHOW COLUMNS FROM `ysk_group` [ RunTime:0.0040s ]
SQL: SHOW COLUMNS FROM `ysk_menu` [ RunTime:0.0050s ]
SQL: SHOW COLUMNS FROM `ysk_admin` [ RunTime:0.0050s ]
SQL: SELECT `auth_id` FROM `ysk_admin` WHERE `id` = 5 LIMIT 1   [ RunTime:0.0000s ]
SQL: SELECT `pid`,`gid`,`name` FROM `ysk_menu` WHERE `col` = 'Scroll' AND `status` = 1 AND `level` = 2 LIMIT 1   [ RunTime:0.0000s ]
SQL: SELECT `name` FROM `ysk_menu` WHERE `id` = 341 LIMIT 1   [ RunTime:0.0010s ]
SQL: SELECT `name` FROM `ysk_menu` WHERE `id` = 1 LIMIT 1   [ RunTime:0.0000s ]
SQL: SELECT `auth_id` FROM `ysk_admin` WHERE `id` = 5 LIMIT 1   [ RunTime:0.0000s ]
SQL: SELECT * FROM `ysk_menu` WHERE `status` = 1 AND `level` = 1 AND `gid` = 1 ORDER BY sort asc, id asc  [ RunTime:0.0000s ]
SQL: SELECT * FROM `ysk_menu` WHERE `status` = 1 AND `level` = 2 AND `gid` = 1 ORDER BY sort asc, id asc  [ RunTime:0.0000s ]
SQL: SELECT `auth_id` FROM `ysk_admin` WHERE `id` = 5 LIMIT 1   [ RunTime:0.0010s ]
SQL: SELECT * FROM `ysk_menu` WHERE `status` = 1 AND `level` = 0 ORDER BY sort asc, id asc  [ RunTime:0.0000s ]
SQL: SELECT `col`,`act` FROM `ysk_menu` WHERE `level` = 2 AND `gid` = 1 ORDER BY sort asc, id asc LIMIT 1   [ RunTime:0.0000s ]
SQL: SELECT COUNT(1) AS tp_count FROM `ysk_menu` WHERE `col` = 'Scroll' AND `act` = 'index' LIMIT 1   [ RunTime:0.0000s ]
SQL: SHOW COLUMNS FROM `ysk_scroll` [ RunTime:0.0050s ]
SQL: SELECT * FROM `ysk_scroll` ORDER BY id asc  [ RunTime:0.0010s ]
INFO: [ view_parse ] --START--
INFO: [ template_filter ] --START--
INFO: Run Behavior\ContentReplaceBehavior [ RunTime:0.000000s ]
INFO: [ template_filter ] --END-- [ RunTime:0.000000s ]
NOTIC: [8] Undefined variable: meta_title F:\web\12xin\shop\Runtime\Cache\Admin\8550d6b23ad502cb13993a6ef67a797c.php 第 5 行.
NOTIC: [8] Undefined variable: _user_auth F:\web\12xin\shop\Runtime\Cache\Admin\8550d6b23ad502cb13993a6ef67a797c.php 第 86 行.
NOTIC: [8] Use of undefined constant forbid - assumed 'forbid' F:\web\12xin\shop\Runtime\Cache\Admin\8550d6b23ad502cb13993a6ef67a797c.php 第 237 行.
NOTIC: [8] Use of undefined constant forbid - assumed 'forbid' F:\web\12xin\shop\Runtime\Cache\Admin\8550d6b23ad502cb13993a6ef67a797c.php 第 237 行.
NOTIC: [8] Use of undefined constant forbid - assumed 'forbid' F:\web\12xin\shop\Runtime\Cache\Admin\8550d6b23ad502cb13993a6ef67a797c.php 第 237 行.
NOTIC: [8] Use of undefined constant forbid - assumed 'forbid' F:\web\12xin\shop\Runtime\Cache\Admin\8550d6b23ad502cb13993a6ef67a797c.php 第 237 行.
NOTIC: [8] Use of undefined constant forbid - assumed 'forbid' F:\web\12xin\shop\Runtime\Cache\Admin\8550d6b23ad502cb13993a6ef67a797c.php 第 237 行.
NOTIC: [8] Use of undefined constant resume - assumed 'resume' F:\web\12xin\shop\Runtime\Cache\Admin\8550d6b23ad502cb13993a6ef67a797c.php 第 239 行.
NOTIC: [8] Use of undefined constant resume - assumed 'resume' F:\web\12xin\shop\Runtime\Cache\Admin\8550d6b23ad502cb13993a6ef67a797c.php 第 239 行.
NOTIC: [8] Use of undefined constant resume - assumed 'resume' F:\web\12xin\shop\Runtime\Cache\Admin\8550d6b23ad502cb13993a6ef67a797c.php 第 239 行.
INFO: Run Behavior\ParseTemplateBehavior [ RunTime:0.019001s ]
INFO: [ view_parse ] --END-- [ RunTime:0.019001s ]
INFO: [ view_filter ] --START--
INFO: Run Behavior\WriteHtmlCacheBehavior [ RunTime:0.000000s ]
INFO: [ view_filter ] --END-- [ RunTime:0.000000s ]
INFO: [ app_end ] --START--
INFO: Run Behavior\ShowPageTraceBehavior [ RunTime:0.000000s ]
INFO: [ app_end ] --END-- [ RunTime:0.000000s ]

[ 2021-01-07T12:21:57+08:00 ] 127.0.0.1 /admin/Scroll/edit/id/1.html
INFO: [ app_init ] --START--
INFO: Run Behavior\BuildLiteBehavior [ RunTime:0.000000s ]
INFO: [ app_init ] --END-- [ RunTime:0.000000s ]
INFO: [ app_begin ] --START--
INFO: Run Behavior\ReadHtmlCacheBehavior [ RunTime:0.000000s ]
INFO: Run Common\Behavior\CheckLangBehavior [ RunTime:0.002000s ]
INFO: [ app_begin ] --END-- [ RunTime:0.002000s ]
NOTIC: [2048] Declaration of Admin\Controller\ScrollController::setStatus() should be compatible with Admin\Controller\AdminController::setStatus($model = Admin\Controller\CONTROLLER_NAME, $script = false) F:\web\12xin\shop\Admin\Controller\ScrollController.class.php 第 10 行.
NOTIC: [8] Use of undefined constant MODEL_INSERT - assumed 'MODEL_INSERT' F:\web\12xin\ThinkPHP\Common\functions.php 第 588 行.
SQL: SHOW COLUMNS FROM `ysk_admin` [ RunTime:0.0050s ]
SQL: SHOW COLUMNS FROM `ysk_group` [ RunTime:0.0040s ]
SQL: SHOW COLUMNS FROM `ysk_menu` [ RunTime:0.0050s ]
SQL: SHOW COLUMNS FROM `ysk_admin` [ RunTime:0.0040s ]
SQL: SELECT `auth_id` FROM `ysk_admin` WHERE `id` = 5 LIMIT 1   [ RunTime:0.0000s ]
SQL: SELECT `pid`,`gid`,`name` FROM `ysk_menu` WHERE `col` = 'Scroll' AND `status` = 1 AND `level` = 2 LIMIT 1   [ RunTime:0.0010s ]
SQL: SELECT `name` FROM `ysk_menu` WHERE `id` = 341 LIMIT 1   [ RunTime:0.0000s ]
SQL: SELECT `name` FROM `ysk_menu` WHERE `id` = 1 LIMIT 1   [ RunTime:0.0010s ]
SQL: SELECT `auth_id` FROM `ysk_admin` WHERE `id` = 5 LIMIT 1   [ RunTime:0.0000s ]
SQL: SELECT * FROM `ysk_menu` WHERE `status` = 1 AND `level` = 1 AND `gid` = 1 ORDER BY sort asc, id asc  [ RunTime:0.0000s ]
SQL: SELECT * FROM `ysk_menu` WHERE `status` = 1 AND `level` = 2 AND `gid` = 1 ORDER BY sort asc, id asc  [ RunTime:0.0000s ]
SQL: SELECT `auth_id` FROM `ysk_admin` WHERE `id` = 5 LIMIT 1   [ RunTime:0.0010s ]
SQL: SELECT * FROM `ysk_menu` WHERE `status` = 1 AND `level` = 0 ORDER BY sort asc, id asc  [ RunTime:0.0000s ]
SQL: SELECT `col`,`act` FROM `ysk_menu` WHERE `level` = 2 AND `gid` = 1 ORDER BY sort asc, id asc LIMIT 1   [ RunTime:0.0000s ]
SQL: SELECT COUNT(1) AS tp_count FROM `ysk_menu` WHERE `col` = 'Scroll' AND `act` = 'edit' LIMIT 1   [ RunTime:0.0000s ]
SQL: SHOW COLUMNS FROM `ysk_scroll` [ RunTime:0.0040s ]
SQL: SELECT COUNT(*) AS tp_count FROM `ysk_scroll` WHERE `id` = 1 LIMIT 1   [ RunTime:0.0000s ]
SQL: SELECT * FROM `ysk_scroll` WHERE `id` = 1 LIMIT 1   [ RunTime:0.0000s ]
INFO: [ view_parse ] --START--
INFO: [ template_filter ] --START--
INFO: Run Behavior\ContentReplaceBehavior [ RunTime:0.000000s ]
INFO: [ template_filter ] --END-- [ RunTime:0.000000s ]
NOTIC: [8] Undefined variable: meta_title F:\web\12xin\shop\Runtime\Cache\Admin\b660d9203f30572896933ca648973fdb.php 第 5 行.
NOTIC: [8] Undefined variable: _user_auth F:\web\12xin\shop\Runtime\Cache\Admin\b660d9203f30572896933ca648973fdb.php 第 73 行.
NOTIC: [8] Use of undefined constant 新增 - assumed '新增' F:\web\12xin\shop\Runtime\Cache\Admin\b660d9203f30572896933ca648973fdb.php 第 129 行.
INFO: Run Behavior\ParseTemplateBehavior [ RunTime:0.015001s ]
INFO: [ view_parse ] --END-- [ RunTime:0.015001s ]
INFO: [ view_filter ] --START--
INFO: Run Behavior\WriteHtmlCacheBehavior [ RunTime:0.000000s ]
INFO: [ view_filter ] --END-- [ RunTime:0.000000s ]
INFO: [ app_end ] --START--
INFO: Run Behavior\ShowPageTraceBehavior [ RunTime:0.001000s ]
INFO: [ app_end ] --END-- [ RunTime:0.001000s ]

