[ 2021-01-01T10:27:38+08:00 ] 127.0.0.1 /admin/User/index.html
INFO: [ app_init ] --START--
INFO: Run Behavior\BuildLiteBehavior [ RunTime:0.000000s ]
INFO: [ app_init ] --END-- [ RunTime:0.000000s ]
INFO: [ app_begin ] --START--
INFO: Run Behavior\ReadHtmlCacheBehavior [ RunTime:0.001000s ]
INFO: Run Common\Behavior\CheckLangBehavior [ RunTime:0.002000s ]
INFO: [ app_begin ] --END-- [ RunTime:0.003000s ]
NOTIC: [2048] Declaration of Admin\Controller\UserController::setStatus() should be compatible with Admin\Controller\AdminController::setStatus($model = Admin\Controller\CONTROLLER_NAME, $script = false) F:\web\12xin\shop\Admin\Controller\UserController.class.php 第 11 行.
NOTIC: [8] Use of undefined constant MODEL_INSERT - assumed 'MODEL_INSERT' F:\web\12xin\ThinkPHP\Common\functions.php 第 588 行.
SQL: SHOW COLUMNS FROM `ysk_admin` [ RunTime:0.0050s ]
SQL: SHOW COLUMNS FROM `ysk_group` [ RunTime:0.0040s ]
SQL: SHOW COLUMNS FROM `ysk_menu` [ RunTime:0.0050s ]
SQL: SHOW COLUMNS FROM `ysk_admin` [ RunTime:0.0050s ]
SQL: SELECT `auth_id` FROM `ysk_admin` WHERE `id` = 5 LIMIT 1   [ RunTime:0.0000s ]
SQL: SELECT `pid`,`gid`,`name` FROM `ysk_menu` WHERE `col` = 'User' AND `status` = 1 AND `level` = 2 LIMIT 1   [ RunTime:0.0010s ]
SQL: SELECT `name` FROM `ysk_menu` WHERE `id` = 7 LIMIT 1   [ RunTime:0.0000s ]
SQL: SELECT `name` FROM `ysk_menu` WHERE `id` = 1 LIMIT 1   [ RunTime:0.0010s ]
SQL: SELECT `auth_id` FROM `ysk_admin` WHERE `id` = 5 LIMIT 1   [ RunTime:0.0000s ]
SQL: SELECT * FROM `ysk_menu` WHERE `status` = 1 AND `level` = 1 AND `gid` = 1 ORDER BY sort asc, id asc  [ RunTime:0.0010s ]
SQL: SELECT * FROM `ysk_menu` WHERE `status` = 1 AND `level` = 2 AND `gid` = 1 ORDER BY sort asc, id asc  [ RunTime:0.0000s ]
SQL: SELECT `auth_id` FROM `ysk_admin` WHERE `id` = 5 LIMIT 1   [ RunTime:0.0010s ]
SQL: SELECT * FROM `ysk_menu` WHERE `status` = 1 AND `level` = 0 ORDER BY sort asc, id asc  [ RunTime:0.0000s ]
SQL: SELECT `col`,`act` FROM `ysk_menu` WHERE `level` = 2 AND `gid` = 1 ORDER BY sort asc, id asc LIMIT 1   [ RunTime:0.0010s ]
SQL: SELECT COUNT(1) AS tp_count FROM `ysk_menu` WHERE `col` = 'User' AND `act` = 'index' LIMIT 1   [ RunTime:0.0000s ]
NOTIC: [8] Undefined variable: map F:\web\12xin\shop\Admin\Common\function.php 第 107 行.
NOTIC: [8] Undefined variable: level F:\web\12xin\shop\Admin\Controller\UserController.class.php 第 42 行.
SQL: SHOW COLUMNS FROM `ysk_user` [ RunTime:0.0070s ]
NOTIC: [2] Invalid argument supplied for foreach() F:\web\12xin\ThinkPHP\Library\Think\Db\Driver.class.php 第 504 行.
SQL: SELECT COUNT(*) AS tp_count FROM ysk_user a left JOIN ysk_store b on a.userid=b.uid  LIMIT 1   [ RunTime:0.0010s ]
NOTIC: [2] Invalid argument supplied for foreach() F:\web\12xin\ThinkPHP\Library\Think\Db\Driver.class.php 第 504 行.
SQL: SELECT a.userid,a.username,a.email,a.yinbi,a.account,a.mobile,a.reg_date,a.status,a.pid,a.total_lingshi,a.total_active,a.total_tuiguang FROM ysk_user a left JOIN ysk_store b on a.userid=b.uid  ORDER BY a.userid desc LIMIT 0,15   [ RunTime:0.0010s ]
SQL: SHOW COLUMNS FROM `ysk_store` [ RunTime:0.0040s ]
SQL: SELECT COUNT(*) AS tp_count FROM ysk_user a LIMIT 1   [ RunTime:0.0010s ]
SQL: SELECT SUM(cangku_num) AS tp_sum FROM `ysk_store` LIMIT 1   [ RunTime:0.0000s ]
SQL: SELECT SUM(fengmi_num) AS tp_sum FROM `ysk_store` LIMIT 1   [ RunTime:0.0010s ]
SQL: SELECT `auth_id` FROM `ysk_admin` WHERE `id` = 5 LIMIT 1   [ RunTime:0.0000s ]
INFO: [ view_parse ] --START--
INFO: [ template_filter ] --START--
INFO: Run Behavior\ContentReplaceBehavior [ RunTime:0.000000s ]
INFO: [ template_filter ] --END-- [ RunTime:0.001000s ]
NOTIC: [8] Undefined variable: meta_title F:\web\12xin\shop\Runtime\Cache\Admin\9a111d1ff7e1d627679d543589aa53f1.php 第 5 行.
NOTIC: [8] Undefined variable: _user_auth F:\web\12xin\shop\Runtime\Cache\Admin\9a111d1ff7e1d627679d543589aa53f1.php 第 78 行.
NOTIC: [8] Undefined index: date_start F:\web\12xin\shop\Runtime\Cache\Admin\9a111d1ff7e1d627679d543589aa53f1.php 第 159 行.
NOTIC: [8] Undefined index: date_end F:\web\12xin\shop\Runtime\Cache\Admin\9a111d1ff7e1d627679d543589aa53f1.php 第 162 行.
NOTIC: [8] Undefined index: keyword F:\web\12xin\shop\Runtime\Cache\Admin\9a111d1ff7e1d627679d543589aa53f1.php 第 175 行.
SQL: SHOW COLUMNS FROM `ysk_user` [ RunTime:0.0060s ]
SQL: SELECT `account` FROM `ysk_user` WHERE ( userid =8805 ) LIMIT 1   [ RunTime:0.0010s ]
SQL: SHOW COLUMNS FROM `ysk_user` [ RunTime:0.0080s ]
SQL: SELECT COUNT(1) AS tp_count FROM `ysk_user` WHERE `pid` = 8806 AND `is_real_name` = 1 LIMIT 1   [ RunTime:0.0010s ]
NOTIC: [8] Use of undefined constant forbid - assumed 'forbid' F:\web\12xin\shop\Runtime\Cache\Admin\9a111d1ff7e1d627679d543589aa53f1.php 第 260 行.
SQL: SELECT `account` FROM `ysk_user` WHERE ( userid =8803 ) LIMIT 1   [ RunTime:0.0000s ]
SQL: SELECT COUNT(1) AS tp_count FROM `ysk_user` WHERE `pid` = 8805 AND `is_real_name` = 1 LIMIT 1   [ RunTime:0.0000s ]
NOTIC: [8] Use of undefined constant forbid - assumed 'forbid' F:\web\12xin\shop\Runtime\Cache\Admin\9a111d1ff7e1d627679d543589aa53f1.php 第 260 行.
SQL: SELECT `account` FROM `ysk_user` WHERE ( userid =8803 ) LIMIT 1   [ RunTime:0.0000s ]
SQL: SELECT COUNT(1) AS tp_count FROM `ysk_user` WHERE `pid` = 8804 AND `is_real_name` = 1 LIMIT 1   [ RunTime:0.0000s ]
NOTIC: [8] Use of undefined constant forbid - assumed 'forbid' F:\web\12xin\shop\Runtime\Cache\Admin\9a111d1ff7e1d627679d543589aa53f1.php 第 260 行.
SQL: SELECT `account` FROM `ysk_user` WHERE ( userid =8802 ) LIMIT 1   [ RunTime:0.0000s ]
SQL: SELECT COUNT(1) AS tp_count FROM `ysk_user` WHERE `pid` = 8803 AND `is_real_name` = 1 LIMIT 1   [ RunTime:0.0010s ]
NOTIC: [8] Use of undefined constant forbid - assumed 'forbid' F:\web\12xin\shop\Runtime\Cache\Admin\9a111d1ff7e1d627679d543589aa53f1.php 第 260 行.
INFO: Run Behavior\ParseTemplateBehavior [ RunTime:0.047002s ]
INFO: [ view_parse ] --END-- [ RunTime:0.047002s ]
INFO: [ view_filter ] --START--
INFO: Run Behavior\WriteHtmlCacheBehavior [ RunTime:0.001000s ]
INFO: [ view_filter ] --END-- [ RunTime:0.001000s ]
INFO: [ app_end ] --START--
INFO: Run Behavior\ShowPageTraceBehavior [ RunTime:0.001001s ]
INFO: [ app_end ] --END-- [ RunTime:0.002001s ]

[ 2021-01-01T10:27:48+08:00 ] 127.0.0.1 /admin/User/userlogin/userid/8806.html
INFO: [ app_init ] --START--
INFO: Run Behavior\BuildLiteBehavior [ RunTime:0.000000s ]
INFO: [ app_init ] --END-- [ RunTime:0.000000s ]
INFO: [ app_begin ] --START--
INFO: Run Behavior\ReadHtmlCacheBehavior [ RunTime:0.001000s ]
INFO: Run Common\Behavior\CheckLangBehavior [ RunTime:0.002000s ]
INFO: [ app_begin ] --END-- [ RunTime:0.003000s ]
NOTIC: [2048] Declaration of Admin\Controller\UserController::setStatus() should be compatible with Admin\Controller\AdminController::setStatus($model = Admin\Controller\CONTROLLER_NAME, $script = false) F:\web\12xin\shop\Admin\Controller\UserController.class.php 第 11 行.
NOTIC: [8] Use of undefined constant MODEL_INSERT - assumed 'MODEL_INSERT' F:\web\12xin\ThinkPHP\Common\functions.php 第 588 行.
SQL: SHOW COLUMNS FROM `ysk_admin` [ RunTime:0.0040s ]
SQL: SHOW COLUMNS FROM `ysk_group` [ RunTime:0.0040s ]
SQL: SHOW COLUMNS FROM `ysk_menu` [ RunTime:0.0060s ]
SQL: SHOW COLUMNS FROM `ysk_admin` [ RunTime:0.0050s ]
SQL: SELECT `auth_id` FROM `ysk_admin` WHERE `id` = 5 LIMIT 1   [ RunTime:0.0000s ]
SQL: SELECT `pid`,`gid`,`name` FROM `ysk_menu` WHERE `col` = 'User' AND `status` = 1 AND `level` = 2 LIMIT 1   [ RunTime:0.0010s ]
SQL: SELECT `name` FROM `ysk_menu` WHERE `id` = 7 LIMIT 1   [ RunTime:0.0000s ]
SQL: SELECT `name` FROM `ysk_menu` WHERE `id` = 1 LIMIT 1   [ RunTime:0.0010s ]
SQL: SELECT `auth_id` FROM `ysk_admin` WHERE `id` = 5 LIMIT 1   [ RunTime:0.0000s ]
SQL: SELECT * FROM `ysk_menu` WHERE `status` = 1 AND `level` = 1 AND `gid` = 1 ORDER BY sort asc, id asc  [ RunTime:0.0010s ]
SQL: SELECT * FROM `ysk_menu` WHERE `status` = 1 AND `level` = 2 AND `gid` = 1 ORDER BY sort asc, id asc  [ RunTime:0.0000s ]
SQL: SELECT `auth_id` FROM `ysk_admin` WHERE `id` = 5 LIMIT 1   [ RunTime:0.0010s ]
SQL: SELECT * FROM `ysk_menu` WHERE `status` = 1 AND `level` = 0 ORDER BY sort asc, id asc  [ RunTime:0.0000s ]
SQL: SELECT `col`,`act` FROM `ysk_menu` WHERE `level` = 2 AND `gid` = 1 ORDER BY sort asc, id asc LIMIT 1   [ RunTime:0.0010s ]
SQL: SELECT COUNT(1) AS tp_count FROM `ysk_menu` WHERE `col` = 'User' AND `act` = 'userlogin' LIMIT 1   [ RunTime:0.0000s ]
SQL: SHOW COLUMNS FROM `ysk_user` [ RunTime:0.0070s ]
SQL: SELECT * FROM `ysk_user` WHERE `userid` = 8806 LIMIT 1   [ RunTime:0.0010s ]

[ 2021-01-01T10:29:18+08:00 ] 127.0.0.1 /admin/Scroll/index.html
INFO: [ app_init ] --START--
INFO: Run Behavior\BuildLiteBehavior [ RunTime:0.000000s ]
INFO: [ app_init ] --END-- [ RunTime:0.000000s ]
INFO: [ app_begin ] --START--
INFO: Run Behavior\ReadHtmlCacheBehavior [ RunTime:0.001000s ]
INFO: Run Common\Behavior\CheckLangBehavior [ RunTime:0.002000s ]
INFO: [ app_begin ] --END-- [ RunTime:0.003000s ]
NOTIC: [2048] Declaration of Admin\Controller\ScrollController::setStatus() should be compatible with Admin\Controller\AdminController::setStatus($model = Admin\Controller\CONTROLLER_NAME, $script = false) F:\web\12xin\shop\Admin\Controller\ScrollController.class.php 第 10 行.
NOTIC: [8] Use of undefined constant MODEL_INSERT - assumed 'MODEL_INSERT' F:\web\12xin\ThinkPHP\Common\functions.php 第 588 行.
SQL: SHOW COLUMNS FROM `ysk_admin` [ RunTime:0.0040s ]
SQL: SHOW COLUMNS FROM `ysk_group` [ RunTime:0.0040s ]
SQL: SHOW COLUMNS FROM `ysk_menu` [ RunTime:0.0040s ]
SQL: SHOW COLUMNS FROM `ysk_admin` [ RunTime:0.0040s ]
SQL: SELECT `auth_id` FROM `ysk_admin` WHERE `id` = 5 LIMIT 1   [ RunTime:0.0000s ]
SQL: SELECT `pid`,`gid`,`name` FROM `ysk_menu` WHERE `col` = 'Scroll' AND `status` = 1 AND `level` = 2 LIMIT 1   [ RunTime:0.0010s ]
SQL: SELECT `name` FROM `ysk_menu` WHERE `id` = 341 LIMIT 1   [ RunTime:0.0000s ]
SQL: SELECT `name` FROM `ysk_menu` WHERE `id` = 1 LIMIT 1   [ RunTime:0.0000s ]
SQL: SELECT `auth_id` FROM `ysk_admin` WHERE `id` = 5 LIMIT 1   [ RunTime:0.0010s ]
SQL: SELECT * FROM `ysk_menu` WHERE `status` = 1 AND `level` = 1 AND `gid` = 1 ORDER BY sort asc, id asc  [ RunTime:0.0000s ]
SQL: SELECT * FROM `ysk_menu` WHERE `status` = 1 AND `level` = 2 AND `gid` = 1 ORDER BY sort asc, id asc  [ RunTime:0.0010s ]
SQL: SELECT `auth_id` FROM `ysk_admin` WHERE `id` = 5 LIMIT 1   [ RunTime:0.0000s ]
SQL: SELECT * FROM `ysk_menu` WHERE `status` = 1 AND `level` = 0 ORDER BY sort asc, id asc  [ RunTime:0.0000s ]
SQL: SELECT `col`,`act` FROM `ysk_menu` WHERE `level` = 2 AND `gid` = 1 ORDER BY sort asc, id asc LIMIT 1   [ RunTime:0.0010s ]
SQL: SELECT COUNT(1) AS tp_count FROM `ysk_menu` WHERE `col` = 'Scroll' AND `act` = 'index' LIMIT 1   [ RunTime:0.0000s ]
SQL: SHOW COLUMNS FROM `ysk_scroll` [ RunTime:0.0050s ]
SQL: SELECT * FROM `ysk_scroll` ORDER BY id asc  [ RunTime:0.0010s ]
INFO: [ view_parse ] --START--
INFO: [ template_filter ] --START--
INFO: Run Behavior\ContentReplaceBehavior [ RunTime:0.000000s ]
INFO: [ template_filter ] --END-- [ RunTime:0.000000s ]
NOTIC: [8] Undefined variable: meta_title F:\web\12xin\shop\Runtime\Cache\Admin\8550d6b23ad502cb13993a6ef67a797c.php 第 5 行.
NOTIC: [8] Undefined variable: _user_auth F:\web\12xin\shop\Runtime\Cache\Admin\8550d6b23ad502cb13993a6ef67a797c.php 第 86 行.
NOTIC: [8] Use of undefined constant forbid - assumed 'forbid' F:\web\12xin\shop\Runtime\Cache\Admin\8550d6b23ad502cb13993a6ef67a797c.php 第 237 行.
NOTIC: [8] Use of undefined constant forbid - assumed 'forbid' F:\web\12xin\shop\Runtime\Cache\Admin\8550d6b23ad502cb13993a6ef67a797c.php 第 237 行.
NOTIC: [8] Use of undefined constant forbid - assumed 'forbid' F:\web\12xin\shop\Runtime\Cache\Admin\8550d6b23ad502cb13993a6ef67a797c.php 第 237 行.
NOTIC: [8] Use of undefined constant forbid - assumed 'forbid' F:\web\12xin\shop\Runtime\Cache\Admin\8550d6b23ad502cb13993a6ef67a797c.php 第 237 行.
NOTIC: [8] Use of undefined constant forbid - assumed 'forbid' F:\web\12xin\shop\Runtime\Cache\Admin\8550d6b23ad502cb13993a6ef67a797c.php 第 237 行.
NOTIC: [8] Use of undefined constant resume - assumed 'resume' F:\web\12xin\shop\Runtime\Cache\Admin\8550d6b23ad502cb13993a6ef67a797c.php 第 239 行.
NOTIC: [8] Use of undefined constant resume - assumed 'resume' F:\web\12xin\shop\Runtime\Cache\Admin\8550d6b23ad502cb13993a6ef67a797c.php 第 239 行.
NOTIC: [8] Use of undefined constant resume - assumed 'resume' F:\web\12xin\shop\Runtime\Cache\Admin\8550d6b23ad502cb13993a6ef67a797c.php 第 239 行.
INFO: Run Behavior\ParseTemplateBehavior [ RunTime:0.020002s ]
INFO: [ view_parse ] --END-- [ RunTime:0.020002s ]
INFO: [ view_filter ] --START--
INFO: Run Behavior\WriteHtmlCacheBehavior [ RunTime:0.001000s ]
INFO: [ view_filter ] --END-- [ RunTime:0.001000s ]
INFO: [ app_end ] --START--
INFO: Run Behavior\ShowPageTraceBehavior [ RunTime:0.001000s ]
INFO: [ app_end ] --END-- [ RunTime:0.001000s ]

[ 2021-01-01T10:29:40+08:00 ] 127.0.0.1 /admin/User/deal.html
INFO: [ app_init ] --START--
INFO: Run Behavior\BuildLiteBehavior [ RunTime:0.000000s ]
INFO: [ app_init ] --END-- [ RunTime:0.000000s ]
INFO: [ app_begin ] --START--
INFO: Run Behavior\ReadHtmlCacheBehavior [ RunTime:0.001000s ]
INFO: Run Common\Behavior\CheckLangBehavior [ RunTime:0.002000s ]
INFO: [ app_begin ] --END-- [ RunTime:0.003000s ]
NOTIC: [2048] Declaration of Admin\Controller\UserController::setStatus() should be compatible with Admin\Controller\AdminController::setStatus($model = Admin\Controller\CONTROLLER_NAME, $script = false) F:\web\12xin\shop\Admin\Controller\UserController.class.php 第 11 行.
NOTIC: [8] Use of undefined constant MODEL_INSERT - assumed 'MODEL_INSERT' F:\web\12xin\ThinkPHP\Common\functions.php 第 588 行.
SQL: SHOW COLUMNS FROM `ysk_admin` [ RunTime:0.0040s ]
SQL: SHOW COLUMNS FROM `ysk_group` [ RunTime:0.0040s ]
SQL: SHOW COLUMNS FROM `ysk_menu` [ RunTime:0.0040s ]
SQL: SHOW COLUMNS FROM `ysk_admin` [ RunTime:0.0040s ]
SQL: SELECT `auth_id` FROM `ysk_admin` WHERE `id` = 5 LIMIT 1   [ RunTime:0.0010s ]
SQL: SELECT `pid`,`gid`,`name` FROM `ysk_menu` WHERE `col` = 'User' AND `status` = 1 AND `level` = 2 LIMIT 1   [ RunTime:0.0000s ]
SQL: SELECT `name` FROM `ysk_menu` WHERE `id` = 7 LIMIT 1   [ RunTime:0.0000s ]
SQL: SELECT `name` FROM `ysk_menu` WHERE `id` = 1 LIMIT 1   [ RunTime:0.0000s ]
SQL: SELECT `auth_id` FROM `ysk_admin` WHERE `id` = 5 LIMIT 1   [ RunTime:0.0000s ]
SQL: SELECT * FROM `ysk_menu` WHERE `status` = 1 AND `level` = 1 AND `gid` = 1 ORDER BY sort asc, id asc  [ RunTime:0.0010s ]
SQL: SELECT * FROM `ysk_menu` WHERE `status` = 1 AND `level` = 2 AND `gid` = 1 ORDER BY sort asc, id asc  [ RunTime:0.0000s ]
SQL: SELECT `auth_id` FROM `ysk_admin` WHERE `id` = 5 LIMIT 1   [ RunTime:0.0010s ]
SQL: SELECT * FROM `ysk_menu` WHERE `status` = 1 AND `level` = 0 ORDER BY sort asc, id asc  [ RunTime:0.0000s ]
SQL: SELECT `col`,`act` FROM `ysk_menu` WHERE `level` = 2 AND `gid` = 1 ORDER BY sort asc, id asc LIMIT 1   [ RunTime:0.0000s ]
SQL: SELECT COUNT(1) AS tp_count FROM `ysk_menu` WHERE `col` = 'User' AND `act` = 'deal' LIMIT 1   [ RunTime:0.0000s ]
SQL: SHOW COLUMNS FROM `ysk_record` [ RunTime:0.0040s ]
SQL: SELECT COUNT(*) AS tp_count FROM `ysk_record` LIMIT 1   [ RunTime:0.0000s ]
SQL: SELECT * FROM `ysk_record` ORDER BY record_id desc LIMIT 0,15   [ RunTime:0.0010s ]
SQL: SELECT COUNT(*) AS tp_count FROM `ysk_record` WHERE `record_status` = 1 LIMIT 1   [ RunTime:0.0000s ]
SQL: SELECT COUNT(*) AS tp_count FROM `ysk_record` WHERE `record_status` = 2 LIMIT 1   [ RunTime:0.0010s ]
SQL: SELECT COUNT(*) AS tp_count FROM `ysk_record` WHERE `record_status` = 4 LIMIT 1   [ RunTime:0.0000s ]
SQL: SELECT COUNT(*) AS tp_count FROM `ysk_record` WHERE `record_status` IN ('5','6','7') LIMIT 1   [ RunTime:0.0000s ]
SQL: SELECT COUNT(*) AS tp_count FROM `ysk_record` WHERE `record_status` = 4 AND `dj_time` > 1609468180 LIMIT 1   [ RunTime:0.0010s ]
SQL: SELECT COUNT(*) AS tp_count FROM `ysk_record` WHERE `record_status` = 4 AND `dj_time` <= 1609468180 LIMIT 1   [ RunTime:0.0000s ]
INFO: [ view_parse ] --START--
INFO: [ template_filter ] --START--
INFO: Run Behavior\ContentReplaceBehavior [ RunTime:0.000000s ]
INFO: [ template_filter ] --END-- [ RunTime:0.000000s ]
NOTIC: [8] Undefined variable: meta_title F:\web\12xin\shop\Runtime\Cache\Admin\ab3f8200dd87b0c6ad539de764dd8924.php 第 5 行.
NOTIC: [8] Undefined variable: _user_auth F:\web\12xin\shop\Runtime\Cache\Admin\ab3f8200dd87b0c6ad539de764dd8924.php 第 78 行.
NOTIC: [8] Use of undefined constant generate_time - assumed 'generate_time' F:\web\12xin\shop\Runtime\Cache\Admin\ab3f8200dd87b0c6ad539de764dd8924.php 第 253 行.
NOTIC: [2] date() expects parameter 2 to be long, string given F:\web\12xin\shop\Runtime\Cache\Admin\ab3f8200dd87b0c6ad539de764dd8924.php 第 255 行.
NOTIC: [8] Use of undefined constant record_id - assumed 'record_id' F:\web\12xin\shop\Runtime\Cache\Admin\ab3f8200dd87b0c6ad539de764dd8924.php 第 272 行.
NOTIC: [8] Use of undefined constant generate_time - assumed 'generate_time' F:\web\12xin\shop\Runtime\Cache\Admin\ab3f8200dd87b0c6ad539de764dd8924.php 第 253 行.
NOTIC: [2] date() expects parameter 2 to be long, string given F:\web\12xin\shop\Runtime\Cache\Admin\ab3f8200dd87b0c6ad539de764dd8924.php 第 255 行.
NOTIC: [8] Use of undefined constant record_id - assumed 'record_id' F:\web\12xin\shop\Runtime\Cache\Admin\ab3f8200dd87b0c6ad539de764dd8924.php 第 273 行.
NOTIC: [8] Use of undefined constant record_id - assumed 'record_id' F:\web\12xin\shop\Runtime\Cache\Admin\ab3f8200dd87b0c6ad539de764dd8924.php 第 274 行.
NOTIC: [8] Use of undefined constant generate_time - assumed 'generate_time' F:\web\12xin\shop\Runtime\Cache\Admin\ab3f8200dd87b0c6ad539de764dd8924.php 第 253 行.
NOTIC: [2] date() expects parameter 2 to be long, string given F:\web\12xin\shop\Runtime\Cache\Admin\ab3f8200dd87b0c6ad539de764dd8924.php 第 255 行.
NOTIC: [8] Use of undefined constant record_id - assumed 'record_id' F:\web\12xin\shop\Runtime\Cache\Admin\ab3f8200dd87b0c6ad539de764dd8924.php 第 272 行.
NOTIC: [8] Use of undefined constant generate_time - assumed 'generate_time' F:\web\12xin\shop\Runtime\Cache\Admin\ab3f8200dd87b0c6ad539de764dd8924.php 第 253 行.
NOTIC: [2] date() expects parameter 2 to be long, string given F:\web\12xin\shop\Runtime\Cache\Admin\ab3f8200dd87b0c6ad539de764dd8924.php 第 255 行.
NOTIC: [8] Use of undefined constant record_id - assumed 'record_id' F:\web\12xin\shop\Runtime\Cache\Admin\ab3f8200dd87b0c6ad539de764dd8924.php 第 272 行.
NOTIC: [8] Use of undefined constant generate_time - assumed 'generate_time' F:\web\12xin\shop\Runtime\Cache\Admin\ab3f8200dd87b0c6ad539de764dd8924.php 第 253 行.
NOTIC: [2] date() expects parameter 2 to be long, string given F:\web\12xin\shop\Runtime\Cache\Admin\ab3f8200dd87b0c6ad539de764dd8924.php 第 255 行.
NOTIC: [8] Use of undefined constant record_id - assumed 'record_id' F:\web\12xin\shop\Runtime\Cache\Admin\ab3f8200dd87b0c6ad539de764dd8924.php 第 272 行.
NOTIC: [8] Use of undefined constant generate_time - assumed 'generate_time' F:\web\12xin\shop\Runtime\Cache\Admin\ab3f8200dd87b0c6ad539de764dd8924.php 第 253 行.
NOTIC: [2] date() expects parameter 2 to be long, string given F:\web\12xin\shop\Runtime\Cache\Admin\ab3f8200dd87b0c6ad539de764dd8924.php 第 255 行.
NOTIC: [8] Use of undefined constant record_id - assumed 'record_id' F:\web\12xin\shop\Runtime\Cache\Admin\ab3f8200dd87b0c6ad539de764dd8924.php 第 272 行.
NOTIC: [8] Use of undefined constant generate_time - assumed 'generate_time' F:\web\12xin\shop\Runtime\Cache\Admin\ab3f8200dd87b0c6ad539de764dd8924.php 第 253 行.
NOTIC: [2] date() expects parameter 2 to be long, string given F:\web\12xin\shop\Runtime\Cache\Admin\ab3f8200dd87b0c6ad539de764dd8924.php 第 255 行.
NOTIC: [8] Use of undefined constant record_id - assumed 'record_id' F:\web\12xin\shop\Runtime\Cache\Admin\ab3f8200dd87b0c6ad539de764dd8924.php 第 272 行.
NOTIC: [8] Use of undefined constant generate_time - assumed 'generate_time' F:\web\12xin\shop\Runtime\Cache\Admin\ab3f8200dd87b0c6ad539de764dd8924.php 第 253 行.
NOTIC: [2] date() expects parameter 2 to be long, string given F:\web\12xin\shop\Runtime\Cache\Admin\ab3f8200dd87b0c6ad539de764dd8924.php 第 255 行.
NOTIC: [8] Use of undefined constant record_id - assumed 'record_id' F:\web\12xin\shop\Runtime\Cache\Admin\ab3f8200dd87b0c6ad539de764dd8924.php 第 272 行.
NOTIC: [8] Use of undefined constant generate_time - assumed 'generate_time' F:\web\12xin\shop\Runtime\Cache\Admin\ab3f8200dd87b0c6ad539de764dd8924.php 第 253 行.
NOTIC: [8] Use of undefined constant generate_time - assumed 'generate_time' F:\web\12xin\shop\Runtime\Cache\Admin\ab3f8200dd87b0c6ad539de764dd8924.php 第 253 行.
NOTIC: [8] Use of undefined constant generate_time - assumed 'generate_time' F:\web\12xin\shop\Runtime\Cache\Admin\ab3f8200dd87b0c6ad539de764dd8924.php 第 253 行.
NOTIC: [2] date() expects parameter 2 to be long, string given F:\web\12xin\shop\Runtime\Cache\Admin\ab3f8200dd87b0c6ad539de764dd8924.php 第 255 行.
NOTIC: [8] Use of undefined constant record_id - assumed 'record_id' F:\web\12xin\shop\Runtime\Cache\Admin\ab3f8200dd87b0c6ad539de764dd8924.php 第 272 行.
NOTIC: [8] Use of undefined constant generate_time - assumed 'generate_time' F:\web\12xin\shop\Runtime\Cache\Admin\ab3f8200dd87b0c6ad539de764dd8924.php 第 253 行.
NOTIC: [2] date() expects parameter 2 to be long, string given F:\web\12xin\shop\Runtime\Cache\Admin\ab3f8200dd87b0c6ad539de764dd8924.php 第 255 行.
NOTIC: [8] Use of undefined constant record_id - assumed 'record_id' F:\web\12xin\shop\Runtime\Cache\Admin\ab3f8200dd87b0c6ad539de764dd8924.php 第 272 行.
NOTIC: [8] Use of undefined constant generate_time - assumed 'generate_time' F:\web\12xin\shop\Runtime\Cache\Admin\ab3f8200dd87b0c6ad539de764dd8924.php 第 253 行.
NOTIC: [2] date() expects parameter 2 to be long, string given F:\web\12xin\shop\Runtime\Cache\Admin\ab3f8200dd87b0c6ad539de764dd8924.php 第 255 行.
NOTIC: [8] Use of undefined constant record_id - assumed 'record_id' F:\web\12xin\shop\Runtime\Cache\Admin\ab3f8200dd87b0c6ad539de764dd8924.php 第 272 行.
NOTIC: [8] Use of undefined constant generate_time - assumed 'generate_time' F:\web\12xin\shop\Runtime\Cache\Admin\ab3f8200dd87b0c6ad539de764dd8924.php 第 253 行.
NOTIC: [2] date() expects parameter 2 to be long, string given F:\web\12xin\shop\Runtime\Cache\Admin\ab3f8200dd87b0c6ad539de764dd8924.php 第 255 行.
NOTIC: [8] Use of undefined constant record_id - assumed 'record_id' F:\web\12xin\shop\Runtime\Cache\Admin\ab3f8200dd87b0c6ad539de764dd8924.php 第 272 行.
NOTIC: [8] Use of undefined constant generate_time - assumed 'generate_time' F:\web\12xin\shop\Runtime\Cache\Admin\ab3f8200dd87b0c6ad539de764dd8924.php 第 253 行.
INFO: Run Behavior\ParseTemplateBehavior [ RunTime:0.026001s ]
INFO: [ view_parse ] --END-- [ RunTime:0.026001s ]
INFO: [ view_filter ] --START--
INFO: Run Behavior\WriteHtmlCacheBehavior [ RunTime:0.000000s ]
INFO: [ view_filter ] --END-- [ RunTime:0.000000s ]
INFO: [ app_end ] --START--
INFO: Run Behavior\ShowPageTraceBehavior [ RunTime:0.001000s ]
INFO: [ app_end ] --END-- [ RunTime:0.001000s ]

[ 2021-01-01T10:29:57+08:00 ] 127.0.0.1 /admin/User/index.html
INFO: [ app_init ] --START--
INFO: Run Behavior\BuildLiteBehavior [ RunTime:0.000000s ]
INFO: [ app_init ] --END-- [ RunTime:0.000000s ]
INFO: [ app_begin ] --START--
INFO: Run Behavior\ReadHtmlCacheBehavior [ RunTime:0.001000s ]
INFO: Run Common\Behavior\CheckLangBehavior [ RunTime:0.003000s ]
INFO: [ app_begin ] --END-- [ RunTime:0.004000s ]
NOTIC: [2048] Declaration of Admin\Controller\UserController::setStatus() should be compatible with Admin\Controller\AdminController::setStatus($model = Admin\Controller\CONTROLLER_NAME, $script = false) F:\web\12xin\shop\Admin\Controller\UserController.class.php 第 11 行.
NOTIC: [8] Use of undefined constant MODEL_INSERT - assumed 'MODEL_INSERT' F:\web\12xin\ThinkPHP\Common\functions.php 第 588 行.
SQL: SHOW COLUMNS FROM `ysk_admin` [ RunTime:0.0050s ]
SQL: SHOW COLUMNS FROM `ysk_group` [ RunTime:0.0040s ]
SQL: SHOW COLUMNS FROM `ysk_menu` [ RunTime:0.0050s ]
SQL: SHOW COLUMNS FROM `ysk_admin` [ RunTime:0.0050s ]
SQL: SELECT `auth_id` FROM `ysk_admin` WHERE `id` = 5 LIMIT 1   [ RunTime:0.0000s ]
SQL: SELECT `pid`,`gid`,`name` FROM `ysk_menu` WHERE `col` = 'User' AND `status` = 1 AND `level` = 2 LIMIT 1   [ RunTime:0.0000s ]
SQL: SELECT `name` FROM `ysk_menu` WHERE `id` = 7 LIMIT 1   [ RunTime:0.0000s ]
SQL: SELECT `name` FROM `ysk_menu` WHERE `id` = 1 LIMIT 1   [ RunTime:0.0000s ]
SQL: SELECT `auth_id` FROM `ysk_admin` WHERE `id` = 5 LIMIT 1   [ RunTime:0.0010s ]
SQL: SELECT * FROM `ysk_menu` WHERE `status` = 1 AND `level` = 1 AND `gid` = 1 ORDER BY sort asc, id asc  [ RunTime:0.0000s ]
SQL: SELECT * FROM `ysk_menu` WHERE `status` = 1 AND `level` = 2 AND `gid` = 1 ORDER BY sort asc, id asc  [ RunTime:0.0010s ]
SQL: SELECT `auth_id` FROM `ysk_admin` WHERE `id` = 5 LIMIT 1   [ RunTime:0.0000s ]
SQL: SELECT * FROM `ysk_menu` WHERE `status` = 1 AND `level` = 0 ORDER BY sort asc, id asc  [ RunTime:0.0010s ]
SQL: SELECT `col`,`act` FROM `ysk_menu` WHERE `level` = 2 AND `gid` = 1 ORDER BY sort asc, id asc LIMIT 1   [ RunTime:0.0000s ]
SQL: SELECT COUNT(1) AS tp_count FROM `ysk_menu` WHERE `col` = 'User' AND `act` = 'index' LIMIT 1   [ RunTime:0.0000s ]
NOTIC: [8] Undefined variable: map F:\web\12xin\shop\Admin\Common\function.php 第 107 行.
NOTIC: [8] Undefined variable: level F:\web\12xin\shop\Admin\Controller\UserController.class.php 第 42 行.
SQL: SHOW COLUMNS FROM `ysk_user` [ RunTime:0.0050s ]
NOTIC: [2] Invalid argument supplied for foreach() F:\web\12xin\ThinkPHP\Library\Think\Db\Driver.class.php 第 504 行.
SQL: SELECT COUNT(*) AS tp_count FROM ysk_user a left JOIN ysk_store b on a.userid=b.uid  LIMIT 1   [ RunTime:0.0010s ]
NOTIC: [2] Invalid argument supplied for foreach() F:\web\12xin\ThinkPHP\Library\Think\Db\Driver.class.php 第 504 行.
SQL: SELECT a.userid,a.username,a.email,a.yinbi,a.account,a.mobile,a.reg_date,a.status,a.pid,a.total_lingshi,a.total_active,a.total_tuiguang FROM ysk_user a left JOIN ysk_store b on a.userid=b.uid  ORDER BY a.userid desc LIMIT 0,15   [ RunTime:0.0010s ]
SQL: SHOW COLUMNS FROM `ysk_store` [ RunTime:0.0040s ]
SQL: SELECT COUNT(*) AS tp_count FROM ysk_user a LIMIT 1   [ RunTime:0.0000s ]
SQL: SELECT SUM(cangku_num) AS tp_sum FROM `ysk_store` LIMIT 1   [ RunTime:0.0010s ]
SQL: SELECT SUM(fengmi_num) AS tp_sum FROM `ysk_store` LIMIT 1   [ RunTime:0.0000s ]
SQL: SELECT `auth_id` FROM `ysk_admin` WHERE `id` = 5 LIMIT 1   [ RunTime:0.0010s ]
INFO: [ view_parse ] --START--
INFO: [ template_filter ] --START--
INFO: Run Behavior\ContentReplaceBehavior [ RunTime:0.001000s ]
INFO: [ template_filter ] --END-- [ RunTime:0.001000s ]
NOTIC: [8] Undefined variable: meta_title F:\web\12xin\shop\Runtime\Cache\Admin\9a111d1ff7e1d627679d543589aa53f1.php 第 5 行.
NOTIC: [8] Undefined variable: _user_auth F:\web\12xin\shop\Runtime\Cache\Admin\9a111d1ff7e1d627679d543589aa53f1.php 第 78 行.
NOTIC: [8] Undefined index: date_start F:\web\12xin\shop\Runtime\Cache\Admin\9a111d1ff7e1d627679d543589aa53f1.php 第 159 行.
NOTIC: [8] Undefined index: date_end F:\web\12xin\shop\Runtime\Cache\Admin\9a111d1ff7e1d627679d543589aa53f1.php 第 162 行.
NOTIC: [8] Undefined index: keyword F:\web\12xin\shop\Runtime\Cache\Admin\9a111d1ff7e1d627679d543589aa53f1.php 第 175 行.
SQL: SHOW COLUMNS FROM `ysk_user` [ RunTime:0.0050s ]
SQL: SELECT `account` FROM `ysk_user` WHERE ( userid =8805 ) LIMIT 1   [ RunTime:0.0000s ]
SQL: SHOW COLUMNS FROM `ysk_user` [ RunTime:0.0050s ]
SQL: SELECT COUNT(1) AS tp_count FROM `ysk_user` WHERE `pid` = 8806 AND `is_real_name` = 1 LIMIT 1   [ RunTime:0.0000s ]
NOTIC: [8] Use of undefined constant forbid - assumed 'forbid' F:\web\12xin\shop\Runtime\Cache\Admin\9a111d1ff7e1d627679d543589aa53f1.php 第 260 行.
SQL: SELECT `account` FROM `ysk_user` WHERE ( userid =8803 ) LIMIT 1   [ RunTime:0.0010s ]
SQL: SELECT COUNT(1) AS tp_count FROM `ysk_user` WHERE `pid` = 8805 AND `is_real_name` = 1 LIMIT 1   [ RunTime:0.0000s ]
NOTIC: [8] Use of undefined constant forbid - assumed 'forbid' F:\web\12xin\shop\Runtime\Cache\Admin\9a111d1ff7e1d627679d543589aa53f1.php 第 260 行.
SQL: SELECT `account` FROM `ysk_user` WHERE ( userid =8803 ) LIMIT 1   [ RunTime:0.0010s ]
SQL: SELECT COUNT(1) AS tp_count FROM `ysk_user` WHERE `pid` = 8804 AND `is_real_name` = 1 LIMIT 1   [ RunTime:0.0000s ]
NOTIC: [8] Use of undefined constant forbid - assumed 'forbid' F:\web\12xin\shop\Runtime\Cache\Admin\9a111d1ff7e1d627679d543589aa53f1.php 第 260 行.
SQL: SELECT `account` FROM `ysk_user` WHERE ( userid =8802 ) LIMIT 1   [ RunTime:0.0010s ]
SQL: SELECT COUNT(1) AS tp_count FROM `ysk_user` WHERE `pid` = 8803 AND `is_real_name` = 1 LIMIT 1   [ RunTime:0.0000s ]
NOTIC: [8] Use of undefined constant forbid - assumed 'forbid' F:\web\12xin\shop\Runtime\Cache\Admin\9a111d1ff7e1d627679d543589aa53f1.php 第 260 行.
INFO: Run Behavior\ParseTemplateBehavior [ RunTime:0.037002s ]
INFO: [ view_parse ] --END-- [ RunTime:0.037002s ]
INFO: [ view_filter ] --START--
INFO: Run Behavior\WriteHtmlCacheBehavior [ RunTime:0.001000s ]
INFO: [ view_filter ] --END-- [ RunTime:0.001000s ]
INFO: [ app_end ] --START--
INFO: Run Behavior\ShowPageTraceBehavior [ RunTime:0.001000s ]
INFO: [ app_end ] --END-- [ RunTime:0.001000s ]

[ 2021-01-01T10:30:00+08:00 ] 127.0.0.1 /admin/User/userlogin/userid/8805.html
INFO: [ app_init ] --START--
INFO: Run Behavior\BuildLiteBehavior [ RunTime:0.000000s ]
INFO: [ app_init ] --END-- [ RunTime:0.000000s ]
INFO: [ app_begin ] --START--
INFO: Run Behavior\ReadHtmlCacheBehavior [ RunTime:0.001000s ]
INFO: Run Common\Behavior\CheckLangBehavior [ RunTime:0.002000s ]
INFO: [ app_begin ] --END-- [ RunTime:0.004000s ]
NOTIC: [2048] Declaration of Admin\Controller\UserController::setStatus() should be compatible with Admin\Controller\AdminController::setStatus($model = Admin\Controller\CONTROLLER_NAME, $script = false) F:\web\12xin\shop\Admin\Controller\UserController.class.php 第 11 行.
NOTIC: [8] Use of undefined constant MODEL_INSERT - assumed 'MODEL_INSERT' F:\web\12xin\ThinkPHP\Common\functions.php 第 588 行.
SQL: SHOW COLUMNS FROM `ysk_admin` [ RunTime:0.0070s ]
SQL: SHOW COLUMNS FROM `ysk_group` [ RunTime:0.0040s ]
SQL: SHOW COLUMNS FROM `ysk_menu` [ RunTime:0.0040s ]
SQL: SHOW COLUMNS FROM `ysk_admin` [ RunTime:0.0070s ]
SQL: SELECT `auth_id` FROM `ysk_admin` WHERE `id` = 5 LIMIT 1   [ RunTime:0.0000s ]
SQL: SELECT `pid`,`gid`,`name` FROM `ysk_menu` WHERE `col` = 'User' AND `status` = 1 AND `level` = 2 LIMIT 1   [ RunTime:0.0000s ]
SQL: SELECT `name` FROM `ysk_menu` WHERE `id` = 7 LIMIT 1   [ RunTime:0.0010s ]
SQL: SELECT `name` FROM `ysk_menu` WHERE `id` = 1 LIMIT 1   [ RunTime:0.0000s ]
SQL: SELECT `auth_id` FROM `ysk_admin` WHERE `id` = 5 LIMIT 1   [ RunTime:0.0000s ]
SQL: SELECT * FROM `ysk_menu` WHERE `status` = 1 AND `level` = 1 AND `gid` = 1 ORDER BY sort asc, id asc  [ RunTime:0.0000s ]
SQL: SELECT * FROM `ysk_menu` WHERE `status` = 1 AND `level` = 2 AND `gid` = 1 ORDER BY sort asc, id asc  [ RunTime:0.0000s ]
SQL: SELECT `auth_id` FROM `ysk_admin` WHERE `id` = 5 LIMIT 1   [ RunTime:0.0010s ]
SQL: SELECT * FROM `ysk_menu` WHERE `status` = 1 AND `level` = 0 ORDER BY sort asc, id asc  [ RunTime:0.0000s ]
SQL: SELECT `col`,`act` FROM `ysk_menu` WHERE `level` = 2 AND `gid` = 1 ORDER BY sort asc, id asc LIMIT 1   [ RunTime:0.0000s ]
SQL: SELECT COUNT(1) AS tp_count FROM `ysk_menu` WHERE `col` = 'User' AND `act` = 'userlogin' LIMIT 1   [ RunTime:0.0000s ]
SQL: SHOW COLUMNS FROM `ysk_user` [ RunTime:0.0070s ]
SQL: SELECT * FROM `ysk_user` WHERE `userid` = 8805 LIMIT 1   [ RunTime:0.0010s ]

