[ 2021-02-02T10:32:58+08:00 ] 127.0.0.1 /admin/
INFO: [ app_init ] --START--
INFO: Run Behavior\BuildLiteBehavior [ RunTime:0.000000s ]
INFO: [ app_init ] --END-- [ RunTime:0.000977s ]
INFO: [ app_begin ] --START--
INFO: Run Behavior\ReadHtmlCacheBehavior [ RunTime:0.001953s ]
INFO: Run Common\Behavior\CheckLangBehavior [ RunTime:0.001953s ]
INFO: [ app_begin ] --END-- [ RunTime:0.003906s ]
NOTIC: [8] Use of undefined constant MODEL_INSERT - assumed 'MODEL_INSERT' E:\xin12\ThinkPHP\Common\functions.php 第 588 行.
SQL: SHOW COLUMNS FROM `ysk_admin` [ RunTime:0.0352s ]
SQL: SHOW COLUMNS FROM `ysk_menu` [ RunTime:0.0234s ]
SQL: SELECT `pid`,`gid`,`name` FROM `ysk_menu` WHERE `col` = 'Index' AND `status` = 1 AND `level` = 2 LIMIT 1   [ RunTime:0.0010s ]
SQL: SELECT `name` FROM `ysk_menu` WHERE `id` = null LIMIT 1   [ RunTime:0.0000s ]
SQL: SELECT `name` FROM `ysk_menu` WHERE `id` = null LIMIT 1   [ RunTime:0.0010s ]
NOTIC: [8] Undefined index: gid E:\xin12\shop\Admin\Controller\AdminController.class.php 第 51 行.
SQL: SHOW COLUMNS FROM `ysk_admin` [ RunTime:0.0059s ]
SQL: SELECT `auth_id` FROM `ysk_admin` WHERE `id` = 5 LIMIT 1   [ RunTime:0.0000s ]
SQL: SELECT * FROM `ysk_menu` WHERE `status` = 1 AND `level` = 1 AND `gid` = 1 ORDER BY sort asc, id asc  [ RunTime:0.0000s ]
SQL: SELECT * FROM `ysk_menu` WHERE `status` = 1 AND `level` = 2 AND `gid` = 1 ORDER BY sort asc, id asc  [ RunTime:0.0010s ]
SQL: SELECT `auth_id` FROM `ysk_admin` WHERE `id` = 5 LIMIT 1   [ RunTime:0.0000s ]
SQL: SELECT * FROM `ysk_menu` WHERE `status` = 1 AND `level` = 0 ORDER BY sort asc, id asc  [ RunTime:0.0010s ]
SQL: SELECT `col`,`act` FROM `ysk_menu` WHERE `level` = 2 AND `gid` = 1 ORDER BY sort asc, id asc LIMIT 1   [ RunTime:0.0000s ]
SQL: SELECT COUNT(1) AS tp_count FROM `ysk_menu` WHERE `col` = 'Index' AND `act` = 'index' LIMIT 1   [ RunTime:0.0010s ]
SQL: SHOW COLUMNS FROM `ysk_user` [ RunTime:0.0342s ]
SQL: SELECT COUNT(1) AS tp_count FROM `ysk_user` LIMIT 1   [ RunTime:0.0000s ]
SQL: SELECT COUNT(1) AS tp_count FROM `ysk_user` WHERE ( reg_date BETWEEN 1612195200 AND 1612281600 ) LIMIT 1   [ RunTime:0.0000s ]
SQL: SHOW COLUMNS FROM `ysk_trading` [ RunTime:0.0342s ]
SQL: SHOW COLUMNS FROM `ysk_trading_free` [ RunTime:0.0215s ]
SQL: SELECT COUNT(1) AS tp_count FROM `ysk_trading` WHERE ( create_time BETWEEN 1612195200 AND 1612281600 ) LIMIT 1   [ RunTime:0.0000s ]
SQL: SELECT COUNT(1) AS tp_count FROM `ysk_trading` LIMIT 1   [ RunTime:0.0000s ]
SQL: SELECT COUNT(1) AS tp_count FROM `ysk_trading_free` WHERE ( create_time BETWEEN 1612195200 AND 1612281600 ) LIMIT 1   [ RunTime:0.0000s ]
SQL: SELECT COUNT(1) AS tp_count FROM `ysk_trading_free` LIMIT 1   [ RunTime:0.0000s ]
INFO: [ view_parse ] --START--
INFO: [ template_filter ] --START--
INFO: Run Behavior\ContentReplaceBehavior [ RunTime:0.000000s ]
INFO: [ template_filter ] --END-- [ RunTime:0.000000s ]
NOTIC: [8] Undefined variable: _user_auth E:\xin12\shop\Runtime\Cache\Admin\7278058fa3c501c35aba3e8d579773ef.php 第 70 行.
INFO: Run Behavior\ParseTemplateBehavior [ RunTime:0.061524s ]
INFO: [ view_parse ] --END-- [ RunTime:0.061524s ]
INFO: [ view_filter ] --START--
INFO: Run Behavior\WriteHtmlCacheBehavior [ RunTime:0.020508s ]
INFO: [ view_filter ] --END-- [ RunTime:0.020508s ]
INFO: [ app_end ] --START--
INFO: Run Behavior\ShowPageTraceBehavior [ RunTime:0.020508s ]
INFO: [ app_end ] --END-- [ RunTime:0.020508s ]

